[2023-04-16T15:29:24.835+0530] {processor.py:153} INFO - Started process (PID=125936) to work on /home/nightfall/airflow/code/dags/Lead_scoring_inference_pipeline/lead_scoring_inference_pipeline.py
[2023-04-16T15:29:24.835+0530] {processor.py:743} INFO - Processing file /home/nightfall/airflow/code/dags/Lead_scoring_inference_pipeline/lead_scoring_inference_pipeline.py for tasks to queue
[2023-04-16T15:29:24.836+0530] {logging_mixin.py:137} INFO - [2023-04-16T15:29:24.835+0530] {dagbag.py:532} INFO - Filling up the DagBag from /home/nightfall/airflow/code/dags/Lead_scoring_inference_pipeline/lead_scoring_inference_pipeline.py
[2023-04-16T15:29:25.193+0530] {logging_mixin.py:137} INFO - [2023-04-16T15:29:25.193+0530] {utils.py:148} INFO - Note: NumExpr detected 16 cores but "NUMEXPR_MAX_THREADS" not set, so enforcing safe limit of 8.
[2023-04-16T15:29:25.193+0530] {logging_mixin.py:137} INFO - [2023-04-16T15:29:25.193+0530] {utils.py:160} INFO - NumExpr defaulting to 8 threads.
[2023-04-16T15:29:25.342+0530] {processor.py:753} INFO - DAG(s) dict_keys(['Lead_scoring_inference_pipeline']) retrieved from /home/nightfall/airflow/code/dags/Lead_scoring_inference_pipeline/lead_scoring_inference_pipeline.py
[2023-04-16T15:29:25.350+0530] {logging_mixin.py:137} INFO - [2023-04-16T15:29:25.350+0530] {dag.py:2705} INFO - Sync 1 DAGs
[2023-04-16T15:29:25.360+0530] {logging_mixin.py:137} INFO - [2023-04-16T15:29:25.360+0530] {dag.py:3452} INFO - Setting next_dagrun for Lead_scoring_inference_pipeline to 2023-04-16T08:00:00+00:00, run_after=2023-04-16T09:00:00+00:00
[2023-04-16T15:29:25.380+0530] {processor.py:175} INFO - Processing /home/nightfall/airflow/code/dags/Lead_scoring_inference_pipeline/lead_scoring_inference_pipeline.py took 0.546 seconds
[2023-04-16T15:30:39.812+0530] {processor.py:153} INFO - Started process (PID=126180) to work on /home/nightfall/airflow/code/dags/Lead_scoring_inference_pipeline/lead_scoring_inference_pipeline.py
[2023-04-16T15:30:39.813+0530] {processor.py:743} INFO - Processing file /home/nightfall/airflow/code/dags/Lead_scoring_inference_pipeline/lead_scoring_inference_pipeline.py for tasks to queue
[2023-04-16T15:30:39.814+0530] {logging_mixin.py:137} INFO - [2023-04-16T15:30:39.814+0530] {dagbag.py:532} INFO - Filling up the DagBag from /home/nightfall/airflow/code/dags/Lead_scoring_inference_pipeline/lead_scoring_inference_pipeline.py
[2023-04-16T15:30:40.184+0530] {logging_mixin.py:137} INFO - [2023-04-16T15:30:40.183+0530] {utils.py:148} INFO - Note: NumExpr detected 16 cores but "NUMEXPR_MAX_THREADS" not set, so enforcing safe limit of 8.
[2023-04-16T15:30:40.184+0530] {logging_mixin.py:137} INFO - [2023-04-16T15:30:40.184+0530] {utils.py:160} INFO - NumExpr defaulting to 8 threads.
[2023-04-16T15:30:40.331+0530] {processor.py:753} INFO - DAG(s) dict_keys(['Lead_scoring_inference_pipeline']) retrieved from /home/nightfall/airflow/code/dags/Lead_scoring_inference_pipeline/lead_scoring_inference_pipeline.py
[2023-04-16T15:30:40.340+0530] {logging_mixin.py:137} INFO - [2023-04-16T15:30:40.339+0530] {dag.py:2705} INFO - Sync 1 DAGs
[2023-04-16T15:30:40.351+0530] {logging_mixin.py:137} INFO - [2023-04-16T15:30:40.350+0530] {dag.py:3452} INFO - Setting next_dagrun for Lead_scoring_inference_pipeline to 2023-04-16T09:00:00+00:00, run_after=2023-04-16T10:00:00+00:00
[2023-04-16T15:30:40.370+0530] {processor.py:175} INFO - Processing /home/nightfall/airflow/code/dags/Lead_scoring_inference_pipeline/lead_scoring_inference_pipeline.py took 0.559 seconds
[2023-04-16T15:31:17.594+0530] {processor.py:153} INFO - Started process (PID=126268) to work on /home/nightfall/airflow/code/dags/Lead_scoring_inference_pipeline/lead_scoring_inference_pipeline.py
[2023-04-16T15:31:18.079+0530] {processor.py:743} INFO - Processing file /home/nightfall/airflow/code/dags/Lead_scoring_inference_pipeline/lead_scoring_inference_pipeline.py for tasks to queue
[2023-04-16T15:31:18.079+0530] {logging_mixin.py:137} INFO - [2023-04-16T15:31:18.079+0530] {dagbag.py:532} INFO - Filling up the DagBag from /home/nightfall/airflow/code/dags/Lead_scoring_inference_pipeline/lead_scoring_inference_pipeline.py
[2023-04-16T15:31:18.492+0530] {logging_mixin.py:137} INFO - [2023-04-16T15:31:18.492+0530] {utils.py:148} INFO - Note: NumExpr detected 16 cores but "NUMEXPR_MAX_THREADS" not set, so enforcing safe limit of 8.
[2023-04-16T15:31:18.492+0530] {logging_mixin.py:137} INFO - [2023-04-16T15:31:18.492+0530] {utils.py:160} INFO - NumExpr defaulting to 8 threads.
[2023-04-16T15:31:18.647+0530] {processor.py:753} INFO - DAG(s) dict_keys(['Lead_scoring_inference_pipeline']) retrieved from /home/nightfall/airflow/code/dags/Lead_scoring_inference_pipeline/lead_scoring_inference_pipeline.py
[2023-04-16T15:31:18.691+0530] {logging_mixin.py:137} INFO - [2023-04-16T15:31:18.691+0530] {dag.py:2705} INFO - Sync 1 DAGs
[2023-04-16T15:31:19.367+0530] {logging_mixin.py:137} INFO - [2023-04-16T15:31:19.366+0530] {dag.py:3452} INFO - Setting next_dagrun for Lead_scoring_inference_pipeline to 2023-04-16T09:00:00+00:00, run_after=2023-04-16T10:00:00+00:00
[2023-04-16T15:31:19.432+0530] {processor.py:175} INFO - Processing /home/nightfall/airflow/code/dags/Lead_scoring_inference_pipeline/lead_scoring_inference_pipeline.py took 1.839 seconds
[2023-04-16T15:31:55.882+0530] {processor.py:153} INFO - Started process (PID=126337) to work on /home/nightfall/airflow/code/dags/Lead_scoring_inference_pipeline/lead_scoring_inference_pipeline.py
[2023-04-16T15:31:55.883+0530] {processor.py:743} INFO - Processing file /home/nightfall/airflow/code/dags/Lead_scoring_inference_pipeline/lead_scoring_inference_pipeline.py for tasks to queue
[2023-04-16T15:31:55.884+0530] {logging_mixin.py:137} INFO - [2023-04-16T15:31:55.884+0530] {dagbag.py:532} INFO - Filling up the DagBag from /home/nightfall/airflow/code/dags/Lead_scoring_inference_pipeline/lead_scoring_inference_pipeline.py
[2023-04-16T15:31:56.251+0530] {logging_mixin.py:137} INFO - [2023-04-16T15:31:56.251+0530] {utils.py:148} INFO - Note: NumExpr detected 16 cores but "NUMEXPR_MAX_THREADS" not set, so enforcing safe limit of 8.
[2023-04-16T15:31:56.251+0530] {logging_mixin.py:137} INFO - [2023-04-16T15:31:56.251+0530] {utils.py:160} INFO - NumExpr defaulting to 8 threads.
[2023-04-16T15:31:56.397+0530] {processor.py:753} INFO - DAG(s) dict_keys(['Lead_scoring_inference_pipeline']) retrieved from /home/nightfall/airflow/code/dags/Lead_scoring_inference_pipeline/lead_scoring_inference_pipeline.py
[2023-04-16T15:31:56.406+0530] {logging_mixin.py:137} INFO - [2023-04-16T15:31:56.405+0530] {dag.py:2705} INFO - Sync 1 DAGs
[2023-04-16T15:31:56.417+0530] {logging_mixin.py:137} INFO - [2023-04-16T15:31:56.417+0530] {dag.py:3452} INFO - Setting next_dagrun for Lead_scoring_inference_pipeline to 2023-04-16T09:00:00+00:00, run_after=2023-04-16T10:00:00+00:00
[2023-04-16T15:31:56.869+0530] {processor.py:175} INFO - Processing /home/nightfall/airflow/code/dags/Lead_scoring_inference_pipeline/lead_scoring_inference_pipeline.py took 0.989 seconds
[2023-04-16T15:32:28.645+0530] {processor.py:153} INFO - Started process (PID=126410) to work on /home/nightfall/airflow/code/dags/Lead_scoring_inference_pipeline/lead_scoring_inference_pipeline.py
[2023-04-16T15:32:28.647+0530] {processor.py:743} INFO - Processing file /home/nightfall/airflow/code/dags/Lead_scoring_inference_pipeline/lead_scoring_inference_pipeline.py for tasks to queue
[2023-04-16T15:32:28.647+0530] {logging_mixin.py:137} INFO - [2023-04-16T15:32:28.647+0530] {dagbag.py:532} INFO - Filling up the DagBag from /home/nightfall/airflow/code/dags/Lead_scoring_inference_pipeline/lead_scoring_inference_pipeline.py
[2023-04-16T15:32:29.023+0530] {logging_mixin.py:137} INFO - [2023-04-16T15:32:29.023+0530] {utils.py:148} INFO - Note: NumExpr detected 16 cores but "NUMEXPR_MAX_THREADS" not set, so enforcing safe limit of 8.
[2023-04-16T15:32:29.023+0530] {logging_mixin.py:137} INFO - [2023-04-16T15:32:29.023+0530] {utils.py:160} INFO - NumExpr defaulting to 8 threads.
[2023-04-16T15:32:29.170+0530] {processor.py:753} INFO - DAG(s) dict_keys(['Lead_scoring_inference_pipeline']) retrieved from /home/nightfall/airflow/code/dags/Lead_scoring_inference_pipeline/lead_scoring_inference_pipeline.py
[2023-04-16T15:32:29.178+0530] {logging_mixin.py:137} INFO - [2023-04-16T15:32:29.178+0530] {dag.py:2705} INFO - Sync 1 DAGs
[2023-04-16T15:32:29.189+0530] {logging_mixin.py:137} INFO - [2023-04-16T15:32:29.189+0530] {dag.py:3452} INFO - Setting next_dagrun for Lead_scoring_inference_pipeline to 2023-04-16T09:00:00+00:00, run_after=2023-04-16T10:00:00+00:00
[2023-04-16T15:32:29.218+0530] {processor.py:175} INFO - Processing /home/nightfall/airflow/code/dags/Lead_scoring_inference_pipeline/lead_scoring_inference_pipeline.py took 0.575 seconds
[2023-04-16T15:33:33.004+0530] {processor.py:153} INFO - Started process (PID=126533) to work on /home/nightfall/airflow/code/dags/Lead_scoring_inference_pipeline/lead_scoring_inference_pipeline.py
[2023-04-16T15:33:33.005+0530] {processor.py:743} INFO - Processing file /home/nightfall/airflow/code/dags/Lead_scoring_inference_pipeline/lead_scoring_inference_pipeline.py for tasks to queue
[2023-04-16T15:33:33.006+0530] {logging_mixin.py:137} INFO - [2023-04-16T15:33:33.006+0530] {dagbag.py:532} INFO - Filling up the DagBag from /home/nightfall/airflow/code/dags/Lead_scoring_inference_pipeline/lead_scoring_inference_pipeline.py
[2023-04-16T15:33:33.392+0530] {logging_mixin.py:137} INFO - [2023-04-16T15:33:33.391+0530] {utils.py:148} INFO - Note: NumExpr detected 16 cores but "NUMEXPR_MAX_THREADS" not set, so enforcing safe limit of 8.
[2023-04-16T15:33:33.392+0530] {logging_mixin.py:137} INFO - [2023-04-16T15:33:33.392+0530] {utils.py:160} INFO - NumExpr defaulting to 8 threads.
[2023-04-16T15:33:33.543+0530] {processor.py:753} INFO - DAG(s) dict_keys(['Lead_scoring_inference_pipeline']) retrieved from /home/nightfall/airflow/code/dags/Lead_scoring_inference_pipeline/lead_scoring_inference_pipeline.py
[2023-04-16T15:33:33.553+0530] {logging_mixin.py:137} INFO - [2023-04-16T15:33:33.553+0530] {dag.py:2705} INFO - Sync 1 DAGs
[2023-04-16T15:33:33.564+0530] {logging_mixin.py:137} INFO - [2023-04-16T15:33:33.563+0530] {dag.py:3452} INFO - Setting next_dagrun for Lead_scoring_inference_pipeline to 2023-04-16T09:00:00+00:00, run_after=2023-04-16T10:00:00+00:00
[2023-04-16T15:33:33.665+0530] {processor.py:175} INFO - Processing /home/nightfall/airflow/code/dags/Lead_scoring_inference_pipeline/lead_scoring_inference_pipeline.py took 0.662 seconds
[2023-04-16T15:34:07.956+0530] {processor.py:153} INFO - Started process (PID=126592) to work on /home/nightfall/airflow/code/dags/Lead_scoring_inference_pipeline/lead_scoring_inference_pipeline.py
[2023-04-16T15:34:07.958+0530] {processor.py:743} INFO - Processing file /home/nightfall/airflow/code/dags/Lead_scoring_inference_pipeline/lead_scoring_inference_pipeline.py for tasks to queue
[2023-04-16T15:34:07.958+0530] {logging_mixin.py:137} INFO - [2023-04-16T15:34:07.958+0530] {dagbag.py:532} INFO - Filling up the DagBag from /home/nightfall/airflow/code/dags/Lead_scoring_inference_pipeline/lead_scoring_inference_pipeline.py
[2023-04-16T15:34:08.338+0530] {logging_mixin.py:137} INFO - [2023-04-16T15:34:08.338+0530] {utils.py:148} INFO - Note: NumExpr detected 16 cores but "NUMEXPR_MAX_THREADS" not set, so enforcing safe limit of 8.
[2023-04-16T15:34:08.338+0530] {logging_mixin.py:137} INFO - [2023-04-16T15:34:08.338+0530] {utils.py:160} INFO - NumExpr defaulting to 8 threads.
[2023-04-16T15:34:08.484+0530] {processor.py:753} INFO - DAG(s) dict_keys(['Lead_scoring_inference_pipeline']) retrieved from /home/nightfall/airflow/code/dags/Lead_scoring_inference_pipeline/lead_scoring_inference_pipeline.py
[2023-04-16T15:34:08.492+0530] {logging_mixin.py:137} INFO - [2023-04-16T15:34:08.492+0530] {dag.py:2705} INFO - Sync 1 DAGs
[2023-04-16T15:34:08.503+0530] {logging_mixin.py:137} INFO - [2023-04-16T15:34:08.503+0530] {dag.py:3452} INFO - Setting next_dagrun for Lead_scoring_inference_pipeline to 2023-04-16T09:00:00+00:00, run_after=2023-04-16T10:00:00+00:00
[2023-04-16T15:34:09.469+0530] {processor.py:175} INFO - Processing /home/nightfall/airflow/code/dags/Lead_scoring_inference_pipeline/lead_scoring_inference_pipeline.py took 1.515 seconds
[2023-04-16T15:34:50.037+0530] {processor.py:153} INFO - Started process (PID=126755) to work on /home/nightfall/airflow/code/dags/Lead_scoring_inference_pipeline/lead_scoring_inference_pipeline.py
[2023-04-16T15:34:50.038+0530] {processor.py:743} INFO - Processing file /home/nightfall/airflow/code/dags/Lead_scoring_inference_pipeline/lead_scoring_inference_pipeline.py for tasks to queue
[2023-04-16T15:34:50.039+0530] {logging_mixin.py:137} INFO - [2023-04-16T15:34:50.039+0530] {dagbag.py:532} INFO - Filling up the DagBag from /home/nightfall/airflow/code/dags/Lead_scoring_inference_pipeline/lead_scoring_inference_pipeline.py
[2023-04-16T15:34:50.432+0530] {logging_mixin.py:137} INFO - [2023-04-16T15:34:50.432+0530] {utils.py:148} INFO - Note: NumExpr detected 16 cores but "NUMEXPR_MAX_THREADS" not set, so enforcing safe limit of 8.
[2023-04-16T15:34:50.432+0530] {logging_mixin.py:137} INFO - [2023-04-16T15:34:50.432+0530] {utils.py:160} INFO - NumExpr defaulting to 8 threads.
[2023-04-16T15:34:50.582+0530] {processor.py:753} INFO - DAG(s) dict_keys(['Lead_scoring_inference_pipeline']) retrieved from /home/nightfall/airflow/code/dags/Lead_scoring_inference_pipeline/lead_scoring_inference_pipeline.py
[2023-04-16T15:34:50.590+0530] {logging_mixin.py:137} INFO - [2023-04-16T15:34:50.590+0530] {dag.py:2705} INFO - Sync 1 DAGs
[2023-04-16T15:34:50.601+0530] {logging_mixin.py:137} INFO - [2023-04-16T15:34:50.601+0530] {dag.py:3452} INFO - Setting next_dagrun for Lead_scoring_inference_pipeline to 2023-04-16T09:00:00+00:00, run_after=2023-04-16T10:00:00+00:00
[2023-04-16T15:34:51.435+0530] {processor.py:175} INFO - Processing /home/nightfall/airflow/code/dags/Lead_scoring_inference_pipeline/lead_scoring_inference_pipeline.py took 1.401 seconds
[2023-04-16T15:35:28.679+0530] {processor.py:153} INFO - Started process (PID=126836) to work on /home/nightfall/airflow/code/dags/Lead_scoring_inference_pipeline/lead_scoring_inference_pipeline.py
[2023-04-16T15:35:28.681+0530] {processor.py:743} INFO - Processing file /home/nightfall/airflow/code/dags/Lead_scoring_inference_pipeline/lead_scoring_inference_pipeline.py for tasks to queue
[2023-04-16T15:35:28.681+0530] {logging_mixin.py:137} INFO - [2023-04-16T15:35:28.681+0530] {dagbag.py:532} INFO - Filling up the DagBag from /home/nightfall/airflow/code/dags/Lead_scoring_inference_pipeline/lead_scoring_inference_pipeline.py
[2023-04-16T15:35:29.054+0530] {logging_mixin.py:137} INFO - [2023-04-16T15:35:29.054+0530] {utils.py:148} INFO - Note: NumExpr detected 16 cores but "NUMEXPR_MAX_THREADS" not set, so enforcing safe limit of 8.
[2023-04-16T15:35:29.054+0530] {logging_mixin.py:137} INFO - [2023-04-16T15:35:29.054+0530] {utils.py:160} INFO - NumExpr defaulting to 8 threads.
[2023-04-16T15:35:29.196+0530] {processor.py:753} INFO - DAG(s) dict_keys(['Lead_scoring_inference_pipeline']) retrieved from /home/nightfall/airflow/code/dags/Lead_scoring_inference_pipeline/lead_scoring_inference_pipeline.py
[2023-04-16T15:35:29.204+0530] {logging_mixin.py:137} INFO - [2023-04-16T15:35:29.204+0530] {dag.py:2705} INFO - Sync 1 DAGs
[2023-04-16T15:35:29.214+0530] {logging_mixin.py:137} INFO - [2023-04-16T15:35:29.214+0530] {dag.py:3452} INFO - Setting next_dagrun for Lead_scoring_inference_pipeline to 2023-04-16T09:00:00+00:00, run_after=2023-04-16T10:00:00+00:00
[2023-04-16T15:35:29.835+0530] {processor.py:175} INFO - Processing /home/nightfall/airflow/code/dags/Lead_scoring_inference_pipeline/lead_scoring_inference_pipeline.py took 1.158 seconds
[2023-04-16T15:36:04.921+0530] {processor.py:153} INFO - Started process (PID=126920) to work on /home/nightfall/airflow/code/dags/Lead_scoring_inference_pipeline/lead_scoring_inference_pipeline.py
[2023-04-16T15:36:04.922+0530] {processor.py:743} INFO - Processing file /home/nightfall/airflow/code/dags/Lead_scoring_inference_pipeline/lead_scoring_inference_pipeline.py for tasks to queue
[2023-04-16T15:36:04.923+0530] {logging_mixin.py:137} INFO - [2023-04-16T15:36:04.923+0530] {dagbag.py:532} INFO - Filling up the DagBag from /home/nightfall/airflow/code/dags/Lead_scoring_inference_pipeline/lead_scoring_inference_pipeline.py
[2023-04-16T15:36:05.296+0530] {logging_mixin.py:137} INFO - [2023-04-16T15:36:05.296+0530] {utils.py:148} INFO - Note: NumExpr detected 16 cores but "NUMEXPR_MAX_THREADS" not set, so enforcing safe limit of 8.
[2023-04-16T15:36:05.296+0530] {logging_mixin.py:137} INFO - [2023-04-16T15:36:05.296+0530] {utils.py:160} INFO - NumExpr defaulting to 8 threads.
[2023-04-16T15:36:05.439+0530] {processor.py:753} INFO - DAG(s) dict_keys(['Lead_scoring_inference_pipeline']) retrieved from /home/nightfall/airflow/code/dags/Lead_scoring_inference_pipeline/lead_scoring_inference_pipeline.py
[2023-04-16T15:36:05.447+0530] {logging_mixin.py:137} INFO - [2023-04-16T15:36:05.447+0530] {dag.py:2705} INFO - Sync 1 DAGs
[2023-04-16T15:36:05.457+0530] {logging_mixin.py:137} INFO - [2023-04-16T15:36:05.457+0530] {dag.py:3452} INFO - Setting next_dagrun for Lead_scoring_inference_pipeline to 2023-04-16T09:00:00+00:00, run_after=2023-04-16T10:00:00+00:00
[2023-04-16T15:36:05.864+0530] {processor.py:175} INFO - Processing /home/nightfall/airflow/code/dags/Lead_scoring_inference_pipeline/lead_scoring_inference_pipeline.py took 0.946 seconds
[2023-04-16T15:40:45.410+0530] {processor.py:153} INFO - Started process (PID=127529) to work on /home/nightfall/airflow/code/dags/Lead_scoring_inference_pipeline/lead_scoring_inference_pipeline.py
[2023-04-16T15:40:45.414+0530] {processor.py:743} INFO - Processing file /home/nightfall/airflow/code/dags/Lead_scoring_inference_pipeline/lead_scoring_inference_pipeline.py for tasks to queue
[2023-04-16T15:40:45.415+0530] {logging_mixin.py:137} INFO - [2023-04-16T15:40:45.415+0530] {dagbag.py:532} INFO - Filling up the DagBag from /home/nightfall/airflow/code/dags/Lead_scoring_inference_pipeline/lead_scoring_inference_pipeline.py
[2023-04-16T15:40:45.779+0530] {logging_mixin.py:137} INFO - [2023-04-16T15:40:45.778+0530] {utils.py:148} INFO - Note: NumExpr detected 16 cores but "NUMEXPR_MAX_THREADS" not set, so enforcing safe limit of 8.
[2023-04-16T15:40:45.779+0530] {logging_mixin.py:137} INFO - [2023-04-16T15:40:45.779+0530] {utils.py:160} INFO - NumExpr defaulting to 8 threads.
[2023-04-16T15:40:45.918+0530] {processor.py:753} INFO - DAG(s) dict_keys(['Lead_scoring_inference_pipeline']) retrieved from /home/nightfall/airflow/code/dags/Lead_scoring_inference_pipeline/lead_scoring_inference_pipeline.py
[2023-04-16T15:40:45.921+0530] {logging_mixin.py:137} INFO - [2023-04-16T15:40:45.921+0530] {dag.py:2705} INFO - Sync 1 DAGs
[2023-04-16T15:40:45.931+0530] {logging_mixin.py:137} INFO - [2023-04-16T15:40:45.931+0530] {dag.py:3452} INFO - Setting next_dagrun for Lead_scoring_inference_pipeline to 2023-04-16T09:00:00+00:00, run_after=2023-04-16T10:00:00+00:00
[2023-04-16T15:40:45.959+0530] {processor.py:175} INFO - Processing /home/nightfall/airflow/code/dags/Lead_scoring_inference_pipeline/lead_scoring_inference_pipeline.py took 0.552 seconds
[2023-04-16T15:41:16.430+0530] {processor.py:153} INFO - Started process (PID=127619) to work on /home/nightfall/airflow/code/dags/Lead_scoring_inference_pipeline/lead_scoring_inference_pipeline.py
[2023-04-16T15:41:16.432+0530] {processor.py:743} INFO - Processing file /home/nightfall/airflow/code/dags/Lead_scoring_inference_pipeline/lead_scoring_inference_pipeline.py for tasks to queue
[2023-04-16T15:41:16.433+0530] {logging_mixin.py:137} INFO - [2023-04-16T15:41:16.433+0530] {dagbag.py:532} INFO - Filling up the DagBag from /home/nightfall/airflow/code/dags/Lead_scoring_inference_pipeline/lead_scoring_inference_pipeline.py
[2023-04-16T15:41:16.805+0530] {logging_mixin.py:137} INFO - [2023-04-16T15:41:16.805+0530] {utils.py:148} INFO - Note: NumExpr detected 16 cores but "NUMEXPR_MAX_THREADS" not set, so enforcing safe limit of 8.
[2023-04-16T15:41:16.806+0530] {logging_mixin.py:137} INFO - [2023-04-16T15:41:16.806+0530] {utils.py:160} INFO - NumExpr defaulting to 8 threads.
[2023-04-16T15:41:16.954+0530] {processor.py:753} INFO - DAG(s) dict_keys(['Lead_scoring_inference_pipeline']) retrieved from /home/nightfall/airflow/code/dags/Lead_scoring_inference_pipeline/lead_scoring_inference_pipeline.py
[2023-04-16T15:41:16.962+0530] {logging_mixin.py:137} INFO - [2023-04-16T15:41:16.962+0530] {dag.py:2705} INFO - Sync 1 DAGs
[2023-04-16T15:41:16.974+0530] {logging_mixin.py:137} INFO - [2023-04-16T15:41:16.973+0530] {dag.py:3452} INFO - Setting next_dagrun for Lead_scoring_inference_pipeline to 2023-04-16T09:00:00+00:00, run_after=2023-04-16T10:00:00+00:00
[2023-04-16T15:41:17.009+0530] {processor.py:175} INFO - Processing /home/nightfall/airflow/code/dags/Lead_scoring_inference_pipeline/lead_scoring_inference_pipeline.py took 0.581 seconds
[2023-04-16T15:41:47.542+0530] {processor.py:153} INFO - Started process (PID=127702) to work on /home/nightfall/airflow/code/dags/Lead_scoring_inference_pipeline/lead_scoring_inference_pipeline.py
[2023-04-16T15:41:47.543+0530] {processor.py:743} INFO - Processing file /home/nightfall/airflow/code/dags/Lead_scoring_inference_pipeline/lead_scoring_inference_pipeline.py for tasks to queue
[2023-04-16T15:41:47.544+0530] {logging_mixin.py:137} INFO - [2023-04-16T15:41:47.544+0530] {dagbag.py:532} INFO - Filling up the DagBag from /home/nightfall/airflow/code/dags/Lead_scoring_inference_pipeline/lead_scoring_inference_pipeline.py
[2023-04-16T15:41:47.924+0530] {logging_mixin.py:137} INFO - [2023-04-16T15:41:47.924+0530] {utils.py:148} INFO - Note: NumExpr detected 16 cores but "NUMEXPR_MAX_THREADS" not set, so enforcing safe limit of 8.
[2023-04-16T15:41:47.924+0530] {logging_mixin.py:137} INFO - [2023-04-16T15:41:47.924+0530] {utils.py:160} INFO - NumExpr defaulting to 8 threads.
[2023-04-16T15:41:48.074+0530] {processor.py:753} INFO - DAG(s) dict_keys(['Lead_scoring_inference_pipeline']) retrieved from /home/nightfall/airflow/code/dags/Lead_scoring_inference_pipeline/lead_scoring_inference_pipeline.py
[2023-04-16T15:41:48.083+0530] {logging_mixin.py:137} INFO - [2023-04-16T15:41:48.082+0530] {dag.py:2705} INFO - Sync 1 DAGs
[2023-04-16T15:41:48.094+0530] {logging_mixin.py:137} INFO - [2023-04-16T15:41:48.094+0530] {dag.py:3452} INFO - Setting next_dagrun for Lead_scoring_inference_pipeline to 2023-04-16T09:00:00+00:00, run_after=2023-04-16T10:00:00+00:00
[2023-04-16T15:41:48.212+0530] {processor.py:175} INFO - Processing /home/nightfall/airflow/code/dags/Lead_scoring_inference_pipeline/lead_scoring_inference_pipeline.py took 0.672 seconds
[2023-04-16T21:43:27.825+0530] {processor.py:153} INFO - Started process (PID=38800) to work on /home/nightfall/airflow/code/dags/Lead_scoring_inference_pipeline/lead_scoring_inference_pipeline.py
[2023-04-16T21:43:27.827+0530] {processor.py:743} INFO - Processing file /home/nightfall/airflow/code/dags/Lead_scoring_inference_pipeline/lead_scoring_inference_pipeline.py for tasks to queue
[2023-04-16T21:43:27.827+0530] {logging_mixin.py:137} INFO - [2023-04-16T21:43:27.827+0530] {dagbag.py:532} INFO - Filling up the DagBag from /home/nightfall/airflow/code/dags/Lead_scoring_inference_pipeline/lead_scoring_inference_pipeline.py
[2023-04-16T21:43:28.204+0530] {logging_mixin.py:137} INFO - [2023-04-16T21:43:28.203+0530] {utils.py:148} INFO - Note: NumExpr detected 16 cores but "NUMEXPR_MAX_THREADS" not set, so enforcing safe limit of 8.
[2023-04-16T21:43:28.204+0530] {logging_mixin.py:137} INFO - [2023-04-16T21:43:28.204+0530] {utils.py:160} INFO - NumExpr defaulting to 8 threads.
[2023-04-16T21:43:28.346+0530] {processor.py:753} INFO - DAG(s) dict_keys(['Lead_scoring_inference_pipeline']) retrieved from /home/nightfall/airflow/code/dags/Lead_scoring_inference_pipeline/lead_scoring_inference_pipeline.py
[2023-04-16T21:43:28.354+0530] {logging_mixin.py:137} INFO - [2023-04-16T21:43:28.354+0530] {dag.py:2705} INFO - Sync 1 DAGs
[2023-04-16T21:43:28.364+0530] {logging_mixin.py:137} INFO - [2023-04-16T21:43:28.364+0530] {dag.py:3452} INFO - Setting next_dagrun for Lead_scoring_inference_pipeline to 2023-04-16T15:00:00+00:00, run_after=2023-04-16T16:00:00+00:00
[2023-04-16T21:43:28.390+0530] {processor.py:175} INFO - Processing /home/nightfall/airflow/code/dags/Lead_scoring_inference_pipeline/lead_scoring_inference_pipeline.py took 0.567 seconds
[2023-04-16T21:44:10.571+0530] {processor.py:153} INFO - Started process (PID=38937) to work on /home/nightfall/airflow/code/dags/Lead_scoring_inference_pipeline/lead_scoring_inference_pipeline.py
[2023-04-16T21:44:10.578+0530] {processor.py:743} INFO - Processing file /home/nightfall/airflow/code/dags/Lead_scoring_inference_pipeline/lead_scoring_inference_pipeline.py for tasks to queue
[2023-04-16T21:44:10.578+0530] {logging_mixin.py:137} INFO - [2023-04-16T21:44:10.578+0530] {dagbag.py:532} INFO - Filling up the DagBag from /home/nightfall/airflow/code/dags/Lead_scoring_inference_pipeline/lead_scoring_inference_pipeline.py
[2023-04-16T21:44:10.955+0530] {logging_mixin.py:137} INFO - [2023-04-16T21:44:10.955+0530] {utils.py:148} INFO - Note: NumExpr detected 16 cores but "NUMEXPR_MAX_THREADS" not set, so enforcing safe limit of 8.
[2023-04-16T21:44:10.955+0530] {logging_mixin.py:137} INFO - [2023-04-16T21:44:10.955+0530] {utils.py:160} INFO - NumExpr defaulting to 8 threads.
[2023-04-16T21:44:11.093+0530] {processor.py:753} INFO - DAG(s) dict_keys(['Lead_scoring_inference_pipeline']) retrieved from /home/nightfall/airflow/code/dags/Lead_scoring_inference_pipeline/lead_scoring_inference_pipeline.py
[2023-04-16T21:44:11.102+0530] {logging_mixin.py:137} INFO - [2023-04-16T21:44:11.102+0530] {dag.py:2705} INFO - Sync 1 DAGs
[2023-04-16T21:44:11.147+0530] {logging_mixin.py:137} INFO - [2023-04-16T21:44:11.147+0530] {dag.py:3452} INFO - Setting next_dagrun for Lead_scoring_inference_pipeline to 2023-04-16T15:00:00+00:00, run_after=2023-04-16T16:00:00+00:00
[2023-04-16T21:44:11.164+0530] {processor.py:175} INFO - Processing /home/nightfall/airflow/code/dags/Lead_scoring_inference_pipeline/lead_scoring_inference_pipeline.py took 0.595 seconds
[2023-04-16T21:44:50.854+0530] {processor.py:153} INFO - Started process (PID=39056) to work on /home/nightfall/airflow/code/dags/Lead_scoring_inference_pipeline/lead_scoring_inference_pipeline.py
[2023-04-16T21:44:50.856+0530] {processor.py:743} INFO - Processing file /home/nightfall/airflow/code/dags/Lead_scoring_inference_pipeline/lead_scoring_inference_pipeline.py for tasks to queue
[2023-04-16T21:44:50.856+0530] {logging_mixin.py:137} INFO - [2023-04-16T21:44:50.856+0530] {dagbag.py:532} INFO - Filling up the DagBag from /home/nightfall/airflow/code/dags/Lead_scoring_inference_pipeline/lead_scoring_inference_pipeline.py
[2023-04-16T21:44:51.219+0530] {logging_mixin.py:137} INFO - [2023-04-16T21:44:51.219+0530] {utils.py:148} INFO - Note: NumExpr detected 16 cores but "NUMEXPR_MAX_THREADS" not set, so enforcing safe limit of 8.
[2023-04-16T21:44:51.219+0530] {logging_mixin.py:137} INFO - [2023-04-16T21:44:51.219+0530] {utils.py:160} INFO - NumExpr defaulting to 8 threads.
[2023-04-16T21:44:51.355+0530] {processor.py:753} INFO - DAG(s) dict_keys(['Lead_scoring_inference_pipeline']) retrieved from /home/nightfall/airflow/code/dags/Lead_scoring_inference_pipeline/lead_scoring_inference_pipeline.py
[2023-04-16T21:44:51.363+0530] {logging_mixin.py:137} INFO - [2023-04-16T21:44:51.363+0530] {dag.py:2705} INFO - Sync 1 DAGs
[2023-04-16T21:44:51.373+0530] {logging_mixin.py:137} INFO - [2023-04-16T21:44:51.373+0530] {dag.py:3452} INFO - Setting next_dagrun for Lead_scoring_inference_pipeline to 2023-04-16T15:00:00+00:00, run_after=2023-04-16T16:00:00+00:00
[2023-04-16T21:44:51.393+0530] {processor.py:175} INFO - Processing /home/nightfall/airflow/code/dags/Lead_scoring_inference_pipeline/lead_scoring_inference_pipeline.py took 0.540 seconds
[2023-04-16T21:45:31.072+0530] {processor.py:153} INFO - Started process (PID=39174) to work on /home/nightfall/airflow/code/dags/Lead_scoring_inference_pipeline/lead_scoring_inference_pipeline.py
[2023-04-16T21:45:31.073+0530] {processor.py:743} INFO - Processing file /home/nightfall/airflow/code/dags/Lead_scoring_inference_pipeline/lead_scoring_inference_pipeline.py for tasks to queue
[2023-04-16T21:45:31.074+0530] {logging_mixin.py:137} INFO - [2023-04-16T21:45:31.074+0530] {dagbag.py:532} INFO - Filling up the DagBag from /home/nightfall/airflow/code/dags/Lead_scoring_inference_pipeline/lead_scoring_inference_pipeline.py
[2023-04-16T21:45:31.443+0530] {logging_mixin.py:137} INFO - [2023-04-16T21:45:31.443+0530] {utils.py:148} INFO - Note: NumExpr detected 16 cores but "NUMEXPR_MAX_THREADS" not set, so enforcing safe limit of 8.
[2023-04-16T21:45:31.443+0530] {logging_mixin.py:137} INFO - [2023-04-16T21:45:31.443+0530] {utils.py:160} INFO - NumExpr defaulting to 8 threads.
[2023-04-16T21:45:31.586+0530] {processor.py:753} INFO - DAG(s) dict_keys(['Lead_scoring_inference_pipeline']) retrieved from /home/nightfall/airflow/code/dags/Lead_scoring_inference_pipeline/lead_scoring_inference_pipeline.py
[2023-04-16T21:45:31.594+0530] {logging_mixin.py:137} INFO - [2023-04-16T21:45:31.594+0530] {dag.py:2705} INFO - Sync 1 DAGs
[2023-04-16T21:45:31.605+0530] {logging_mixin.py:137} INFO - [2023-04-16T21:45:31.605+0530] {dag.py:3452} INFO - Setting next_dagrun for Lead_scoring_inference_pipeline to 2023-04-16T15:00:00+00:00, run_after=2023-04-16T16:00:00+00:00
[2023-04-16T21:45:31.623+0530] {processor.py:175} INFO - Processing /home/nightfall/airflow/code/dags/Lead_scoring_inference_pipeline/lead_scoring_inference_pipeline.py took 0.553 seconds
[2023-04-16T21:46:16.741+0530] {processor.py:153} INFO - Started process (PID=39359) to work on /home/nightfall/airflow/code/dags/Lead_scoring_inference_pipeline/lead_scoring_inference_pipeline.py
[2023-04-16T21:46:16.743+0530] {processor.py:743} INFO - Processing file /home/nightfall/airflow/code/dags/Lead_scoring_inference_pipeline/lead_scoring_inference_pipeline.py for tasks to queue
[2023-04-16T21:46:16.744+0530] {logging_mixin.py:137} INFO - [2023-04-16T21:46:16.744+0530] {dagbag.py:532} INFO - Filling up the DagBag from /home/nightfall/airflow/code/dags/Lead_scoring_inference_pipeline/lead_scoring_inference_pipeline.py
[2023-04-16T21:46:17.109+0530] {logging_mixin.py:137} INFO - [2023-04-16T21:46:17.108+0530] {utils.py:148} INFO - Note: NumExpr detected 16 cores but "NUMEXPR_MAX_THREADS" not set, so enforcing safe limit of 8.
[2023-04-16T21:46:17.109+0530] {logging_mixin.py:137} INFO - [2023-04-16T21:46:17.109+0530] {utils.py:160} INFO - NumExpr defaulting to 8 threads.
[2023-04-16T21:46:17.250+0530] {processor.py:753} INFO - DAG(s) dict_keys(['Lead_scoring_inference_pipeline']) retrieved from /home/nightfall/airflow/code/dags/Lead_scoring_inference_pipeline/lead_scoring_inference_pipeline.py
[2023-04-16T21:46:17.258+0530] {logging_mixin.py:137} INFO - [2023-04-16T21:46:17.258+0530] {dag.py:2705} INFO - Sync 1 DAGs
[2023-04-16T21:46:17.269+0530] {logging_mixin.py:137} INFO - [2023-04-16T21:46:17.269+0530] {dag.py:3452} INFO - Setting next_dagrun for Lead_scoring_inference_pipeline to 2023-04-16T15:00:00+00:00, run_after=2023-04-16T16:00:00+00:00
[2023-04-16T21:46:17.288+0530] {processor.py:175} INFO - Processing /home/nightfall/airflow/code/dags/Lead_scoring_inference_pipeline/lead_scoring_inference_pipeline.py took 0.549 seconds
[2023-04-16T21:46:56.370+0530] {processor.py:153} INFO - Started process (PID=39490) to work on /home/nightfall/airflow/code/dags/Lead_scoring_inference_pipeline/lead_scoring_inference_pipeline.py
[2023-04-16T21:46:56.372+0530] {processor.py:743} INFO - Processing file /home/nightfall/airflow/code/dags/Lead_scoring_inference_pipeline/lead_scoring_inference_pipeline.py for tasks to queue
[2023-04-16T21:46:56.373+0530] {logging_mixin.py:137} INFO - [2023-04-16T21:46:56.373+0530] {dagbag.py:532} INFO - Filling up the DagBag from /home/nightfall/airflow/code/dags/Lead_scoring_inference_pipeline/lead_scoring_inference_pipeline.py
[2023-04-16T21:46:56.741+0530] {logging_mixin.py:137} INFO - [2023-04-16T21:46:56.740+0530] {utils.py:148} INFO - Note: NumExpr detected 16 cores but "NUMEXPR_MAX_THREADS" not set, so enforcing safe limit of 8.
[2023-04-16T21:46:56.741+0530] {logging_mixin.py:137} INFO - [2023-04-16T21:46:56.741+0530] {utils.py:160} INFO - NumExpr defaulting to 8 threads.
[2023-04-16T21:46:56.893+0530] {processor.py:753} INFO - DAG(s) dict_keys(['Lead_scoring_inference_pipeline']) retrieved from /home/nightfall/airflow/code/dags/Lead_scoring_inference_pipeline/lead_scoring_inference_pipeline.py
[2023-04-16T21:46:56.901+0530] {logging_mixin.py:137} INFO - [2023-04-16T21:46:56.901+0530] {dag.py:2705} INFO - Sync 1 DAGs
[2023-04-16T21:46:56.911+0530] {logging_mixin.py:137} INFO - [2023-04-16T21:46:56.911+0530] {dag.py:3452} INFO - Setting next_dagrun for Lead_scoring_inference_pipeline to 2023-04-16T15:00:00+00:00, run_after=2023-04-16T16:00:00+00:00
[2023-04-16T21:46:56.953+0530] {processor.py:175} INFO - Processing /home/nightfall/airflow/code/dags/Lead_scoring_inference_pipeline/lead_scoring_inference_pipeline.py took 0.584 seconds
[2023-04-16T21:47:35.842+0530] {processor.py:153} INFO - Started process (PID=39646) to work on /home/nightfall/airflow/code/dags/Lead_scoring_inference_pipeline/lead_scoring_inference_pipeline.py
[2023-04-16T21:47:35.843+0530] {processor.py:743} INFO - Processing file /home/nightfall/airflow/code/dags/Lead_scoring_inference_pipeline/lead_scoring_inference_pipeline.py for tasks to queue
[2023-04-16T21:47:35.844+0530] {logging_mixin.py:137} INFO - [2023-04-16T21:47:35.844+0530] {dagbag.py:532} INFO - Filling up the DagBag from /home/nightfall/airflow/code/dags/Lead_scoring_inference_pipeline/lead_scoring_inference_pipeline.py
[2023-04-16T21:47:36.203+0530] {logging_mixin.py:137} INFO - [2023-04-16T21:47:36.203+0530] {utils.py:148} INFO - Note: NumExpr detected 16 cores but "NUMEXPR_MAX_THREADS" not set, so enforcing safe limit of 8.
[2023-04-16T21:47:36.204+0530] {logging_mixin.py:137} INFO - [2023-04-16T21:47:36.203+0530] {utils.py:160} INFO - NumExpr defaulting to 8 threads.
[2023-04-16T21:47:36.351+0530] {processor.py:753} INFO - DAG(s) dict_keys(['Lead_scoring_inference_pipeline']) retrieved from /home/nightfall/airflow/code/dags/Lead_scoring_inference_pipeline/lead_scoring_inference_pipeline.py
[2023-04-16T21:47:36.359+0530] {logging_mixin.py:137} INFO - [2023-04-16T21:47:36.359+0530] {dag.py:2705} INFO - Sync 1 DAGs
[2023-04-16T21:47:36.369+0530] {logging_mixin.py:137} INFO - [2023-04-16T21:47:36.369+0530] {dag.py:3452} INFO - Setting next_dagrun for Lead_scoring_inference_pipeline to 2023-04-16T15:00:00+00:00, run_after=2023-04-16T16:00:00+00:00
[2023-04-16T21:47:36.388+0530] {processor.py:175} INFO - Processing /home/nightfall/airflow/code/dags/Lead_scoring_inference_pipeline/lead_scoring_inference_pipeline.py took 0.548 seconds
[2023-04-16T21:48:25.880+0530] {processor.py:153} INFO - Started process (PID=39814) to work on /home/nightfall/airflow/code/dags/Lead_scoring_inference_pipeline/lead_scoring_inference_pipeline.py
[2023-04-16T21:48:25.882+0530] {processor.py:743} INFO - Processing file /home/nightfall/airflow/code/dags/Lead_scoring_inference_pipeline/lead_scoring_inference_pipeline.py for tasks to queue
[2023-04-16T21:48:25.883+0530] {logging_mixin.py:137} INFO - [2023-04-16T21:48:25.883+0530] {dagbag.py:532} INFO - Filling up the DagBag from /home/nightfall/airflow/code/dags/Lead_scoring_inference_pipeline/lead_scoring_inference_pipeline.py
[2023-04-16T21:48:26.261+0530] {logging_mixin.py:137} INFO - [2023-04-16T21:48:26.261+0530] {utils.py:148} INFO - Note: NumExpr detected 16 cores but "NUMEXPR_MAX_THREADS" not set, so enforcing safe limit of 8.
[2023-04-16T21:48:26.261+0530] {logging_mixin.py:137} INFO - [2023-04-16T21:48:26.261+0530] {utils.py:160} INFO - NumExpr defaulting to 8 threads.
[2023-04-16T21:48:26.405+0530] {processor.py:753} INFO - DAG(s) dict_keys(['Lead_scoring_inference_pipeline']) retrieved from /home/nightfall/airflow/code/dags/Lead_scoring_inference_pipeline/lead_scoring_inference_pipeline.py
[2023-04-16T21:48:26.413+0530] {logging_mixin.py:137} INFO - [2023-04-16T21:48:26.413+0530] {dag.py:2705} INFO - Sync 1 DAGs
[2023-04-16T21:48:26.424+0530] {logging_mixin.py:137} INFO - [2023-04-16T21:48:26.424+0530] {dag.py:3452} INFO - Setting next_dagrun for Lead_scoring_inference_pipeline to 2023-04-16T16:00:00+00:00, run_after=2023-04-16T17:00:00+00:00
[2023-04-16T21:48:26.684+0530] {processor.py:175} INFO - Processing /home/nightfall/airflow/code/dags/Lead_scoring_inference_pipeline/lead_scoring_inference_pipeline.py took 0.805 seconds
[2023-04-16T21:49:05.607+0530] {processor.py:153} INFO - Started process (PID=39928) to work on /home/nightfall/airflow/code/dags/Lead_scoring_inference_pipeline/lead_scoring_inference_pipeline.py
[2023-04-16T21:49:05.608+0530] {processor.py:743} INFO - Processing file /home/nightfall/airflow/code/dags/Lead_scoring_inference_pipeline/lead_scoring_inference_pipeline.py for tasks to queue
[2023-04-16T21:49:05.609+0530] {logging_mixin.py:137} INFO - [2023-04-16T21:49:05.609+0530] {dagbag.py:532} INFO - Filling up the DagBag from /home/nightfall/airflow/code/dags/Lead_scoring_inference_pipeline/lead_scoring_inference_pipeline.py
[2023-04-16T21:49:05.961+0530] {logging_mixin.py:137} INFO - [2023-04-16T21:49:05.961+0530] {utils.py:148} INFO - Note: NumExpr detected 16 cores but "NUMEXPR_MAX_THREADS" not set, so enforcing safe limit of 8.
[2023-04-16T21:49:05.961+0530] {logging_mixin.py:137} INFO - [2023-04-16T21:49:05.961+0530] {utils.py:160} INFO - NumExpr defaulting to 8 threads.
[2023-04-16T21:49:06.096+0530] {processor.py:753} INFO - DAG(s) dict_keys(['Lead_scoring_inference_pipeline']) retrieved from /home/nightfall/airflow/code/dags/Lead_scoring_inference_pipeline/lead_scoring_inference_pipeline.py
[2023-04-16T21:49:06.103+0530] {logging_mixin.py:137} INFO - [2023-04-16T21:49:06.103+0530] {dag.py:2705} INFO - Sync 1 DAGs
[2023-04-16T21:49:06.113+0530] {logging_mixin.py:137} INFO - [2023-04-16T21:49:06.113+0530] {dag.py:3452} INFO - Setting next_dagrun for Lead_scoring_inference_pipeline to 2023-04-16T16:00:00+00:00, run_after=2023-04-16T17:00:00+00:00
[2023-04-16T21:49:07.059+0530] {processor.py:175} INFO - Processing /home/nightfall/airflow/code/dags/Lead_scoring_inference_pipeline/lead_scoring_inference_pipeline.py took 1.454 seconds
[2023-04-16T21:49:45.044+0530] {processor.py:153} INFO - Started process (PID=40062) to work on /home/nightfall/airflow/code/dags/Lead_scoring_inference_pipeline/lead_scoring_inference_pipeline.py
[2023-04-16T21:49:45.046+0530] {processor.py:743} INFO - Processing file /home/nightfall/airflow/code/dags/Lead_scoring_inference_pipeline/lead_scoring_inference_pipeline.py for tasks to queue
[2023-04-16T21:49:45.046+0530] {logging_mixin.py:137} INFO - [2023-04-16T21:49:45.046+0530] {dagbag.py:532} INFO - Filling up the DagBag from /home/nightfall/airflow/code/dags/Lead_scoring_inference_pipeline/lead_scoring_inference_pipeline.py
[2023-04-16T21:49:45.411+0530] {logging_mixin.py:137} INFO - [2023-04-16T21:49:45.411+0530] {utils.py:148} INFO - Note: NumExpr detected 16 cores but "NUMEXPR_MAX_THREADS" not set, so enforcing safe limit of 8.
[2023-04-16T21:49:45.411+0530] {logging_mixin.py:137} INFO - [2023-04-16T21:49:45.411+0530] {utils.py:160} INFO - NumExpr defaulting to 8 threads.
[2023-04-16T21:49:45.559+0530] {processor.py:753} INFO - DAG(s) dict_keys(['Lead_scoring_inference_pipeline']) retrieved from /home/nightfall/airflow/code/dags/Lead_scoring_inference_pipeline/lead_scoring_inference_pipeline.py
[2023-04-16T21:49:45.568+0530] {logging_mixin.py:137} INFO - [2023-04-16T21:49:45.568+0530] {dag.py:2705} INFO - Sync 1 DAGs
[2023-04-16T21:49:45.579+0530] {logging_mixin.py:137} INFO - [2023-04-16T21:49:45.579+0530] {dag.py:3452} INFO - Setting next_dagrun for Lead_scoring_inference_pipeline to 2023-04-16T16:00:00+00:00, run_after=2023-04-16T17:00:00+00:00
[2023-04-16T21:49:46.123+0530] {processor.py:175} INFO - Processing /home/nightfall/airflow/code/dags/Lead_scoring_inference_pipeline/lead_scoring_inference_pipeline.py took 1.081 seconds
[2023-04-16T21:50:21.556+0530] {processor.py:153} INFO - Started process (PID=40185) to work on /home/nightfall/airflow/code/dags/Lead_scoring_inference_pipeline/lead_scoring_inference_pipeline.py
[2023-04-16T21:50:21.563+0530] {processor.py:743} INFO - Processing file /home/nightfall/airflow/code/dags/Lead_scoring_inference_pipeline/lead_scoring_inference_pipeline.py for tasks to queue
[2023-04-16T21:50:21.564+0530] {logging_mixin.py:137} INFO - [2023-04-16T21:50:21.564+0530] {dagbag.py:532} INFO - Filling up the DagBag from /home/nightfall/airflow/code/dags/Lead_scoring_inference_pipeline/lead_scoring_inference_pipeline.py
[2023-04-16T21:50:21.925+0530] {logging_mixin.py:137} INFO - [2023-04-16T21:50:21.925+0530] {utils.py:148} INFO - Note: NumExpr detected 16 cores but "NUMEXPR_MAX_THREADS" not set, so enforcing safe limit of 8.
[2023-04-16T21:50:21.926+0530] {logging_mixin.py:137} INFO - [2023-04-16T21:50:21.926+0530] {utils.py:160} INFO - NumExpr defaulting to 8 threads.
[2023-04-16T21:50:22.060+0530] {processor.py:753} INFO - DAG(s) dict_keys(['Lead_scoring_inference_pipeline']) retrieved from /home/nightfall/airflow/code/dags/Lead_scoring_inference_pipeline/lead_scoring_inference_pipeline.py
[2023-04-16T21:50:22.068+0530] {logging_mixin.py:137} INFO - [2023-04-16T21:50:22.068+0530] {dag.py:2705} INFO - Sync 1 DAGs
[2023-04-16T21:50:22.078+0530] {logging_mixin.py:137} INFO - [2023-04-16T21:50:22.078+0530] {dag.py:3452} INFO - Setting next_dagrun for Lead_scoring_inference_pipeline to 2023-04-16T16:00:00+00:00, run_after=2023-04-16T17:00:00+00:00
[2023-04-16T21:50:22.726+0530] {processor.py:175} INFO - Processing /home/nightfall/airflow/code/dags/Lead_scoring_inference_pipeline/lead_scoring_inference_pipeline.py took 1.172 seconds
[2023-04-16T21:50:58.396+0530] {processor.py:153} INFO - Started process (PID=40315) to work on /home/nightfall/airflow/code/dags/Lead_scoring_inference_pipeline/lead_scoring_inference_pipeline.py
[2023-04-16T21:50:58.398+0530] {processor.py:743} INFO - Processing file /home/nightfall/airflow/code/dags/Lead_scoring_inference_pipeline/lead_scoring_inference_pipeline.py for tasks to queue
[2023-04-16T21:50:58.399+0530] {logging_mixin.py:137} INFO - [2023-04-16T21:50:58.398+0530] {dagbag.py:532} INFO - Filling up the DagBag from /home/nightfall/airflow/code/dags/Lead_scoring_inference_pipeline/lead_scoring_inference_pipeline.py
[2023-04-16T21:50:58.757+0530] {logging_mixin.py:137} INFO - [2023-04-16T21:50:58.757+0530] {utils.py:148} INFO - Note: NumExpr detected 16 cores but "NUMEXPR_MAX_THREADS" not set, so enforcing safe limit of 8.
[2023-04-16T21:50:58.757+0530] {logging_mixin.py:137} INFO - [2023-04-16T21:50:58.757+0530] {utils.py:160} INFO - NumExpr defaulting to 8 threads.
[2023-04-16T21:50:58.895+0530] {processor.py:753} INFO - DAG(s) dict_keys(['Lead_scoring_inference_pipeline']) retrieved from /home/nightfall/airflow/code/dags/Lead_scoring_inference_pipeline/lead_scoring_inference_pipeline.py
[2023-04-16T21:50:58.903+0530] {logging_mixin.py:137} INFO - [2023-04-16T21:50:58.903+0530] {dag.py:2705} INFO - Sync 1 DAGs
[2023-04-16T21:50:58.913+0530] {logging_mixin.py:137} INFO - [2023-04-16T21:50:58.913+0530] {dag.py:3452} INFO - Setting next_dagrun for Lead_scoring_inference_pipeline to 2023-04-16T16:00:00+00:00, run_after=2023-04-16T17:00:00+00:00
[2023-04-16T21:50:58.965+0530] {processor.py:175} INFO - Processing /home/nightfall/airflow/code/dags/Lead_scoring_inference_pipeline/lead_scoring_inference_pipeline.py took 0.571 seconds
[2023-04-16T21:51:39.502+0530] {processor.py:153} INFO - Started process (PID=40453) to work on /home/nightfall/airflow/code/dags/Lead_scoring_inference_pipeline/lead_scoring_inference_pipeline.py
[2023-04-16T21:51:39.503+0530] {processor.py:743} INFO - Processing file /home/nightfall/airflow/code/dags/Lead_scoring_inference_pipeline/lead_scoring_inference_pipeline.py for tasks to queue
[2023-04-16T21:51:39.504+0530] {logging_mixin.py:137} INFO - [2023-04-16T21:51:39.504+0530] {dagbag.py:532} INFO - Filling up the DagBag from /home/nightfall/airflow/code/dags/Lead_scoring_inference_pipeline/lead_scoring_inference_pipeline.py
[2023-04-16T21:51:39.867+0530] {logging_mixin.py:137} INFO - [2023-04-16T21:51:39.866+0530] {utils.py:148} INFO - Note: NumExpr detected 16 cores but "NUMEXPR_MAX_THREADS" not set, so enforcing safe limit of 8.
[2023-04-16T21:51:39.867+0530] {logging_mixin.py:137} INFO - [2023-04-16T21:51:39.867+0530] {utils.py:160} INFO - NumExpr defaulting to 8 threads.
[2023-04-16T21:51:40.007+0530] {processor.py:753} INFO - DAG(s) dict_keys(['Lead_scoring_inference_pipeline']) retrieved from /home/nightfall/airflow/code/dags/Lead_scoring_inference_pipeline/lead_scoring_inference_pipeline.py
[2023-04-16T21:51:40.015+0530] {logging_mixin.py:137} INFO - [2023-04-16T21:51:40.015+0530] {dag.py:2705} INFO - Sync 1 DAGs
[2023-04-16T21:51:40.025+0530] {logging_mixin.py:137} INFO - [2023-04-16T21:51:40.025+0530] {dag.py:3452} INFO - Setting next_dagrun for Lead_scoring_inference_pipeline to 2023-04-16T16:00:00+00:00, run_after=2023-04-16T17:00:00+00:00
[2023-04-16T21:51:40.043+0530] {processor.py:175} INFO - Processing /home/nightfall/airflow/code/dags/Lead_scoring_inference_pipeline/lead_scoring_inference_pipeline.py took 0.543 seconds
[2023-04-16T21:52:20.072+0530] {processor.py:153} INFO - Started process (PID=40599) to work on /home/nightfall/airflow/code/dags/Lead_scoring_inference_pipeline/lead_scoring_inference_pipeline.py
[2023-04-16T21:52:20.073+0530] {processor.py:743} INFO - Processing file /home/nightfall/airflow/code/dags/Lead_scoring_inference_pipeline/lead_scoring_inference_pipeline.py for tasks to queue
[2023-04-16T21:52:20.074+0530] {logging_mixin.py:137} INFO - [2023-04-16T21:52:20.074+0530] {dagbag.py:532} INFO - Filling up the DagBag from /home/nightfall/airflow/code/dags/Lead_scoring_inference_pipeline/lead_scoring_inference_pipeline.py
[2023-04-16T21:52:20.424+0530] {logging_mixin.py:137} INFO - [2023-04-16T21:52:20.424+0530] {utils.py:148} INFO - Note: NumExpr detected 16 cores but "NUMEXPR_MAX_THREADS" not set, so enforcing safe limit of 8.
[2023-04-16T21:52:20.424+0530] {logging_mixin.py:137} INFO - [2023-04-16T21:52:20.424+0530] {utils.py:160} INFO - NumExpr defaulting to 8 threads.
[2023-04-16T21:52:20.565+0530] {processor.py:753} INFO - DAG(s) dict_keys(['Lead_scoring_inference_pipeline']) retrieved from /home/nightfall/airflow/code/dags/Lead_scoring_inference_pipeline/lead_scoring_inference_pipeline.py
[2023-04-16T21:52:20.573+0530] {logging_mixin.py:137} INFO - [2023-04-16T21:52:20.573+0530] {dag.py:2705} INFO - Sync 1 DAGs
[2023-04-16T21:52:20.583+0530] {logging_mixin.py:137} INFO - [2023-04-16T21:52:20.583+0530] {dag.py:3452} INFO - Setting next_dagrun for Lead_scoring_inference_pipeline to 2023-04-16T16:00:00+00:00, run_after=2023-04-16T17:00:00+00:00
[2023-04-16T21:52:21.453+0530] {processor.py:175} INFO - Processing /home/nightfall/airflow/code/dags/Lead_scoring_inference_pipeline/lead_scoring_inference_pipeline.py took 1.383 seconds
[2023-04-16T21:52:58.621+0530] {processor.py:153} INFO - Started process (PID=40733) to work on /home/nightfall/airflow/code/dags/Lead_scoring_inference_pipeline/lead_scoring_inference_pipeline.py
[2023-04-16T21:52:58.622+0530] {processor.py:743} INFO - Processing file /home/nightfall/airflow/code/dags/Lead_scoring_inference_pipeline/lead_scoring_inference_pipeline.py for tasks to queue
[2023-04-16T21:52:58.623+0530] {logging_mixin.py:137} INFO - [2023-04-16T21:52:58.623+0530] {dagbag.py:532} INFO - Filling up the DagBag from /home/nightfall/airflow/code/dags/Lead_scoring_inference_pipeline/lead_scoring_inference_pipeline.py
[2023-04-16T21:52:58.994+0530] {logging_mixin.py:137} INFO - [2023-04-16T21:52:58.994+0530] {utils.py:148} INFO - Note: NumExpr detected 16 cores but "NUMEXPR_MAX_THREADS" not set, so enforcing safe limit of 8.
[2023-04-16T21:52:58.994+0530] {logging_mixin.py:137} INFO - [2023-04-16T21:52:58.994+0530] {utils.py:160} INFO - NumExpr defaulting to 8 threads.
[2023-04-16T21:52:59.141+0530] {processor.py:753} INFO - DAG(s) dict_keys(['Lead_scoring_inference_pipeline']) retrieved from /home/nightfall/airflow/code/dags/Lead_scoring_inference_pipeline/lead_scoring_inference_pipeline.py
[2023-04-16T21:52:59.253+0530] {logging_mixin.py:137} INFO - [2023-04-16T21:52:59.253+0530] {dag.py:2705} INFO - Sync 1 DAGs
[2023-04-16T21:52:59.264+0530] {logging_mixin.py:137} INFO - [2023-04-16T21:52:59.264+0530] {dag.py:3452} INFO - Setting next_dagrun for Lead_scoring_inference_pipeline to 2023-04-16T16:00:00+00:00, run_after=2023-04-16T17:00:00+00:00
[2023-04-16T21:52:59.297+0530] {processor.py:175} INFO - Processing /home/nightfall/airflow/code/dags/Lead_scoring_inference_pipeline/lead_scoring_inference_pipeline.py took 0.678 seconds
[2023-04-16T21:53:36.450+0530] {processor.py:153} INFO - Started process (PID=40890) to work on /home/nightfall/airflow/code/dags/Lead_scoring_inference_pipeline/lead_scoring_inference_pipeline.py
[2023-04-16T21:53:36.451+0530] {processor.py:743} INFO - Processing file /home/nightfall/airflow/code/dags/Lead_scoring_inference_pipeline/lead_scoring_inference_pipeline.py for tasks to queue
[2023-04-16T21:53:36.451+0530] {logging_mixin.py:137} INFO - [2023-04-16T21:53:36.451+0530] {dagbag.py:532} INFO - Filling up the DagBag from /home/nightfall/airflow/code/dags/Lead_scoring_inference_pipeline/lead_scoring_inference_pipeline.py
[2023-04-16T21:53:36.810+0530] {logging_mixin.py:137} INFO - [2023-04-16T21:53:36.810+0530] {utils.py:148} INFO - Note: NumExpr detected 16 cores but "NUMEXPR_MAX_THREADS" not set, so enforcing safe limit of 8.
[2023-04-16T21:53:36.810+0530] {logging_mixin.py:137} INFO - [2023-04-16T21:53:36.810+0530] {utils.py:160} INFO - NumExpr defaulting to 8 threads.
[2023-04-16T21:53:36.956+0530] {processor.py:753} INFO - DAG(s) dict_keys(['Lead_scoring_inference_pipeline']) retrieved from /home/nightfall/airflow/code/dags/Lead_scoring_inference_pipeline/lead_scoring_inference_pipeline.py
[2023-04-16T21:53:36.965+0530] {logging_mixin.py:137} INFO - [2023-04-16T21:53:36.964+0530] {dag.py:2705} INFO - Sync 1 DAGs
[2023-04-16T21:53:36.975+0530] {logging_mixin.py:137} INFO - [2023-04-16T21:53:36.975+0530] {dag.py:3452} INFO - Setting next_dagrun for Lead_scoring_inference_pipeline to 2023-04-16T16:00:00+00:00, run_after=2023-04-16T17:00:00+00:00
[2023-04-16T21:53:36.994+0530] {processor.py:175} INFO - Processing /home/nightfall/airflow/code/dags/Lead_scoring_inference_pipeline/lead_scoring_inference_pipeline.py took 0.546 seconds
[2023-04-16T21:54:19.661+0530] {processor.py:153} INFO - Started process (PID=41071) to work on /home/nightfall/airflow/code/dags/Lead_scoring_inference_pipeline/lead_scoring_inference_pipeline.py
[2023-04-16T21:54:19.662+0530] {processor.py:743} INFO - Processing file /home/nightfall/airflow/code/dags/Lead_scoring_inference_pipeline/lead_scoring_inference_pipeline.py for tasks to queue
[2023-04-16T21:54:19.663+0530] {logging_mixin.py:137} INFO - [2023-04-16T21:54:19.663+0530] {dagbag.py:532} INFO - Filling up the DagBag from /home/nightfall/airflow/code/dags/Lead_scoring_inference_pipeline/lead_scoring_inference_pipeline.py
[2023-04-16T21:54:20.002+0530] {logging_mixin.py:137} INFO - [2023-04-16T21:54:20.002+0530] {utils.py:148} INFO - Note: NumExpr detected 16 cores but "NUMEXPR_MAX_THREADS" not set, so enforcing safe limit of 8.
[2023-04-16T21:54:20.002+0530] {logging_mixin.py:137} INFO - [2023-04-16T21:54:20.002+0530] {utils.py:160} INFO - NumExpr defaulting to 8 threads.
[2023-04-16T21:54:20.141+0530] {processor.py:753} INFO - DAG(s) dict_keys(['Lead_scoring_inference_pipeline']) retrieved from /home/nightfall/airflow/code/dags/Lead_scoring_inference_pipeline/lead_scoring_inference_pipeline.py
[2023-04-16T21:54:20.149+0530] {logging_mixin.py:137} INFO - [2023-04-16T21:54:20.149+0530] {dag.py:2705} INFO - Sync 1 DAGs
[2023-04-16T21:54:20.159+0530] {logging_mixin.py:137} INFO - [2023-04-16T21:54:20.159+0530] {dag.py:3452} INFO - Setting next_dagrun for Lead_scoring_inference_pipeline to 2023-04-16T16:00:00+00:00, run_after=2023-04-16T17:00:00+00:00
[2023-04-16T21:54:20.177+0530] {processor.py:175} INFO - Processing /home/nightfall/airflow/code/dags/Lead_scoring_inference_pipeline/lead_scoring_inference_pipeline.py took 0.517 seconds
[2023-04-16T21:54:54.785+0530] {processor.py:153} INFO - Started process (PID=41189) to work on /home/nightfall/airflow/code/dags/Lead_scoring_inference_pipeline/lead_scoring_inference_pipeline.py
[2023-04-16T21:54:54.787+0530] {processor.py:743} INFO - Processing file /home/nightfall/airflow/code/dags/Lead_scoring_inference_pipeline/lead_scoring_inference_pipeline.py for tasks to queue
[2023-04-16T21:54:54.787+0530] {logging_mixin.py:137} INFO - [2023-04-16T21:54:54.787+0530] {dagbag.py:532} INFO - Filling up the DagBag from /home/nightfall/airflow/code/dags/Lead_scoring_inference_pipeline/lead_scoring_inference_pipeline.py
[2023-04-16T21:54:55.137+0530] {logging_mixin.py:137} INFO - [2023-04-16T21:54:55.137+0530] {utils.py:148} INFO - Note: NumExpr detected 16 cores but "NUMEXPR_MAX_THREADS" not set, so enforcing safe limit of 8.
[2023-04-16T21:54:55.137+0530] {logging_mixin.py:137} INFO - [2023-04-16T21:54:55.137+0530] {utils.py:160} INFO - NumExpr defaulting to 8 threads.
[2023-04-16T21:54:55.276+0530] {processor.py:753} INFO - DAG(s) dict_keys(['Lead_scoring_inference_pipeline']) retrieved from /home/nightfall/airflow/code/dags/Lead_scoring_inference_pipeline/lead_scoring_inference_pipeline.py
[2023-04-16T21:54:55.285+0530] {logging_mixin.py:137} INFO - [2023-04-16T21:54:55.285+0530] {dag.py:2705} INFO - Sync 1 DAGs
[2023-04-16T21:54:55.295+0530] {logging_mixin.py:137} INFO - [2023-04-16T21:54:55.295+0530] {dag.py:3452} INFO - Setting next_dagrun for Lead_scoring_inference_pipeline to 2023-04-16T16:00:00+00:00, run_after=2023-04-16T17:00:00+00:00
[2023-04-16T21:54:55.313+0530] {processor.py:175} INFO - Processing /home/nightfall/airflow/code/dags/Lead_scoring_inference_pipeline/lead_scoring_inference_pipeline.py took 0.529 seconds
[2023-04-16T21:55:35.300+0530] {processor.py:153} INFO - Started process (PID=41336) to work on /home/nightfall/airflow/code/dags/Lead_scoring_inference_pipeline/lead_scoring_inference_pipeline.py
[2023-04-16T21:55:35.302+0530] {processor.py:743} INFO - Processing file /home/nightfall/airflow/code/dags/Lead_scoring_inference_pipeline/lead_scoring_inference_pipeline.py for tasks to queue
[2023-04-16T21:55:35.302+0530] {logging_mixin.py:137} INFO - [2023-04-16T21:55:35.302+0530] {dagbag.py:532} INFO - Filling up the DagBag from /home/nightfall/airflow/code/dags/Lead_scoring_inference_pipeline/lead_scoring_inference_pipeline.py
[2023-04-16T21:55:35.684+0530] {logging_mixin.py:137} INFO - [2023-04-16T21:55:35.683+0530] {utils.py:148} INFO - Note: NumExpr detected 16 cores but "NUMEXPR_MAX_THREADS" not set, so enforcing safe limit of 8.
[2023-04-16T21:55:35.684+0530] {logging_mixin.py:137} INFO - [2023-04-16T21:55:35.684+0530] {utils.py:160} INFO - NumExpr defaulting to 8 threads.
[2023-04-16T21:55:35.828+0530] {processor.py:753} INFO - DAG(s) dict_keys(['Lead_scoring_inference_pipeline']) retrieved from /home/nightfall/airflow/code/dags/Lead_scoring_inference_pipeline/lead_scoring_inference_pipeline.py
[2023-04-16T21:55:35.837+0530] {logging_mixin.py:137} INFO - [2023-04-16T21:55:35.837+0530] {dag.py:2705} INFO - Sync 1 DAGs
[2023-04-16T21:55:35.847+0530] {logging_mixin.py:137} INFO - [2023-04-16T21:55:35.847+0530] {dag.py:3452} INFO - Setting next_dagrun for Lead_scoring_inference_pipeline to 2023-04-16T16:00:00+00:00, run_after=2023-04-16T17:00:00+00:00
[2023-04-16T21:55:36.153+0530] {processor.py:175} INFO - Processing /home/nightfall/airflow/code/dags/Lead_scoring_inference_pipeline/lead_scoring_inference_pipeline.py took 0.854 seconds
[2023-04-16T21:56:13.640+0530] {processor.py:153} INFO - Started process (PID=41461) to work on /home/nightfall/airflow/code/dags/Lead_scoring_inference_pipeline/lead_scoring_inference_pipeline.py
[2023-04-16T21:56:13.642+0530] {processor.py:743} INFO - Processing file /home/nightfall/airflow/code/dags/Lead_scoring_inference_pipeline/lead_scoring_inference_pipeline.py for tasks to queue
[2023-04-16T21:56:13.642+0530] {logging_mixin.py:137} INFO - [2023-04-16T21:56:13.642+0530] {dagbag.py:532} INFO - Filling up the DagBag from /home/nightfall/airflow/code/dags/Lead_scoring_inference_pipeline/lead_scoring_inference_pipeline.py
[2023-04-16T21:56:14.014+0530] {logging_mixin.py:137} INFO - [2023-04-16T21:56:14.014+0530] {utils.py:148} INFO - Note: NumExpr detected 16 cores but "NUMEXPR_MAX_THREADS" not set, so enforcing safe limit of 8.
[2023-04-16T21:56:14.014+0530] {logging_mixin.py:137} INFO - [2023-04-16T21:56:14.014+0530] {utils.py:160} INFO - NumExpr defaulting to 8 threads.
[2023-04-16T21:56:14.152+0530] {processor.py:753} INFO - DAG(s) dict_keys(['Lead_scoring_inference_pipeline']) retrieved from /home/nightfall/airflow/code/dags/Lead_scoring_inference_pipeline/lead_scoring_inference_pipeline.py
[2023-04-16T21:56:14.159+0530] {logging_mixin.py:137} INFO - [2023-04-16T21:56:14.159+0530] {dag.py:2705} INFO - Sync 1 DAGs
[2023-04-16T21:56:14.169+0530] {logging_mixin.py:137} INFO - [2023-04-16T21:56:14.169+0530] {dag.py:3452} INFO - Setting next_dagrun for Lead_scoring_inference_pipeline to 2023-04-16T16:00:00+00:00, run_after=2023-04-16T17:00:00+00:00
[2023-04-16T21:56:14.188+0530] {processor.py:175} INFO - Processing /home/nightfall/airflow/code/dags/Lead_scoring_inference_pipeline/lead_scoring_inference_pipeline.py took 0.550 seconds
[2023-04-16T21:56:51.725+0530] {processor.py:153} INFO - Started process (PID=41582) to work on /home/nightfall/airflow/code/dags/Lead_scoring_inference_pipeline/lead_scoring_inference_pipeline.py
[2023-04-16T21:56:51.727+0530] {processor.py:743} INFO - Processing file /home/nightfall/airflow/code/dags/Lead_scoring_inference_pipeline/lead_scoring_inference_pipeline.py for tasks to queue
[2023-04-16T21:56:51.727+0530] {logging_mixin.py:137} INFO - [2023-04-16T21:56:51.727+0530] {dagbag.py:532} INFO - Filling up the DagBag from /home/nightfall/airflow/code/dags/Lead_scoring_inference_pipeline/lead_scoring_inference_pipeline.py
[2023-04-16T21:56:52.083+0530] {logging_mixin.py:137} INFO - [2023-04-16T21:56:52.083+0530] {utils.py:148} INFO - Note: NumExpr detected 16 cores but "NUMEXPR_MAX_THREADS" not set, so enforcing safe limit of 8.
[2023-04-16T21:56:52.083+0530] {logging_mixin.py:137} INFO - [2023-04-16T21:56:52.083+0530] {utils.py:160} INFO - NumExpr defaulting to 8 threads.
[2023-04-16T21:56:52.224+0530] {processor.py:753} INFO - DAG(s) dict_keys(['Lead_scoring_inference_pipeline']) retrieved from /home/nightfall/airflow/code/dags/Lead_scoring_inference_pipeline/lead_scoring_inference_pipeline.py
[2023-04-16T21:56:52.232+0530] {logging_mixin.py:137} INFO - [2023-04-16T21:56:52.232+0530] {dag.py:2705} INFO - Sync 1 DAGs
[2023-04-16T21:56:52.243+0530] {logging_mixin.py:137} INFO - [2023-04-16T21:56:52.243+0530] {dag.py:3452} INFO - Setting next_dagrun for Lead_scoring_inference_pipeline to 2023-04-16T16:00:00+00:00, run_after=2023-04-16T17:00:00+00:00
[2023-04-16T21:56:52.403+0530] {processor.py:175} INFO - Processing /home/nightfall/airflow/code/dags/Lead_scoring_inference_pipeline/lead_scoring_inference_pipeline.py took 0.679 seconds
[2023-04-16T21:57:39.892+0530] {processor.py:153} INFO - Started process (PID=41844) to work on /home/nightfall/airflow/code/dags/Lead_scoring_inference_pipeline/lead_scoring_inference_pipeline.py
[2023-04-16T21:57:39.908+0530] {processor.py:743} INFO - Processing file /home/nightfall/airflow/code/dags/Lead_scoring_inference_pipeline/lead_scoring_inference_pipeline.py for tasks to queue
[2023-04-16T21:57:39.908+0530] {logging_mixin.py:137} INFO - [2023-04-16T21:57:39.908+0530] {dagbag.py:532} INFO - Filling up the DagBag from /home/nightfall/airflow/code/dags/Lead_scoring_inference_pipeline/lead_scoring_inference_pipeline.py
[2023-04-16T21:57:40.284+0530] {logging_mixin.py:137} INFO - [2023-04-16T21:57:40.284+0530] {utils.py:148} INFO - Note: NumExpr detected 16 cores but "NUMEXPR_MAX_THREADS" not set, so enforcing safe limit of 8.
[2023-04-16T21:57:40.284+0530] {logging_mixin.py:137} INFO - [2023-04-16T21:57:40.284+0530] {utils.py:160} INFO - NumExpr defaulting to 8 threads.
[2023-04-16T21:57:40.425+0530] {processor.py:753} INFO - DAG(s) dict_keys(['Lead_scoring_inference_pipeline']) retrieved from /home/nightfall/airflow/code/dags/Lead_scoring_inference_pipeline/lead_scoring_inference_pipeline.py
[2023-04-16T21:57:40.433+0530] {logging_mixin.py:137} INFO - [2023-04-16T21:57:40.433+0530] {dag.py:2705} INFO - Sync 1 DAGs
[2023-04-16T21:57:40.444+0530] {logging_mixin.py:137} INFO - [2023-04-16T21:57:40.443+0530] {dag.py:3452} INFO - Setting next_dagrun for Lead_scoring_inference_pipeline to 2023-04-16T16:00:00+00:00, run_after=2023-04-16T17:00:00+00:00
[2023-04-16T21:57:41.048+0530] {processor.py:175} INFO - Processing /home/nightfall/airflow/code/dags/Lead_scoring_inference_pipeline/lead_scoring_inference_pipeline.py took 1.158 seconds
[2023-04-16T21:58:17.989+0530] {processor.py:153} INFO - Started process (PID=41964) to work on /home/nightfall/airflow/code/dags/Lead_scoring_inference_pipeline/lead_scoring_inference_pipeline.py
[2023-04-16T21:58:17.992+0530] {processor.py:743} INFO - Processing file /home/nightfall/airflow/code/dags/Lead_scoring_inference_pipeline/lead_scoring_inference_pipeline.py for tasks to queue
[2023-04-16T21:58:17.993+0530] {logging_mixin.py:137} INFO - [2023-04-16T21:58:17.993+0530] {dagbag.py:532} INFO - Filling up the DagBag from /home/nightfall/airflow/code/dags/Lead_scoring_inference_pipeline/lead_scoring_inference_pipeline.py
[2023-04-16T21:58:18.360+0530] {logging_mixin.py:137} INFO - [2023-04-16T21:58:18.360+0530] {utils.py:148} INFO - Note: NumExpr detected 16 cores but "NUMEXPR_MAX_THREADS" not set, so enforcing safe limit of 8.
[2023-04-16T21:58:18.360+0530] {logging_mixin.py:137} INFO - [2023-04-16T21:58:18.360+0530] {utils.py:160} INFO - NumExpr defaulting to 8 threads.
[2023-04-16T21:58:18.502+0530] {processor.py:753} INFO - DAG(s) dict_keys(['Lead_scoring_inference_pipeline']) retrieved from /home/nightfall/airflow/code/dags/Lead_scoring_inference_pipeline/lead_scoring_inference_pipeline.py
[2023-04-16T21:58:18.510+0530] {logging_mixin.py:137} INFO - [2023-04-16T21:58:18.510+0530] {dag.py:2705} INFO - Sync 1 DAGs
[2023-04-16T21:58:18.521+0530] {logging_mixin.py:137} INFO - [2023-04-16T21:58:18.521+0530] {dag.py:3452} INFO - Setting next_dagrun for Lead_scoring_inference_pipeline to 2023-04-16T16:00:00+00:00, run_after=2023-04-16T17:00:00+00:00
[2023-04-16T21:58:19.392+0530] {processor.py:175} INFO - Processing /home/nightfall/airflow/code/dags/Lead_scoring_inference_pipeline/lead_scoring_inference_pipeline.py took 1.405 seconds
[2023-04-16T21:58:54.729+0530] {processor.py:153} INFO - Started process (PID=42119) to work on /home/nightfall/airflow/code/dags/Lead_scoring_inference_pipeline/lead_scoring_inference_pipeline.py
[2023-04-16T21:58:54.731+0530] {processor.py:743} INFO - Processing file /home/nightfall/airflow/code/dags/Lead_scoring_inference_pipeline/lead_scoring_inference_pipeline.py for tasks to queue
[2023-04-16T21:58:54.732+0530] {logging_mixin.py:137} INFO - [2023-04-16T21:58:54.732+0530] {dagbag.py:532} INFO - Filling up the DagBag from /home/nightfall/airflow/code/dags/Lead_scoring_inference_pipeline/lead_scoring_inference_pipeline.py
[2023-04-16T21:58:55.107+0530] {logging_mixin.py:137} INFO - [2023-04-16T21:58:55.107+0530] {utils.py:148} INFO - Note: NumExpr detected 16 cores but "NUMEXPR_MAX_THREADS" not set, so enforcing safe limit of 8.
[2023-04-16T21:58:55.107+0530] {logging_mixin.py:137} INFO - [2023-04-16T21:58:55.107+0530] {utils.py:160} INFO - NumExpr defaulting to 8 threads.
[2023-04-16T21:58:55.249+0530] {processor.py:753} INFO - DAG(s) dict_keys(['Lead_scoring_inference_pipeline']) retrieved from /home/nightfall/airflow/code/dags/Lead_scoring_inference_pipeline/lead_scoring_inference_pipeline.py
[2023-04-16T21:58:55.258+0530] {logging_mixin.py:137} INFO - [2023-04-16T21:58:55.258+0530] {dag.py:2705} INFO - Sync 1 DAGs
[2023-04-16T21:58:55.268+0530] {logging_mixin.py:137} INFO - [2023-04-16T21:58:55.268+0530] {dag.py:3452} INFO - Setting next_dagrun for Lead_scoring_inference_pipeline to 2023-04-16T16:00:00+00:00, run_after=2023-04-16T17:00:00+00:00
[2023-04-16T21:58:55.297+0530] {processor.py:175} INFO - Processing /home/nightfall/airflow/code/dags/Lead_scoring_inference_pipeline/lead_scoring_inference_pipeline.py took 0.570 seconds
[2023-04-16T21:59:33.576+0530] {processor.py:153} INFO - Started process (PID=42272) to work on /home/nightfall/airflow/code/dags/Lead_scoring_inference_pipeline/lead_scoring_inference_pipeline.py
[2023-04-16T21:59:33.578+0530] {processor.py:743} INFO - Processing file /home/nightfall/airflow/code/dags/Lead_scoring_inference_pipeline/lead_scoring_inference_pipeline.py for tasks to queue
[2023-04-16T21:59:33.578+0530] {logging_mixin.py:137} INFO - [2023-04-16T21:59:33.578+0530] {dagbag.py:532} INFO - Filling up the DagBag from /home/nightfall/airflow/code/dags/Lead_scoring_inference_pipeline/lead_scoring_inference_pipeline.py
[2023-04-16T21:59:33.937+0530] {logging_mixin.py:137} INFO - [2023-04-16T21:59:33.937+0530] {utils.py:148} INFO - Note: NumExpr detected 16 cores but "NUMEXPR_MAX_THREADS" not set, so enforcing safe limit of 8.
[2023-04-16T21:59:33.937+0530] {logging_mixin.py:137} INFO - [2023-04-16T21:59:33.937+0530] {utils.py:160} INFO - NumExpr defaulting to 8 threads.
[2023-04-16T21:59:34.077+0530] {processor.py:753} INFO - DAG(s) dict_keys(['Lead_scoring_inference_pipeline']) retrieved from /home/nightfall/airflow/code/dags/Lead_scoring_inference_pipeline/lead_scoring_inference_pipeline.py
[2023-04-16T21:59:34.086+0530] {logging_mixin.py:137} INFO - [2023-04-16T21:59:34.086+0530] {dag.py:2705} INFO - Sync 1 DAGs
[2023-04-16T21:59:34.096+0530] {logging_mixin.py:137} INFO - [2023-04-16T21:59:34.096+0530] {dag.py:3452} INFO - Setting next_dagrun for Lead_scoring_inference_pipeline to 2023-04-16T16:00:00+00:00, run_after=2023-04-16T17:00:00+00:00
[2023-04-16T21:59:34.113+0530] {processor.py:175} INFO - Processing /home/nightfall/airflow/code/dags/Lead_scoring_inference_pipeline/lead_scoring_inference_pipeline.py took 0.539 seconds
[2023-04-16T22:00:12.366+0530] {processor.py:153} INFO - Started process (PID=42390) to work on /home/nightfall/airflow/code/dags/Lead_scoring_inference_pipeline/lead_scoring_inference_pipeline.py
[2023-04-16T22:00:12.367+0530] {processor.py:743} INFO - Processing file /home/nightfall/airflow/code/dags/Lead_scoring_inference_pipeline/lead_scoring_inference_pipeline.py for tasks to queue
[2023-04-16T22:00:12.368+0530] {logging_mixin.py:137} INFO - [2023-04-16T22:00:12.368+0530] {dagbag.py:532} INFO - Filling up the DagBag from /home/nightfall/airflow/code/dags/Lead_scoring_inference_pipeline/lead_scoring_inference_pipeline.py
[2023-04-16T22:00:12.742+0530] {logging_mixin.py:137} INFO - [2023-04-16T22:00:12.742+0530] {utils.py:148} INFO - Note: NumExpr detected 16 cores but "NUMEXPR_MAX_THREADS" not set, so enforcing safe limit of 8.
[2023-04-16T22:00:12.742+0530] {logging_mixin.py:137} INFO - [2023-04-16T22:00:12.742+0530] {utils.py:160} INFO - NumExpr defaulting to 8 threads.
[2023-04-16T22:00:12.887+0530] {processor.py:753} INFO - DAG(s) dict_keys(['Lead_scoring_inference_pipeline']) retrieved from /home/nightfall/airflow/code/dags/Lead_scoring_inference_pipeline/lead_scoring_inference_pipeline.py
[2023-04-16T22:00:12.896+0530] {logging_mixin.py:137} INFO - [2023-04-16T22:00:12.895+0530] {dag.py:2705} INFO - Sync 1 DAGs
[2023-04-16T22:00:12.906+0530] {logging_mixin.py:137} INFO - [2023-04-16T22:00:12.906+0530] {dag.py:3452} INFO - Setting next_dagrun for Lead_scoring_inference_pipeline to 2023-04-16T16:00:00+00:00, run_after=2023-04-16T17:00:00+00:00
[2023-04-16T22:00:12.925+0530] {processor.py:175} INFO - Processing /home/nightfall/airflow/code/dags/Lead_scoring_inference_pipeline/lead_scoring_inference_pipeline.py took 0.561 seconds
[2023-04-16T22:01:05.045+0530] {processor.py:153} INFO - Started process (PID=42564) to work on /home/nightfall/airflow/code/dags/Lead_scoring_inference_pipeline/lead_scoring_inference_pipeline.py
[2023-04-16T22:01:05.047+0530] {processor.py:743} INFO - Processing file /home/nightfall/airflow/code/dags/Lead_scoring_inference_pipeline/lead_scoring_inference_pipeline.py for tasks to queue
[2023-04-16T22:01:05.047+0530] {logging_mixin.py:137} INFO - [2023-04-16T22:01:05.047+0530] {dagbag.py:532} INFO - Filling up the DagBag from /home/nightfall/airflow/code/dags/Lead_scoring_inference_pipeline/lead_scoring_inference_pipeline.py
[2023-04-16T22:01:05.411+0530] {logging_mixin.py:137} INFO - [2023-04-16T22:01:05.410+0530] {utils.py:148} INFO - Note: NumExpr detected 16 cores but "NUMEXPR_MAX_THREADS" not set, so enforcing safe limit of 8.
[2023-04-16T22:01:05.411+0530] {logging_mixin.py:137} INFO - [2023-04-16T22:01:05.411+0530] {utils.py:160} INFO - NumExpr defaulting to 8 threads.
[2023-04-16T22:01:05.551+0530] {processor.py:753} INFO - DAG(s) dict_keys(['Lead_scoring_inference_pipeline']) retrieved from /home/nightfall/airflow/code/dags/Lead_scoring_inference_pipeline/lead_scoring_inference_pipeline.py
[2023-04-16T22:01:05.559+0530] {logging_mixin.py:137} INFO - [2023-04-16T22:01:05.559+0530] {dag.py:2705} INFO - Sync 1 DAGs
[2023-04-16T22:01:05.569+0530] {logging_mixin.py:137} INFO - [2023-04-16T22:01:05.569+0530] {dag.py:3452} INFO - Setting next_dagrun for Lead_scoring_inference_pipeline to 2023-04-16T16:00:00+00:00, run_after=2023-04-16T17:00:00+00:00
[2023-04-16T22:01:05.588+0530] {processor.py:175} INFO - Processing /home/nightfall/airflow/code/dags/Lead_scoring_inference_pipeline/lead_scoring_inference_pipeline.py took 0.545 seconds
[2023-04-16T22:01:44.413+0530] {processor.py:153} INFO - Started process (PID=42693) to work on /home/nightfall/airflow/code/dags/Lead_scoring_inference_pipeline/lead_scoring_inference_pipeline.py
[2023-04-16T22:01:44.414+0530] {processor.py:743} INFO - Processing file /home/nightfall/airflow/code/dags/Lead_scoring_inference_pipeline/lead_scoring_inference_pipeline.py for tasks to queue
[2023-04-16T22:01:44.415+0530] {logging_mixin.py:137} INFO - [2023-04-16T22:01:44.415+0530] {dagbag.py:532} INFO - Filling up the DagBag from /home/nightfall/airflow/code/dags/Lead_scoring_inference_pipeline/lead_scoring_inference_pipeline.py
[2023-04-16T22:01:44.787+0530] {logging_mixin.py:137} INFO - [2023-04-16T22:01:44.787+0530] {utils.py:148} INFO - Note: NumExpr detected 16 cores but "NUMEXPR_MAX_THREADS" not set, so enforcing safe limit of 8.
[2023-04-16T22:01:44.787+0530] {logging_mixin.py:137} INFO - [2023-04-16T22:01:44.787+0530] {utils.py:160} INFO - NumExpr defaulting to 8 threads.
[2023-04-16T22:01:44.933+0530] {processor.py:753} INFO - DAG(s) dict_keys(['Lead_scoring_inference_pipeline']) retrieved from /home/nightfall/airflow/code/dags/Lead_scoring_inference_pipeline/lead_scoring_inference_pipeline.py
[2023-04-16T22:01:44.941+0530] {logging_mixin.py:137} INFO - [2023-04-16T22:01:44.941+0530] {dag.py:2705} INFO - Sync 1 DAGs
[2023-04-16T22:01:44.952+0530] {logging_mixin.py:137} INFO - [2023-04-16T22:01:44.952+0530] {dag.py:3452} INFO - Setting next_dagrun for Lead_scoring_inference_pipeline to 2023-04-16T16:00:00+00:00, run_after=2023-04-16T17:00:00+00:00
[2023-04-16T22:01:45.630+0530] {processor.py:175} INFO - Processing /home/nightfall/airflow/code/dags/Lead_scoring_inference_pipeline/lead_scoring_inference_pipeline.py took 1.220 seconds
[2023-04-16T22:02:36.890+0530] {processor.py:153} INFO - Started process (PID=42872) to work on /home/nightfall/airflow/code/dags/Lead_scoring_inference_pipeline/lead_scoring_inference_pipeline.py
[2023-04-16T22:02:36.892+0530] {processor.py:743} INFO - Processing file /home/nightfall/airflow/code/dags/Lead_scoring_inference_pipeline/lead_scoring_inference_pipeline.py for tasks to queue
[2023-04-16T22:02:36.892+0530] {logging_mixin.py:137} INFO - [2023-04-16T22:02:36.892+0530] {dagbag.py:532} INFO - Filling up the DagBag from /home/nightfall/airflow/code/dags/Lead_scoring_inference_pipeline/lead_scoring_inference_pipeline.py
[2023-04-16T22:02:37.258+0530] {logging_mixin.py:137} INFO - [2023-04-16T22:02:37.258+0530] {utils.py:148} INFO - Note: NumExpr detected 16 cores but "NUMEXPR_MAX_THREADS" not set, so enforcing safe limit of 8.
[2023-04-16T22:02:37.258+0530] {logging_mixin.py:137} INFO - [2023-04-16T22:02:37.258+0530] {utils.py:160} INFO - NumExpr defaulting to 8 threads.
[2023-04-16T22:02:37.405+0530] {processor.py:753} INFO - DAG(s) dict_keys(['Lead_scoring_inference_pipeline']) retrieved from /home/nightfall/airflow/code/dags/Lead_scoring_inference_pipeline/lead_scoring_inference_pipeline.py
[2023-04-16T22:02:37.413+0530] {logging_mixin.py:137} INFO - [2023-04-16T22:02:37.413+0530] {dag.py:2705} INFO - Sync 1 DAGs
[2023-04-16T22:02:37.424+0530] {logging_mixin.py:137} INFO - [2023-04-16T22:02:37.424+0530] {dag.py:3452} INFO - Setting next_dagrun for Lead_scoring_inference_pipeline to 2023-04-16T16:00:00+00:00, run_after=2023-04-16T17:00:00+00:00
[2023-04-16T22:02:37.835+0530] {processor.py:175} INFO - Processing /home/nightfall/airflow/code/dags/Lead_scoring_inference_pipeline/lead_scoring_inference_pipeline.py took 0.947 seconds
[2023-04-16T22:03:18.263+0530] {processor.py:153} INFO - Started process (PID=43034) to work on /home/nightfall/airflow/code/dags/Lead_scoring_inference_pipeline/lead_scoring_inference_pipeline.py
[2023-04-16T22:03:18.265+0530] {processor.py:743} INFO - Processing file /home/nightfall/airflow/code/dags/Lead_scoring_inference_pipeline/lead_scoring_inference_pipeline.py for tasks to queue
[2023-04-16T22:03:18.265+0530] {logging_mixin.py:137} INFO - [2023-04-16T22:03:18.265+0530] {dagbag.py:532} INFO - Filling up the DagBag from /home/nightfall/airflow/code/dags/Lead_scoring_inference_pipeline/lead_scoring_inference_pipeline.py
[2023-04-16T22:03:18.634+0530] {logging_mixin.py:137} INFO - [2023-04-16T22:03:18.634+0530] {utils.py:148} INFO - Note: NumExpr detected 16 cores but "NUMEXPR_MAX_THREADS" not set, so enforcing safe limit of 8.
[2023-04-16T22:03:18.634+0530] {logging_mixin.py:137} INFO - [2023-04-16T22:03:18.634+0530] {utils.py:160} INFO - NumExpr defaulting to 8 threads.
[2023-04-16T22:03:18.777+0530] {processor.py:753} INFO - DAG(s) dict_keys(['Lead_scoring_inference_pipeline']) retrieved from /home/nightfall/airflow/code/dags/Lead_scoring_inference_pipeline/lead_scoring_inference_pipeline.py
[2023-04-16T22:03:18.785+0530] {logging_mixin.py:137} INFO - [2023-04-16T22:03:18.784+0530] {dag.py:2705} INFO - Sync 1 DAGs
[2023-04-16T22:03:18.795+0530] {logging_mixin.py:137} INFO - [2023-04-16T22:03:18.795+0530] {dag.py:3452} INFO - Setting next_dagrun for Lead_scoring_inference_pipeline to 2023-04-16T16:00:00+00:00, run_after=2023-04-16T17:00:00+00:00
[2023-04-16T22:03:18.820+0530] {processor.py:175} INFO - Processing /home/nightfall/airflow/code/dags/Lead_scoring_inference_pipeline/lead_scoring_inference_pipeline.py took 0.559 seconds
