[2023-04-16T21:46:08.799+0530] {taskinstance.py:1090} INFO - Dependencies all met for dep_context=non-requeueable deps ti=<TaskInstance: Lead_Scoring_Data_Engineering_Pipeline.mapping_categorical_vars manual__2023-04-16T16:15:55.846658+00:00 [queued]>
[2023-04-16T21:46:08.803+0530] {taskinstance.py:1090} INFO - Dependencies all met for dep_context=requeueable deps ti=<TaskInstance: Lead_Scoring_Data_Engineering_Pipeline.mapping_categorical_vars manual__2023-04-16T16:15:55.846658+00:00 [queued]>
[2023-04-16T21:46:08.803+0530] {taskinstance.py:1288} INFO - 
--------------------------------------------------------------------------------
[2023-04-16T21:46:08.803+0530] {taskinstance.py:1289} INFO - Starting attempt 1 of 2
[2023-04-16T21:46:08.803+0530] {taskinstance.py:1290} INFO - 
--------------------------------------------------------------------------------
[2023-04-16T21:46:08.838+0530] {taskinstance.py:1309} INFO - Executing <Task(PythonOperator): mapping_categorical_vars> on 2023-04-16 16:15:55.846658+00:00
[2023-04-16T21:46:08.841+0530] {standard_task_runner.py:55} INFO - Started process 39318 to run task
[2023-04-16T21:46:08.842+0530] {standard_task_runner.py:82} INFO - Running: ['airflow', 'tasks', 'run', 'Lead_Scoring_Data_Engineering_Pipeline', 'mapping_categorical_vars', 'manual__2023-04-16T16:15:55.846658+00:00', '--job-id', '12', '--raw', '--subdir', 'DAGS_FOLDER/Lead_scoring_data_pipeline/lead_scoring_data_pipeline.py', '--cfg-path', '/tmp/tmp9ci_ospm']
[2023-04-16T21:46:08.843+0530] {standard_task_runner.py:83} INFO - Job 12: Subtask mapping_categorical_vars
[2023-04-16T21:46:08.891+0530] {task_command.py:389} INFO - Running <TaskInstance: Lead_Scoring_Data_Engineering_Pipeline.mapping_categorical_vars manual__2023-04-16T16:15:55.846658+00:00 [running]> on host pop-os.localdomain
[2023-04-16T21:46:08.961+0530] {taskinstance.py:1516} INFO - Exporting the following env vars:
AIRFLOW_CTX_DAG_OWNER=airflow
AIRFLOW_CTX_DAG_ID=Lead_Scoring_Data_Engineering_Pipeline
AIRFLOW_CTX_TASK_ID=mapping_categorical_vars
AIRFLOW_CTX_EXECUTION_DATE=2023-04-16T16:15:55.846658+00:00
AIRFLOW_CTX_TRY_NUMBER=1
AIRFLOW_CTX_DAG_RUN_ID=manual__2023-04-16T16:15:55.846658+00:00
[2023-04-16T21:46:08.963+0530] {logging_mixin.py:137} INFO - categorical_variables_mapped already Stored
[2023-04-16T21:46:08.963+0530] {python.py:177} INFO - Done. Returned value was: None
[2023-04-16T21:46:08.965+0530] {taskinstance.py:1327} INFO - Marking task as SUCCESS. dag_id=Lead_Scoring_Data_Engineering_Pipeline, task_id=mapping_categorical_vars, execution_date=20230416T161555, start_date=20230416T161608, end_date=20230416T161608
[2023-04-16T21:46:09.014+0530] {local_task_job.py:212} INFO - Task exited with return code 0
[2023-04-16T21:46:09.029+0530] {taskinstance.py:2596} INFO - 1 downstream tasks scheduled from follow-on schedule check
