[2023-04-16T15:29:43.246+0530] {processor.py:153} INFO - Started process (PID=126010) to work on /home/nightfall/anaconda3/envs/ml/lib/python3.9/site-packages/airflow/example_dags/plugins/event_listener.py
[2023-04-16T15:29:43.246+0530] {processor.py:743} INFO - Processing file /home/nightfall/anaconda3/envs/ml/lib/python3.9/site-packages/airflow/example_dags/plugins/event_listener.py for tasks to queue
[2023-04-16T15:29:43.247+0530] {logging_mixin.py:137} INFO - [2023-04-16T15:29:43.247+0530] {dagbag.py:532} INFO - Filling up the DagBag from /home/nightfall/anaconda3/envs/ml/lib/python3.9/site-packages/airflow/example_dags/plugins/event_listener.py
[2023-04-16T15:29:43.248+0530] {processor.py:755} WARNING - No viable dags retrieved from /home/nightfall/anaconda3/envs/ml/lib/python3.9/site-packages/airflow/example_dags/plugins/event_listener.py
[2023-04-16T15:29:43.254+0530] {processor.py:175} INFO - Processing /home/nightfall/anaconda3/envs/ml/lib/python3.9/site-packages/airflow/example_dags/plugins/event_listener.py took 0.010 seconds
[2023-04-16T15:30:56.507+0530] {processor.py:153} INFO - Started process (PID=126225) to work on /home/nightfall/anaconda3/envs/ml/lib/python3.9/site-packages/airflow/example_dags/plugins/event_listener.py
[2023-04-16T15:30:56.508+0530] {processor.py:743} INFO - Processing file /home/nightfall/anaconda3/envs/ml/lib/python3.9/site-packages/airflow/example_dags/plugins/event_listener.py for tasks to queue
[2023-04-16T15:30:56.509+0530] {logging_mixin.py:137} INFO - [2023-04-16T15:30:56.509+0530] {dagbag.py:532} INFO - Filling up the DagBag from /home/nightfall/anaconda3/envs/ml/lib/python3.9/site-packages/airflow/example_dags/plugins/event_listener.py
[2023-04-16T15:30:56.510+0530] {processor.py:755} WARNING - No viable dags retrieved from /home/nightfall/anaconda3/envs/ml/lib/python3.9/site-packages/airflow/example_dags/plugins/event_listener.py
[2023-04-16T15:30:56.515+0530] {processor.py:175} INFO - Processing /home/nightfall/anaconda3/envs/ml/lib/python3.9/site-packages/airflow/example_dags/plugins/event_listener.py took 0.010 seconds
[2023-04-16T15:32:10.384+0530] {processor.py:153} INFO - Started process (PID=126372) to work on /home/nightfall/anaconda3/envs/ml/lib/python3.9/site-packages/airflow/example_dags/plugins/event_listener.py
[2023-04-16T15:32:10.386+0530] {processor.py:743} INFO - Processing file /home/nightfall/anaconda3/envs/ml/lib/python3.9/site-packages/airflow/example_dags/plugins/event_listener.py for tasks to queue
[2023-04-16T15:32:10.387+0530] {logging_mixin.py:137} INFO - [2023-04-16T15:32:10.386+0530] {dagbag.py:532} INFO - Filling up the DagBag from /home/nightfall/anaconda3/envs/ml/lib/python3.9/site-packages/airflow/example_dags/plugins/event_listener.py
[2023-04-16T15:32:10.388+0530] {processor.py:755} WARNING - No viable dags retrieved from /home/nightfall/anaconda3/envs/ml/lib/python3.9/site-packages/airflow/example_dags/plugins/event_listener.py
[2023-04-16T15:32:10.394+0530] {processor.py:175} INFO - Processing /home/nightfall/anaconda3/envs/ml/lib/python3.9/site-packages/airflow/example_dags/plugins/event_listener.py took 0.013 seconds
[2023-04-16T15:33:11.940+0530] {processor.py:153} INFO - Started process (PID=126494) to work on /home/nightfall/anaconda3/envs/ml/lib/python3.9/site-packages/airflow/example_dags/plugins/event_listener.py
[2023-04-16T15:33:11.945+0530] {processor.py:743} INFO - Processing file /home/nightfall/anaconda3/envs/ml/lib/python3.9/site-packages/airflow/example_dags/plugins/event_listener.py for tasks to queue
[2023-04-16T15:33:11.945+0530] {logging_mixin.py:137} INFO - [2023-04-16T15:33:11.945+0530] {dagbag.py:532} INFO - Filling up the DagBag from /home/nightfall/anaconda3/envs/ml/lib/python3.9/site-packages/airflow/example_dags/plugins/event_listener.py
[2023-04-16T15:33:11.946+0530] {processor.py:755} WARNING - No viable dags retrieved from /home/nightfall/anaconda3/envs/ml/lib/python3.9/site-packages/airflow/example_dags/plugins/event_listener.py
[2023-04-16T15:33:11.952+0530] {processor.py:175} INFO - Processing /home/nightfall/anaconda3/envs/ml/lib/python3.9/site-packages/airflow/example_dags/plugins/event_listener.py took 0.015 seconds
[2023-04-16T15:34:27.000+0530] {processor.py:153} INFO - Started process (PID=126637) to work on /home/nightfall/anaconda3/envs/ml/lib/python3.9/site-packages/airflow/example_dags/plugins/event_listener.py
[2023-04-16T15:34:27.002+0530] {processor.py:743} INFO - Processing file /home/nightfall/anaconda3/envs/ml/lib/python3.9/site-packages/airflow/example_dags/plugins/event_listener.py for tasks to queue
[2023-04-16T15:34:27.002+0530] {logging_mixin.py:137} INFO - [2023-04-16T15:34:27.002+0530] {dagbag.py:532} INFO - Filling up the DagBag from /home/nightfall/anaconda3/envs/ml/lib/python3.9/site-packages/airflow/example_dags/plugins/event_listener.py
[2023-04-16T15:34:27.003+0530] {processor.py:755} WARNING - No viable dags retrieved from /home/nightfall/anaconda3/envs/ml/lib/python3.9/site-packages/airflow/example_dags/plugins/event_listener.py
[2023-04-16T15:34:27.007+0530] {processor.py:175} INFO - Processing /home/nightfall/anaconda3/envs/ml/lib/python3.9/site-packages/airflow/example_dags/plugins/event_listener.py took 0.008 seconds
[2023-04-16T15:35:46.276+0530] {processor.py:153} INFO - Started process (PID=126882) to work on /home/nightfall/anaconda3/envs/ml/lib/python3.9/site-packages/airflow/example_dags/plugins/event_listener.py
[2023-04-16T15:35:46.277+0530] {processor.py:743} INFO - Processing file /home/nightfall/anaconda3/envs/ml/lib/python3.9/site-packages/airflow/example_dags/plugins/event_listener.py for tasks to queue
[2023-04-16T15:35:46.277+0530] {logging_mixin.py:137} INFO - [2023-04-16T15:35:46.277+0530] {dagbag.py:532} INFO - Filling up the DagBag from /home/nightfall/anaconda3/envs/ml/lib/python3.9/site-packages/airflow/example_dags/plugins/event_listener.py
[2023-04-16T15:35:46.278+0530] {processor.py:755} WARNING - No viable dags retrieved from /home/nightfall/anaconda3/envs/ml/lib/python3.9/site-packages/airflow/example_dags/plugins/event_listener.py
[2023-04-16T15:35:46.283+0530] {processor.py:175} INFO - Processing /home/nightfall/anaconda3/envs/ml/lib/python3.9/site-packages/airflow/example_dags/plugins/event_listener.py took 0.009 seconds
