[2023-04-16T15:29:42.832+0530] {processor.py:153} INFO - Started process (PID=126008) to work on /home/nightfall/anaconda3/envs/ml/lib/python3.9/site-packages/airflow/example_dags/plugins/listener_plugin.py
[2023-04-16T15:29:42.832+0530] {processor.py:743} INFO - Processing file /home/nightfall/anaconda3/envs/ml/lib/python3.9/site-packages/airflow/example_dags/plugins/listener_plugin.py for tasks to queue
[2023-04-16T15:29:42.832+0530] {logging_mixin.py:137} INFO - [2023-04-16T15:29:42.832+0530] {dagbag.py:532} INFO - Filling up the DagBag from /home/nightfall/anaconda3/envs/ml/lib/python3.9/site-packages/airflow/example_dags/plugins/listener_plugin.py
[2023-04-16T15:29:42.834+0530] {processor.py:755} WARNING - No viable dags retrieved from /home/nightfall/anaconda3/envs/ml/lib/python3.9/site-packages/airflow/example_dags/plugins/listener_plugin.py
[2023-04-16T15:29:42.840+0530] {processor.py:175} INFO - Processing /home/nightfall/anaconda3/envs/ml/lib/python3.9/site-packages/airflow/example_dags/plugins/listener_plugin.py took 0.010 seconds
[2023-04-16T15:30:55.368+0530] {processor.py:153} INFO - Started process (PID=126224) to work on /home/nightfall/anaconda3/envs/ml/lib/python3.9/site-packages/airflow/example_dags/plugins/listener_plugin.py
[2023-04-16T15:30:55.370+0530] {processor.py:743} INFO - Processing file /home/nightfall/anaconda3/envs/ml/lib/python3.9/site-packages/airflow/example_dags/plugins/listener_plugin.py for tasks to queue
[2023-04-16T15:30:55.370+0530] {logging_mixin.py:137} INFO - [2023-04-16T15:30:55.370+0530] {dagbag.py:532} INFO - Filling up the DagBag from /home/nightfall/anaconda3/envs/ml/lib/python3.9/site-packages/airflow/example_dags/plugins/listener_plugin.py
[2023-04-16T15:30:55.371+0530] {processor.py:755} WARNING - No viable dags retrieved from /home/nightfall/anaconda3/envs/ml/lib/python3.9/site-packages/airflow/example_dags/plugins/listener_plugin.py
[2023-04-16T15:30:55.378+0530] {processor.py:175} INFO - Processing /home/nightfall/anaconda3/envs/ml/lib/python3.9/site-packages/airflow/example_dags/plugins/listener_plugin.py took 0.012 seconds
[2023-04-16T15:32:09.514+0530] {processor.py:153} INFO - Started process (PID=126370) to work on /home/nightfall/anaconda3/envs/ml/lib/python3.9/site-packages/airflow/example_dags/plugins/listener_plugin.py
[2023-04-16T15:32:09.537+0530] {processor.py:743} INFO - Processing file /home/nightfall/anaconda3/envs/ml/lib/python3.9/site-packages/airflow/example_dags/plugins/listener_plugin.py for tasks to queue
[2023-04-16T15:32:09.538+0530] {logging_mixin.py:137} INFO - [2023-04-16T15:32:09.538+0530] {dagbag.py:532} INFO - Filling up the DagBag from /home/nightfall/anaconda3/envs/ml/lib/python3.9/site-packages/airflow/example_dags/plugins/listener_plugin.py
[2023-04-16T15:32:09.539+0530] {processor.py:755} WARNING - No viable dags retrieved from /home/nightfall/anaconda3/envs/ml/lib/python3.9/site-packages/airflow/example_dags/plugins/listener_plugin.py
[2023-04-16T15:32:09.544+0530] {processor.py:175} INFO - Processing /home/nightfall/anaconda3/envs/ml/lib/python3.9/site-packages/airflow/example_dags/plugins/listener_plugin.py took 0.031 seconds
[2023-04-16T15:33:10.781+0530] {processor.py:153} INFO - Started process (PID=126493) to work on /home/nightfall/anaconda3/envs/ml/lib/python3.9/site-packages/airflow/example_dags/plugins/listener_plugin.py
[2023-04-16T15:33:10.782+0530] {processor.py:743} INFO - Processing file /home/nightfall/anaconda3/envs/ml/lib/python3.9/site-packages/airflow/example_dags/plugins/listener_plugin.py for tasks to queue
[2023-04-16T15:33:10.783+0530] {logging_mixin.py:137} INFO - [2023-04-16T15:33:10.783+0530] {dagbag.py:532} INFO - Filling up the DagBag from /home/nightfall/anaconda3/envs/ml/lib/python3.9/site-packages/airflow/example_dags/plugins/listener_plugin.py
[2023-04-16T15:33:10.784+0530] {processor.py:755} WARNING - No viable dags retrieved from /home/nightfall/anaconda3/envs/ml/lib/python3.9/site-packages/airflow/example_dags/plugins/listener_plugin.py
[2023-04-16T15:33:10.789+0530] {processor.py:175} INFO - Processing /home/nightfall/anaconda3/envs/ml/lib/python3.9/site-packages/airflow/example_dags/plugins/listener_plugin.py took 0.011 seconds
[2023-04-16T15:34:25.828+0530] {processor.py:153} INFO - Started process (PID=126636) to work on /home/nightfall/anaconda3/envs/ml/lib/python3.9/site-packages/airflow/example_dags/plugins/listener_plugin.py
[2023-04-16T15:34:25.830+0530] {processor.py:743} INFO - Processing file /home/nightfall/anaconda3/envs/ml/lib/python3.9/site-packages/airflow/example_dags/plugins/listener_plugin.py for tasks to queue
[2023-04-16T15:34:25.831+0530] {logging_mixin.py:137} INFO - [2023-04-16T15:34:25.830+0530] {dagbag.py:532} INFO - Filling up the DagBag from /home/nightfall/anaconda3/envs/ml/lib/python3.9/site-packages/airflow/example_dags/plugins/listener_plugin.py
[2023-04-16T15:34:25.832+0530] {processor.py:755} WARNING - No viable dags retrieved from /home/nightfall/anaconda3/envs/ml/lib/python3.9/site-packages/airflow/example_dags/plugins/listener_plugin.py
[2023-04-16T15:34:25.839+0530] {processor.py:175} INFO - Processing /home/nightfall/anaconda3/envs/ml/lib/python3.9/site-packages/airflow/example_dags/plugins/listener_plugin.py took 0.012 seconds
[2023-04-16T15:35:44.558+0530] {processor.py:153} INFO - Started process (PID=126880) to work on /home/nightfall/anaconda3/envs/ml/lib/python3.9/site-packages/airflow/example_dags/plugins/listener_plugin.py
[2023-04-16T15:35:44.560+0530] {processor.py:743} INFO - Processing file /home/nightfall/anaconda3/envs/ml/lib/python3.9/site-packages/airflow/example_dags/plugins/listener_plugin.py for tasks to queue
[2023-04-16T15:35:44.560+0530] {logging_mixin.py:137} INFO - [2023-04-16T15:35:44.560+0530] {dagbag.py:532} INFO - Filling up the DagBag from /home/nightfall/anaconda3/envs/ml/lib/python3.9/site-packages/airflow/example_dags/plugins/listener_plugin.py
[2023-04-16T15:35:44.561+0530] {processor.py:755} WARNING - No viable dags retrieved from /home/nightfall/anaconda3/envs/ml/lib/python3.9/site-packages/airflow/example_dags/plugins/listener_plugin.py
[2023-04-16T15:35:44.565+0530] {processor.py:175} INFO - Processing /home/nightfall/anaconda3/envs/ml/lib/python3.9/site-packages/airflow/example_dags/plugins/listener_plugin.py took 0.009 seconds
