[2023-04-16T22:00:28.912+0530] {taskinstance.py:1090} INFO - Dependencies all met for dep_context=non-requeueable deps ti=<TaskInstance: Lead_scoring_inference_pipeline.encoding_categorical_variables manual__2023-04-16T16:30:26.272359+00:00 [queued]>
[2023-04-16T22:00:28.915+0530] {taskinstance.py:1090} INFO - Dependencies all met for dep_context=requeueable deps ti=<TaskInstance: Lead_scoring_inference_pipeline.encoding_categorical_variables manual__2023-04-16T16:30:26.272359+00:00 [queued]>
[2023-04-16T22:00:28.915+0530] {taskinstance.py:1288} INFO - 
--------------------------------------------------------------------------------
[2023-04-16T22:00:28.916+0530] {taskinstance.py:1289} INFO - Starting attempt 1 of 2
[2023-04-16T22:00:28.916+0530] {taskinstance.py:1290} INFO - 
--------------------------------------------------------------------------------
[2023-04-16T22:00:28.936+0530] {taskinstance.py:1309} INFO - Executing <Task(PythonOperator): encoding_categorical_variables> on 2023-04-16 16:30:26.272359+00:00
[2023-04-16T22:00:28.940+0530] {standard_task_runner.py:55} INFO - Started process 42451 to run task
[2023-04-16T22:00:28.941+0530] {standard_task_runner.py:82} INFO - Running: ['airflow', 'tasks', 'run', 'Lead_scoring_inference_pipeline', 'encoding_categorical_variables', 'manual__2023-04-16T16:30:26.272359+00:00', '--job-id', '26', '--raw', '--subdir', 'DAGS_FOLDER/Lead_scoring_inference_pipeline/lead_scoring_inference_pipeline.py', '--cfg-path', '/tmp/tmpntntj5nx']
[2023-04-16T22:00:28.942+0530] {standard_task_runner.py:83} INFO - Job 26: Subtask encoding_categorical_variables
[2023-04-16T22:00:28.974+0530] {task_command.py:389} INFO - Running <TaskInstance: Lead_scoring_inference_pipeline.encoding_categorical_variables manual__2023-04-16T16:30:26.272359+00:00 [running]> on host pop-os.localdomain
[2023-04-16T22:00:29.023+0530] {taskinstance.py:1516} INFO - Exporting the following env vars:
AIRFLOW_CTX_DAG_OWNER=airflow
AIRFLOW_CTX_DAG_ID=Lead_scoring_inference_pipeline
AIRFLOW_CTX_TASK_ID=encoding_categorical_variables
AIRFLOW_CTX_EXECUTION_DATE=2023-04-16T16:30:26.272359+00:00
AIRFLOW_CTX_TRY_NUMBER=1
AIRFLOW_CTX_DAG_RUN_ID=manual__2023-04-16T16:30:26.272359+00:00
[2023-04-16T22:00:29.025+0530] {logging_mixin.py:137} INFO - features already exists
[2023-04-16T22:00:29.025+0530] {python.py:177} INFO - Done. Returned value was: None
[2023-04-16T22:00:29.027+0530] {taskinstance.py:1327} INFO - Marking task as SUCCESS. dag_id=Lead_scoring_inference_pipeline, task_id=encoding_categorical_variables, execution_date=20230416T163026, start_date=20230416T163028, end_date=20230416T163029
[2023-04-16T22:00:29.073+0530] {local_task_job.py:212} INFO - Task exited with return code 0
[2023-04-16T22:00:29.084+0530] {taskinstance.py:2596} INFO - 1 downstream tasks scheduled from follow-on schedule check
