[2023-04-16T15:29:22.459+0530] {processor.py:153} INFO - Started process (PID=125925) to work on /home/nightfall/airflow/code/dags/Lead_scoring_training_pipeline/lead_scoring_training_pipeline.py
[2023-04-16T15:29:22.460+0530] {processor.py:743} INFO - Processing file /home/nightfall/airflow/code/dags/Lead_scoring_training_pipeline/lead_scoring_training_pipeline.py for tasks to queue
[2023-04-16T15:29:22.460+0530] {logging_mixin.py:137} INFO - [2023-04-16T15:29:22.460+0530] {dagbag.py:532} INFO - Filling up the DagBag from /home/nightfall/airflow/code/dags/Lead_scoring_training_pipeline/lead_scoring_training_pipeline.py
[2023-04-16T15:29:22.515+0530] {logging_mixin.py:137} INFO - [2023-04-16T15:29:22.515+0530] {utils.py:148} INFO - Note: NumExpr detected 16 cores but "NUMEXPR_MAX_THREADS" not set, so enforcing safe limit of 8.
[2023-04-16T15:29:22.515+0530] {logging_mixin.py:137} INFO - [2023-04-16T15:29:22.515+0530] {utils.py:160} INFO - NumExpr defaulting to 8 threads.
[2023-04-16T15:29:23.251+0530] {processor.py:753} INFO - DAG(s) dict_keys(['Lead_scoring_training_pipeline']) retrieved from /home/nightfall/airflow/code/dags/Lead_scoring_training_pipeline/lead_scoring_training_pipeline.py
[2023-04-16T15:29:23.260+0530] {logging_mixin.py:137} INFO - [2023-04-16T15:29:23.260+0530] {dag.py:2705} INFO - Sync 1 DAGs
[2023-04-16T15:29:23.270+0530] {logging_mixin.py:137} INFO - [2023-04-16T15:29:23.270+0530] {dag.py:3452} INFO - Setting next_dagrun for Lead_scoring_training_pipeline to 2023-03-01T00:00:00+00:00, run_after=2023-04-01T00:00:00+00:00
[2023-04-16T15:29:23.671+0530] {processor.py:175} INFO - Processing /home/nightfall/airflow/code/dags/Lead_scoring_training_pipeline/lead_scoring_training_pipeline.py took 1.214 seconds
[2023-04-16T15:30:37.375+0530] {processor.py:153} INFO - Started process (PID=126168) to work on /home/nightfall/airflow/code/dags/Lead_scoring_training_pipeline/lead_scoring_training_pipeline.py
[2023-04-16T15:30:37.377+0530] {processor.py:743} INFO - Processing file /home/nightfall/airflow/code/dags/Lead_scoring_training_pipeline/lead_scoring_training_pipeline.py for tasks to queue
[2023-04-16T15:30:37.377+0530] {logging_mixin.py:137} INFO - [2023-04-16T15:30:37.377+0530] {dagbag.py:532} INFO - Filling up the DagBag from /home/nightfall/airflow/code/dags/Lead_scoring_training_pipeline/lead_scoring_training_pipeline.py
[2023-04-16T15:30:37.426+0530] {logging_mixin.py:137} INFO - [2023-04-16T15:30:37.426+0530] {utils.py:148} INFO - Note: NumExpr detected 16 cores but "NUMEXPR_MAX_THREADS" not set, so enforcing safe limit of 8.
[2023-04-16T15:30:37.426+0530] {logging_mixin.py:137} INFO - [2023-04-16T15:30:37.426+0530] {utils.py:160} INFO - NumExpr defaulting to 8 threads.
[2023-04-16T15:30:38.176+0530] {processor.py:753} INFO - DAG(s) dict_keys(['Lead_scoring_training_pipeline']) retrieved from /home/nightfall/airflow/code/dags/Lead_scoring_training_pipeline/lead_scoring_training_pipeline.py
[2023-04-16T15:30:38.185+0530] {logging_mixin.py:137} INFO - [2023-04-16T15:30:38.184+0530] {dag.py:2705} INFO - Sync 1 DAGs
[2023-04-16T15:30:38.195+0530] {logging_mixin.py:137} INFO - [2023-04-16T15:30:38.195+0530] {dag.py:3452} INFO - Setting next_dagrun for Lead_scoring_training_pipeline to 2023-03-01T00:00:00+00:00, run_after=2023-04-01T00:00:00+00:00
[2023-04-16T15:30:38.987+0530] {processor.py:175} INFO - Processing /home/nightfall/airflow/code/dags/Lead_scoring_training_pipeline/lead_scoring_training_pipeline.py took 1.613 seconds
[2023-04-16T15:31:15.291+0530] {processor.py:153} INFO - Started process (PID=126258) to work on /home/nightfall/airflow/code/dags/Lead_scoring_training_pipeline/lead_scoring_training_pipeline.py
[2023-04-16T15:31:15.293+0530] {processor.py:743} INFO - Processing file /home/nightfall/airflow/code/dags/Lead_scoring_training_pipeline/lead_scoring_training_pipeline.py for tasks to queue
[2023-04-16T15:31:15.293+0530] {logging_mixin.py:137} INFO - [2023-04-16T15:31:15.293+0530] {dagbag.py:532} INFO - Filling up the DagBag from /home/nightfall/airflow/code/dags/Lead_scoring_training_pipeline/lead_scoring_training_pipeline.py
[2023-04-16T15:31:15.354+0530] {logging_mixin.py:137} INFO - [2023-04-16T15:31:15.354+0530] {utils.py:148} INFO - Note: NumExpr detected 16 cores but "NUMEXPR_MAX_THREADS" not set, so enforcing safe limit of 8.
[2023-04-16T15:31:15.354+0530] {logging_mixin.py:137} INFO - [2023-04-16T15:31:15.354+0530] {utils.py:160} INFO - NumExpr defaulting to 8 threads.
[2023-04-16T15:31:16.130+0530] {processor.py:753} INFO - DAG(s) dict_keys(['Lead_scoring_training_pipeline']) retrieved from /home/nightfall/airflow/code/dags/Lead_scoring_training_pipeline/lead_scoring_training_pipeline.py
[2023-04-16T15:31:16.139+0530] {logging_mixin.py:137} INFO - [2023-04-16T15:31:16.139+0530] {dag.py:2705} INFO - Sync 1 DAGs
[2023-04-16T15:31:16.389+0530] {logging_mixin.py:137} INFO - [2023-04-16T15:31:16.389+0530] {dag.py:3452} INFO - Setting next_dagrun for Lead_scoring_training_pipeline to 2023-03-01T00:00:00+00:00, run_after=2023-04-01T00:00:00+00:00
[2023-04-16T15:31:16.414+0530] {processor.py:175} INFO - Processing /home/nightfall/airflow/code/dags/Lead_scoring_training_pipeline/lead_scoring_training_pipeline.py took 1.125 seconds
[2023-04-16T15:31:52.914+0530] {processor.py:153} INFO - Started process (PID=126326) to work on /home/nightfall/airflow/code/dags/Lead_scoring_training_pipeline/lead_scoring_training_pipeline.py
[2023-04-16T15:31:52.916+0530] {processor.py:743} INFO - Processing file /home/nightfall/airflow/code/dags/Lead_scoring_training_pipeline/lead_scoring_training_pipeline.py for tasks to queue
[2023-04-16T15:31:52.916+0530] {logging_mixin.py:137} INFO - [2023-04-16T15:31:52.916+0530] {dagbag.py:532} INFO - Filling up the DagBag from /home/nightfall/airflow/code/dags/Lead_scoring_training_pipeline/lead_scoring_training_pipeline.py
[2023-04-16T15:31:52.980+0530] {logging_mixin.py:137} INFO - [2023-04-16T15:31:52.980+0530] {utils.py:148} INFO - Note: NumExpr detected 16 cores but "NUMEXPR_MAX_THREADS" not set, so enforcing safe limit of 8.
[2023-04-16T15:31:52.980+0530] {logging_mixin.py:137} INFO - [2023-04-16T15:31:52.980+0530] {utils.py:160} INFO - NumExpr defaulting to 8 threads.
[2023-04-16T15:31:53.699+0530] {processor.py:753} INFO - DAG(s) dict_keys(['Lead_scoring_training_pipeline']) retrieved from /home/nightfall/airflow/code/dags/Lead_scoring_training_pipeline/lead_scoring_training_pipeline.py
[2023-04-16T15:31:53.708+0530] {logging_mixin.py:137} INFO - [2023-04-16T15:31:53.707+0530] {dag.py:2705} INFO - Sync 1 DAGs
[2023-04-16T15:31:53.718+0530] {logging_mixin.py:137} INFO - [2023-04-16T15:31:53.718+0530] {dag.py:3452} INFO - Setting next_dagrun for Lead_scoring_training_pipeline to 2023-03-01T00:00:00+00:00, run_after=2023-04-01T00:00:00+00:00
[2023-04-16T15:31:54.763+0530] {processor.py:175} INFO - Processing /home/nightfall/airflow/code/dags/Lead_scoring_training_pipeline/lead_scoring_training_pipeline.py took 1.851 seconds
[2023-04-16T15:32:27.540+0530] {processor.py:153} INFO - Started process (PID=126400) to work on /home/nightfall/airflow/code/dags/Lead_scoring_training_pipeline/lead_scoring_training_pipeline.py
[2023-04-16T15:32:27.542+0530] {processor.py:743} INFO - Processing file /home/nightfall/airflow/code/dags/Lead_scoring_training_pipeline/lead_scoring_training_pipeline.py for tasks to queue
[2023-04-16T15:32:27.542+0530] {logging_mixin.py:137} INFO - [2023-04-16T15:32:27.542+0530] {dagbag.py:532} INFO - Filling up the DagBag from /home/nightfall/airflow/code/dags/Lead_scoring_training_pipeline/lead_scoring_training_pipeline.py
[2023-04-16T15:32:27.601+0530] {logging_mixin.py:137} INFO - [2023-04-16T15:32:27.601+0530] {utils.py:148} INFO - Note: NumExpr detected 16 cores but "NUMEXPR_MAX_THREADS" not set, so enforcing safe limit of 8.
[2023-04-16T15:32:27.602+0530] {logging_mixin.py:137} INFO - [2023-04-16T15:32:27.602+0530] {utils.py:160} INFO - NumExpr defaulting to 8 threads.
[2023-04-16T15:32:28.372+0530] {processor.py:753} INFO - DAG(s) dict_keys(['Lead_scoring_training_pipeline']) retrieved from /home/nightfall/airflow/code/dags/Lead_scoring_training_pipeline/lead_scoring_training_pipeline.py
[2023-04-16T15:32:28.381+0530] {logging_mixin.py:137} INFO - [2023-04-16T15:32:28.381+0530] {dag.py:2705} INFO - Sync 1 DAGs
[2023-04-16T15:32:28.393+0530] {logging_mixin.py:137} INFO - [2023-04-16T15:32:28.393+0530] {dag.py:3452} INFO - Setting next_dagrun for Lead_scoring_training_pipeline to 2023-03-01T00:00:00+00:00, run_after=2023-04-01T00:00:00+00:00
[2023-04-16T15:32:28.412+0530] {processor.py:175} INFO - Processing /home/nightfall/airflow/code/dags/Lead_scoring_training_pipeline/lead_scoring_training_pipeline.py took 0.874 seconds
[2023-04-16T15:32:59.061+0530] {processor.py:153} INFO - Started process (PID=126460) to work on /home/nightfall/airflow/code/dags/Lead_scoring_training_pipeline/lead_scoring_training_pipeline.py
[2023-04-16T15:32:59.062+0530] {processor.py:743} INFO - Processing file /home/nightfall/airflow/code/dags/Lead_scoring_training_pipeline/lead_scoring_training_pipeline.py for tasks to queue
[2023-04-16T15:32:59.062+0530] {logging_mixin.py:137} INFO - [2023-04-16T15:32:59.062+0530] {dagbag.py:532} INFO - Filling up the DagBag from /home/nightfall/airflow/code/dags/Lead_scoring_training_pipeline/lead_scoring_training_pipeline.py
[2023-04-16T15:32:59.111+0530] {logging_mixin.py:137} INFO - [2023-04-16T15:32:59.111+0530] {utils.py:148} INFO - Note: NumExpr detected 16 cores but "NUMEXPR_MAX_THREADS" not set, so enforcing safe limit of 8.
[2023-04-16T15:32:59.111+0530] {logging_mixin.py:137} INFO - [2023-04-16T15:32:59.111+0530] {utils.py:160} INFO - NumExpr defaulting to 8 threads.
[2023-04-16T15:32:59.845+0530] {processor.py:753} INFO - DAG(s) dict_keys(['Lead_scoring_training_pipeline']) retrieved from /home/nightfall/airflow/code/dags/Lead_scoring_training_pipeline/lead_scoring_training_pipeline.py
[2023-04-16T15:32:59.853+0530] {logging_mixin.py:137} INFO - [2023-04-16T15:32:59.853+0530] {dag.py:2705} INFO - Sync 1 DAGs
[2023-04-16T15:32:59.864+0530] {logging_mixin.py:137} INFO - [2023-04-16T15:32:59.864+0530] {dag.py:3452} INFO - Setting next_dagrun for Lead_scoring_training_pipeline to 2023-03-01T00:00:00+00:00, run_after=2023-04-01T00:00:00+00:00
[2023-04-16T15:33:00.538+0530] {processor.py:175} INFO - Processing /home/nightfall/airflow/code/dags/Lead_scoring_training_pipeline/lead_scoring_training_pipeline.py took 1.479 seconds
[2023-04-16T15:33:31.153+0530] {processor.py:153} INFO - Started process (PID=126523) to work on /home/nightfall/airflow/code/dags/Lead_scoring_training_pipeline/lead_scoring_training_pipeline.py
[2023-04-16T15:33:31.155+0530] {processor.py:743} INFO - Processing file /home/nightfall/airflow/code/dags/Lead_scoring_training_pipeline/lead_scoring_training_pipeline.py for tasks to queue
[2023-04-16T15:33:31.155+0530] {logging_mixin.py:137} INFO - [2023-04-16T15:33:31.155+0530] {dagbag.py:532} INFO - Filling up the DagBag from /home/nightfall/airflow/code/dags/Lead_scoring_training_pipeline/lead_scoring_training_pipeline.py
[2023-04-16T15:33:31.201+0530] {logging_mixin.py:137} INFO - [2023-04-16T15:33:31.201+0530] {utils.py:148} INFO - Note: NumExpr detected 16 cores but "NUMEXPR_MAX_THREADS" not set, so enforcing safe limit of 8.
[2023-04-16T15:33:31.202+0530] {logging_mixin.py:137} INFO - [2023-04-16T15:33:31.202+0530] {utils.py:160} INFO - NumExpr defaulting to 8 threads.
[2023-04-16T15:33:31.925+0530] {processor.py:753} INFO - DAG(s) dict_keys(['Lead_scoring_training_pipeline']) retrieved from /home/nightfall/airflow/code/dags/Lead_scoring_training_pipeline/lead_scoring_training_pipeline.py
[2023-04-16T15:33:31.933+0530] {logging_mixin.py:137} INFO - [2023-04-16T15:33:31.933+0530] {dag.py:2705} INFO - Sync 1 DAGs
[2023-04-16T15:33:31.945+0530] {logging_mixin.py:137} INFO - [2023-04-16T15:33:31.945+0530] {dag.py:3452} INFO - Setting next_dagrun for Lead_scoring_training_pipeline to 2023-03-01T00:00:00+00:00, run_after=2023-04-01T00:00:00+00:00
[2023-04-16T15:33:32.242+0530] {processor.py:175} INFO - Processing /home/nightfall/airflow/code/dags/Lead_scoring_training_pipeline/lead_scoring_training_pipeline.py took 1.090 seconds
[2023-04-16T15:34:05.900+0530] {processor.py:153} INFO - Started process (PID=126582) to work on /home/nightfall/airflow/code/dags/Lead_scoring_training_pipeline/lead_scoring_training_pipeline.py
[2023-04-16T15:34:05.902+0530] {processor.py:743} INFO - Processing file /home/nightfall/airflow/code/dags/Lead_scoring_training_pipeline/lead_scoring_training_pipeline.py for tasks to queue
[2023-04-16T15:34:05.903+0530] {logging_mixin.py:137} INFO - [2023-04-16T15:34:05.902+0530] {dagbag.py:532} INFO - Filling up the DagBag from /home/nightfall/airflow/code/dags/Lead_scoring_training_pipeline/lead_scoring_training_pipeline.py
[2023-04-16T15:34:05.966+0530] {logging_mixin.py:137} INFO - [2023-04-16T15:34:05.966+0530] {utils.py:148} INFO - Note: NumExpr detected 16 cores but "NUMEXPR_MAX_THREADS" not set, so enforcing safe limit of 8.
[2023-04-16T15:34:05.966+0530] {logging_mixin.py:137} INFO - [2023-04-16T15:34:05.966+0530] {utils.py:160} INFO - NumExpr defaulting to 8 threads.
[2023-04-16T15:34:06.686+0530] {processor.py:753} INFO - DAG(s) dict_keys(['Lead_scoring_training_pipeline']) retrieved from /home/nightfall/airflow/code/dags/Lead_scoring_training_pipeline/lead_scoring_training_pipeline.py
[2023-04-16T15:34:06.695+0530] {logging_mixin.py:137} INFO - [2023-04-16T15:34:06.694+0530] {dag.py:2705} INFO - Sync 1 DAGs
[2023-04-16T15:34:06.705+0530] {logging_mixin.py:137} INFO - [2023-04-16T15:34:06.705+0530] {dag.py:3452} INFO - Setting next_dagrun for Lead_scoring_training_pipeline to 2023-03-01T00:00:00+00:00, run_after=2023-04-01T00:00:00+00:00
[2023-04-16T15:34:07.481+0530] {processor.py:175} INFO - Processing /home/nightfall/airflow/code/dags/Lead_scoring_training_pipeline/lead_scoring_training_pipeline.py took 1.583 seconds
[2023-04-16T15:34:47.424+0530] {processor.py:153} INFO - Started process (PID=126744) to work on /home/nightfall/airflow/code/dags/Lead_scoring_training_pipeline/lead_scoring_training_pipeline.py
[2023-04-16T15:34:47.426+0530] {processor.py:743} INFO - Processing file /home/nightfall/airflow/code/dags/Lead_scoring_training_pipeline/lead_scoring_training_pipeline.py for tasks to queue
[2023-04-16T15:34:47.426+0530] {logging_mixin.py:137} INFO - [2023-04-16T15:34:47.426+0530] {dagbag.py:532} INFO - Filling up the DagBag from /home/nightfall/airflow/code/dags/Lead_scoring_training_pipeline/lead_scoring_training_pipeline.py
[2023-04-16T15:34:47.491+0530] {logging_mixin.py:137} INFO - [2023-04-16T15:34:47.491+0530] {utils.py:148} INFO - Note: NumExpr detected 16 cores but "NUMEXPR_MAX_THREADS" not set, so enforcing safe limit of 8.
[2023-04-16T15:34:47.491+0530] {logging_mixin.py:137} INFO - [2023-04-16T15:34:47.491+0530] {utils.py:160} INFO - NumExpr defaulting to 8 threads.
[2023-04-16T15:34:48.202+0530] {processor.py:753} INFO - DAG(s) dict_keys(['Lead_scoring_training_pipeline']) retrieved from /home/nightfall/airflow/code/dags/Lead_scoring_training_pipeline/lead_scoring_training_pipeline.py
[2023-04-16T15:34:48.210+0530] {logging_mixin.py:137} INFO - [2023-04-16T15:34:48.210+0530] {dag.py:2705} INFO - Sync 1 DAGs
[2023-04-16T15:34:48.220+0530] {logging_mixin.py:137} INFO - [2023-04-16T15:34:48.220+0530] {dag.py:3452} INFO - Setting next_dagrun for Lead_scoring_training_pipeline to 2023-03-01T00:00:00+00:00, run_after=2023-04-01T00:00:00+00:00
[2023-04-16T15:34:48.851+0530] {processor.py:175} INFO - Processing /home/nightfall/airflow/code/dags/Lead_scoring_training_pipeline/lead_scoring_training_pipeline.py took 1.429 seconds
[2023-04-16T15:35:25.998+0530] {processor.py:153} INFO - Started process (PID=126826) to work on /home/nightfall/airflow/code/dags/Lead_scoring_training_pipeline/lead_scoring_training_pipeline.py
[2023-04-16T15:35:25.999+0530] {processor.py:743} INFO - Processing file /home/nightfall/airflow/code/dags/Lead_scoring_training_pipeline/lead_scoring_training_pipeline.py for tasks to queue
[2023-04-16T15:35:26.000+0530] {logging_mixin.py:137} INFO - [2023-04-16T15:35:26.000+0530] {dagbag.py:532} INFO - Filling up the DagBag from /home/nightfall/airflow/code/dags/Lead_scoring_training_pipeline/lead_scoring_training_pipeline.py
[2023-04-16T15:35:26.070+0530] {logging_mixin.py:137} INFO - [2023-04-16T15:35:26.070+0530] {utils.py:148} INFO - Note: NumExpr detected 16 cores but "NUMEXPR_MAX_THREADS" not set, so enforcing safe limit of 8.
[2023-04-16T15:35:26.070+0530] {logging_mixin.py:137} INFO - [2023-04-16T15:35:26.070+0530] {utils.py:160} INFO - NumExpr defaulting to 8 threads.
[2023-04-16T15:35:26.853+0530] {processor.py:753} INFO - DAG(s) dict_keys(['Lead_scoring_training_pipeline']) retrieved from /home/nightfall/airflow/code/dags/Lead_scoring_training_pipeline/lead_scoring_training_pipeline.py
[2023-04-16T15:35:26.862+0530] {logging_mixin.py:137} INFO - [2023-04-16T15:35:26.861+0530] {dag.py:2705} INFO - Sync 1 DAGs
[2023-04-16T15:35:26.873+0530] {logging_mixin.py:137} INFO - [2023-04-16T15:35:26.873+0530] {dag.py:3452} INFO - Setting next_dagrun for Lead_scoring_training_pipeline to 2023-03-01T00:00:00+00:00, run_after=2023-04-01T00:00:00+00:00
[2023-04-16T15:35:27.572+0530] {processor.py:175} INFO - Processing /home/nightfall/airflow/code/dags/Lead_scoring_training_pipeline/lead_scoring_training_pipeline.py took 1.576 seconds
[2023-04-16T15:36:02.569+0530] {processor.py:153} INFO - Started process (PID=126910) to work on /home/nightfall/airflow/code/dags/Lead_scoring_training_pipeline/lead_scoring_training_pipeline.py
[2023-04-16T15:36:02.571+0530] {processor.py:743} INFO - Processing file /home/nightfall/airflow/code/dags/Lead_scoring_training_pipeline/lead_scoring_training_pipeline.py for tasks to queue
[2023-04-16T15:36:02.571+0530] {logging_mixin.py:137} INFO - [2023-04-16T15:36:02.571+0530] {dagbag.py:532} INFO - Filling up the DagBag from /home/nightfall/airflow/code/dags/Lead_scoring_training_pipeline/lead_scoring_training_pipeline.py
[2023-04-16T15:36:02.630+0530] {logging_mixin.py:137} INFO - [2023-04-16T15:36:02.630+0530] {utils.py:148} INFO - Note: NumExpr detected 16 cores but "NUMEXPR_MAX_THREADS" not set, so enforcing safe limit of 8.
[2023-04-16T15:36:02.630+0530] {logging_mixin.py:137} INFO - [2023-04-16T15:36:02.630+0530] {utils.py:160} INFO - NumExpr defaulting to 8 threads.
[2023-04-16T15:36:03.383+0530] {processor.py:753} INFO - DAG(s) dict_keys(['Lead_scoring_training_pipeline']) retrieved from /home/nightfall/airflow/code/dags/Lead_scoring_training_pipeline/lead_scoring_training_pipeline.py
[2023-04-16T15:36:03.391+0530] {logging_mixin.py:137} INFO - [2023-04-16T15:36:03.391+0530] {dag.py:2705} INFO - Sync 1 DAGs
[2023-04-16T15:36:03.401+0530] {logging_mixin.py:137} INFO - [2023-04-16T15:36:03.401+0530] {dag.py:3452} INFO - Setting next_dagrun for Lead_scoring_training_pipeline to 2023-03-01T00:00:00+00:00, run_after=2023-04-01T00:00:00+00:00
[2023-04-16T15:36:03.786+0530] {processor.py:175} INFO - Processing /home/nightfall/airflow/code/dags/Lead_scoring_training_pipeline/lead_scoring_training_pipeline.py took 1.218 seconds
[2023-04-16T15:40:43.436+0530] {processor.py:153} INFO - Started process (PID=127513) to work on /home/nightfall/airflow/code/dags/Lead_scoring_training_pipeline/lead_scoring_training_pipeline.py
[2023-04-16T15:40:43.449+0530] {processor.py:743} INFO - Processing file /home/nightfall/airflow/code/dags/Lead_scoring_training_pipeline/lead_scoring_training_pipeline.py for tasks to queue
[2023-04-16T15:40:43.450+0530] {logging_mixin.py:137} INFO - [2023-04-16T15:40:43.450+0530] {dagbag.py:532} INFO - Filling up the DagBag from /home/nightfall/airflow/code/dags/Lead_scoring_training_pipeline/lead_scoring_training_pipeline.py
[2023-04-16T15:40:43.516+0530] {logging_mixin.py:137} INFO - [2023-04-16T15:40:43.516+0530] {utils.py:148} INFO - Note: NumExpr detected 16 cores but "NUMEXPR_MAX_THREADS" not set, so enforcing safe limit of 8.
[2023-04-16T15:40:43.516+0530] {logging_mixin.py:137} INFO - [2023-04-16T15:40:43.516+0530] {utils.py:160} INFO - NumExpr defaulting to 8 threads.
[2023-04-16T15:40:44.274+0530] {processor.py:753} INFO - DAG(s) dict_keys(['Lead_scoring_training_pipeline']) retrieved from /home/nightfall/airflow/code/dags/Lead_scoring_training_pipeline/lead_scoring_training_pipeline.py
[2023-04-16T15:40:44.277+0530] {logging_mixin.py:137} INFO - [2023-04-16T15:40:44.277+0530] {dag.py:2705} INFO - Sync 1 DAGs
[2023-04-16T15:40:44.288+0530] {logging_mixin.py:137} INFO - [2023-04-16T15:40:44.288+0530] {dag.py:3452} INFO - Setting next_dagrun for Lead_scoring_training_pipeline to 2023-03-01T00:00:00+00:00, run_after=2023-04-01T00:00:00+00:00
[2023-04-16T15:40:44.319+0530] {processor.py:175} INFO - Processing /home/nightfall/airflow/code/dags/Lead_scoring_training_pipeline/lead_scoring_training_pipeline.py took 0.885 seconds
[2023-04-16T15:41:14.453+0530] {processor.py:153} INFO - Started process (PID=127609) to work on /home/nightfall/airflow/code/dags/Lead_scoring_training_pipeline/lead_scoring_training_pipeline.py
[2023-04-16T15:41:14.454+0530] {processor.py:743} INFO - Processing file /home/nightfall/airflow/code/dags/Lead_scoring_training_pipeline/lead_scoring_training_pipeline.py for tasks to queue
[2023-04-16T15:41:14.455+0530] {logging_mixin.py:137} INFO - [2023-04-16T15:41:14.454+0530] {dagbag.py:532} INFO - Filling up the DagBag from /home/nightfall/airflow/code/dags/Lead_scoring_training_pipeline/lead_scoring_training_pipeline.py
[2023-04-16T15:41:14.518+0530] {logging_mixin.py:137} INFO - [2023-04-16T15:41:14.518+0530] {utils.py:148} INFO - Note: NumExpr detected 16 cores but "NUMEXPR_MAX_THREADS" not set, so enforcing safe limit of 8.
[2023-04-16T15:41:14.518+0530] {logging_mixin.py:137} INFO - [2023-04-16T15:41:14.518+0530] {utils.py:160} INFO - NumExpr defaulting to 8 threads.
[2023-04-16T15:41:15.246+0530] {processor.py:753} INFO - DAG(s) dict_keys(['Lead_scoring_training_pipeline']) retrieved from /home/nightfall/airflow/code/dags/Lead_scoring_training_pipeline/lead_scoring_training_pipeline.py
[2023-04-16T15:41:15.255+0530] {logging_mixin.py:137} INFO - [2023-04-16T15:41:15.255+0530] {dag.py:2705} INFO - Sync 1 DAGs
[2023-04-16T15:41:15.266+0530] {logging_mixin.py:137} INFO - [2023-04-16T15:41:15.266+0530] {dag.py:3452} INFO - Setting next_dagrun for Lead_scoring_training_pipeline to 2023-03-01T00:00:00+00:00, run_after=2023-04-01T00:00:00+00:00
[2023-04-16T15:41:15.283+0530] {processor.py:175} INFO - Processing /home/nightfall/airflow/code/dags/Lead_scoring_training_pipeline/lead_scoring_training_pipeline.py took 0.832 seconds
[2023-04-16T15:41:45.585+0530] {processor.py:153} INFO - Started process (PID=127666) to work on /home/nightfall/airflow/code/dags/Lead_scoring_training_pipeline/lead_scoring_training_pipeline.py
[2023-04-16T15:41:45.586+0530] {processor.py:743} INFO - Processing file /home/nightfall/airflow/code/dags/Lead_scoring_training_pipeline/lead_scoring_training_pipeline.py for tasks to queue
[2023-04-16T15:41:45.587+0530] {logging_mixin.py:137} INFO - [2023-04-16T15:41:45.587+0530] {dagbag.py:532} INFO - Filling up the DagBag from /home/nightfall/airflow/code/dags/Lead_scoring_training_pipeline/lead_scoring_training_pipeline.py
[2023-04-16T15:41:45.635+0530] {logging_mixin.py:137} INFO - [2023-04-16T15:41:45.634+0530] {utils.py:148} INFO - Note: NumExpr detected 16 cores but "NUMEXPR_MAX_THREADS" not set, so enforcing safe limit of 8.
[2023-04-16T15:41:45.635+0530] {logging_mixin.py:137} INFO - [2023-04-16T15:41:45.635+0530] {utils.py:160} INFO - NumExpr defaulting to 8 threads.
[2023-04-16T15:41:46.360+0530] {processor.py:753} INFO - DAG(s) dict_keys(['Lead_scoring_training_pipeline']) retrieved from /home/nightfall/airflow/code/dags/Lead_scoring_training_pipeline/lead_scoring_training_pipeline.py
[2023-04-16T15:41:46.368+0530] {logging_mixin.py:137} INFO - [2023-04-16T15:41:46.367+0530] {dag.py:2705} INFO - Sync 1 DAGs
[2023-04-16T15:41:46.378+0530] {logging_mixin.py:137} INFO - [2023-04-16T15:41:46.378+0530] {dag.py:3452} INFO - Setting next_dagrun for Lead_scoring_training_pipeline to 2023-03-01T00:00:00+00:00, run_after=2023-04-01T00:00:00+00:00
[2023-04-16T15:41:46.395+0530] {processor.py:175} INFO - Processing /home/nightfall/airflow/code/dags/Lead_scoring_training_pipeline/lead_scoring_training_pipeline.py took 0.812 seconds
[2023-04-16T21:43:25.887+0530] {processor.py:153} INFO - Started process (PID=38786) to work on /home/nightfall/airflow/code/dags/Lead_scoring_training_pipeline/lead_scoring_training_pipeline.py
[2023-04-16T21:43:25.896+0530] {processor.py:743} INFO - Processing file /home/nightfall/airflow/code/dags/Lead_scoring_training_pipeline/lead_scoring_training_pipeline.py for tasks to queue
[2023-04-16T21:43:25.896+0530] {logging_mixin.py:137} INFO - [2023-04-16T21:43:25.896+0530] {dagbag.py:532} INFO - Filling up the DagBag from /home/nightfall/airflow/code/dags/Lead_scoring_training_pipeline/lead_scoring_training_pipeline.py
[2023-04-16T21:43:25.943+0530] {logging_mixin.py:137} INFO - [2023-04-16T21:43:25.943+0530] {utils.py:148} INFO - Note: NumExpr detected 16 cores but "NUMEXPR_MAX_THREADS" not set, so enforcing safe limit of 8.
[2023-04-16T21:43:25.943+0530] {logging_mixin.py:137} INFO - [2023-04-16T21:43:25.943+0530] {utils.py:160} INFO - NumExpr defaulting to 8 threads.
[2023-04-16T21:43:26.631+0530] {processor.py:753} INFO - DAG(s) dict_keys(['Lead_scoring_training_pipeline']) retrieved from /home/nightfall/airflow/code/dags/Lead_scoring_training_pipeline/lead_scoring_training_pipeline.py
[2023-04-16T21:43:26.653+0530] {logging_mixin.py:137} INFO - [2023-04-16T21:43:26.653+0530] {dag.py:2705} INFO - Sync 1 DAGs
[2023-04-16T21:43:26.662+0530] {logging_mixin.py:137} INFO - [2023-04-16T21:43:26.662+0530] {dag.py:3452} INFO - Setting next_dagrun for Lead_scoring_training_pipeline to 2023-03-01T00:00:00+00:00, run_after=2023-04-01T00:00:00+00:00
[2023-04-16T21:43:26.709+0530] {processor.py:175} INFO - Processing /home/nightfall/airflow/code/dags/Lead_scoring_training_pipeline/lead_scoring_training_pipeline.py took 0.823 seconds
[2023-04-16T21:44:03.925+0530] {processor.py:153} INFO - Started process (PID=38911) to work on /home/nightfall/airflow/code/dags/Lead_scoring_training_pipeline/lead_scoring_training_pipeline.py
[2023-04-16T21:44:03.939+0530] {processor.py:743} INFO - Processing file /home/nightfall/airflow/code/dags/Lead_scoring_training_pipeline/lead_scoring_training_pipeline.py for tasks to queue
[2023-04-16T21:44:03.940+0530] {logging_mixin.py:137} INFO - [2023-04-16T21:44:03.940+0530] {dagbag.py:532} INFO - Filling up the DagBag from /home/nightfall/airflow/code/dags/Lead_scoring_training_pipeline/lead_scoring_training_pipeline.py
[2023-04-16T21:44:03.990+0530] {logging_mixin.py:137} INFO - [2023-04-16T21:44:03.989+0530] {utils.py:148} INFO - Note: NumExpr detected 16 cores but "NUMEXPR_MAX_THREADS" not set, so enforcing safe limit of 8.
[2023-04-16T21:44:03.990+0530] {logging_mixin.py:137} INFO - [2023-04-16T21:44:03.990+0530] {utils.py:160} INFO - NumExpr defaulting to 8 threads.
[2023-04-16T21:44:04.729+0530] {processor.py:753} INFO - DAG(s) dict_keys(['Lead_scoring_training_pipeline']) retrieved from /home/nightfall/airflow/code/dags/Lead_scoring_training_pipeline/lead_scoring_training_pipeline.py
[2023-04-16T21:44:04.818+0530] {logging_mixin.py:137} INFO - [2023-04-16T21:44:04.818+0530] {dag.py:2705} INFO - Sync 1 DAGs
[2023-04-16T21:44:04.840+0530] {logging_mixin.py:137} INFO - [2023-04-16T21:44:04.840+0530] {dag.py:3452} INFO - Setting next_dagrun for Lead_scoring_training_pipeline to 2023-03-01T00:00:00+00:00, run_after=2023-04-01T00:00:00+00:00
[2023-04-16T21:44:04.869+0530] {processor.py:175} INFO - Processing /home/nightfall/airflow/code/dags/Lead_scoring_training_pipeline/lead_scoring_training_pipeline.py took 0.945 seconds
[2023-04-16T21:44:42.637+0530] {processor.py:153} INFO - Started process (PID=39031) to work on /home/nightfall/airflow/code/dags/Lead_scoring_training_pipeline/lead_scoring_training_pipeline.py
[2023-04-16T21:44:42.638+0530] {processor.py:743} INFO - Processing file /home/nightfall/airflow/code/dags/Lead_scoring_training_pipeline/lead_scoring_training_pipeline.py for tasks to queue
[2023-04-16T21:44:42.638+0530] {logging_mixin.py:137} INFO - [2023-04-16T21:44:42.638+0530] {dagbag.py:532} INFO - Filling up the DagBag from /home/nightfall/airflow/code/dags/Lead_scoring_training_pipeline/lead_scoring_training_pipeline.py
[2023-04-16T21:44:42.684+0530] {logging_mixin.py:137} INFO - [2023-04-16T21:44:42.684+0530] {utils.py:148} INFO - Note: NumExpr detected 16 cores but "NUMEXPR_MAX_THREADS" not set, so enforcing safe limit of 8.
[2023-04-16T21:44:42.684+0530] {logging_mixin.py:137} INFO - [2023-04-16T21:44:42.684+0530] {utils.py:160} INFO - NumExpr defaulting to 8 threads.
[2023-04-16T21:44:43.407+0530] {processor.py:753} INFO - DAG(s) dict_keys(['Lead_scoring_training_pipeline']) retrieved from /home/nightfall/airflow/code/dags/Lead_scoring_training_pipeline/lead_scoring_training_pipeline.py
[2023-04-16T21:44:43.415+0530] {logging_mixin.py:137} INFO - [2023-04-16T21:44:43.415+0530] {dag.py:2705} INFO - Sync 1 DAGs
[2023-04-16T21:44:43.425+0530] {logging_mixin.py:137} INFO - [2023-04-16T21:44:43.425+0530] {dag.py:3452} INFO - Setting next_dagrun for Lead_scoring_training_pipeline to 2023-03-01T00:00:00+00:00, run_after=2023-04-01T00:00:00+00:00
[2023-04-16T21:44:43.647+0530] {processor.py:175} INFO - Processing /home/nightfall/airflow/code/dags/Lead_scoring_training_pipeline/lead_scoring_training_pipeline.py took 1.012 seconds
[2023-04-16T21:45:22.678+0530] {processor.py:153} INFO - Started process (PID=39149) to work on /home/nightfall/airflow/code/dags/Lead_scoring_training_pipeline/lead_scoring_training_pipeline.py
[2023-04-16T21:45:22.679+0530] {processor.py:743} INFO - Processing file /home/nightfall/airflow/code/dags/Lead_scoring_training_pipeline/lead_scoring_training_pipeline.py for tasks to queue
[2023-04-16T21:45:22.679+0530] {logging_mixin.py:137} INFO - [2023-04-16T21:45:22.679+0530] {dagbag.py:532} INFO - Filling up the DagBag from /home/nightfall/airflow/code/dags/Lead_scoring_training_pipeline/lead_scoring_training_pipeline.py
[2023-04-16T21:45:22.724+0530] {logging_mixin.py:137} INFO - [2023-04-16T21:45:22.724+0530] {utils.py:148} INFO - Note: NumExpr detected 16 cores but "NUMEXPR_MAX_THREADS" not set, so enforcing safe limit of 8.
[2023-04-16T21:45:22.725+0530] {logging_mixin.py:137} INFO - [2023-04-16T21:45:22.725+0530] {utils.py:160} INFO - NumExpr defaulting to 8 threads.
[2023-04-16T21:45:23.466+0530] {processor.py:753} INFO - DAG(s) dict_keys(['Lead_scoring_training_pipeline']) retrieved from /home/nightfall/airflow/code/dags/Lead_scoring_training_pipeline/lead_scoring_training_pipeline.py
[2023-04-16T21:45:23.475+0530] {logging_mixin.py:137} INFO - [2023-04-16T21:45:23.475+0530] {dag.py:2705} INFO - Sync 1 DAGs
[2023-04-16T21:45:23.486+0530] {logging_mixin.py:137} INFO - [2023-04-16T21:45:23.486+0530] {dag.py:3452} INFO - Setting next_dagrun for Lead_scoring_training_pipeline to 2023-03-01T00:00:00+00:00, run_after=2023-04-01T00:00:00+00:00
[2023-04-16T21:45:24.152+0530] {processor.py:175} INFO - Processing /home/nightfall/airflow/code/dags/Lead_scoring_training_pipeline/lead_scoring_training_pipeline.py took 1.476 seconds
[2023-04-16T21:46:04.469+0530] {processor.py:153} INFO - Started process (PID=39286) to work on /home/nightfall/airflow/code/dags/Lead_scoring_training_pipeline/lead_scoring_training_pipeline.py
[2023-04-16T21:46:04.484+0530] {processor.py:743} INFO - Processing file /home/nightfall/airflow/code/dags/Lead_scoring_training_pipeline/lead_scoring_training_pipeline.py for tasks to queue
[2023-04-16T21:46:04.484+0530] {logging_mixin.py:137} INFO - [2023-04-16T21:46:04.484+0530] {dagbag.py:532} INFO - Filling up the DagBag from /home/nightfall/airflow/code/dags/Lead_scoring_training_pipeline/lead_scoring_training_pipeline.py
[2023-04-16T21:46:04.554+0530] {logging_mixin.py:137} INFO - [2023-04-16T21:46:04.554+0530] {utils.py:148} INFO - Note: NumExpr detected 16 cores but "NUMEXPR_MAX_THREADS" not set, so enforcing safe limit of 8.
[2023-04-16T21:46:04.554+0530] {logging_mixin.py:137} INFO - [2023-04-16T21:46:04.554+0530] {utils.py:160} INFO - NumExpr defaulting to 8 threads.
[2023-04-16T21:46:05.256+0530] {processor.py:753} INFO - DAG(s) dict_keys(['Lead_scoring_training_pipeline']) retrieved from /home/nightfall/airflow/code/dags/Lead_scoring_training_pipeline/lead_scoring_training_pipeline.py
[2023-04-16T21:46:05.263+0530] {logging_mixin.py:137} INFO - [2023-04-16T21:46:05.263+0530] {dag.py:2705} INFO - Sync 1 DAGs
[2023-04-16T21:46:05.274+0530] {logging_mixin.py:137} INFO - [2023-04-16T21:46:05.274+0530] {dag.py:3452} INFO - Setting next_dagrun for Lead_scoring_training_pipeline to 2023-03-01T00:00:00+00:00, run_after=2023-04-01T00:00:00+00:00
[2023-04-16T21:46:05.304+0530] {processor.py:175} INFO - Processing /home/nightfall/airflow/code/dags/Lead_scoring_training_pipeline/lead_scoring_training_pipeline.py took 0.837 seconds
[2023-04-16T21:46:43.324+0530] {processor.py:153} INFO - Started process (PID=39439) to work on /home/nightfall/airflow/code/dags/Lead_scoring_training_pipeline/lead_scoring_training_pipeline.py
[2023-04-16T21:46:43.326+0530] {processor.py:743} INFO - Processing file /home/nightfall/airflow/code/dags/Lead_scoring_training_pipeline/lead_scoring_training_pipeline.py for tasks to queue
[2023-04-16T21:46:43.327+0530] {logging_mixin.py:137} INFO - [2023-04-16T21:46:43.326+0530] {dagbag.py:532} INFO - Filling up the DagBag from /home/nightfall/airflow/code/dags/Lead_scoring_training_pipeline/lead_scoring_training_pipeline.py
[2023-04-16T21:46:43.389+0530] {logging_mixin.py:137} INFO - [2023-04-16T21:46:43.388+0530] {utils.py:148} INFO - Note: NumExpr detected 16 cores but "NUMEXPR_MAX_THREADS" not set, so enforcing safe limit of 8.
[2023-04-16T21:46:43.389+0530] {logging_mixin.py:137} INFO - [2023-04-16T21:46:43.389+0530] {utils.py:160} INFO - NumExpr defaulting to 8 threads.
[2023-04-16T21:46:44.094+0530] {processor.py:753} INFO - DAG(s) dict_keys(['Lead_scoring_training_pipeline']) retrieved from /home/nightfall/airflow/code/dags/Lead_scoring_training_pipeline/lead_scoring_training_pipeline.py
[2023-04-16T21:46:44.102+0530] {logging_mixin.py:137} INFO - [2023-04-16T21:46:44.101+0530] {dag.py:2705} INFO - Sync 1 DAGs
[2023-04-16T21:46:44.113+0530] {logging_mixin.py:137} INFO - [2023-04-16T21:46:44.113+0530] {dag.py:3452} INFO - Setting next_dagrun for Lead_scoring_training_pipeline to 2023-03-01T00:00:00+00:00, run_after=2023-04-01T00:00:00+00:00
[2023-04-16T21:46:44.146+0530] {processor.py:175} INFO - Processing /home/nightfall/airflow/code/dags/Lead_scoring_training_pipeline/lead_scoring_training_pipeline.py took 0.824 seconds
[2023-04-16T21:47:21.830+0530] {processor.py:153} INFO - Started process (PID=39575) to work on /home/nightfall/airflow/code/dags/Lead_scoring_training_pipeline/lead_scoring_training_pipeline.py
[2023-04-16T21:47:21.832+0530] {processor.py:743} INFO - Processing file /home/nightfall/airflow/code/dags/Lead_scoring_training_pipeline/lead_scoring_training_pipeline.py for tasks to queue
[2023-04-16T21:47:21.832+0530] {logging_mixin.py:137} INFO - [2023-04-16T21:47:21.832+0530] {dagbag.py:532} INFO - Filling up the DagBag from /home/nightfall/airflow/code/dags/Lead_scoring_training_pipeline/lead_scoring_training_pipeline.py
[2023-04-16T21:47:21.891+0530] {logging_mixin.py:137} INFO - [2023-04-16T21:47:21.891+0530] {utils.py:148} INFO - Note: NumExpr detected 16 cores but "NUMEXPR_MAX_THREADS" not set, so enforcing safe limit of 8.
[2023-04-16T21:47:21.892+0530] {logging_mixin.py:137} INFO - [2023-04-16T21:47:21.891+0530] {utils.py:160} INFO - NumExpr defaulting to 8 threads.
[2023-04-16T21:47:22.632+0530] {processor.py:753} INFO - DAG(s) dict_keys(['Lead_scoring_training_pipeline']) retrieved from /home/nightfall/airflow/code/dags/Lead_scoring_training_pipeline/lead_scoring_training_pipeline.py
[2023-04-16T21:47:22.641+0530] {logging_mixin.py:137} INFO - [2023-04-16T21:47:22.640+0530] {dag.py:2705} INFO - Sync 1 DAGs
[2023-04-16T21:47:22.651+0530] {logging_mixin.py:137} INFO - [2023-04-16T21:47:22.651+0530] {dag.py:3452} INFO - Setting next_dagrun for Lead_scoring_training_pipeline to 2023-03-01T00:00:00+00:00, run_after=2023-04-01T00:00:00+00:00
[2023-04-16T21:47:22.669+0530] {processor.py:175} INFO - Processing /home/nightfall/airflow/code/dags/Lead_scoring_training_pipeline/lead_scoring_training_pipeline.py took 0.841 seconds
[2023-04-16T21:48:02.367+0530] {processor.py:153} INFO - Started process (PID=39733) to work on /home/nightfall/airflow/code/dags/Lead_scoring_training_pipeline/lead_scoring_training_pipeline.py
[2023-04-16T21:48:02.369+0530] {processor.py:743} INFO - Processing file /home/nightfall/airflow/code/dags/Lead_scoring_training_pipeline/lead_scoring_training_pipeline.py for tasks to queue
[2023-04-16T21:48:02.370+0530] {logging_mixin.py:137} INFO - [2023-04-16T21:48:02.370+0530] {dagbag.py:532} INFO - Filling up the DagBag from /home/nightfall/airflow/code/dags/Lead_scoring_training_pipeline/lead_scoring_training_pipeline.py
[2023-04-16T21:48:02.437+0530] {logging_mixin.py:137} INFO - [2023-04-16T21:48:02.437+0530] {utils.py:148} INFO - Note: NumExpr detected 16 cores but "NUMEXPR_MAX_THREADS" not set, so enforcing safe limit of 8.
[2023-04-16T21:48:02.437+0530] {logging_mixin.py:137} INFO - [2023-04-16T21:48:02.437+0530] {utils.py:160} INFO - NumExpr defaulting to 8 threads.
[2023-04-16T21:48:03.200+0530] {processor.py:753} INFO - DAG(s) dict_keys(['Lead_scoring_training_pipeline']) retrieved from /home/nightfall/airflow/code/dags/Lead_scoring_training_pipeline/lead_scoring_training_pipeline.py
[2023-04-16T21:48:03.209+0530] {logging_mixin.py:137} INFO - [2023-04-16T21:48:03.208+0530] {dag.py:2705} INFO - Sync 1 DAGs
[2023-04-16T21:48:03.218+0530] {logging_mixin.py:137} INFO - [2023-04-16T21:48:03.218+0530] {dag.py:3452} INFO - Setting next_dagrun for Lead_scoring_training_pipeline to 2023-03-01T00:00:00+00:00, run_after=2023-04-01T00:00:00+00:00
[2023-04-16T21:48:03.936+0530] {processor.py:175} INFO - Processing /home/nightfall/airflow/code/dags/Lead_scoring_training_pipeline/lead_scoring_training_pipeline.py took 1.570 seconds
[2023-04-16T21:48:49.859+0530] {processor.py:153} INFO - Started process (PID=39889) to work on /home/nightfall/airflow/code/dags/Lead_scoring_training_pipeline/lead_scoring_training_pipeline.py
[2023-04-16T21:48:49.860+0530] {processor.py:743} INFO - Processing file /home/nightfall/airflow/code/dags/Lead_scoring_training_pipeline/lead_scoring_training_pipeline.py for tasks to queue
[2023-04-16T21:48:49.861+0530] {logging_mixin.py:137} INFO - [2023-04-16T21:48:49.861+0530] {dagbag.py:532} INFO - Filling up the DagBag from /home/nightfall/airflow/code/dags/Lead_scoring_training_pipeline/lead_scoring_training_pipeline.py
[2023-04-16T21:48:49.928+0530] {logging_mixin.py:137} INFO - [2023-04-16T21:48:49.928+0530] {utils.py:148} INFO - Note: NumExpr detected 16 cores but "NUMEXPR_MAX_THREADS" not set, so enforcing safe limit of 8.
[2023-04-16T21:48:49.928+0530] {logging_mixin.py:137} INFO - [2023-04-16T21:48:49.928+0530] {utils.py:160} INFO - NumExpr defaulting to 8 threads.
[2023-04-16T21:48:50.669+0530] {processor.py:753} INFO - DAG(s) dict_keys(['Lead_scoring_training_pipeline']) retrieved from /home/nightfall/airflow/code/dags/Lead_scoring_training_pipeline/lead_scoring_training_pipeline.py
[2023-04-16T21:48:50.677+0530] {logging_mixin.py:137} INFO - [2023-04-16T21:48:50.677+0530] {dag.py:2705} INFO - Sync 1 DAGs
[2023-04-16T21:48:50.687+0530] {logging_mixin.py:137} INFO - [2023-04-16T21:48:50.687+0530] {dag.py:3452} INFO - Setting next_dagrun for Lead_scoring_training_pipeline to 2023-04-01T00:00:00+00:00, run_after=2023-05-01T00:00:00+00:00
[2023-04-16T21:48:50.708+0530] {processor.py:175} INFO - Processing /home/nightfall/airflow/code/dags/Lead_scoring_training_pipeline/lead_scoring_training_pipeline.py took 0.851 seconds
[2023-04-16T21:49:27.402+0530] {processor.py:153} INFO - Started process (PID=40002) to work on /home/nightfall/airflow/code/dags/Lead_scoring_training_pipeline/lead_scoring_training_pipeline.py
[2023-04-16T21:49:27.404+0530] {processor.py:743} INFO - Processing file /home/nightfall/airflow/code/dags/Lead_scoring_training_pipeline/lead_scoring_training_pipeline.py for tasks to queue
[2023-04-16T21:49:27.405+0530] {logging_mixin.py:137} INFO - [2023-04-16T21:49:27.405+0530] {dagbag.py:532} INFO - Filling up the DagBag from /home/nightfall/airflow/code/dags/Lead_scoring_training_pipeline/lead_scoring_training_pipeline.py
[2023-04-16T21:49:27.467+0530] {logging_mixin.py:137} INFO - [2023-04-16T21:49:27.467+0530] {utils.py:148} INFO - Note: NumExpr detected 16 cores but "NUMEXPR_MAX_THREADS" not set, so enforcing safe limit of 8.
[2023-04-16T21:49:27.468+0530] {logging_mixin.py:137} INFO - [2023-04-16T21:49:27.468+0530] {utils.py:160} INFO - NumExpr defaulting to 8 threads.
[2023-04-16T21:49:28.150+0530] {processor.py:753} INFO - DAG(s) dict_keys(['Lead_scoring_training_pipeline']) retrieved from /home/nightfall/airflow/code/dags/Lead_scoring_training_pipeline/lead_scoring_training_pipeline.py
[2023-04-16T21:49:28.157+0530] {logging_mixin.py:137} INFO - [2023-04-16T21:49:28.157+0530] {dag.py:2705} INFO - Sync 1 DAGs
[2023-04-16T21:49:28.167+0530] {logging_mixin.py:137} INFO - [2023-04-16T21:49:28.167+0530] {dag.py:3452} INFO - Setting next_dagrun for Lead_scoring_training_pipeline to 2023-04-01T00:00:00+00:00, run_after=2023-05-01T00:00:00+00:00
[2023-04-16T21:49:28.190+0530] {processor.py:175} INFO - Processing /home/nightfall/airflow/code/dags/Lead_scoring_training_pipeline/lead_scoring_training_pipeline.py took 0.790 seconds
[2023-04-16T21:50:03.033+0530] {processor.py:153} INFO - Started process (PID=40127) to work on /home/nightfall/airflow/code/dags/Lead_scoring_training_pipeline/lead_scoring_training_pipeline.py
[2023-04-16T21:50:03.035+0530] {processor.py:743} INFO - Processing file /home/nightfall/airflow/code/dags/Lead_scoring_training_pipeline/lead_scoring_training_pipeline.py for tasks to queue
[2023-04-16T21:50:03.035+0530] {logging_mixin.py:137} INFO - [2023-04-16T21:50:03.035+0530] {dagbag.py:532} INFO - Filling up the DagBag from /home/nightfall/airflow/code/dags/Lead_scoring_training_pipeline/lead_scoring_training_pipeline.py
[2023-04-16T21:50:03.080+0530] {logging_mixin.py:137} INFO - [2023-04-16T21:50:03.080+0530] {utils.py:148} INFO - Note: NumExpr detected 16 cores but "NUMEXPR_MAX_THREADS" not set, so enforcing safe limit of 8.
[2023-04-16T21:50:03.080+0530] {logging_mixin.py:137} INFO - [2023-04-16T21:50:03.080+0530] {utils.py:160} INFO - NumExpr defaulting to 8 threads.
[2023-04-16T21:50:03.784+0530] {processor.py:753} INFO - DAG(s) dict_keys(['Lead_scoring_training_pipeline']) retrieved from /home/nightfall/airflow/code/dags/Lead_scoring_training_pipeline/lead_scoring_training_pipeline.py
[2023-04-16T21:50:03.792+0530] {logging_mixin.py:137} INFO - [2023-04-16T21:50:03.791+0530] {dag.py:2705} INFO - Sync 1 DAGs
[2023-04-16T21:50:03.802+0530] {logging_mixin.py:137} INFO - [2023-04-16T21:50:03.801+0530] {dag.py:3452} INFO - Setting next_dagrun for Lead_scoring_training_pipeline to 2023-04-01T00:00:00+00:00, run_after=2023-05-01T00:00:00+00:00
[2023-04-16T21:50:03.887+0530] {processor.py:175} INFO - Processing /home/nightfall/airflow/code/dags/Lead_scoring_training_pipeline/lead_scoring_training_pipeline.py took 0.855 seconds
[2023-04-16T21:50:39.393+0530] {processor.py:153} INFO - Started process (PID=40252) to work on /home/nightfall/airflow/code/dags/Lead_scoring_training_pipeline/lead_scoring_training_pipeline.py
[2023-04-16T21:50:39.395+0530] {processor.py:743} INFO - Processing file /home/nightfall/airflow/code/dags/Lead_scoring_training_pipeline/lead_scoring_training_pipeline.py for tasks to queue
[2023-04-16T21:50:39.395+0530] {logging_mixin.py:137} INFO - [2023-04-16T21:50:39.395+0530] {dagbag.py:532} INFO - Filling up the DagBag from /home/nightfall/airflow/code/dags/Lead_scoring_training_pipeline/lead_scoring_training_pipeline.py
[2023-04-16T21:50:39.442+0530] {logging_mixin.py:137} INFO - [2023-04-16T21:50:39.442+0530] {utils.py:148} INFO - Note: NumExpr detected 16 cores but "NUMEXPR_MAX_THREADS" not set, so enforcing safe limit of 8.
[2023-04-16T21:50:39.442+0530] {logging_mixin.py:137} INFO - [2023-04-16T21:50:39.442+0530] {utils.py:160} INFO - NumExpr defaulting to 8 threads.
[2023-04-16T21:50:40.142+0530] {processor.py:753} INFO - DAG(s) dict_keys(['Lead_scoring_training_pipeline']) retrieved from /home/nightfall/airflow/code/dags/Lead_scoring_training_pipeline/lead_scoring_training_pipeline.py
[2023-04-16T21:50:40.150+0530] {logging_mixin.py:137} INFO - [2023-04-16T21:50:40.150+0530] {dag.py:2705} INFO - Sync 1 DAGs
[2023-04-16T21:50:40.160+0530] {logging_mixin.py:137} INFO - [2023-04-16T21:50:40.160+0530] {dag.py:3452} INFO - Setting next_dagrun for Lead_scoring_training_pipeline to 2023-04-01T00:00:00+00:00, run_after=2023-05-01T00:00:00+00:00
[2023-04-16T21:50:40.178+0530] {processor.py:175} INFO - Processing /home/nightfall/airflow/code/dags/Lead_scoring_training_pipeline/lead_scoring_training_pipeline.py took 0.786 seconds
[2023-04-16T21:51:15.990+0530] {processor.py:153} INFO - Started process (PID=40385) to work on /home/nightfall/airflow/code/dags/Lead_scoring_training_pipeline/lead_scoring_training_pipeline.py
[2023-04-16T21:51:15.991+0530] {processor.py:743} INFO - Processing file /home/nightfall/airflow/code/dags/Lead_scoring_training_pipeline/lead_scoring_training_pipeline.py for tasks to queue
[2023-04-16T21:51:15.992+0530] {logging_mixin.py:137} INFO - [2023-04-16T21:51:15.992+0530] {dagbag.py:532} INFO - Filling up the DagBag from /home/nightfall/airflow/code/dags/Lead_scoring_training_pipeline/lead_scoring_training_pipeline.py
[2023-04-16T21:51:16.035+0530] {logging_mixin.py:137} INFO - [2023-04-16T21:51:16.035+0530] {utils.py:148} INFO - Note: NumExpr detected 16 cores but "NUMEXPR_MAX_THREADS" not set, so enforcing safe limit of 8.
[2023-04-16T21:51:16.035+0530] {logging_mixin.py:137} INFO - [2023-04-16T21:51:16.035+0530] {utils.py:160} INFO - NumExpr defaulting to 8 threads.
[2023-04-16T21:51:16.744+0530] {processor.py:753} INFO - DAG(s) dict_keys(['Lead_scoring_training_pipeline']) retrieved from /home/nightfall/airflow/code/dags/Lead_scoring_training_pipeline/lead_scoring_training_pipeline.py
[2023-04-16T21:51:16.751+0530] {logging_mixin.py:137} INFO - [2023-04-16T21:51:16.751+0530] {dag.py:2705} INFO - Sync 1 DAGs
[2023-04-16T21:51:16.761+0530] {logging_mixin.py:137} INFO - [2023-04-16T21:51:16.761+0530] {dag.py:3452} INFO - Setting next_dagrun for Lead_scoring_training_pipeline to 2023-04-01T00:00:00+00:00, run_after=2023-05-01T00:00:00+00:00
[2023-04-16T21:51:16.813+0530] {processor.py:175} INFO - Processing /home/nightfall/airflow/code/dags/Lead_scoring_training_pipeline/lead_scoring_training_pipeline.py took 0.824 seconds
[2023-04-16T21:51:53.564+0530] {processor.py:153} INFO - Started process (PID=40509) to work on /home/nightfall/airflow/code/dags/Lead_scoring_training_pipeline/lead_scoring_training_pipeline.py
[2023-04-16T21:51:53.566+0530] {processor.py:743} INFO - Processing file /home/nightfall/airflow/code/dags/Lead_scoring_training_pipeline/lead_scoring_training_pipeline.py for tasks to queue
[2023-04-16T21:51:53.566+0530] {logging_mixin.py:137} INFO - [2023-04-16T21:51:53.566+0530] {dagbag.py:532} INFO - Filling up the DagBag from /home/nightfall/airflow/code/dags/Lead_scoring_training_pipeline/lead_scoring_training_pipeline.py
[2023-04-16T21:51:53.630+0530] {logging_mixin.py:137} INFO - [2023-04-16T21:51:53.629+0530] {utils.py:148} INFO - Note: NumExpr detected 16 cores but "NUMEXPR_MAX_THREADS" not set, so enforcing safe limit of 8.
[2023-04-16T21:51:53.630+0530] {logging_mixin.py:137} INFO - [2023-04-16T21:51:53.630+0530] {utils.py:160} INFO - NumExpr defaulting to 8 threads.
[2023-04-16T21:51:54.321+0530] {processor.py:753} INFO - DAG(s) dict_keys(['Lead_scoring_training_pipeline']) retrieved from /home/nightfall/airflow/code/dags/Lead_scoring_training_pipeline/lead_scoring_training_pipeline.py
[2023-04-16T21:51:54.329+0530] {logging_mixin.py:137} INFO - [2023-04-16T21:51:54.329+0530] {dag.py:2705} INFO - Sync 1 DAGs
[2023-04-16T21:51:54.339+0530] {logging_mixin.py:137} INFO - [2023-04-16T21:51:54.339+0530] {dag.py:3452} INFO - Setting next_dagrun for Lead_scoring_training_pipeline to 2023-04-01T00:00:00+00:00, run_after=2023-05-01T00:00:00+00:00
[2023-04-16T21:51:54.357+0530] {processor.py:175} INFO - Processing /home/nightfall/airflow/code/dags/Lead_scoring_training_pipeline/lead_scoring_training_pipeline.py took 0.794 seconds
[2023-04-16T21:52:33.785+0530] {processor.py:153} INFO - Started process (PID=40656) to work on /home/nightfall/airflow/code/dags/Lead_scoring_training_pipeline/lead_scoring_training_pipeline.py
[2023-04-16T21:52:33.788+0530] {processor.py:743} INFO - Processing file /home/nightfall/airflow/code/dags/Lead_scoring_training_pipeline/lead_scoring_training_pipeline.py for tasks to queue
[2023-04-16T21:52:33.788+0530] {logging_mixin.py:137} INFO - [2023-04-16T21:52:33.788+0530] {dagbag.py:532} INFO - Filling up the DagBag from /home/nightfall/airflow/code/dags/Lead_scoring_training_pipeline/lead_scoring_training_pipeline.py
[2023-04-16T21:52:33.832+0530] {logging_mixin.py:137} INFO - [2023-04-16T21:52:33.832+0530] {utils.py:148} INFO - Note: NumExpr detected 16 cores but "NUMEXPR_MAX_THREADS" not set, so enforcing safe limit of 8.
[2023-04-16T21:52:33.832+0530] {logging_mixin.py:137} INFO - [2023-04-16T21:52:33.832+0530] {utils.py:160} INFO - NumExpr defaulting to 8 threads.
[2023-04-16T21:52:34.529+0530] {processor.py:753} INFO - DAG(s) dict_keys(['Lead_scoring_training_pipeline']) retrieved from /home/nightfall/airflow/code/dags/Lead_scoring_training_pipeline/lead_scoring_training_pipeline.py
[2023-04-16T21:52:34.538+0530] {logging_mixin.py:137} INFO - [2023-04-16T21:52:34.538+0530] {dag.py:2705} INFO - Sync 1 DAGs
[2023-04-16T21:52:34.548+0530] {logging_mixin.py:137} INFO - [2023-04-16T21:52:34.548+0530] {dag.py:3452} INFO - Setting next_dagrun for Lead_scoring_training_pipeline to 2023-04-01T00:00:00+00:00, run_after=2023-05-01T00:00:00+00:00
[2023-04-16T21:52:34.566+0530] {processor.py:175} INFO - Processing /home/nightfall/airflow/code/dags/Lead_scoring_training_pipeline/lead_scoring_training_pipeline.py took 0.782 seconds
[2023-04-16T21:53:27.739+0530] {processor.py:153} INFO - Started process (PID=40855) to work on /home/nightfall/airflow/code/dags/Lead_scoring_training_pipeline/lead_scoring_training_pipeline.py
[2023-04-16T21:53:27.741+0530] {processor.py:743} INFO - Processing file /home/nightfall/airflow/code/dags/Lead_scoring_training_pipeline/lead_scoring_training_pipeline.py for tasks to queue
[2023-04-16T21:53:27.742+0530] {logging_mixin.py:137} INFO - [2023-04-16T21:53:27.742+0530] {dagbag.py:532} INFO - Filling up the DagBag from /home/nightfall/airflow/code/dags/Lead_scoring_training_pipeline/lead_scoring_training_pipeline.py
[2023-04-16T21:53:27.804+0530] {logging_mixin.py:137} INFO - [2023-04-16T21:53:27.804+0530] {utils.py:148} INFO - Note: NumExpr detected 16 cores but "NUMEXPR_MAX_THREADS" not set, so enforcing safe limit of 8.
[2023-04-16T21:53:27.804+0530] {logging_mixin.py:137} INFO - [2023-04-16T21:53:27.804+0530] {utils.py:160} INFO - NumExpr defaulting to 8 threads.
[2023-04-16T21:53:28.517+0530] {processor.py:753} INFO - DAG(s) dict_keys(['Lead_scoring_training_pipeline']) retrieved from /home/nightfall/airflow/code/dags/Lead_scoring_training_pipeline/lead_scoring_training_pipeline.py
[2023-04-16T21:53:28.525+0530] {logging_mixin.py:137} INFO - [2023-04-16T21:53:28.525+0530] {dag.py:2705} INFO - Sync 1 DAGs
[2023-04-16T21:53:28.534+0530] {logging_mixin.py:137} INFO - [2023-04-16T21:53:28.534+0530] {dag.py:3452} INFO - Setting next_dagrun for Lead_scoring_training_pipeline to 2023-04-01T00:00:00+00:00, run_after=2023-05-01T00:00:00+00:00
[2023-04-16T21:53:28.997+0530] {processor.py:175} INFO - Processing /home/nightfall/airflow/code/dags/Lead_scoring_training_pipeline/lead_scoring_training_pipeline.py took 1.260 seconds
[2023-04-16T21:54:05.521+0530] {processor.py:153} INFO - Started process (PID=41028) to work on /home/nightfall/airflow/code/dags/Lead_scoring_training_pipeline/lead_scoring_training_pipeline.py
[2023-04-16T21:54:05.522+0530] {processor.py:743} INFO - Processing file /home/nightfall/airflow/code/dags/Lead_scoring_training_pipeline/lead_scoring_training_pipeline.py for tasks to queue
[2023-04-16T21:54:05.522+0530] {logging_mixin.py:137} INFO - [2023-04-16T21:54:05.522+0530] {dagbag.py:532} INFO - Filling up the DagBag from /home/nightfall/airflow/code/dags/Lead_scoring_training_pipeline/lead_scoring_training_pipeline.py
[2023-04-16T21:54:05.566+0530] {logging_mixin.py:137} INFO - [2023-04-16T21:54:05.566+0530] {utils.py:148} INFO - Note: NumExpr detected 16 cores but "NUMEXPR_MAX_THREADS" not set, so enforcing safe limit of 8.
[2023-04-16T21:54:05.566+0530] {logging_mixin.py:137} INFO - [2023-04-16T21:54:05.566+0530] {utils.py:160} INFO - NumExpr defaulting to 8 threads.
[2023-04-16T21:54:06.266+0530] {processor.py:753} INFO - DAG(s) dict_keys(['Lead_scoring_training_pipeline']) retrieved from /home/nightfall/airflow/code/dags/Lead_scoring_training_pipeline/lead_scoring_training_pipeline.py
[2023-04-16T21:54:06.274+0530] {logging_mixin.py:137} INFO - [2023-04-16T21:54:06.273+0530] {dag.py:2705} INFO - Sync 1 DAGs
[2023-04-16T21:54:06.284+0530] {logging_mixin.py:137} INFO - [2023-04-16T21:54:06.283+0530] {dag.py:3452} INFO - Setting next_dagrun for Lead_scoring_training_pipeline to 2023-04-01T00:00:00+00:00, run_after=2023-05-01T00:00:00+00:00
[2023-04-16T21:54:06.304+0530] {processor.py:175} INFO - Processing /home/nightfall/airflow/code/dags/Lead_scoring_training_pipeline/lead_scoring_training_pipeline.py took 0.784 seconds
[2023-04-16T21:54:42.736+0530] {processor.py:153} INFO - Started process (PID=41150) to work on /home/nightfall/airflow/code/dags/Lead_scoring_training_pipeline/lead_scoring_training_pipeline.py
[2023-04-16T21:54:42.738+0530] {processor.py:743} INFO - Processing file /home/nightfall/airflow/code/dags/Lead_scoring_training_pipeline/lead_scoring_training_pipeline.py for tasks to queue
[2023-04-16T21:54:42.739+0530] {logging_mixin.py:137} INFO - [2023-04-16T21:54:42.739+0530] {dagbag.py:532} INFO - Filling up the DagBag from /home/nightfall/airflow/code/dags/Lead_scoring_training_pipeline/lead_scoring_training_pipeline.py
[2023-04-16T21:54:42.811+0530] {logging_mixin.py:137} INFO - [2023-04-16T21:54:42.811+0530] {utils.py:148} INFO - Note: NumExpr detected 16 cores but "NUMEXPR_MAX_THREADS" not set, so enforcing safe limit of 8.
[2023-04-16T21:54:42.811+0530] {logging_mixin.py:137} INFO - [2023-04-16T21:54:42.811+0530] {utils.py:160} INFO - NumExpr defaulting to 8 threads.
[2023-04-16T21:54:43.537+0530] {processor.py:753} INFO - DAG(s) dict_keys(['Lead_scoring_training_pipeline']) retrieved from /home/nightfall/airflow/code/dags/Lead_scoring_training_pipeline/lead_scoring_training_pipeline.py
[2023-04-16T21:54:43.546+0530] {logging_mixin.py:137} INFO - [2023-04-16T21:54:43.546+0530] {dag.py:2705} INFO - Sync 1 DAGs
[2023-04-16T21:54:43.557+0530] {logging_mixin.py:137} INFO - [2023-04-16T21:54:43.557+0530] {dag.py:3452} INFO - Setting next_dagrun for Lead_scoring_training_pipeline to 2023-04-01T00:00:00+00:00, run_after=2023-05-01T00:00:00+00:00
[2023-04-16T21:54:43.575+0530] {processor.py:175} INFO - Processing /home/nightfall/airflow/code/dags/Lead_scoring_training_pipeline/lead_scoring_training_pipeline.py took 0.840 seconds
[2023-04-16T21:55:22.926+0530] {processor.py:153} INFO - Started process (PID=41285) to work on /home/nightfall/airflow/code/dags/Lead_scoring_training_pipeline/lead_scoring_training_pipeline.py
[2023-04-16T21:55:22.927+0530] {processor.py:743} INFO - Processing file /home/nightfall/airflow/code/dags/Lead_scoring_training_pipeline/lead_scoring_training_pipeline.py for tasks to queue
[2023-04-16T21:55:22.928+0530] {logging_mixin.py:137} INFO - [2023-04-16T21:55:22.928+0530] {dagbag.py:532} INFO - Filling up the DagBag from /home/nightfall/airflow/code/dags/Lead_scoring_training_pipeline/lead_scoring_training_pipeline.py
[2023-04-16T21:55:22.973+0530] {logging_mixin.py:137} INFO - [2023-04-16T21:55:22.973+0530] {utils.py:148} INFO - Note: NumExpr detected 16 cores but "NUMEXPR_MAX_THREADS" not set, so enforcing safe limit of 8.
[2023-04-16T21:55:22.973+0530] {logging_mixin.py:137} INFO - [2023-04-16T21:55:22.973+0530] {utils.py:160} INFO - NumExpr defaulting to 8 threads.
[2023-04-16T21:55:23.670+0530] {processor.py:753} INFO - DAG(s) dict_keys(['Lead_scoring_training_pipeline']) retrieved from /home/nightfall/airflow/code/dags/Lead_scoring_training_pipeline/lead_scoring_training_pipeline.py
[2023-04-16T21:55:23.677+0530] {logging_mixin.py:137} INFO - [2023-04-16T21:55:23.677+0530] {dag.py:2705} INFO - Sync 1 DAGs
[2023-04-16T21:55:23.688+0530] {logging_mixin.py:137} INFO - [2023-04-16T21:55:23.688+0530] {dag.py:3452} INFO - Setting next_dagrun for Lead_scoring_training_pipeline to 2023-04-01T00:00:00+00:00, run_after=2023-05-01T00:00:00+00:00
[2023-04-16T21:55:23.706+0530] {processor.py:175} INFO - Processing /home/nightfall/airflow/code/dags/Lead_scoring_training_pipeline/lead_scoring_training_pipeline.py took 0.782 seconds
[2023-04-16T21:56:00.635+0530] {processor.py:153} INFO - Started process (PID=41421) to work on /home/nightfall/airflow/code/dags/Lead_scoring_training_pipeline/lead_scoring_training_pipeline.py
[2023-04-16T21:56:00.636+0530] {processor.py:743} INFO - Processing file /home/nightfall/airflow/code/dags/Lead_scoring_training_pipeline/lead_scoring_training_pipeline.py for tasks to queue
[2023-04-16T21:56:00.637+0530] {logging_mixin.py:137} INFO - [2023-04-16T21:56:00.637+0530] {dagbag.py:532} INFO - Filling up the DagBag from /home/nightfall/airflow/code/dags/Lead_scoring_training_pipeline/lead_scoring_training_pipeline.py
[2023-04-16T21:56:00.700+0530] {logging_mixin.py:137} INFO - [2023-04-16T21:56:00.700+0530] {utils.py:148} INFO - Note: NumExpr detected 16 cores but "NUMEXPR_MAX_THREADS" not set, so enforcing safe limit of 8.
[2023-04-16T21:56:00.700+0530] {logging_mixin.py:137} INFO - [2023-04-16T21:56:00.700+0530] {utils.py:160} INFO - NumExpr defaulting to 8 threads.
[2023-04-16T21:56:01.400+0530] {processor.py:753} INFO - DAG(s) dict_keys(['Lead_scoring_training_pipeline']) retrieved from /home/nightfall/airflow/code/dags/Lead_scoring_training_pipeline/lead_scoring_training_pipeline.py
[2023-04-16T21:56:01.410+0530] {logging_mixin.py:137} INFO - [2023-04-16T21:56:01.410+0530] {dag.py:2705} INFO - Sync 1 DAGs
[2023-04-16T21:56:01.420+0530] {logging_mixin.py:137} INFO - [2023-04-16T21:56:01.420+0530] {dag.py:3452} INFO - Setting next_dagrun for Lead_scoring_training_pipeline to 2023-04-01T00:00:00+00:00, run_after=2023-05-01T00:00:00+00:00
[2023-04-16T21:56:01.455+0530] {processor.py:175} INFO - Processing /home/nightfall/airflow/code/dags/Lead_scoring_training_pipeline/lead_scoring_training_pipeline.py took 0.822 seconds
[2023-04-16T21:56:38.746+0530] {processor.py:153} INFO - Started process (PID=41542) to work on /home/nightfall/airflow/code/dags/Lead_scoring_training_pipeline/lead_scoring_training_pipeline.py
[2023-04-16T21:56:38.747+0530] {processor.py:743} INFO - Processing file /home/nightfall/airflow/code/dags/Lead_scoring_training_pipeline/lead_scoring_training_pipeline.py for tasks to queue
[2023-04-16T21:56:38.748+0530] {logging_mixin.py:137} INFO - [2023-04-16T21:56:38.748+0530] {dagbag.py:532} INFO - Filling up the DagBag from /home/nightfall/airflow/code/dags/Lead_scoring_training_pipeline/lead_scoring_training_pipeline.py
[2023-04-16T21:56:38.793+0530] {logging_mixin.py:137} INFO - [2023-04-16T21:56:38.793+0530] {utils.py:148} INFO - Note: NumExpr detected 16 cores but "NUMEXPR_MAX_THREADS" not set, so enforcing safe limit of 8.
[2023-04-16T21:56:38.793+0530] {logging_mixin.py:137} INFO - [2023-04-16T21:56:38.793+0530] {utils.py:160} INFO - NumExpr defaulting to 8 threads.
[2023-04-16T21:56:39.498+0530] {processor.py:753} INFO - DAG(s) dict_keys(['Lead_scoring_training_pipeline']) retrieved from /home/nightfall/airflow/code/dags/Lead_scoring_training_pipeline/lead_scoring_training_pipeline.py
[2023-04-16T21:56:39.506+0530] {logging_mixin.py:137} INFO - [2023-04-16T21:56:39.506+0530] {dag.py:2705} INFO - Sync 1 DAGs
[2023-04-16T21:56:39.516+0530] {logging_mixin.py:137} INFO - [2023-04-16T21:56:39.516+0530] {dag.py:3452} INFO - Setting next_dagrun for Lead_scoring_training_pipeline to 2023-04-01T00:00:00+00:00, run_after=2023-05-01T00:00:00+00:00
[2023-04-16T21:56:39.535+0530] {processor.py:175} INFO - Processing /home/nightfall/airflow/code/dags/Lead_scoring_training_pipeline/lead_scoring_training_pipeline.py took 0.791 seconds
[2023-04-16T21:57:17.010+0530] {processor.py:153} INFO - Started process (PID=41736) to work on /home/nightfall/airflow/code/dags/Lead_scoring_training_pipeline/lead_scoring_training_pipeline.py
[2023-04-16T21:57:17.011+0530] {processor.py:743} INFO - Processing file /home/nightfall/airflow/code/dags/Lead_scoring_training_pipeline/lead_scoring_training_pipeline.py for tasks to queue
[2023-04-16T21:57:17.012+0530] {logging_mixin.py:137} INFO - [2023-04-16T21:57:17.012+0530] {dagbag.py:532} INFO - Filling up the DagBag from /home/nightfall/airflow/code/dags/Lead_scoring_training_pipeline/lead_scoring_training_pipeline.py
[2023-04-16T21:57:17.061+0530] {logging_mixin.py:137} INFO - [2023-04-16T21:57:17.061+0530] {utils.py:148} INFO - Note: NumExpr detected 16 cores but "NUMEXPR_MAX_THREADS" not set, so enforcing safe limit of 8.
[2023-04-16T21:57:17.061+0530] {logging_mixin.py:137} INFO - [2023-04-16T21:57:17.061+0530] {utils.py:160} INFO - NumExpr defaulting to 8 threads.
[2023-04-16T21:57:17.789+0530] {processor.py:753} INFO - DAG(s) dict_keys(['Lead_scoring_training_pipeline']) retrieved from /home/nightfall/airflow/code/dags/Lead_scoring_training_pipeline/lead_scoring_training_pipeline.py
[2023-04-16T21:57:17.797+0530] {logging_mixin.py:137} INFO - [2023-04-16T21:57:17.797+0530] {dag.py:2705} INFO - Sync 1 DAGs
[2023-04-16T21:57:17.808+0530] {logging_mixin.py:137} INFO - [2023-04-16T21:57:17.807+0530] {dag.py:3452} INFO - Setting next_dagrun for Lead_scoring_training_pipeline to 2023-04-01T00:00:00+00:00, run_after=2023-05-01T00:00:00+00:00
[2023-04-16T21:57:17.839+0530] {processor.py:175} INFO - Processing /home/nightfall/airflow/code/dags/Lead_scoring_training_pipeline/lead_scoring_training_pipeline.py took 0.831 seconds
[2023-04-16T21:57:58.992+0530] {processor.py:153} INFO - Started process (PID=41910) to work on /home/nightfall/airflow/code/dags/Lead_scoring_training_pipeline/lead_scoring_training_pipeline.py
[2023-04-16T21:57:58.994+0530] {processor.py:743} INFO - Processing file /home/nightfall/airflow/code/dags/Lead_scoring_training_pipeline/lead_scoring_training_pipeline.py for tasks to queue
[2023-04-16T21:57:58.995+0530] {logging_mixin.py:137} INFO - [2023-04-16T21:57:58.994+0530] {dagbag.py:532} INFO - Filling up the DagBag from /home/nightfall/airflow/code/dags/Lead_scoring_training_pipeline/lead_scoring_training_pipeline.py
[2023-04-16T21:57:59.062+0530] {logging_mixin.py:137} INFO - [2023-04-16T21:57:59.062+0530] {utils.py:148} INFO - Note: NumExpr detected 16 cores but "NUMEXPR_MAX_THREADS" not set, so enforcing safe limit of 8.
[2023-04-16T21:57:59.062+0530] {logging_mixin.py:137} INFO - [2023-04-16T21:57:59.062+0530] {utils.py:160} INFO - NumExpr defaulting to 8 threads.
[2023-04-16T21:57:59.765+0530] {processor.py:753} INFO - DAG(s) dict_keys(['Lead_scoring_training_pipeline']) retrieved from /home/nightfall/airflow/code/dags/Lead_scoring_training_pipeline/lead_scoring_training_pipeline.py
[2023-04-16T21:57:59.772+0530] {logging_mixin.py:137} INFO - [2023-04-16T21:57:59.772+0530] {dag.py:2705} INFO - Sync 1 DAGs
[2023-04-16T21:57:59.782+0530] {logging_mixin.py:137} INFO - [2023-04-16T21:57:59.782+0530] {dag.py:3452} INFO - Setting next_dagrun for Lead_scoring_training_pipeline to 2023-04-01T00:00:00+00:00, run_after=2023-05-01T00:00:00+00:00
[2023-04-16T21:58:00.539+0530] {processor.py:175} INFO - Processing /home/nightfall/airflow/code/dags/Lead_scoring_training_pipeline/lead_scoring_training_pipeline.py took 1.548 seconds
[2023-04-16T21:58:37.100+0530] {processor.py:153} INFO - Started process (PID=42060) to work on /home/nightfall/airflow/code/dags/Lead_scoring_training_pipeline/lead_scoring_training_pipeline.py
[2023-04-16T21:58:37.102+0530] {processor.py:743} INFO - Processing file /home/nightfall/airflow/code/dags/Lead_scoring_training_pipeline/lead_scoring_training_pipeline.py for tasks to queue
[2023-04-16T21:58:37.102+0530] {logging_mixin.py:137} INFO - [2023-04-16T21:58:37.102+0530] {dagbag.py:532} INFO - Filling up the DagBag from /home/nightfall/airflow/code/dags/Lead_scoring_training_pipeline/lead_scoring_training_pipeline.py
[2023-04-16T21:58:37.165+0530] {logging_mixin.py:137} INFO - [2023-04-16T21:58:37.165+0530] {utils.py:148} INFO - Note: NumExpr detected 16 cores but "NUMEXPR_MAX_THREADS" not set, so enforcing safe limit of 8.
[2023-04-16T21:58:37.165+0530] {logging_mixin.py:137} INFO - [2023-04-16T21:58:37.165+0530] {utils.py:160} INFO - NumExpr defaulting to 8 threads.
[2023-04-16T21:58:37.913+0530] {processor.py:753} INFO - DAG(s) dict_keys(['Lead_scoring_training_pipeline']) retrieved from /home/nightfall/airflow/code/dags/Lead_scoring_training_pipeline/lead_scoring_training_pipeline.py
[2023-04-16T21:58:37.920+0530] {logging_mixin.py:137} INFO - [2023-04-16T21:58:37.920+0530] {dag.py:2705} INFO - Sync 1 DAGs
[2023-04-16T21:58:37.932+0530] {logging_mixin.py:137} INFO - [2023-04-16T21:58:37.932+0530] {dag.py:3452} INFO - Setting next_dagrun for Lead_scoring_training_pipeline to 2023-04-01T00:00:00+00:00, run_after=2023-05-01T00:00:00+00:00
[2023-04-16T21:58:37.968+0530] {processor.py:175} INFO - Processing /home/nightfall/airflow/code/dags/Lead_scoring_training_pipeline/lead_scoring_training_pipeline.py took 0.870 seconds
[2023-04-16T21:59:15.791+0530] {processor.py:153} INFO - Started process (PID=42215) to work on /home/nightfall/airflow/code/dags/Lead_scoring_training_pipeline/lead_scoring_training_pipeline.py
[2023-04-16T21:59:15.794+0530] {processor.py:743} INFO - Processing file /home/nightfall/airflow/code/dags/Lead_scoring_training_pipeline/lead_scoring_training_pipeline.py for tasks to queue
[2023-04-16T21:59:15.794+0530] {logging_mixin.py:137} INFO - [2023-04-16T21:59:15.794+0530] {dagbag.py:532} INFO - Filling up the DagBag from /home/nightfall/airflow/code/dags/Lead_scoring_training_pipeline/lead_scoring_training_pipeline.py
[2023-04-16T21:59:15.859+0530] {logging_mixin.py:137} INFO - [2023-04-16T21:59:15.859+0530] {utils.py:148} INFO - Note: NumExpr detected 16 cores but "NUMEXPR_MAX_THREADS" not set, so enforcing safe limit of 8.
[2023-04-16T21:59:15.859+0530] {logging_mixin.py:137} INFO - [2023-04-16T21:59:15.859+0530] {utils.py:160} INFO - NumExpr defaulting to 8 threads.
[2023-04-16T21:59:16.575+0530] {processor.py:753} INFO - DAG(s) dict_keys(['Lead_scoring_training_pipeline']) retrieved from /home/nightfall/airflow/code/dags/Lead_scoring_training_pipeline/lead_scoring_training_pipeline.py
[2023-04-16T21:59:16.583+0530] {logging_mixin.py:137} INFO - [2023-04-16T21:59:16.583+0530] {dag.py:2705} INFO - Sync 1 DAGs
[2023-04-16T21:59:16.594+0530] {logging_mixin.py:137} INFO - [2023-04-16T21:59:16.594+0530] {dag.py:3452} INFO - Setting next_dagrun for Lead_scoring_training_pipeline to 2023-04-01T00:00:00+00:00, run_after=2023-05-01T00:00:00+00:00
[2023-04-16T21:59:16.636+0530] {processor.py:175} INFO - Processing /home/nightfall/airflow/code/dags/Lead_scoring_training_pipeline/lead_scoring_training_pipeline.py took 0.847 seconds
[2023-04-16T21:59:54.372+0530] {processor.py:153} INFO - Started process (PID=42337) to work on /home/nightfall/airflow/code/dags/Lead_scoring_training_pipeline/lead_scoring_training_pipeline.py
[2023-04-16T21:59:54.374+0530] {processor.py:743} INFO - Processing file /home/nightfall/airflow/code/dags/Lead_scoring_training_pipeline/lead_scoring_training_pipeline.py for tasks to queue
[2023-04-16T21:59:54.375+0530] {logging_mixin.py:137} INFO - [2023-04-16T21:59:54.374+0530] {dagbag.py:532} INFO - Filling up the DagBag from /home/nightfall/airflow/code/dags/Lead_scoring_training_pipeline/lead_scoring_training_pipeline.py
[2023-04-16T21:59:54.437+0530] {logging_mixin.py:137} INFO - [2023-04-16T21:59:54.437+0530] {utils.py:148} INFO - Note: NumExpr detected 16 cores but "NUMEXPR_MAX_THREADS" not set, so enforcing safe limit of 8.
[2023-04-16T21:59:54.437+0530] {logging_mixin.py:137} INFO - [2023-04-16T21:59:54.437+0530] {utils.py:160} INFO - NumExpr defaulting to 8 threads.
[2023-04-16T21:59:55.148+0530] {processor.py:753} INFO - DAG(s) dict_keys(['Lead_scoring_training_pipeline']) retrieved from /home/nightfall/airflow/code/dags/Lead_scoring_training_pipeline/lead_scoring_training_pipeline.py
[2023-04-16T21:59:55.157+0530] {logging_mixin.py:137} INFO - [2023-04-16T21:59:55.156+0530] {dag.py:2705} INFO - Sync 1 DAGs
[2023-04-16T21:59:55.168+0530] {logging_mixin.py:137} INFO - [2023-04-16T21:59:55.168+0530] {dag.py:3452} INFO - Setting next_dagrun for Lead_scoring_training_pipeline to 2023-04-01T00:00:00+00:00, run_after=2023-05-01T00:00:00+00:00
[2023-04-16T21:59:55.185+0530] {processor.py:175} INFO - Processing /home/nightfall/airflow/code/dags/Lead_scoring_training_pipeline/lead_scoring_training_pipeline.py took 0.815 seconds
[2023-04-16T22:00:56.200+0530] {processor.py:153} INFO - Started process (PID=42537) to work on /home/nightfall/airflow/code/dags/Lead_scoring_training_pipeline/lead_scoring_training_pipeline.py
[2023-04-16T22:00:56.202+0530] {processor.py:743} INFO - Processing file /home/nightfall/airflow/code/dags/Lead_scoring_training_pipeline/lead_scoring_training_pipeline.py for tasks to queue
[2023-04-16T22:00:56.202+0530] {logging_mixin.py:137} INFO - [2023-04-16T22:00:56.202+0530] {dagbag.py:532} INFO - Filling up the DagBag from /home/nightfall/airflow/code/dags/Lead_scoring_training_pipeline/lead_scoring_training_pipeline.py
[2023-04-16T22:00:56.265+0530] {logging_mixin.py:137} INFO - [2023-04-16T22:00:56.265+0530] {utils.py:148} INFO - Note: NumExpr detected 16 cores but "NUMEXPR_MAX_THREADS" not set, so enforcing safe limit of 8.
[2023-04-16T22:00:56.266+0530] {logging_mixin.py:137} INFO - [2023-04-16T22:00:56.266+0530] {utils.py:160} INFO - NumExpr defaulting to 8 threads.
[2023-04-16T22:00:56.983+0530] {processor.py:753} INFO - DAG(s) dict_keys(['Lead_scoring_training_pipeline']) retrieved from /home/nightfall/airflow/code/dags/Lead_scoring_training_pipeline/lead_scoring_training_pipeline.py
[2023-04-16T22:00:56.992+0530] {logging_mixin.py:137} INFO - [2023-04-16T22:00:56.991+0530] {dag.py:2705} INFO - Sync 1 DAGs
[2023-04-16T22:00:57.002+0530] {logging_mixin.py:137} INFO - [2023-04-16T22:00:57.002+0530] {dag.py:3452} INFO - Setting next_dagrun for Lead_scoring_training_pipeline to 2023-04-01T00:00:00+00:00, run_after=2023-05-01T00:00:00+00:00
[2023-04-16T22:00:57.748+0530] {processor.py:175} INFO - Processing /home/nightfall/airflow/code/dags/Lead_scoring_training_pipeline/lead_scoring_training_pipeline.py took 1.550 seconds
[2023-04-16T22:01:37.361+0530] {processor.py:153} INFO - Started process (PID=42668) to work on /home/nightfall/airflow/code/dags/Lead_scoring_training_pipeline/lead_scoring_training_pipeline.py
[2023-04-16T22:01:37.362+0530] {processor.py:743} INFO - Processing file /home/nightfall/airflow/code/dags/Lead_scoring_training_pipeline/lead_scoring_training_pipeline.py for tasks to queue
[2023-04-16T22:01:37.363+0530] {logging_mixin.py:137} INFO - [2023-04-16T22:01:37.363+0530] {dagbag.py:532} INFO - Filling up the DagBag from /home/nightfall/airflow/code/dags/Lead_scoring_training_pipeline/lead_scoring_training_pipeline.py
[2023-04-16T22:01:37.415+0530] {logging_mixin.py:137} INFO - [2023-04-16T22:01:37.415+0530] {utils.py:148} INFO - Note: NumExpr detected 16 cores but "NUMEXPR_MAX_THREADS" not set, so enforcing safe limit of 8.
[2023-04-16T22:01:37.415+0530] {logging_mixin.py:137} INFO - [2023-04-16T22:01:37.415+0530] {utils.py:160} INFO - NumExpr defaulting to 8 threads.
[2023-04-16T22:01:38.150+0530] {processor.py:753} INFO - DAG(s) dict_keys(['Lead_scoring_training_pipeline']) retrieved from /home/nightfall/airflow/code/dags/Lead_scoring_training_pipeline/lead_scoring_training_pipeline.py
[2023-04-16T22:01:38.158+0530] {logging_mixin.py:137} INFO - [2023-04-16T22:01:38.158+0530] {dag.py:2705} INFO - Sync 1 DAGs
[2023-04-16T22:01:38.169+0530] {logging_mixin.py:137} INFO - [2023-04-16T22:01:38.169+0530] {dag.py:3452} INFO - Setting next_dagrun for Lead_scoring_training_pipeline to 2023-04-01T00:00:00+00:00, run_after=2023-05-01T00:00:00+00:00
[2023-04-16T22:01:38.206+0530] {processor.py:175} INFO - Processing /home/nightfall/airflow/code/dags/Lead_scoring_training_pipeline/lead_scoring_training_pipeline.py took 0.846 seconds
[2023-04-16T22:02:35.430+0530] {processor.py:153} INFO - Started process (PID=42862) to work on /home/nightfall/airflow/code/dags/Lead_scoring_training_pipeline/lead_scoring_training_pipeline.py
[2023-04-16T22:02:35.431+0530] {processor.py:743} INFO - Processing file /home/nightfall/airflow/code/dags/Lead_scoring_training_pipeline/lead_scoring_training_pipeline.py for tasks to queue
[2023-04-16T22:02:35.431+0530] {logging_mixin.py:137} INFO - [2023-04-16T22:02:35.431+0530] {dagbag.py:532} INFO - Filling up the DagBag from /home/nightfall/airflow/code/dags/Lead_scoring_training_pipeline/lead_scoring_training_pipeline.py
[2023-04-16T22:02:35.496+0530] {logging_mixin.py:137} INFO - [2023-04-16T22:02:35.496+0530] {utils.py:148} INFO - Note: NumExpr detected 16 cores but "NUMEXPR_MAX_THREADS" not set, so enforcing safe limit of 8.
[2023-04-16T22:02:35.497+0530] {logging_mixin.py:137} INFO - [2023-04-16T22:02:35.497+0530] {utils.py:160} INFO - NumExpr defaulting to 8 threads.
[2023-04-16T22:02:36.217+0530] {processor.py:753} INFO - DAG(s) dict_keys(['Lead_scoring_training_pipeline']) retrieved from /home/nightfall/airflow/code/dags/Lead_scoring_training_pipeline/lead_scoring_training_pipeline.py
[2023-04-16T22:02:36.355+0530] {logging_mixin.py:137} INFO - [2023-04-16T22:02:36.355+0530] {dag.py:2705} INFO - Sync 1 DAGs
[2023-04-16T22:02:36.476+0530] {logging_mixin.py:137} INFO - [2023-04-16T22:02:36.476+0530] {dag.py:3452} INFO - Setting next_dagrun for Lead_scoring_training_pipeline to 2023-04-01T00:00:00+00:00, run_after=2023-05-01T00:00:00+00:00
[2023-04-16T22:02:36.527+0530] {processor.py:175} INFO - Processing /home/nightfall/airflow/code/dags/Lead_scoring_training_pipeline/lead_scoring_training_pipeline.py took 1.099 seconds
[2023-04-16T22:03:16.664+0530] {processor.py:153} INFO - Started process (PID=43023) to work on /home/nightfall/airflow/code/dags/Lead_scoring_training_pipeline/lead_scoring_training_pipeline.py
[2023-04-16T22:03:16.666+0530] {processor.py:743} INFO - Processing file /home/nightfall/airflow/code/dags/Lead_scoring_training_pipeline/lead_scoring_training_pipeline.py for tasks to queue
[2023-04-16T22:03:16.666+0530] {logging_mixin.py:137} INFO - [2023-04-16T22:03:16.666+0530] {dagbag.py:532} INFO - Filling up the DagBag from /home/nightfall/airflow/code/dags/Lead_scoring_training_pipeline/lead_scoring_training_pipeline.py
[2023-04-16T22:03:16.714+0530] {logging_mixin.py:137} INFO - [2023-04-16T22:03:16.714+0530] {utils.py:148} INFO - Note: NumExpr detected 16 cores but "NUMEXPR_MAX_THREADS" not set, so enforcing safe limit of 8.
[2023-04-16T22:03:16.714+0530] {logging_mixin.py:137} INFO - [2023-04-16T22:03:16.714+0530] {utils.py:160} INFO - NumExpr defaulting to 8 threads.
[2023-04-16T22:03:17.452+0530] {processor.py:753} INFO - DAG(s) dict_keys(['Lead_scoring_training_pipeline']) retrieved from /home/nightfall/airflow/code/dags/Lead_scoring_training_pipeline/lead_scoring_training_pipeline.py
[2023-04-16T22:03:17.460+0530] {logging_mixin.py:137} INFO - [2023-04-16T22:03:17.460+0530] {dag.py:2705} INFO - Sync 1 DAGs
[2023-04-16T22:03:17.470+0530] {logging_mixin.py:137} INFO - [2023-04-16T22:03:17.470+0530] {dag.py:3452} INFO - Setting next_dagrun for Lead_scoring_training_pipeline to 2023-04-01T00:00:00+00:00, run_after=2023-05-01T00:00:00+00:00
[2023-04-16T22:03:17.492+0530] {processor.py:175} INFO - Processing /home/nightfall/airflow/code/dags/Lead_scoring_training_pipeline/lead_scoring_training_pipeline.py took 0.830 seconds
[2023-04-16T22:03:54.350+0530] {processor.py:153} INFO - Started process (PID=43157) to work on /home/nightfall/airflow/code/dags/Lead_scoring_training_pipeline/lead_scoring_training_pipeline.py
[2023-04-16T22:03:54.352+0530] {processor.py:743} INFO - Processing file /home/nightfall/airflow/code/dags/Lead_scoring_training_pipeline/lead_scoring_training_pipeline.py for tasks to queue
[2023-04-16T22:03:54.353+0530] {logging_mixin.py:137} INFO - [2023-04-16T22:03:54.353+0530] {dagbag.py:532} INFO - Filling up the DagBag from /home/nightfall/airflow/code/dags/Lead_scoring_training_pipeline/lead_scoring_training_pipeline.py
[2023-04-16T22:03:54.415+0530] {logging_mixin.py:137} INFO - [2023-04-16T22:03:54.415+0530] {utils.py:148} INFO - Note: NumExpr detected 16 cores but "NUMEXPR_MAX_THREADS" not set, so enforcing safe limit of 8.
[2023-04-16T22:03:54.415+0530] {logging_mixin.py:137} INFO - [2023-04-16T22:03:54.415+0530] {utils.py:160} INFO - NumExpr defaulting to 8 threads.
[2023-04-16T22:03:55.142+0530] {processor.py:753} INFO - DAG(s) dict_keys(['Lead_scoring_training_pipeline']) retrieved from /home/nightfall/airflow/code/dags/Lead_scoring_training_pipeline/lead_scoring_training_pipeline.py
[2023-04-16T22:03:55.150+0530] {logging_mixin.py:137} INFO - [2023-04-16T22:03:55.150+0530] {dag.py:2705} INFO - Sync 1 DAGs
[2023-04-16T22:03:55.161+0530] {logging_mixin.py:137} INFO - [2023-04-16T22:03:55.161+0530] {dag.py:3452} INFO - Setting next_dagrun for Lead_scoring_training_pipeline to 2023-04-01T00:00:00+00:00, run_after=2023-05-01T00:00:00+00:00
[2023-04-16T22:03:55.185+0530] {processor.py:175} INFO - Processing /home/nightfall/airflow/code/dags/Lead_scoring_training_pipeline/lead_scoring_training_pipeline.py took 0.837 seconds
