[2023-04-16T21:45:58.832+0530] {taskinstance.py:1090} INFO - Dependencies all met for dep_context=non-requeueable deps ti=<TaskInstance: Lead_Scoring_Data_Engineering_Pipeline.building_db manual__2023-04-16T16:15:55.846658+00:00 [queued]>
[2023-04-16T21:45:58.835+0530] {taskinstance.py:1090} INFO - Dependencies all met for dep_context=requeueable deps ti=<TaskInstance: Lead_Scoring_Data_Engineering_Pipeline.building_db manual__2023-04-16T16:15:55.846658+00:00 [queued]>
[2023-04-16T21:45:58.835+0530] {taskinstance.py:1288} INFO - 
--------------------------------------------------------------------------------
[2023-04-16T21:45:58.835+0530] {taskinstance.py:1289} INFO - Starting attempt 1 of 2
[2023-04-16T21:45:58.835+0530] {taskinstance.py:1290} INFO - 
--------------------------------------------------------------------------------
[2023-04-16T21:45:58.872+0530] {taskinstance.py:1309} INFO - Executing <Task(PythonOperator): building_db> on 2023-04-16 16:15:55.846658+00:00
[2023-04-16T21:45:58.874+0530] {standard_task_runner.py:55} INFO - Started process 39251 to run task
[2023-04-16T21:45:58.876+0530] {standard_task_runner.py:82} INFO - Running: ['airflow', 'tasks', 'run', 'Lead_Scoring_Data_Engineering_Pipeline', 'building_db', 'manual__2023-04-16T16:15:55.846658+00:00', '--job-id', '8', '--raw', '--subdir', 'DAGS_FOLDER/Lead_scoring_data_pipeline/lead_scoring_data_pipeline.py', '--cfg-path', '/tmp/tmp8xfo2ag8']
[2023-04-16T21:45:58.876+0530] {standard_task_runner.py:83} INFO - Job 8: Subtask building_db
[2023-04-16T21:45:58.920+0530] {task_command.py:389} INFO - Running <TaskInstance: Lead_Scoring_Data_Engineering_Pipeline.building_db manual__2023-04-16T16:15:55.846658+00:00 [running]> on host pop-os.localdomain
[2023-04-16T21:45:58.981+0530] {taskinstance.py:1516} INFO - Exporting the following env vars:
AIRFLOW_CTX_DAG_OWNER=airflow
AIRFLOW_CTX_DAG_ID=Lead_Scoring_Data_Engineering_Pipeline
AIRFLOW_CTX_TASK_ID=building_db
AIRFLOW_CTX_EXECUTION_DATE=2023-04-16T16:15:55.846658+00:00
AIRFLOW_CTX_TRY_NUMBER=1
AIRFLOW_CTX_DAG_RUN_ID=manual__2023-04-16T16:15:55.846658+00:00
[2023-04-16T21:45:58.982+0530] {logging_mixin.py:137} INFO - DB Already Exsist
[2023-04-16T21:45:58.982+0530] {logging_mixin.py:137} INFO - /home/nightfall/airflow/code/dags/Lead_scoring_training_pipeline
[2023-04-16T21:45:58.982+0530] {python.py:177} INFO - Done. Returned value was: DB Exsist
[2023-04-16T21:45:59.005+0530] {taskinstance.py:1327} INFO - Marking task as SUCCESS. dag_id=Lead_Scoring_Data_Engineering_Pipeline, task_id=building_db, execution_date=20230416T161555, start_date=20230416T161558, end_date=20230416T161559
[2023-04-16T21:45:59.048+0530] {local_task_job.py:212} INFO - Task exited with return code 0
[2023-04-16T21:45:59.065+0530] {taskinstance.py:2596} INFO - 1 downstream tasks scheduled from follow-on schedule check
