[2023-04-16T22:00:51.265+0530] {taskinstance.py:1090} INFO - Dependencies all met for dep_context=non-requeueable deps ti=<TaskInstance: Lead_scoring_inference_pipeline.checking_input_features manual__2023-04-16T16:30:26.272359+00:00 [queued]>
[2023-04-16T22:00:51.268+0530] {taskinstance.py:1090} INFO - Dependencies all met for dep_context=requeueable deps ti=<TaskInstance: Lead_scoring_inference_pipeline.checking_input_features manual__2023-04-16T16:30:26.272359+00:00 [queued]>
[2023-04-16T22:00:51.268+0530] {taskinstance.py:1288} INFO - 
--------------------------------------------------------------------------------
[2023-04-16T22:00:51.268+0530] {taskinstance.py:1289} INFO - Starting attempt 1 of 2
[2023-04-16T22:00:51.268+0530] {taskinstance.py:1290} INFO - 
--------------------------------------------------------------------------------
[2023-04-16T22:00:51.289+0530] {taskinstance.py:1309} INFO - Executing <Task(PythonOperator): checking_input_features> on 2023-04-16 16:30:26.272359+00:00
[2023-04-16T22:00:51.292+0530] {standard_task_runner.py:55} INFO - Started process 42534 to run task
[2023-04-16T22:00:51.293+0530] {standard_task_runner.py:82} INFO - Running: ['airflow', 'tasks', 'run', 'Lead_scoring_inference_pipeline', 'checking_input_features', 'manual__2023-04-16T16:30:26.272359+00:00', '--job-id', '30', '--raw', '--subdir', 'DAGS_FOLDER/Lead_scoring_inference_pipeline/lead_scoring_inference_pipeline.py', '--cfg-path', '/tmp/tmpfardirpu']
[2023-04-16T22:00:51.294+0530] {standard_task_runner.py:83} INFO - Job 30: Subtask checking_input_features
[2023-04-16T22:00:51.326+0530] {task_command.py:389} INFO - Running <TaskInstance: Lead_scoring_inference_pipeline.checking_input_features manual__2023-04-16T16:30:26.272359+00:00 [running]> on host pop-os.localdomain
[2023-04-16T22:00:51.367+0530] {taskinstance.py:1516} INFO - Exporting the following env vars:
AIRFLOW_CTX_DAG_OWNER=airflow
AIRFLOW_CTX_DAG_ID=Lead_scoring_inference_pipeline
AIRFLOW_CTX_TASK_ID=checking_input_features
AIRFLOW_CTX_EXECUTION_DATE=2023-04-16T16:30:26.272359+00:00
AIRFLOW_CTX_TRY_NUMBER=1
AIRFLOW_CTX_DAG_RUN_ID=manual__2023-04-16T16:30:26.272359+00:00
[2023-04-16T22:00:53.025+0530] {utils.py:243} INFO - All the models input are present
[2023-04-16T22:00:53.026+0530] {python.py:177} INFO - Done. Returned value was: None
[2023-04-16T22:00:53.028+0530] {taskinstance.py:1327} INFO - Marking task as SUCCESS. dag_id=Lead_scoring_inference_pipeline, task_id=checking_input_features, execution_date=20230416T163026, start_date=20230416T163051, end_date=20230416T163053
[2023-04-16T22:00:53.397+0530] {local_task_job.py:212} INFO - Task exited with return code 0
[2023-04-16T22:00:53.407+0530] {taskinstance.py:2596} INFO - 0 downstream tasks scheduled from follow-on schedule check
