[2023-04-16T21:48:17.506+0530] {taskinstance.py:1090} INFO - Dependencies all met for dep_context=non-requeueable deps ti=<TaskInstance: Lead_scoring_inference_pipeline.checking_model_prediction_ratio scheduled__2023-04-16T15:00:00+00:00 [queued]>
[2023-04-16T21:48:17.513+0530] {taskinstance.py:1090} INFO - Dependencies all met for dep_context=requeueable deps ti=<TaskInstance: Lead_scoring_inference_pipeline.checking_model_prediction_ratio scheduled__2023-04-16T15:00:00+00:00 [queued]>
[2023-04-16T21:48:17.513+0530] {taskinstance.py:1288} INFO - 
--------------------------------------------------------------------------------
[2023-04-16T21:48:17.514+0530] {taskinstance.py:1289} INFO - Starting attempt 1 of 2
[2023-04-16T21:48:17.514+0530] {taskinstance.py:1290} INFO - 
--------------------------------------------------------------------------------
[2023-04-16T21:48:17.541+0530] {taskinstance.py:1309} INFO - Executing <Task(PythonOperator): checking_model_prediction_ratio> on 2023-04-16 15:00:00+00:00
[2023-04-16T21:48:17.544+0530] {standard_task_runner.py:55} INFO - Started process 39789 to run task
[2023-04-16T21:48:17.546+0530] {standard_task_runner.py:82} INFO - Running: ['airflow', 'tasks', 'run', 'Lead_scoring_inference_pipeline', 'checking_model_prediction_ratio', 'scheduled__2023-04-16T15:00:00+00:00', '--job-id', '18', '--raw', '--subdir', 'DAGS_FOLDER/Lead_scoring_inference_pipeline/lead_scoring_inference_pipeline.py', '--cfg-path', '/tmp/tmpzn_g306z']
[2023-04-16T21:48:17.546+0530] {standard_task_runner.py:83} INFO - Job 18: Subtask checking_model_prediction_ratio
[2023-04-16T21:48:17.579+0530] {task_command.py:389} INFO - Running <TaskInstance: Lead_scoring_inference_pipeline.checking_model_prediction_ratio scheduled__2023-04-16T15:00:00+00:00 [running]> on host pop-os.localdomain
[2023-04-16T21:48:17.623+0530] {taskinstance.py:1516} INFO - Exporting the following env vars:
AIRFLOW_CTX_DAG_OWNER=airflow
AIRFLOW_CTX_DAG_ID=Lead_scoring_inference_pipeline
AIRFLOW_CTX_TASK_ID=checking_model_prediction_ratio
AIRFLOW_CTX_EXECUTION_DATE=2023-04-16T15:00:00+00:00
AIRFLOW_CTX_TRY_NUMBER=1
AIRFLOW_CTX_DAG_RUN_ID=scheduled__2023-04-16T15:00:00+00:00
[2023-04-16T21:48:17.624+0530] {logging_mixin.py:137} INFO - Error while running prediction_ratio_check : Execution failed on sql 'select * from predictions': no such table: predictions
[2023-04-16T21:48:17.624+0530] {python.py:177} INFO - Done. Returned value was: None
[2023-04-16T21:48:17.627+0530] {taskinstance.py:1327} INFO - Marking task as SUCCESS. dag_id=Lead_scoring_inference_pipeline, task_id=checking_model_prediction_ratio, execution_date=20230416T150000, start_date=20230416T161817, end_date=20230416T161817
[2023-04-16T21:48:17.677+0530] {local_task_job.py:212} INFO - Task exited with return code 0
[2023-04-16T21:48:17.691+0530] {taskinstance.py:2596} INFO - 1 downstream tasks scheduled from follow-on schedule check
