[2023-04-16T22:02:16.877+0530] {taskinstance.py:1090} INFO - Dependencies all met for dep_context=non-requeueable deps ti=<TaskInstance: Lead_scoring_inference_pipeline.checking_model_prediction_ratio manual__2023-04-16T16:32:03.704225+00:00 [queued]>
[2023-04-16T22:02:16.881+0530] {taskinstance.py:1090} INFO - Dependencies all met for dep_context=requeueable deps ti=<TaskInstance: Lead_scoring_inference_pipeline.checking_model_prediction_ratio manual__2023-04-16T16:32:03.704225+00:00 [queued]>
[2023-04-16T22:02:16.881+0530] {taskinstance.py:1288} INFO - 
--------------------------------------------------------------------------------
[2023-04-16T22:02:16.881+0530] {taskinstance.py:1289} INFO - Starting attempt 1 of 2
[2023-04-16T22:02:16.881+0530] {taskinstance.py:1290} INFO - 
--------------------------------------------------------------------------------
[2023-04-16T22:02:16.902+0530] {taskinstance.py:1309} INFO - Executing <Task(PythonOperator): checking_model_prediction_ratio> on 2023-04-16 16:32:03.704225+00:00
[2023-04-16T22:02:16.906+0530] {standard_task_runner.py:55} INFO - Started process 42810 to run task
[2023-04-16T22:02:16.907+0530] {standard_task_runner.py:82} INFO - Running: ['airflow', 'tasks', 'run', 'Lead_scoring_inference_pipeline', 'checking_model_prediction_ratio', 'manual__2023-04-16T16:32:03.704225+00:00', '--job-id', '33', '--raw', '--subdir', 'DAGS_FOLDER/Lead_scoring_inference_pipeline/lead_scoring_inference_pipeline.py', '--cfg-path', '/tmp/tmpy70q3q2k']
[2023-04-16T22:02:16.908+0530] {standard_task_runner.py:83} INFO - Job 33: Subtask checking_model_prediction_ratio
[2023-04-16T22:02:16.940+0530] {task_command.py:389} INFO - Running <TaskInstance: Lead_scoring_inference_pipeline.checking_model_prediction_ratio manual__2023-04-16T16:32:03.704225+00:00 [running]> on host pop-os.localdomain
[2023-04-16T22:02:16.982+0530] {taskinstance.py:1516} INFO - Exporting the following env vars:
AIRFLOW_CTX_DAG_OWNER=airflow
AIRFLOW_CTX_DAG_ID=Lead_scoring_inference_pipeline
AIRFLOW_CTX_TASK_ID=checking_model_prediction_ratio
AIRFLOW_CTX_EXECUTION_DATE=2023-04-16T16:32:03.704225+00:00
AIRFLOW_CTX_TRY_NUMBER=1
AIRFLOW_CTX_DAG_RUN_ID=manual__2023-04-16T16:32:03.704225+00:00
[2023-04-16T22:02:18.683+0530] {logging_mixin.py:137} INFO - Prediction ratio for the date Sun Apr 16 22:02:18 2023 for Ones % 59.06 and Zeroes % 40.94
[2023-04-16T22:02:18.684+0530] {python.py:177} INFO - Done. Returned value was: None
[2023-04-16T22:02:18.687+0530] {taskinstance.py:1327} INFO - Marking task as SUCCESS. dag_id=Lead_scoring_inference_pipeline, task_id=checking_model_prediction_ratio, execution_date=20230416T163203, start_date=20230416T163216, end_date=20230416T163218
[2023-04-16T22:02:19.172+0530] {local_task_job.py:212} INFO - Task exited with return code 0
[2023-04-16T22:02:19.185+0530] {taskinstance.py:2596} INFO - 1 downstream tasks scheduled from follow-on schedule check
