[2023-04-16T15:29:59.876+0530] {processor.py:153} INFO - Started process (PID=126082) to work on /home/nightfall/anaconda3/envs/ml/lib/python3.9/site-packages/airflow/example_dags/example_short_circuit_decorator.py
[2023-04-16T15:29:59.877+0530] {processor.py:743} INFO - Processing file /home/nightfall/anaconda3/envs/ml/lib/python3.9/site-packages/airflow/example_dags/example_short_circuit_decorator.py for tasks to queue
[2023-04-16T15:29:59.877+0530] {logging_mixin.py:137} INFO - [2023-04-16T15:29:59.877+0530] {dagbag.py:532} INFO - Filling up the DagBag from /home/nightfall/anaconda3/envs/ml/lib/python3.9/site-packages/airflow/example_dags/example_short_circuit_decorator.py
[2023-04-16T15:29:59.899+0530] {processor.py:753} INFO - DAG(s) dict_keys(['example_short_circuit_decorator']) retrieved from /home/nightfall/anaconda3/envs/ml/lib/python3.9/site-packages/airflow/example_dags/example_short_circuit_decorator.py
[2023-04-16T15:29:59.913+0530] {logging_mixin.py:137} INFO - [2023-04-16T15:29:59.913+0530] {dag.py:2705} INFO - Sync 1 DAGs
[2023-04-16T15:29:59.925+0530] {logging_mixin.py:137} INFO - [2023-04-16T15:29:59.925+0530] {dag.py:3452} INFO - Setting next_dagrun for example_short_circuit_decorator to 2023-04-15T09:59:59.925709+00:00, run_after=2023-04-16T09:59:59.925709+00:00
[2023-04-16T15:30:00.606+0530] {processor.py:175} INFO - Processing /home/nightfall/anaconda3/envs/ml/lib/python3.9/site-packages/airflow/example_dags/example_short_circuit_decorator.py took 0.731 seconds
[2023-04-16T15:31:09.045+0530] {processor.py:153} INFO - Started process (PID=126254) to work on /home/nightfall/anaconda3/envs/ml/lib/python3.9/site-packages/airflow/example_dags/example_short_circuit_decorator.py
[2023-04-16T15:31:09.047+0530] {processor.py:743} INFO - Processing file /home/nightfall/anaconda3/envs/ml/lib/python3.9/site-packages/airflow/example_dags/example_short_circuit_decorator.py for tasks to queue
[2023-04-16T15:31:09.047+0530] {logging_mixin.py:137} INFO - [2023-04-16T15:31:09.047+0530] {dagbag.py:532} INFO - Filling up the DagBag from /home/nightfall/anaconda3/envs/ml/lib/python3.9/site-packages/airflow/example_dags/example_short_circuit_decorator.py
[2023-04-16T15:31:09.062+0530] {processor.py:753} INFO - DAG(s) dict_keys(['example_short_circuit_decorator']) retrieved from /home/nightfall/anaconda3/envs/ml/lib/python3.9/site-packages/airflow/example_dags/example_short_circuit_decorator.py
[2023-04-16T15:31:09.076+0530] {logging_mixin.py:137} INFO - [2023-04-16T15:31:09.076+0530] {dag.py:2705} INFO - Sync 1 DAGs
[2023-04-16T15:31:09.089+0530] {logging_mixin.py:137} INFO - [2023-04-16T15:31:09.089+0530] {dag.py:3452} INFO - Setting next_dagrun for example_short_circuit_decorator to 2023-04-15T10:01:09.089393+00:00, run_after=2023-04-16T10:01:09.089393+00:00
[2023-04-16T15:31:09.111+0530] {processor.py:175} INFO - Processing /home/nightfall/anaconda3/envs/ml/lib/python3.9/site-packages/airflow/example_dags/example_short_circuit_decorator.py took 0.067 seconds
[2023-04-16T15:32:25.231+0530] {processor.py:153} INFO - Started process (PID=126397) to work on /home/nightfall/anaconda3/envs/ml/lib/python3.9/site-packages/airflow/example_dags/example_short_circuit_decorator.py
[2023-04-16T15:32:25.233+0530] {processor.py:743} INFO - Processing file /home/nightfall/anaconda3/envs/ml/lib/python3.9/site-packages/airflow/example_dags/example_short_circuit_decorator.py for tasks to queue
[2023-04-16T15:32:25.233+0530] {logging_mixin.py:137} INFO - [2023-04-16T15:32:25.233+0530] {dagbag.py:532} INFO - Filling up the DagBag from /home/nightfall/anaconda3/envs/ml/lib/python3.9/site-packages/airflow/example_dags/example_short_circuit_decorator.py
[2023-04-16T15:32:25.246+0530] {processor.py:753} INFO - DAG(s) dict_keys(['example_short_circuit_decorator']) retrieved from /home/nightfall/anaconda3/envs/ml/lib/python3.9/site-packages/airflow/example_dags/example_short_circuit_decorator.py
[2023-04-16T15:32:25.257+0530] {logging_mixin.py:137} INFO - [2023-04-16T15:32:25.257+0530] {dag.py:2705} INFO - Sync 1 DAGs
[2023-04-16T15:32:25.267+0530] {logging_mixin.py:137} INFO - [2023-04-16T15:32:25.267+0530] {dag.py:3452} INFO - Setting next_dagrun for example_short_circuit_decorator to 2023-04-15T10:02:25.267166+00:00, run_after=2023-04-16T10:02:25.267166+00:00
[2023-04-16T15:32:25.422+0530] {processor.py:175} INFO - Processing /home/nightfall/anaconda3/envs/ml/lib/python3.9/site-packages/airflow/example_dags/example_short_circuit_decorator.py took 0.192 seconds
[2023-04-16T15:33:25.809+0530] {processor.py:153} INFO - Started process (PID=126518) to work on /home/nightfall/anaconda3/envs/ml/lib/python3.9/site-packages/airflow/example_dags/example_short_circuit_decorator.py
[2023-04-16T15:33:25.811+0530] {processor.py:743} INFO - Processing file /home/nightfall/anaconda3/envs/ml/lib/python3.9/site-packages/airflow/example_dags/example_short_circuit_decorator.py for tasks to queue
[2023-04-16T15:33:25.811+0530] {logging_mixin.py:137} INFO - [2023-04-16T15:33:25.811+0530] {dagbag.py:532} INFO - Filling up the DagBag from /home/nightfall/anaconda3/envs/ml/lib/python3.9/site-packages/airflow/example_dags/example_short_circuit_decorator.py
[2023-04-16T15:33:25.824+0530] {processor.py:753} INFO - DAG(s) dict_keys(['example_short_circuit_decorator']) retrieved from /home/nightfall/anaconda3/envs/ml/lib/python3.9/site-packages/airflow/example_dags/example_short_circuit_decorator.py
[2023-04-16T15:33:25.835+0530] {logging_mixin.py:137} INFO - [2023-04-16T15:33:25.835+0530] {dag.py:2705} INFO - Sync 1 DAGs
[2023-04-16T15:33:25.846+0530] {logging_mixin.py:137} INFO - [2023-04-16T15:33:25.845+0530] {dag.py:3452} INFO - Setting next_dagrun for example_short_circuit_decorator to 2023-04-15T10:03:25.845782+00:00, run_after=2023-04-16T10:03:25.845782+00:00
[2023-04-16T15:33:25.866+0530] {processor.py:175} INFO - Processing /home/nightfall/anaconda3/envs/ml/lib/python3.9/site-packages/airflow/example_dags/example_short_circuit_decorator.py took 0.058 seconds
[2023-04-16T15:34:42.170+0530] {processor.py:153} INFO - Started process (PID=126739) to work on /home/nightfall/anaconda3/envs/ml/lib/python3.9/site-packages/airflow/example_dags/example_short_circuit_decorator.py
[2023-04-16T15:34:43.089+0530] {processor.py:743} INFO - Processing file /home/nightfall/anaconda3/envs/ml/lib/python3.9/site-packages/airflow/example_dags/example_short_circuit_decorator.py for tasks to queue
[2023-04-16T15:34:43.090+0530] {logging_mixin.py:137} INFO - [2023-04-16T15:34:43.090+0530] {dagbag.py:532} INFO - Filling up the DagBag from /home/nightfall/anaconda3/envs/ml/lib/python3.9/site-packages/airflow/example_dags/example_short_circuit_decorator.py
[2023-04-16T15:34:43.111+0530] {processor.py:753} INFO - DAG(s) dict_keys(['example_short_circuit_decorator']) retrieved from /home/nightfall/anaconda3/envs/ml/lib/python3.9/site-packages/airflow/example_dags/example_short_circuit_decorator.py
[2023-04-16T15:34:43.130+0530] {logging_mixin.py:137} INFO - [2023-04-16T15:34:43.129+0530] {dag.py:2705} INFO - Sync 1 DAGs
[2023-04-16T15:34:43.148+0530] {logging_mixin.py:137} INFO - [2023-04-16T15:34:43.148+0530] {dag.py:3452} INFO - Setting next_dagrun for example_short_circuit_decorator to 2023-04-15T10:04:43.148304+00:00, run_after=2023-04-16T10:04:43.148304+00:00
[2023-04-16T15:34:43.376+0530] {processor.py:175} INFO - Processing /home/nightfall/anaconda3/envs/ml/lib/python3.9/site-packages/airflow/example_dags/example_short_circuit_decorator.py took 1.208 seconds
[2023-04-16T15:35:58.252+0530] {processor.py:153} INFO - Started process (PID=126905) to work on /home/nightfall/anaconda3/envs/ml/lib/python3.9/site-packages/airflow/example_dags/example_short_circuit_decorator.py
[2023-04-16T15:35:58.253+0530] {processor.py:743} INFO - Processing file /home/nightfall/anaconda3/envs/ml/lib/python3.9/site-packages/airflow/example_dags/example_short_circuit_decorator.py for tasks to queue
[2023-04-16T15:35:58.254+0530] {logging_mixin.py:137} INFO - [2023-04-16T15:35:58.254+0530] {dagbag.py:532} INFO - Filling up the DagBag from /home/nightfall/anaconda3/envs/ml/lib/python3.9/site-packages/airflow/example_dags/example_short_circuit_decorator.py
[2023-04-16T15:35:58.276+0530] {processor.py:753} INFO - DAG(s) dict_keys(['example_short_circuit_decorator']) retrieved from /home/nightfall/anaconda3/envs/ml/lib/python3.9/site-packages/airflow/example_dags/example_short_circuit_decorator.py
[2023-04-16T15:35:58.294+0530] {logging_mixin.py:137} INFO - [2023-04-16T15:35:58.294+0530] {dag.py:2705} INFO - Sync 1 DAGs
[2023-04-16T15:35:58.308+0530] {logging_mixin.py:137} INFO - [2023-04-16T15:35:58.308+0530] {dag.py:3452} INFO - Setting next_dagrun for example_short_circuit_decorator to 2023-04-15T10:05:58.308158+00:00, run_after=2023-04-16T10:05:58.308158+00:00
[2023-04-16T15:35:58.520+0530] {processor.py:175} INFO - Processing /home/nightfall/anaconda3/envs/ml/lib/python3.9/site-packages/airflow/example_dags/example_short_circuit_decorator.py took 0.270 seconds
