[2023-04-16T15:30:16.290+0530] {processor.py:153} INFO - Started process (PID=126125) to work on /home/nightfall/anaconda3/envs/ml/lib/python3.9/site-packages/airflow/example_dags/example_sensor_decorator.py
[2023-04-16T15:30:16.290+0530] {processor.py:743} INFO - Processing file /home/nightfall/anaconda3/envs/ml/lib/python3.9/site-packages/airflow/example_dags/example_sensor_decorator.py for tasks to queue
[2023-04-16T15:30:16.291+0530] {logging_mixin.py:137} INFO - [2023-04-16T15:30:16.291+0530] {dagbag.py:532} INFO - Filling up the DagBag from /home/nightfall/anaconda3/envs/ml/lib/python3.9/site-packages/airflow/example_dags/example_sensor_decorator.py
[2023-04-16T15:30:16.306+0530] {processor.py:753} INFO - DAG(s) dict_keys(['example_sensor_decorator']) retrieved from /home/nightfall/anaconda3/envs/ml/lib/python3.9/site-packages/airflow/example_dags/example_sensor_decorator.py
[2023-04-16T15:30:17.678+0530] {logging_mixin.py:137} INFO - [2023-04-16T15:30:17.678+0530] {dag.py:2705} INFO - Sync 1 DAGs
[2023-04-16T15:30:17.927+0530] {logging_mixin.py:137} INFO - [2023-04-16T15:30:17.927+0530] {dag.py:3452} INFO - Setting next_dagrun for example_sensor_decorator to None, run_after=None
[2023-04-16T15:30:17.991+0530] {processor.py:175} INFO - Processing /home/nightfall/anaconda3/envs/ml/lib/python3.9/site-packages/airflow/example_dags/example_sensor_decorator.py took 1.703 seconds
[2023-04-16T15:31:33.006+0530] {processor.py:153} INFO - Started process (PID=126306) to work on /home/nightfall/anaconda3/envs/ml/lib/python3.9/site-packages/airflow/example_dags/example_sensor_decorator.py
[2023-04-16T15:31:33.007+0530] {processor.py:743} INFO - Processing file /home/nightfall/anaconda3/envs/ml/lib/python3.9/site-packages/airflow/example_dags/example_sensor_decorator.py for tasks to queue
[2023-04-16T15:31:33.008+0530] {logging_mixin.py:137} INFO - [2023-04-16T15:31:33.007+0530] {dagbag.py:532} INFO - Filling up the DagBag from /home/nightfall/anaconda3/envs/ml/lib/python3.9/site-packages/airflow/example_dags/example_sensor_decorator.py
[2023-04-16T15:31:33.023+0530] {processor.py:753} INFO - DAG(s) dict_keys(['example_sensor_decorator']) retrieved from /home/nightfall/anaconda3/envs/ml/lib/python3.9/site-packages/airflow/example_dags/example_sensor_decorator.py
[2023-04-16T15:31:33.044+0530] {logging_mixin.py:137} INFO - [2023-04-16T15:31:33.044+0530] {dag.py:2705} INFO - Sync 1 DAGs
[2023-04-16T15:31:33.061+0530] {logging_mixin.py:137} INFO - [2023-04-16T15:31:33.061+0530] {dag.py:3452} INFO - Setting next_dagrun for example_sensor_decorator to None, run_after=None
[2023-04-16T15:31:33.089+0530] {processor.py:175} INFO - Processing /home/nightfall/anaconda3/envs/ml/lib/python3.9/site-packages/airflow/example_dags/example_sensor_decorator.py took 0.085 seconds
[2023-04-16T15:32:36.689+0530] {processor.py:153} INFO - Started process (PID=126438) to work on /home/nightfall/anaconda3/envs/ml/lib/python3.9/site-packages/airflow/example_dags/example_sensor_decorator.py
[2023-04-16T15:32:36.690+0530] {processor.py:743} INFO - Processing file /home/nightfall/anaconda3/envs/ml/lib/python3.9/site-packages/airflow/example_dags/example_sensor_decorator.py for tasks to queue
[2023-04-16T15:32:36.691+0530] {logging_mixin.py:137} INFO - [2023-04-16T15:32:36.690+0530] {dagbag.py:532} INFO - Filling up the DagBag from /home/nightfall/anaconda3/envs/ml/lib/python3.9/site-packages/airflow/example_dags/example_sensor_decorator.py
[2023-04-16T15:32:36.702+0530] {processor.py:753} INFO - DAG(s) dict_keys(['example_sensor_decorator']) retrieved from /home/nightfall/anaconda3/envs/ml/lib/python3.9/site-packages/airflow/example_dags/example_sensor_decorator.py
[2023-04-16T15:32:36.712+0530] {logging_mixin.py:137} INFO - [2023-04-16T15:32:36.712+0530] {dag.py:2705} INFO - Sync 1 DAGs
[2023-04-16T15:32:36.722+0530] {logging_mixin.py:137} INFO - [2023-04-16T15:32:36.722+0530] {dag.py:3452} INFO - Setting next_dagrun for example_sensor_decorator to None, run_after=None
[2023-04-16T15:32:37.093+0530] {processor.py:175} INFO - Processing /home/nightfall/anaconda3/envs/ml/lib/python3.9/site-packages/airflow/example_dags/example_sensor_decorator.py took 0.406 seconds
[2023-04-16T15:33:42.303+0530] {processor.py:153} INFO - Started process (PID=126561) to work on /home/nightfall/anaconda3/envs/ml/lib/python3.9/site-packages/airflow/example_dags/example_sensor_decorator.py
[2023-04-16T15:33:42.304+0530] {processor.py:743} INFO - Processing file /home/nightfall/anaconda3/envs/ml/lib/python3.9/site-packages/airflow/example_dags/example_sensor_decorator.py for tasks to queue
[2023-04-16T15:33:42.305+0530] {logging_mixin.py:137} INFO - [2023-04-16T15:33:42.305+0530] {dagbag.py:532} INFO - Filling up the DagBag from /home/nightfall/anaconda3/envs/ml/lib/python3.9/site-packages/airflow/example_dags/example_sensor_decorator.py
[2023-04-16T15:33:42.324+0530] {processor.py:753} INFO - DAG(s) dict_keys(['example_sensor_decorator']) retrieved from /home/nightfall/anaconda3/envs/ml/lib/python3.9/site-packages/airflow/example_dags/example_sensor_decorator.py
[2023-04-16T15:33:42.339+0530] {logging_mixin.py:137} INFO - [2023-04-16T15:33:42.339+0530] {dag.py:2705} INFO - Sync 1 DAGs
[2023-04-16T15:33:42.353+0530] {logging_mixin.py:137} INFO - [2023-04-16T15:33:42.353+0530] {dag.py:3452} INFO - Setting next_dagrun for example_sensor_decorator to None, run_after=None
[2023-04-16T15:33:42.456+0530] {processor.py:175} INFO - Processing /home/nightfall/anaconda3/envs/ml/lib/python3.9/site-packages/airflow/example_dags/example_sensor_decorator.py took 0.155 seconds
[2023-04-16T15:35:06.236+0530] {processor.py:153} INFO - Started process (PID=126801) to work on /home/nightfall/anaconda3/envs/ml/lib/python3.9/site-packages/airflow/example_dags/example_sensor_decorator.py
[2023-04-16T15:35:06.237+0530] {processor.py:743} INFO - Processing file /home/nightfall/anaconda3/envs/ml/lib/python3.9/site-packages/airflow/example_dags/example_sensor_decorator.py for tasks to queue
[2023-04-16T15:35:06.238+0530] {logging_mixin.py:137} INFO - [2023-04-16T15:35:06.238+0530] {dagbag.py:532} INFO - Filling up the DagBag from /home/nightfall/anaconda3/envs/ml/lib/python3.9/site-packages/airflow/example_dags/example_sensor_decorator.py
[2023-04-16T15:35:06.257+0530] {processor.py:753} INFO - DAG(s) dict_keys(['example_sensor_decorator']) retrieved from /home/nightfall/anaconda3/envs/ml/lib/python3.9/site-packages/airflow/example_dags/example_sensor_decorator.py
[2023-04-16T15:35:06.272+0530] {logging_mixin.py:137} INFO - [2023-04-16T15:35:06.271+0530] {dag.py:2705} INFO - Sync 1 DAGs
[2023-04-16T15:35:06.287+0530] {logging_mixin.py:137} INFO - [2023-04-16T15:35:06.287+0530] {dag.py:3452} INFO - Setting next_dagrun for example_sensor_decorator to None, run_after=None
[2023-04-16T15:35:06.312+0530] {processor.py:175} INFO - Processing /home/nightfall/anaconda3/envs/ml/lib/python3.9/site-packages/airflow/example_dags/example_sensor_decorator.py took 0.079 seconds
[2023-04-16T15:36:15.182+0530] {processor.py:153} INFO - Started process (PID=126949) to work on /home/nightfall/anaconda3/envs/ml/lib/python3.9/site-packages/airflow/example_dags/example_sensor_decorator.py
[2023-04-16T15:36:15.184+0530] {processor.py:743} INFO - Processing file /home/nightfall/anaconda3/envs/ml/lib/python3.9/site-packages/airflow/example_dags/example_sensor_decorator.py for tasks to queue
[2023-04-16T15:36:15.184+0530] {logging_mixin.py:137} INFO - [2023-04-16T15:36:15.184+0530] {dagbag.py:532} INFO - Filling up the DagBag from /home/nightfall/anaconda3/envs/ml/lib/python3.9/site-packages/airflow/example_dags/example_sensor_decorator.py
[2023-04-16T15:36:15.203+0530] {processor.py:753} INFO - DAG(s) dict_keys(['example_sensor_decorator']) retrieved from /home/nightfall/anaconda3/envs/ml/lib/python3.9/site-packages/airflow/example_dags/example_sensor_decorator.py
[2023-04-16T15:36:15.218+0530] {logging_mixin.py:137} INFO - [2023-04-16T15:36:15.218+0530] {dag.py:2705} INFO - Sync 1 DAGs
[2023-04-16T15:36:15.233+0530] {logging_mixin.py:137} INFO - [2023-04-16T15:36:15.232+0530] {dag.py:3452} INFO - Setting next_dagrun for example_sensor_decorator to None, run_after=None
[2023-04-16T15:36:15.505+0530] {processor.py:175} INFO - Processing /home/nightfall/anaconda3/envs/ml/lib/python3.9/site-packages/airflow/example_dags/example_sensor_decorator.py took 0.325 seconds
