[2023-04-16T15:30:22.158+0530] {processor.py:153} INFO - Started process (PID=126143) to work on /home/nightfall/anaconda3/envs/ml/lib/python3.9/site-packages/airflow/example_dags/example_short_circuit_operator.py
[2023-04-16T15:30:22.158+0530] {processor.py:743} INFO - Processing file /home/nightfall/anaconda3/envs/ml/lib/python3.9/site-packages/airflow/example_dags/example_short_circuit_operator.py for tasks to queue
[2023-04-16T15:30:22.159+0530] {logging_mixin.py:137} INFO - [2023-04-16T15:30:22.159+0530] {dagbag.py:532} INFO - Filling up the DagBag from /home/nightfall/anaconda3/envs/ml/lib/python3.9/site-packages/airflow/example_dags/example_short_circuit_operator.py
[2023-04-16T15:30:22.172+0530] {processor.py:753} INFO - DAG(s) dict_keys(['example_short_circuit_operator']) retrieved from /home/nightfall/anaconda3/envs/ml/lib/python3.9/site-packages/airflow/example_dags/example_short_circuit_operator.py
[2023-04-16T15:30:22.191+0530] {logging_mixin.py:137} INFO - [2023-04-16T15:30:22.191+0530] {dag.py:2705} INFO - Sync 1 DAGs
[2023-04-16T15:30:22.209+0530] {logging_mixin.py:137} INFO - [2023-04-16T15:30:22.209+0530] {dag.py:3452} INFO - Setting next_dagrun for example_short_circuit_operator to 2023-04-15T10:00:22.209058+00:00, run_after=2023-04-16T10:00:22.209058+00:00
[2023-04-16T15:30:22.243+0530] {processor.py:175} INFO - Processing /home/nightfall/anaconda3/envs/ml/lib/python3.9/site-packages/airflow/example_dags/example_short_circuit_operator.py took 0.087 seconds
[2023-04-16T15:31:38.591+0530] {processor.py:153} INFO - Started process (PID=126309) to work on /home/nightfall/anaconda3/envs/ml/lib/python3.9/site-packages/airflow/example_dags/example_short_circuit_operator.py
[2023-04-16T15:31:38.592+0530] {processor.py:743} INFO - Processing file /home/nightfall/anaconda3/envs/ml/lib/python3.9/site-packages/airflow/example_dags/example_short_circuit_operator.py for tasks to queue
[2023-04-16T15:31:38.593+0530] {logging_mixin.py:137} INFO - [2023-04-16T15:31:38.593+0530] {dagbag.py:532} INFO - Filling up the DagBag from /home/nightfall/anaconda3/envs/ml/lib/python3.9/site-packages/airflow/example_dags/example_short_circuit_operator.py
[2023-04-16T15:31:38.603+0530] {processor.py:753} INFO - DAG(s) dict_keys(['example_short_circuit_operator']) retrieved from /home/nightfall/anaconda3/envs/ml/lib/python3.9/site-packages/airflow/example_dags/example_short_circuit_operator.py
[2023-04-16T15:31:38.618+0530] {logging_mixin.py:137} INFO - [2023-04-16T15:31:38.618+0530] {dag.py:2705} INFO - Sync 1 DAGs
[2023-04-16T15:31:38.633+0530] {logging_mixin.py:137} INFO - [2023-04-16T15:31:38.633+0530] {dag.py:3452} INFO - Setting next_dagrun for example_short_circuit_operator to 2023-04-15T10:01:38.632987+00:00, run_after=2023-04-16T10:01:38.632987+00:00
[2023-04-16T15:31:38.961+0530] {processor.py:175} INFO - Processing /home/nightfall/anaconda3/envs/ml/lib/python3.9/site-packages/airflow/example_dags/example_short_circuit_operator.py took 0.372 seconds
[2023-04-16T15:32:39.282+0530] {processor.py:153} INFO - Started process (PID=126441) to work on /home/nightfall/anaconda3/envs/ml/lib/python3.9/site-packages/airflow/example_dags/example_short_circuit_operator.py
[2023-04-16T15:32:39.283+0530] {processor.py:743} INFO - Processing file /home/nightfall/anaconda3/envs/ml/lib/python3.9/site-packages/airflow/example_dags/example_short_circuit_operator.py for tasks to queue
[2023-04-16T15:32:39.283+0530] {logging_mixin.py:137} INFO - [2023-04-16T15:32:39.283+0530] {dagbag.py:532} INFO - Filling up the DagBag from /home/nightfall/anaconda3/envs/ml/lib/python3.9/site-packages/airflow/example_dags/example_short_circuit_operator.py
[2023-04-16T15:32:39.293+0530] {processor.py:753} INFO - DAG(s) dict_keys(['example_short_circuit_operator']) retrieved from /home/nightfall/anaconda3/envs/ml/lib/python3.9/site-packages/airflow/example_dags/example_short_circuit_operator.py
[2023-04-16T15:32:39.307+0530] {logging_mixin.py:137} INFO - [2023-04-16T15:32:39.307+0530] {dag.py:2705} INFO - Sync 1 DAGs
[2023-04-16T15:32:39.321+0530] {logging_mixin.py:137} INFO - [2023-04-16T15:32:39.320+0530] {dag.py:3452} INFO - Setting next_dagrun for example_short_circuit_operator to 2023-04-15T10:02:39.320736+00:00, run_after=2023-04-16T10:02:39.320736+00:00
[2023-04-16T15:32:39.420+0530] {processor.py:175} INFO - Processing /home/nightfall/anaconda3/envs/ml/lib/python3.9/site-packages/airflow/example_dags/example_short_circuit_operator.py took 0.140 seconds
[2023-04-16T15:33:44.984+0530] {processor.py:153} INFO - Started process (PID=126564) to work on /home/nightfall/anaconda3/envs/ml/lib/python3.9/site-packages/airflow/example_dags/example_short_circuit_operator.py
[2023-04-16T15:33:44.986+0530] {processor.py:743} INFO - Processing file /home/nightfall/anaconda3/envs/ml/lib/python3.9/site-packages/airflow/example_dags/example_short_circuit_operator.py for tasks to queue
[2023-04-16T15:33:44.987+0530] {logging_mixin.py:137} INFO - [2023-04-16T15:33:44.986+0530] {dagbag.py:532} INFO - Filling up the DagBag from /home/nightfall/anaconda3/envs/ml/lib/python3.9/site-packages/airflow/example_dags/example_short_circuit_operator.py
[2023-04-16T15:33:44.996+0530] {processor.py:753} INFO - DAG(s) dict_keys(['example_short_circuit_operator']) retrieved from /home/nightfall/anaconda3/envs/ml/lib/python3.9/site-packages/airflow/example_dags/example_short_circuit_operator.py
[2023-04-16T15:33:45.009+0530] {logging_mixin.py:137} INFO - [2023-04-16T15:33:45.009+0530] {dag.py:2705} INFO - Sync 1 DAGs
[2023-04-16T15:33:45.021+0530] {logging_mixin.py:137} INFO - [2023-04-16T15:33:45.021+0530] {dag.py:3452} INFO - Setting next_dagrun for example_short_circuit_operator to 2023-04-15T10:03:45.021396+00:00, run_after=2023-04-16T10:03:45.021396+00:00
[2023-04-16T15:33:46.116+0530] {processor.py:175} INFO - Processing /home/nightfall/anaconda3/envs/ml/lib/python3.9/site-packages/airflow/example_dags/example_short_circuit_operator.py took 1.134 seconds
[2023-04-16T15:35:08.126+0530] {processor.py:153} INFO - Started process (PID=126803) to work on /home/nightfall/anaconda3/envs/ml/lib/python3.9/site-packages/airflow/example_dags/example_short_circuit_operator.py
[2023-04-16T15:35:08.128+0530] {processor.py:743} INFO - Processing file /home/nightfall/anaconda3/envs/ml/lib/python3.9/site-packages/airflow/example_dags/example_short_circuit_operator.py for tasks to queue
[2023-04-16T15:35:08.128+0530] {logging_mixin.py:137} INFO - [2023-04-16T15:35:08.128+0530] {dagbag.py:532} INFO - Filling up the DagBag from /home/nightfall/anaconda3/envs/ml/lib/python3.9/site-packages/airflow/example_dags/example_short_circuit_operator.py
[2023-04-16T15:35:08.139+0530] {processor.py:753} INFO - DAG(s) dict_keys(['example_short_circuit_operator']) retrieved from /home/nightfall/anaconda3/envs/ml/lib/python3.9/site-packages/airflow/example_dags/example_short_circuit_operator.py
[2023-04-16T15:35:08.153+0530] {logging_mixin.py:137} INFO - [2023-04-16T15:35:08.153+0530] {dag.py:2705} INFO - Sync 1 DAGs
[2023-04-16T15:35:08.166+0530] {logging_mixin.py:137} INFO - [2023-04-16T15:35:08.166+0530] {dag.py:3452} INFO - Setting next_dagrun for example_short_circuit_operator to 2023-04-15T10:05:08.166627+00:00, run_after=2023-04-16T10:05:08.166627+00:00
[2023-04-16T15:35:08.294+0530] {processor.py:175} INFO - Processing /home/nightfall/anaconda3/envs/ml/lib/python3.9/site-packages/airflow/example_dags/example_short_circuit_operator.py took 0.170 seconds
[2023-04-16T15:36:18.005+0530] {processor.py:153} INFO - Started process (PID=126952) to work on /home/nightfall/anaconda3/envs/ml/lib/python3.9/site-packages/airflow/example_dags/example_short_circuit_operator.py
[2023-04-16T15:36:18.007+0530] {processor.py:743} INFO - Processing file /home/nightfall/anaconda3/envs/ml/lib/python3.9/site-packages/airflow/example_dags/example_short_circuit_operator.py for tasks to queue
[2023-04-16T15:36:18.008+0530] {logging_mixin.py:137} INFO - [2023-04-16T15:36:18.007+0530] {dagbag.py:532} INFO - Filling up the DagBag from /home/nightfall/anaconda3/envs/ml/lib/python3.9/site-packages/airflow/example_dags/example_short_circuit_operator.py
[2023-04-16T15:36:18.020+0530] {processor.py:753} INFO - DAG(s) dict_keys(['example_short_circuit_operator']) retrieved from /home/nightfall/anaconda3/envs/ml/lib/python3.9/site-packages/airflow/example_dags/example_short_circuit_operator.py
[2023-04-16T15:36:18.069+0530] {logging_mixin.py:137} INFO - [2023-04-16T15:36:18.068+0530] {dag.py:2705} INFO - Sync 1 DAGs
[2023-04-16T15:36:18.086+0530] {logging_mixin.py:137} INFO - [2023-04-16T15:36:18.086+0530] {dag.py:3452} INFO - Setting next_dagrun for example_short_circuit_operator to 2023-04-15T10:06:18.086557+00:00, run_after=2023-04-16T10:06:18.086557+00:00
[2023-04-16T15:36:18.127+0530] {processor.py:175} INFO - Processing /home/nightfall/anaconda3/envs/ml/lib/python3.9/site-packages/airflow/example_dags/example_short_circuit_operator.py took 0.124 seconds
