[2023-04-16T15:29:31.738+0530] {processor.py:153} INFO - Started process (PID=125972) to work on /home/nightfall/anaconda3/envs/ml/lib/python3.9/site-packages/airflow/example_dags/example_trigger_controller_dag.py
[2023-04-16T15:29:31.739+0530] {processor.py:743} INFO - Processing file /home/nightfall/anaconda3/envs/ml/lib/python3.9/site-packages/airflow/example_dags/example_trigger_controller_dag.py for tasks to queue
[2023-04-16T15:29:31.739+0530] {logging_mixin.py:137} INFO - [2023-04-16T15:29:31.739+0530] {dagbag.py:532} INFO - Filling up the DagBag from /home/nightfall/anaconda3/envs/ml/lib/python3.9/site-packages/airflow/example_dags/example_trigger_controller_dag.py
[2023-04-16T15:29:31.745+0530] {processor.py:753} INFO - DAG(s) dict_keys(['example_trigger_controller_dag']) retrieved from /home/nightfall/anaconda3/envs/ml/lib/python3.9/site-packages/airflow/example_dags/example_trigger_controller_dag.py
[2023-04-16T15:29:31.755+0530] {logging_mixin.py:137} INFO - [2023-04-16T15:29:31.755+0530] {dag.py:2705} INFO - Sync 1 DAGs
[2023-04-16T15:29:31.766+0530] {logging_mixin.py:137} INFO - [2023-04-16T15:29:31.766+0530] {dag.py:3452} INFO - Setting next_dagrun for example_trigger_controller_dag to 2021-01-01T00:00:00+00:00, run_after=2021-01-01T00:00:00+00:00
[2023-04-16T15:29:33.081+0530] {processor.py:175} INFO - Processing /home/nightfall/anaconda3/envs/ml/lib/python3.9/site-packages/airflow/example_dags/example_trigger_controller_dag.py took 1.344 seconds
[2023-04-16T15:30:45.234+0530] {processor.py:153} INFO - Started process (PID=126213) to work on /home/nightfall/anaconda3/envs/ml/lib/python3.9/site-packages/airflow/example_dags/example_trigger_controller_dag.py
[2023-04-16T15:30:45.236+0530] {processor.py:743} INFO - Processing file /home/nightfall/anaconda3/envs/ml/lib/python3.9/site-packages/airflow/example_dags/example_trigger_controller_dag.py for tasks to queue
[2023-04-16T15:30:45.237+0530] {logging_mixin.py:137} INFO - [2023-04-16T15:30:45.237+0530] {dagbag.py:532} INFO - Filling up the DagBag from /home/nightfall/anaconda3/envs/ml/lib/python3.9/site-packages/airflow/example_dags/example_trigger_controller_dag.py
[2023-04-16T15:30:45.243+0530] {processor.py:753} INFO - DAG(s) dict_keys(['example_trigger_controller_dag']) retrieved from /home/nightfall/anaconda3/envs/ml/lib/python3.9/site-packages/airflow/example_dags/example_trigger_controller_dag.py
[2023-04-16T15:30:45.255+0530] {logging_mixin.py:137} INFO - [2023-04-16T15:30:45.255+0530] {dag.py:2705} INFO - Sync 1 DAGs
[2023-04-16T15:30:45.269+0530] {logging_mixin.py:137} INFO - [2023-04-16T15:30:45.269+0530] {dag.py:3452} INFO - Setting next_dagrun for example_trigger_controller_dag to 2021-01-01T00:00:00+00:00, run_after=2021-01-01T00:00:00+00:00
[2023-04-16T15:30:45.290+0530] {processor.py:175} INFO - Processing /home/nightfall/anaconda3/envs/ml/lib/python3.9/site-packages/airflow/example_dags/example_trigger_controller_dag.py took 0.057 seconds
[2023-04-16T15:31:59.380+0530] {processor.py:153} INFO - Started process (PID=126358) to work on /home/nightfall/anaconda3/envs/ml/lib/python3.9/site-packages/airflow/example_dags/example_trigger_controller_dag.py
[2023-04-16T15:31:59.382+0530] {processor.py:743} INFO - Processing file /home/nightfall/anaconda3/envs/ml/lib/python3.9/site-packages/airflow/example_dags/example_trigger_controller_dag.py for tasks to queue
[2023-04-16T15:31:59.382+0530] {logging_mixin.py:137} INFO - [2023-04-16T15:31:59.382+0530] {dagbag.py:532} INFO - Filling up the DagBag from /home/nightfall/anaconda3/envs/ml/lib/python3.9/site-packages/airflow/example_dags/example_trigger_controller_dag.py
[2023-04-16T15:31:59.392+0530] {processor.py:753} INFO - DAG(s) dict_keys(['example_trigger_controller_dag']) retrieved from /home/nightfall/anaconda3/envs/ml/lib/python3.9/site-packages/airflow/example_dags/example_trigger_controller_dag.py
[2023-04-16T15:31:59.407+0530] {logging_mixin.py:137} INFO - [2023-04-16T15:31:59.407+0530] {dag.py:2705} INFO - Sync 1 DAGs
[2023-04-16T15:31:59.425+0530] {logging_mixin.py:137} INFO - [2023-04-16T15:31:59.425+0530] {dag.py:3452} INFO - Setting next_dagrun for example_trigger_controller_dag to 2021-01-01T00:00:00+00:00, run_after=2021-01-01T00:00:00+00:00
[2023-04-16T15:31:59.676+0530] {processor.py:175} INFO - Processing /home/nightfall/anaconda3/envs/ml/lib/python3.9/site-packages/airflow/example_dags/example_trigger_controller_dag.py took 0.298 seconds
[2023-04-16T15:33:03.272+0530] {processor.py:153} INFO - Started process (PID=126482) to work on /home/nightfall/anaconda3/envs/ml/lib/python3.9/site-packages/airflow/example_dags/example_trigger_controller_dag.py
[2023-04-16T15:33:03.274+0530] {processor.py:743} INFO - Processing file /home/nightfall/anaconda3/envs/ml/lib/python3.9/site-packages/airflow/example_dags/example_trigger_controller_dag.py for tasks to queue
[2023-04-16T15:33:03.274+0530] {logging_mixin.py:137} INFO - [2023-04-16T15:33:03.274+0530] {dagbag.py:532} INFO - Filling up the DagBag from /home/nightfall/anaconda3/envs/ml/lib/python3.9/site-packages/airflow/example_dags/example_trigger_controller_dag.py
[2023-04-16T15:33:03.281+0530] {processor.py:753} INFO - DAG(s) dict_keys(['example_trigger_controller_dag']) retrieved from /home/nightfall/anaconda3/envs/ml/lib/python3.9/site-packages/airflow/example_dags/example_trigger_controller_dag.py
[2023-04-16T15:33:03.292+0530] {logging_mixin.py:137} INFO - [2023-04-16T15:33:03.292+0530] {dag.py:2705} INFO - Sync 1 DAGs
[2023-04-16T15:33:03.304+0530] {logging_mixin.py:137} INFO - [2023-04-16T15:33:03.304+0530] {dag.py:3452} INFO - Setting next_dagrun for example_trigger_controller_dag to 2021-01-01T00:00:00+00:00, run_after=2021-01-01T00:00:00+00:00
[2023-04-16T15:33:03.355+0530] {processor.py:175} INFO - Processing /home/nightfall/anaconda3/envs/ml/lib/python3.9/site-packages/airflow/example_dags/example_trigger_controller_dag.py took 0.084 seconds
[2023-04-16T15:34:14.479+0530] {processor.py:153} INFO - Started process (PID=126624) to work on /home/nightfall/anaconda3/envs/ml/lib/python3.9/site-packages/airflow/example_dags/example_trigger_controller_dag.py
[2023-04-16T15:34:14.481+0530] {processor.py:743} INFO - Processing file /home/nightfall/anaconda3/envs/ml/lib/python3.9/site-packages/airflow/example_dags/example_trigger_controller_dag.py for tasks to queue
[2023-04-16T15:34:14.482+0530] {logging_mixin.py:137} INFO - [2023-04-16T15:34:14.481+0530] {dagbag.py:532} INFO - Filling up the DagBag from /home/nightfall/anaconda3/envs/ml/lib/python3.9/site-packages/airflow/example_dags/example_trigger_controller_dag.py
[2023-04-16T15:34:14.487+0530] {processor.py:753} INFO - DAG(s) dict_keys(['example_trigger_controller_dag']) retrieved from /home/nightfall/anaconda3/envs/ml/lib/python3.9/site-packages/airflow/example_dags/example_trigger_controller_dag.py
[2023-04-16T15:34:14.497+0530] {logging_mixin.py:137} INFO - [2023-04-16T15:34:14.496+0530] {dag.py:2705} INFO - Sync 1 DAGs
[2023-04-16T15:34:14.507+0530] {logging_mixin.py:137} INFO - [2023-04-16T15:34:14.507+0530] {dag.py:3452} INFO - Setting next_dagrun for example_trigger_controller_dag to 2021-01-01T00:00:00+00:00, run_after=2021-01-01T00:00:00+00:00
[2023-04-16T15:34:15.200+0530] {processor.py:175} INFO - Processing /home/nightfall/anaconda3/envs/ml/lib/python3.9/site-packages/airflow/example_dags/example_trigger_controller_dag.py took 0.722 seconds
[2023-04-16T15:34:59.439+0530] {processor.py:153} INFO - Started process (PID=126794) to work on /home/nightfall/anaconda3/envs/ml/lib/python3.9/site-packages/airflow/example_dags/example_trigger_controller_dag.py
[2023-04-16T15:34:59.440+0530] {processor.py:743} INFO - Processing file /home/nightfall/anaconda3/envs/ml/lib/python3.9/site-packages/airflow/example_dags/example_trigger_controller_dag.py for tasks to queue
[2023-04-16T15:34:59.441+0530] {logging_mixin.py:137} INFO - [2023-04-16T15:34:59.441+0530] {dagbag.py:532} INFO - Filling up the DagBag from /home/nightfall/anaconda3/envs/ml/lib/python3.9/site-packages/airflow/example_dags/example_trigger_controller_dag.py
[2023-04-16T15:34:59.449+0530] {processor.py:753} INFO - DAG(s) dict_keys(['example_trigger_controller_dag']) retrieved from /home/nightfall/anaconda3/envs/ml/lib/python3.9/site-packages/airflow/example_dags/example_trigger_controller_dag.py
[2023-04-16T15:34:59.461+0530] {logging_mixin.py:137} INFO - [2023-04-16T15:34:59.461+0530] {dag.py:2705} INFO - Sync 1 DAGs
[2023-04-16T15:34:59.477+0530] {logging_mixin.py:137} INFO - [2023-04-16T15:34:59.476+0530] {dag.py:3452} INFO - Setting next_dagrun for example_trigger_controller_dag to 2021-01-01T00:00:00+00:00, run_after=2021-01-01T00:00:00+00:00
[2023-04-16T15:34:59.757+0530] {processor.py:175} INFO - Processing /home/nightfall/anaconda3/envs/ml/lib/python3.9/site-packages/airflow/example_dags/example_trigger_controller_dag.py took 0.320 seconds
[2023-04-16T15:36:11.173+0530] {processor.py:153} INFO - Started process (PID=126945) to work on /home/nightfall/anaconda3/envs/ml/lib/python3.9/site-packages/airflow/example_dags/example_trigger_controller_dag.py
[2023-04-16T15:36:11.175+0530] {processor.py:743} INFO - Processing file /home/nightfall/anaconda3/envs/ml/lib/python3.9/site-packages/airflow/example_dags/example_trigger_controller_dag.py for tasks to queue
[2023-04-16T15:36:11.176+0530] {logging_mixin.py:137} INFO - [2023-04-16T15:36:11.176+0530] {dagbag.py:532} INFO - Filling up the DagBag from /home/nightfall/anaconda3/envs/ml/lib/python3.9/site-packages/airflow/example_dags/example_trigger_controller_dag.py
[2023-04-16T15:36:11.186+0530] {processor.py:753} INFO - DAG(s) dict_keys(['example_trigger_controller_dag']) retrieved from /home/nightfall/anaconda3/envs/ml/lib/python3.9/site-packages/airflow/example_dags/example_trigger_controller_dag.py
[2023-04-16T15:36:11.199+0530] {logging_mixin.py:137} INFO - [2023-04-16T15:36:11.199+0530] {dag.py:2705} INFO - Sync 1 DAGs
[2023-04-16T15:36:11.214+0530] {logging_mixin.py:137} INFO - [2023-04-16T15:36:11.214+0530] {dag.py:3452} INFO - Setting next_dagrun for example_trigger_controller_dag to 2021-01-01T00:00:00+00:00, run_after=2021-01-01T00:00:00+00:00
[2023-04-16T15:36:11.235+0530] {processor.py:175} INFO - Processing /home/nightfall/anaconda3/envs/ml/lib/python3.9/site-packages/airflow/example_dags/example_trigger_controller_dag.py took 0.064 seconds
