[2023-04-16T15:30:26.101+0530] {processor.py:153} INFO - Started process (PID=126150) to work on /home/nightfall/anaconda3/envs/ml/lib/python3.9/site-packages/airflow/example_dags/example_branch_operator_decorator.py
[2023-04-16T15:30:26.101+0530] {processor.py:743} INFO - Processing file /home/nightfall/anaconda3/envs/ml/lib/python3.9/site-packages/airflow/example_dags/example_branch_operator_decorator.py for tasks to queue
[2023-04-16T15:30:26.102+0530] {logging_mixin.py:137} INFO - [2023-04-16T15:30:26.102+0530] {dagbag.py:532} INFO - Filling up the DagBag from /home/nightfall/anaconda3/envs/ml/lib/python3.9/site-packages/airflow/example_dags/example_branch_operator_decorator.py
[2023-04-16T15:30:26.122+0530] {processor.py:753} INFO - DAG(s) dict_keys(['example_branch_python_operator_decorator']) retrieved from /home/nightfall/anaconda3/envs/ml/lib/python3.9/site-packages/airflow/example_dags/example_branch_operator_decorator.py
[2023-04-16T15:30:26.140+0530] {logging_mixin.py:137} INFO - [2023-04-16T15:30:26.140+0530] {dag.py:2705} INFO - Sync 1 DAGs
[2023-04-16T15:30:26.154+0530] {logging_mixin.py:137} INFO - [2023-04-16T15:30:26.154+0530] {dag.py:3452} INFO - Setting next_dagrun for example_branch_python_operator_decorator to 2023-04-15T00:00:00+00:00, run_after=2023-04-16T00:00:00+00:00
[2023-04-16T15:30:26.607+0530] {processor.py:175} INFO - Processing /home/nightfall/anaconda3/envs/ml/lib/python3.9/site-packages/airflow/example_dags/example_branch_operator_decorator.py took 0.508 seconds
[2023-04-16T15:31:43.752+0530] {processor.py:153} INFO - Started process (PID=126315) to work on /home/nightfall/anaconda3/envs/ml/lib/python3.9/site-packages/airflow/example_dags/example_branch_operator_decorator.py
[2023-04-16T15:31:43.753+0530] {processor.py:743} INFO - Processing file /home/nightfall/anaconda3/envs/ml/lib/python3.9/site-packages/airflow/example_dags/example_branch_operator_decorator.py for tasks to queue
[2023-04-16T15:31:43.754+0530] {logging_mixin.py:137} INFO - [2023-04-16T15:31:43.754+0530] {dagbag.py:532} INFO - Filling up the DagBag from /home/nightfall/anaconda3/envs/ml/lib/python3.9/site-packages/airflow/example_dags/example_branch_operator_decorator.py
[2023-04-16T15:31:43.767+0530] {processor.py:753} INFO - DAG(s) dict_keys(['example_branch_python_operator_decorator']) retrieved from /home/nightfall/anaconda3/envs/ml/lib/python3.9/site-packages/airflow/example_dags/example_branch_operator_decorator.py
[2023-04-16T15:31:43.780+0530] {logging_mixin.py:137} INFO - [2023-04-16T15:31:43.779+0530] {dag.py:2705} INFO - Sync 1 DAGs
[2023-04-16T15:31:43.791+0530] {logging_mixin.py:137} INFO - [2023-04-16T15:31:43.791+0530] {dag.py:3452} INFO - Setting next_dagrun for example_branch_python_operator_decorator to 2023-04-15T00:00:00+00:00, run_after=2023-04-16T00:00:00+00:00
[2023-04-16T15:31:43.831+0530] {processor.py:175} INFO - Processing /home/nightfall/anaconda3/envs/ml/lib/python3.9/site-packages/airflow/example_dags/example_branch_operator_decorator.py took 0.081 seconds
[2023-04-16T15:32:46.831+0530] {processor.py:153} INFO - Started process (PID=126447) to work on /home/nightfall/anaconda3/envs/ml/lib/python3.9/site-packages/airflow/example_dags/example_branch_operator_decorator.py
[2023-04-16T15:32:46.834+0530] {processor.py:743} INFO - Processing file /home/nightfall/anaconda3/envs/ml/lib/python3.9/site-packages/airflow/example_dags/example_branch_operator_decorator.py for tasks to queue
[2023-04-16T15:32:46.834+0530] {logging_mixin.py:137} INFO - [2023-04-16T15:32:46.834+0530] {dagbag.py:532} INFO - Filling up the DagBag from /home/nightfall/anaconda3/envs/ml/lib/python3.9/site-packages/airflow/example_dags/example_branch_operator_decorator.py
[2023-04-16T15:32:46.848+0530] {processor.py:753} INFO - DAG(s) dict_keys(['example_branch_python_operator_decorator']) retrieved from /home/nightfall/anaconda3/envs/ml/lib/python3.9/site-packages/airflow/example_dags/example_branch_operator_decorator.py
[2023-04-16T15:32:46.859+0530] {logging_mixin.py:137} INFO - [2023-04-16T15:32:46.859+0530] {dag.py:2705} INFO - Sync 1 DAGs
[2023-04-16T15:32:46.871+0530] {logging_mixin.py:137} INFO - [2023-04-16T15:32:46.871+0530] {dag.py:3452} INFO - Setting next_dagrun for example_branch_python_operator_decorator to 2023-04-15T00:00:00+00:00, run_after=2023-04-16T00:00:00+00:00
[2023-04-16T15:32:46.890+0530] {processor.py:175} INFO - Processing /home/nightfall/anaconda3/envs/ml/lib/python3.9/site-packages/airflow/example_dags/example_branch_operator_decorator.py took 0.060 seconds
[2023-04-16T15:33:51.284+0530] {processor.py:153} INFO - Started process (PID=126570) to work on /home/nightfall/anaconda3/envs/ml/lib/python3.9/site-packages/airflow/example_dags/example_branch_operator_decorator.py
[2023-04-16T15:33:51.286+0530] {processor.py:743} INFO - Processing file /home/nightfall/anaconda3/envs/ml/lib/python3.9/site-packages/airflow/example_dags/example_branch_operator_decorator.py for tasks to queue
[2023-04-16T15:33:51.286+0530] {logging_mixin.py:137} INFO - [2023-04-16T15:33:51.286+0530] {dagbag.py:532} INFO - Filling up the DagBag from /home/nightfall/anaconda3/envs/ml/lib/python3.9/site-packages/airflow/example_dags/example_branch_operator_decorator.py
[2023-04-16T15:33:51.303+0530] {processor.py:753} INFO - DAG(s) dict_keys(['example_branch_python_operator_decorator']) retrieved from /home/nightfall/anaconda3/envs/ml/lib/python3.9/site-packages/airflow/example_dags/example_branch_operator_decorator.py
[2023-04-16T15:33:51.318+0530] {logging_mixin.py:137} INFO - [2023-04-16T15:33:51.318+0530] {dag.py:2705} INFO - Sync 1 DAGs
[2023-04-16T15:33:51.333+0530] {logging_mixin.py:137} INFO - [2023-04-16T15:33:51.333+0530] {dag.py:3452} INFO - Setting next_dagrun for example_branch_python_operator_decorator to 2023-04-15T00:00:00+00:00, run_after=2023-04-16T00:00:00+00:00
[2023-04-16T15:33:51.449+0530] {processor.py:175} INFO - Processing /home/nightfall/anaconda3/envs/ml/lib/python3.9/site-packages/airflow/example_dags/example_branch_operator_decorator.py took 0.167 seconds
[2023-04-16T15:35:12.551+0530] {processor.py:153} INFO - Started process (PID=126811) to work on /home/nightfall/anaconda3/envs/ml/lib/python3.9/site-packages/airflow/example_dags/example_branch_operator_decorator.py
[2023-04-16T15:35:12.553+0530] {processor.py:743} INFO - Processing file /home/nightfall/anaconda3/envs/ml/lib/python3.9/site-packages/airflow/example_dags/example_branch_operator_decorator.py for tasks to queue
[2023-04-16T15:35:12.553+0530] {logging_mixin.py:137} INFO - [2023-04-16T15:35:12.553+0530] {dagbag.py:532} INFO - Filling up the DagBag from /home/nightfall/anaconda3/envs/ml/lib/python3.9/site-packages/airflow/example_dags/example_branch_operator_decorator.py
[2023-04-16T15:35:12.573+0530] {processor.py:753} INFO - DAG(s) dict_keys(['example_branch_python_operator_decorator']) retrieved from /home/nightfall/anaconda3/envs/ml/lib/python3.9/site-packages/airflow/example_dags/example_branch_operator_decorator.py
[2023-04-16T15:35:12.589+0530] {logging_mixin.py:137} INFO - [2023-04-16T15:35:12.588+0530] {dag.py:2705} INFO - Sync 1 DAGs
[2023-04-16T15:35:12.603+0530] {logging_mixin.py:137} INFO - [2023-04-16T15:35:12.603+0530] {dag.py:3452} INFO - Setting next_dagrun for example_branch_python_operator_decorator to 2023-04-15T00:00:00+00:00, run_after=2023-04-16T00:00:00+00:00
[2023-04-16T15:35:13.600+0530] {processor.py:175} INFO - Processing /home/nightfall/anaconda3/envs/ml/lib/python3.9/site-packages/airflow/example_dags/example_branch_operator_decorator.py took 1.051 seconds
[2023-04-16T15:36:28.907+0530] {processor.py:153} INFO - Started process (PID=126960) to work on /home/nightfall/anaconda3/envs/ml/lib/python3.9/site-packages/airflow/example_dags/example_branch_operator_decorator.py
[2023-04-16T15:36:28.945+0530] {processor.py:743} INFO - Processing file /home/nightfall/anaconda3/envs/ml/lib/python3.9/site-packages/airflow/example_dags/example_branch_operator_decorator.py for tasks to queue
[2023-04-16T15:36:28.946+0530] {logging_mixin.py:137} INFO - [2023-04-16T15:36:28.946+0530] {dagbag.py:532} INFO - Filling up the DagBag from /home/nightfall/anaconda3/envs/ml/lib/python3.9/site-packages/airflow/example_dags/example_branch_operator_decorator.py
[2023-04-16T15:36:28.959+0530] {processor.py:753} INFO - DAG(s) dict_keys(['example_branch_python_operator_decorator']) retrieved from /home/nightfall/anaconda3/envs/ml/lib/python3.9/site-packages/airflow/example_dags/example_branch_operator_decorator.py
[2023-04-16T15:36:28.971+0530] {logging_mixin.py:137} INFO - [2023-04-16T15:36:28.971+0530] {dag.py:2705} INFO - Sync 1 DAGs
[2023-04-16T15:36:28.983+0530] {logging_mixin.py:137} INFO - [2023-04-16T15:36:28.983+0530] {dag.py:3452} INFO - Setting next_dagrun for example_branch_python_operator_decorator to 2023-04-15T00:00:00+00:00, run_after=2023-04-16T00:00:00+00:00
[2023-04-16T15:36:29.006+0530] {processor.py:175} INFO - Processing /home/nightfall/anaconda3/envs/ml/lib/python3.9/site-packages/airflow/example_dags/example_branch_operator_decorator.py took 0.100 seconds
