[2023-04-16T15:29:29.898+0530] {processor.py:153} INFO - Started process (PID=125971) to work on /home/nightfall/anaconda3/envs/ml/lib/python3.9/site-packages/airflow/example_dags/example_time_delta_sensor_async.py
[2023-04-16T15:29:29.898+0530] {processor.py:743} INFO - Processing file /home/nightfall/anaconda3/envs/ml/lib/python3.9/site-packages/airflow/example_dags/example_time_delta_sensor_async.py for tasks to queue
[2023-04-16T15:29:29.898+0530] {logging_mixin.py:137} INFO - [2023-04-16T15:29:29.898+0530] {dagbag.py:532} INFO - Filling up the DagBag from /home/nightfall/anaconda3/envs/ml/lib/python3.9/site-packages/airflow/example_dags/example_time_delta_sensor_async.py
[2023-04-16T15:29:29.905+0530] {processor.py:753} INFO - DAG(s) dict_keys(['example_time_delta_sensor_async']) retrieved from /home/nightfall/anaconda3/envs/ml/lib/python3.9/site-packages/airflow/example_dags/example_time_delta_sensor_async.py
[2023-04-16T15:29:29.915+0530] {logging_mixin.py:137} INFO - [2023-04-16T15:29:29.915+0530] {dag.py:2705} INFO - Sync 1 DAGs
[2023-04-16T15:29:29.927+0530] {logging_mixin.py:137} INFO - [2023-04-16T15:29:29.927+0530] {dag.py:3452} INFO - Setting next_dagrun for example_time_delta_sensor_async to None, run_after=None
[2023-04-16T15:29:30.629+0530] {processor.py:175} INFO - Processing /home/nightfall/anaconda3/envs/ml/lib/python3.9/site-packages/airflow/example_dags/example_time_delta_sensor_async.py took 0.733 seconds
[2023-04-16T15:30:44.849+0530] {processor.py:153} INFO - Started process (PID=126212) to work on /home/nightfall/anaconda3/envs/ml/lib/python3.9/site-packages/airflow/example_dags/example_time_delta_sensor_async.py
[2023-04-16T15:30:44.851+0530] {processor.py:743} INFO - Processing file /home/nightfall/anaconda3/envs/ml/lib/python3.9/site-packages/airflow/example_dags/example_time_delta_sensor_async.py for tasks to queue
[2023-04-16T15:30:44.851+0530] {logging_mixin.py:137} INFO - [2023-04-16T15:30:44.851+0530] {dagbag.py:532} INFO - Filling up the DagBag from /home/nightfall/anaconda3/envs/ml/lib/python3.9/site-packages/airflow/example_dags/example_time_delta_sensor_async.py
[2023-04-16T15:30:44.859+0530] {processor.py:753} INFO - DAG(s) dict_keys(['example_time_delta_sensor_async']) retrieved from /home/nightfall/anaconda3/envs/ml/lib/python3.9/site-packages/airflow/example_dags/example_time_delta_sensor_async.py
[2023-04-16T15:30:44.871+0530] {logging_mixin.py:137} INFO - [2023-04-16T15:30:44.871+0530] {dag.py:2705} INFO - Sync 1 DAGs
[2023-04-16T15:30:44.890+0530] {logging_mixin.py:137} INFO - [2023-04-16T15:30:44.890+0530] {dag.py:3452} INFO - Setting next_dagrun for example_time_delta_sensor_async to None, run_after=None
[2023-04-16T15:30:44.913+0530] {processor.py:175} INFO - Processing /home/nightfall/anaconda3/envs/ml/lib/python3.9/site-packages/airflow/example_dags/example_time_delta_sensor_async.py took 0.065 seconds
[2023-04-16T15:31:27.730+0530] {processor.py:153} INFO - Started process (PID=126301) to work on /home/nightfall/anaconda3/envs/ml/lib/python3.9/site-packages/airflow/example_dags/example_time_delta_sensor_async.py
[2023-04-16T15:31:27.732+0530] {processor.py:743} INFO - Processing file /home/nightfall/anaconda3/envs/ml/lib/python3.9/site-packages/airflow/example_dags/example_time_delta_sensor_async.py for tasks to queue
[2023-04-16T15:31:27.732+0530] {logging_mixin.py:137} INFO - [2023-04-16T15:31:27.732+0530] {dagbag.py:532} INFO - Filling up the DagBag from /home/nightfall/anaconda3/envs/ml/lib/python3.9/site-packages/airflow/example_dags/example_time_delta_sensor_async.py
[2023-04-16T15:31:27.742+0530] {processor.py:753} INFO - DAG(s) dict_keys(['example_time_delta_sensor_async']) retrieved from /home/nightfall/anaconda3/envs/ml/lib/python3.9/site-packages/airflow/example_dags/example_time_delta_sensor_async.py
[2023-04-16T15:31:27.758+0530] {logging_mixin.py:137} INFO - [2023-04-16T15:31:27.758+0530] {dag.py:2705} INFO - Sync 1 DAGs
[2023-04-16T15:31:27.775+0530] {logging_mixin.py:137} INFO - [2023-04-16T15:31:27.775+0530] {dag.py:3452} INFO - Setting next_dagrun for example_time_delta_sensor_async to None, run_after=None
[2023-04-16T15:31:27.945+0530] {processor.py:175} INFO - Processing /home/nightfall/anaconda3/envs/ml/lib/python3.9/site-packages/airflow/example_dags/example_time_delta_sensor_async.py took 0.216 seconds
[2023-04-16T15:32:32.687+0530] {processor.py:153} INFO - Started process (PID=126433) to work on /home/nightfall/anaconda3/envs/ml/lib/python3.9/site-packages/airflow/example_dags/example_time_delta_sensor_async.py
[2023-04-16T15:32:32.689+0530] {processor.py:743} INFO - Processing file /home/nightfall/anaconda3/envs/ml/lib/python3.9/site-packages/airflow/example_dags/example_time_delta_sensor_async.py for tasks to queue
[2023-04-16T15:32:32.689+0530] {logging_mixin.py:137} INFO - [2023-04-16T15:32:32.689+0530] {dagbag.py:532} INFO - Filling up the DagBag from /home/nightfall/anaconda3/envs/ml/lib/python3.9/site-packages/airflow/example_dags/example_time_delta_sensor_async.py
[2023-04-16T15:32:32.698+0530] {processor.py:753} INFO - DAG(s) dict_keys(['example_time_delta_sensor_async']) retrieved from /home/nightfall/anaconda3/envs/ml/lib/python3.9/site-packages/airflow/example_dags/example_time_delta_sensor_async.py
[2023-04-16T15:32:32.712+0530] {logging_mixin.py:137} INFO - [2023-04-16T15:32:32.712+0530] {dag.py:2705} INFO - Sync 1 DAGs
[2023-04-16T15:32:32.727+0530] {logging_mixin.py:137} INFO - [2023-04-16T15:32:32.727+0530] {dag.py:3452} INFO - Setting next_dagrun for example_time_delta_sensor_async to None, run_after=None
[2023-04-16T15:32:32.748+0530] {processor.py:175} INFO - Processing /home/nightfall/anaconda3/envs/ml/lib/python3.9/site-packages/airflow/example_dags/example_time_delta_sensor_async.py took 0.063 seconds
[2023-04-16T15:33:37.724+0530] {processor.py:153} INFO - Started process (PID=126555) to work on /home/nightfall/anaconda3/envs/ml/lib/python3.9/site-packages/airflow/example_dags/example_time_delta_sensor_async.py
[2023-04-16T15:33:37.725+0530] {processor.py:743} INFO - Processing file /home/nightfall/anaconda3/envs/ml/lib/python3.9/site-packages/airflow/example_dags/example_time_delta_sensor_async.py for tasks to queue
[2023-04-16T15:33:37.725+0530] {logging_mixin.py:137} INFO - [2023-04-16T15:33:37.725+0530] {dagbag.py:532} INFO - Filling up the DagBag from /home/nightfall/anaconda3/envs/ml/lib/python3.9/site-packages/airflow/example_dags/example_time_delta_sensor_async.py
[2023-04-16T15:33:37.732+0530] {processor.py:753} INFO - DAG(s) dict_keys(['example_time_delta_sensor_async']) retrieved from /home/nightfall/anaconda3/envs/ml/lib/python3.9/site-packages/airflow/example_dags/example_time_delta_sensor_async.py
[2023-04-16T15:33:37.742+0530] {logging_mixin.py:137} INFO - [2023-04-16T15:33:37.742+0530] {dag.py:2705} INFO - Sync 1 DAGs
[2023-04-16T15:33:37.752+0530] {logging_mixin.py:137} INFO - [2023-04-16T15:33:37.752+0530] {dag.py:3452} INFO - Setting next_dagrun for example_time_delta_sensor_async to None, run_after=None
[2023-04-16T15:33:38.450+0530] {processor.py:175} INFO - Processing /home/nightfall/anaconda3/envs/ml/lib/python3.9/site-packages/airflow/example_dags/example_time_delta_sensor_async.py took 0.728 seconds
[2023-04-16T15:34:57.803+0530] {processor.py:153} INFO - Started process (PID=126793) to work on /home/nightfall/anaconda3/envs/ml/lib/python3.9/site-packages/airflow/example_dags/example_time_delta_sensor_async.py
[2023-04-16T15:34:58.226+0530] {processor.py:743} INFO - Processing file /home/nightfall/anaconda3/envs/ml/lib/python3.9/site-packages/airflow/example_dags/example_time_delta_sensor_async.py for tasks to queue
[2023-04-16T15:34:58.226+0530] {logging_mixin.py:137} INFO - [2023-04-16T15:34:58.226+0530] {dagbag.py:532} INFO - Filling up the DagBag from /home/nightfall/anaconda3/envs/ml/lib/python3.9/site-packages/airflow/example_dags/example_time_delta_sensor_async.py
[2023-04-16T15:34:58.236+0530] {processor.py:753} INFO - DAG(s) dict_keys(['example_time_delta_sensor_async']) retrieved from /home/nightfall/anaconda3/envs/ml/lib/python3.9/site-packages/airflow/example_dags/example_time_delta_sensor_async.py
[2023-04-16T15:34:58.254+0530] {logging_mixin.py:137} INFO - [2023-04-16T15:34:58.253+0530] {dag.py:2705} INFO - Sync 1 DAGs
[2023-04-16T15:34:58.269+0530] {logging_mixin.py:137} INFO - [2023-04-16T15:34:58.269+0530] {dag.py:3452} INFO - Setting next_dagrun for example_time_delta_sensor_async to None, run_after=None
[2023-04-16T15:34:58.304+0530] {processor.py:175} INFO - Processing /home/nightfall/anaconda3/envs/ml/lib/python3.9/site-packages/airflow/example_dags/example_time_delta_sensor_async.py took 0.503 seconds
[2023-04-16T15:36:09.732+0530] {processor.py:153} INFO - Started process (PID=126942) to work on /home/nightfall/anaconda3/envs/ml/lib/python3.9/site-packages/airflow/example_dags/example_time_delta_sensor_async.py
[2023-04-16T15:36:09.734+0530] {processor.py:743} INFO - Processing file /home/nightfall/anaconda3/envs/ml/lib/python3.9/site-packages/airflow/example_dags/example_time_delta_sensor_async.py for tasks to queue
[2023-04-16T15:36:09.734+0530] {logging_mixin.py:137} INFO - [2023-04-16T15:36:09.734+0530] {dagbag.py:532} INFO - Filling up the DagBag from /home/nightfall/anaconda3/envs/ml/lib/python3.9/site-packages/airflow/example_dags/example_time_delta_sensor_async.py
[2023-04-16T15:36:09.746+0530] {processor.py:753} INFO - DAG(s) dict_keys(['example_time_delta_sensor_async']) retrieved from /home/nightfall/anaconda3/envs/ml/lib/python3.9/site-packages/airflow/example_dags/example_time_delta_sensor_async.py
[2023-04-16T15:36:09.761+0530] {logging_mixin.py:137} INFO - [2023-04-16T15:36:09.761+0530] {dag.py:2705} INFO - Sync 1 DAGs
[2023-04-16T15:36:09.779+0530] {logging_mixin.py:137} INFO - [2023-04-16T15:36:09.779+0530] {dag.py:3452} INFO - Setting next_dagrun for example_time_delta_sensor_async to None, run_after=None
[2023-04-16T15:36:10.093+0530] {processor.py:175} INFO - Processing /home/nightfall/anaconda3/envs/ml/lib/python3.9/site-packages/airflow/example_dags/example_time_delta_sensor_async.py took 0.362 seconds
