[2023-04-16T15:30:23.582+0530] {processor.py:153} INFO - Started process (PID=126146) to work on /home/nightfall/anaconda3/envs/ml/lib/python3.9/site-packages/airflow/example_dags/example_datasets.py
[2023-04-16T15:30:23.582+0530] {processor.py:743} INFO - Processing file /home/nightfall/anaconda3/envs/ml/lib/python3.9/site-packages/airflow/example_dags/example_datasets.py for tasks to queue
[2023-04-16T15:30:23.582+0530] {logging_mixin.py:137} INFO - [2023-04-16T15:30:23.582+0530] {dagbag.py:532} INFO - Filling up the DagBag from /home/nightfall/anaconda3/envs/ml/lib/python3.9/site-packages/airflow/example_dags/example_datasets.py
[2023-04-16T15:30:23.595+0530] {processor.py:753} INFO - DAG(s) dict_keys(['dataset_consumes_1_never_scheduled', 'dataset_consumes_1_and_2', 'dataset_consumes_unknown_never_scheduled', 'dataset_produces_2', 'dataset_produces_1', 'dataset_consumes_1']) retrieved from /home/nightfall/anaconda3/envs/ml/lib/python3.9/site-packages/airflow/example_dags/example_datasets.py
[2023-04-16T15:30:23.640+0530] {logging_mixin.py:137} INFO - [2023-04-16T15:30:23.640+0530] {dag.py:2705} INFO - Sync 6 DAGs
[2023-04-16T15:30:23.650+0530] {logging_mixin.py:137} INFO - [2023-04-16T15:30:23.650+0530] {dag.py:3452} INFO - Setting next_dagrun for dataset_consumes_1 to None, run_after=None
[2023-04-16T15:30:23.651+0530] {logging_mixin.py:137} INFO - [2023-04-16T15:30:23.651+0530] {dag.py:3452} INFO - Setting next_dagrun for dataset_consumes_1_and_2 to None, run_after=None
[2023-04-16T15:30:23.652+0530] {logging_mixin.py:137} INFO - [2023-04-16T15:30:23.652+0530] {dag.py:3452} INFO - Setting next_dagrun for dataset_consumes_1_never_scheduled to None, run_after=None
[2023-04-16T15:30:23.652+0530] {logging_mixin.py:137} INFO - [2023-04-16T15:30:23.652+0530] {dag.py:3452} INFO - Setting next_dagrun for dataset_consumes_unknown_never_scheduled to None, run_after=None
[2023-04-16T15:30:23.653+0530] {logging_mixin.py:137} INFO - [2023-04-16T15:30:23.653+0530] {dag.py:3452} INFO - Setting next_dagrun for dataset_produces_1 to 2023-04-15T00:00:00+00:00, run_after=2023-04-16T00:00:00+00:00
[2023-04-16T15:30:23.654+0530] {logging_mixin.py:137} INFO - [2023-04-16T15:30:23.654+0530] {dag.py:3452} INFO - Setting next_dagrun for dataset_produces_2 to None, run_after=None
[2023-04-16T15:30:23.706+0530] {processor.py:175} INFO - Processing /home/nightfall/anaconda3/envs/ml/lib/python3.9/site-packages/airflow/example_dags/example_datasets.py took 0.126 seconds
[2023-04-16T15:31:41.877+0530] {processor.py:153} INFO - Started process (PID=126312) to work on /home/nightfall/anaconda3/envs/ml/lib/python3.9/site-packages/airflow/example_dags/example_datasets.py
[2023-04-16T15:31:41.878+0530] {processor.py:743} INFO - Processing file /home/nightfall/anaconda3/envs/ml/lib/python3.9/site-packages/airflow/example_dags/example_datasets.py for tasks to queue
[2023-04-16T15:31:41.879+0530] {logging_mixin.py:137} INFO - [2023-04-16T15:31:41.879+0530] {dagbag.py:532} INFO - Filling up the DagBag from /home/nightfall/anaconda3/envs/ml/lib/python3.9/site-packages/airflow/example_dags/example_datasets.py
[2023-04-16T15:31:41.892+0530] {processor.py:753} INFO - DAG(s) dict_keys(['dataset_produces_2', 'dataset_produces_1', 'dataset_consumes_1_and_2', 'dataset_consumes_unknown_never_scheduled', 'dataset_consumes_1', 'dataset_consumes_1_never_scheduled']) retrieved from /home/nightfall/anaconda3/envs/ml/lib/python3.9/site-packages/airflow/example_dags/example_datasets.py
[2023-04-16T15:31:41.940+0530] {logging_mixin.py:137} INFO - [2023-04-16T15:31:41.940+0530] {dag.py:2705} INFO - Sync 6 DAGs
[2023-04-16T15:31:41.946+0530] {logging_mixin.py:137} INFO - [2023-04-16T15:31:41.946+0530] {dag.py:2726} INFO - Creating ORM DAG for dataset_consumes_1
[2023-04-16T15:31:41.946+0530] {logging_mixin.py:137} INFO - [2023-04-16T15:31:41.946+0530] {dag.py:2726} INFO - Creating ORM DAG for dataset_consumes_1_never_scheduled
[2023-04-16T15:31:41.947+0530] {logging_mixin.py:137} INFO - [2023-04-16T15:31:41.947+0530] {dag.py:2726} INFO - Creating ORM DAG for dataset_produces_1
[2023-04-16T15:31:41.947+0530] {logging_mixin.py:137} INFO - [2023-04-16T15:31:41.947+0530] {dag.py:2726} INFO - Creating ORM DAG for dataset_consumes_unknown_never_scheduled
[2023-04-16T15:31:41.947+0530] {logging_mixin.py:137} INFO - [2023-04-16T15:31:41.947+0530] {dag.py:2726} INFO - Creating ORM DAG for dataset_consumes_1_and_2
[2023-04-16T15:31:41.952+0530] {logging_mixin.py:137} INFO - [2023-04-16T15:31:41.952+0530] {dag.py:3452} INFO - Setting next_dagrun for dataset_consumes_1 to None, run_after=None
[2023-04-16T15:31:41.952+0530] {logging_mixin.py:137} INFO - [2023-04-16T15:31:41.952+0530] {dag.py:3452} INFO - Setting next_dagrun for dataset_consumes_1_and_2 to None, run_after=None
[2023-04-16T15:31:41.953+0530] {logging_mixin.py:137} INFO - [2023-04-16T15:31:41.953+0530] {dag.py:3452} INFO - Setting next_dagrun for dataset_consumes_1_never_scheduled to None, run_after=None
[2023-04-16T15:31:41.953+0530] {logging_mixin.py:137} INFO - [2023-04-16T15:31:41.953+0530] {dag.py:3452} INFO - Setting next_dagrun for dataset_consumes_unknown_never_scheduled to None, run_after=None
[2023-04-16T15:31:41.954+0530] {logging_mixin.py:137} INFO - [2023-04-16T15:31:41.954+0530] {dag.py:3452} INFO - Setting next_dagrun for dataset_produces_1 to 2023-04-15T00:00:00+00:00, run_after=2023-04-16T00:00:00+00:00
[2023-04-16T15:31:41.954+0530] {logging_mixin.py:137} INFO - [2023-04-16T15:31:41.954+0530] {dag.py:3452} INFO - Setting next_dagrun for dataset_produces_2 to None, run_after=None
[2023-04-16T15:31:42.404+0530] {processor.py:175} INFO - Processing /home/nightfall/anaconda3/envs/ml/lib/python3.9/site-packages/airflow/example_dags/example_datasets.py took 0.529 seconds
[2023-04-16T15:32:42.291+0530] {processor.py:153} INFO - Started process (PID=126444) to work on /home/nightfall/anaconda3/envs/ml/lib/python3.9/site-packages/airflow/example_dags/example_datasets.py
[2023-04-16T15:32:42.295+0530] {processor.py:743} INFO - Processing file /home/nightfall/anaconda3/envs/ml/lib/python3.9/site-packages/airflow/example_dags/example_datasets.py for tasks to queue
[2023-04-16T15:32:42.295+0530] {logging_mixin.py:137} INFO - [2023-04-16T15:32:42.295+0530] {dagbag.py:532} INFO - Filling up the DagBag from /home/nightfall/anaconda3/envs/ml/lib/python3.9/site-packages/airflow/example_dags/example_datasets.py
[2023-04-16T15:32:42.308+0530] {processor.py:753} INFO - DAG(s) dict_keys(['dataset_produces_1', 'dataset_consumes_1', 'dataset_consumes_1_never_scheduled', 'dataset_consumes_1_and_2', 'dataset_produces_2', 'dataset_consumes_unknown_never_scheduled']) retrieved from /home/nightfall/anaconda3/envs/ml/lib/python3.9/site-packages/airflow/example_dags/example_datasets.py
[2023-04-16T15:32:42.335+0530] {logging_mixin.py:137} INFO - [2023-04-16T15:32:42.335+0530] {dag.py:2705} INFO - Sync 6 DAGs
[2023-04-16T15:32:42.349+0530] {logging_mixin.py:137} INFO - [2023-04-16T15:32:42.348+0530] {dag.py:3452} INFO - Setting next_dagrun for dataset_consumes_1 to None, run_after=None
[2023-04-16T15:32:42.350+0530] {logging_mixin.py:137} INFO - [2023-04-16T15:32:42.350+0530] {dag.py:3452} INFO - Setting next_dagrun for dataset_consumes_1_and_2 to None, run_after=None
[2023-04-16T15:32:42.350+0530] {logging_mixin.py:137} INFO - [2023-04-16T15:32:42.350+0530] {dag.py:3452} INFO - Setting next_dagrun for dataset_consumes_1_never_scheduled to None, run_after=None
[2023-04-16T15:32:42.351+0530] {logging_mixin.py:137} INFO - [2023-04-16T15:32:42.351+0530] {dag.py:3452} INFO - Setting next_dagrun for dataset_consumes_unknown_never_scheduled to None, run_after=None
[2023-04-16T15:32:42.352+0530] {logging_mixin.py:137} INFO - [2023-04-16T15:32:42.352+0530] {dag.py:3452} INFO - Setting next_dagrun for dataset_produces_1 to 2023-04-15T00:00:00+00:00, run_after=2023-04-16T00:00:00+00:00
[2023-04-16T15:32:42.352+0530] {logging_mixin.py:137} INFO - [2023-04-16T15:32:42.352+0530] {dag.py:3452} INFO - Setting next_dagrun for dataset_produces_2 to None, run_after=None
[2023-04-16T15:32:43.121+0530] {processor.py:175} INFO - Processing /home/nightfall/anaconda3/envs/ml/lib/python3.9/site-packages/airflow/example_dags/example_datasets.py took 0.831 seconds
[2023-04-16T15:33:48.524+0530] {processor.py:153} INFO - Started process (PID=126566) to work on /home/nightfall/anaconda3/envs/ml/lib/python3.9/site-packages/airflow/example_dags/example_datasets.py
[2023-04-16T15:33:48.526+0530] {processor.py:743} INFO - Processing file /home/nightfall/anaconda3/envs/ml/lib/python3.9/site-packages/airflow/example_dags/example_datasets.py for tasks to queue
[2023-04-16T15:33:48.527+0530] {logging_mixin.py:137} INFO - [2023-04-16T15:33:48.526+0530] {dagbag.py:532} INFO - Filling up the DagBag from /home/nightfall/anaconda3/envs/ml/lib/python3.9/site-packages/airflow/example_dags/example_datasets.py
[2023-04-16T15:33:48.540+0530] {processor.py:753} INFO - DAG(s) dict_keys(['dataset_consumes_1', 'dataset_produces_2', 'dataset_consumes_unknown_never_scheduled', 'dataset_consumes_1_never_scheduled', 'dataset_consumes_1_and_2', 'dataset_produces_1']) retrieved from /home/nightfall/anaconda3/envs/ml/lib/python3.9/site-packages/airflow/example_dags/example_datasets.py
[2023-04-16T15:33:48.566+0530] {logging_mixin.py:137} INFO - [2023-04-16T15:33:48.566+0530] {dag.py:2705} INFO - Sync 6 DAGs
[2023-04-16T15:33:48.580+0530] {logging_mixin.py:137} INFO - [2023-04-16T15:33:48.580+0530] {dag.py:3452} INFO - Setting next_dagrun for dataset_consumes_1 to None, run_after=None
[2023-04-16T15:33:48.581+0530] {logging_mixin.py:137} INFO - [2023-04-16T15:33:48.581+0530] {dag.py:3452} INFO - Setting next_dagrun for dataset_consumes_1_and_2 to None, run_after=None
[2023-04-16T15:33:48.582+0530] {logging_mixin.py:137} INFO - [2023-04-16T15:33:48.582+0530] {dag.py:3452} INFO - Setting next_dagrun for dataset_consumes_1_never_scheduled to None, run_after=None
[2023-04-16T15:33:48.582+0530] {logging_mixin.py:137} INFO - [2023-04-16T15:33:48.582+0530] {dag.py:3452} INFO - Setting next_dagrun for dataset_consumes_unknown_never_scheduled to None, run_after=None
[2023-04-16T15:33:48.583+0530] {logging_mixin.py:137} INFO - [2023-04-16T15:33:48.583+0530] {dag.py:3452} INFO - Setting next_dagrun for dataset_produces_1 to 2023-04-15T00:00:00+00:00, run_after=2023-04-16T00:00:00+00:00
[2023-04-16T15:33:48.584+0530] {logging_mixin.py:137} INFO - [2023-04-16T15:33:48.584+0530] {dag.py:3452} INFO - Setting next_dagrun for dataset_produces_2 to None, run_after=None
[2023-04-16T15:33:48.769+0530] {processor.py:175} INFO - Processing /home/nightfall/anaconda3/envs/ml/lib/python3.9/site-packages/airflow/example_dags/example_datasets.py took 0.247 seconds
[2023-04-16T15:35:10.801+0530] {processor.py:153} INFO - Started process (PID=126809) to work on /home/nightfall/anaconda3/envs/ml/lib/python3.9/site-packages/airflow/example_dags/example_datasets.py
[2023-04-16T15:35:10.802+0530] {processor.py:743} INFO - Processing file /home/nightfall/anaconda3/envs/ml/lib/python3.9/site-packages/airflow/example_dags/example_datasets.py for tasks to queue
[2023-04-16T15:35:10.803+0530] {logging_mixin.py:137} INFO - [2023-04-16T15:35:10.803+0530] {dagbag.py:532} INFO - Filling up the DagBag from /home/nightfall/anaconda3/envs/ml/lib/python3.9/site-packages/airflow/example_dags/example_datasets.py
[2023-04-16T15:35:10.815+0530] {processor.py:753} INFO - DAG(s) dict_keys(['dataset_consumes_1_and_2', 'dataset_consumes_1_never_scheduled', 'dataset_produces_2', 'dataset_produces_1', 'dataset_consumes_unknown_never_scheduled', 'dataset_consumes_1']) retrieved from /home/nightfall/anaconda3/envs/ml/lib/python3.9/site-packages/airflow/example_dags/example_datasets.py
[2023-04-16T15:35:10.860+0530] {logging_mixin.py:137} INFO - [2023-04-16T15:35:10.860+0530] {dag.py:2705} INFO - Sync 6 DAGs
[2023-04-16T15:35:10.865+0530] {logging_mixin.py:137} INFO - [2023-04-16T15:35:10.865+0530] {dag.py:2726} INFO - Creating ORM DAG for dataset_consumes_1_and_2
[2023-04-16T15:35:10.866+0530] {logging_mixin.py:137} INFO - [2023-04-16T15:35:10.866+0530] {dag.py:2726} INFO - Creating ORM DAG for dataset_consumes_1
[2023-04-16T15:35:10.866+0530] {logging_mixin.py:137} INFO - [2023-04-16T15:35:10.866+0530] {dag.py:2726} INFO - Creating ORM DAG for dataset_consumes_1_never_scheduled
[2023-04-16T15:35:10.870+0530] {logging_mixin.py:137} INFO - [2023-04-16T15:35:10.870+0530] {dag.py:3452} INFO - Setting next_dagrun for dataset_consumes_1 to None, run_after=None
[2023-04-16T15:35:10.871+0530] {logging_mixin.py:137} INFO - [2023-04-16T15:35:10.870+0530] {dag.py:3452} INFO - Setting next_dagrun for dataset_consumes_1_and_2 to None, run_after=None
[2023-04-16T15:35:10.871+0530] {logging_mixin.py:137} INFO - [2023-04-16T15:35:10.871+0530] {dag.py:3452} INFO - Setting next_dagrun for dataset_consumes_1_never_scheduled to None, run_after=None
[2023-04-16T15:35:10.871+0530] {logging_mixin.py:137} INFO - [2023-04-16T15:35:10.871+0530] {dag.py:3452} INFO - Setting next_dagrun for dataset_consumes_unknown_never_scheduled to None, run_after=None
[2023-04-16T15:35:10.873+0530] {logging_mixin.py:137} INFO - [2023-04-16T15:35:10.873+0530] {dag.py:3452} INFO - Setting next_dagrun for dataset_produces_1 to 2023-04-15T00:00:00+00:00, run_after=2023-04-16T00:00:00+00:00
[2023-04-16T15:35:10.874+0530] {logging_mixin.py:137} INFO - [2023-04-16T15:35:10.873+0530] {dag.py:3452} INFO - Setting next_dagrun for dataset_produces_2 to None, run_after=None
[2023-04-16T15:35:11.237+0530] {processor.py:175} INFO - Processing /home/nightfall/anaconda3/envs/ml/lib/python3.9/site-packages/airflow/example_dags/example_datasets.py took 0.438 seconds
[2023-04-16T15:36:21.806+0530] {processor.py:153} INFO - Started process (PID=126956) to work on /home/nightfall/anaconda3/envs/ml/lib/python3.9/site-packages/airflow/example_dags/example_datasets.py
[2023-04-16T15:36:21.816+0530] {processor.py:743} INFO - Processing file /home/nightfall/anaconda3/envs/ml/lib/python3.9/site-packages/airflow/example_dags/example_datasets.py for tasks to queue
[2023-04-16T15:36:21.816+0530] {logging_mixin.py:137} INFO - [2023-04-16T15:36:21.816+0530] {dagbag.py:532} INFO - Filling up the DagBag from /home/nightfall/anaconda3/envs/ml/lib/python3.9/site-packages/airflow/example_dags/example_datasets.py
[2023-04-16T15:36:21.830+0530] {processor.py:753} INFO - DAG(s) dict_keys(['dataset_consumes_1', 'dataset_consumes_1_never_scheduled', 'dataset_produces_1', 'dataset_consumes_1_and_2', 'dataset_consumes_unknown_never_scheduled', 'dataset_produces_2']) retrieved from /home/nightfall/anaconda3/envs/ml/lib/python3.9/site-packages/airflow/example_dags/example_datasets.py
[2023-04-16T15:36:25.191+0530] {logging_mixin.py:137} INFO - [2023-04-16T15:36:25.191+0530] {dag.py:2705} INFO - Sync 6 DAGs
[2023-04-16T15:36:25.205+0530] {logging_mixin.py:137} INFO - [2023-04-16T15:36:25.205+0530] {dag.py:2726} INFO - Creating ORM DAG for dataset_consumes_1
[2023-04-16T15:36:25.215+0530] {logging_mixin.py:137} INFO - [2023-04-16T15:36:25.215+0530] {dag.py:3452} INFO - Setting next_dagrun for dataset_consumes_1 to None, run_after=None
[2023-04-16T15:36:25.216+0530] {logging_mixin.py:137} INFO - [2023-04-16T15:36:25.216+0530] {dag.py:3452} INFO - Setting next_dagrun for dataset_consumes_1_and_2 to None, run_after=None
[2023-04-16T15:36:25.220+0530] {logging_mixin.py:137} INFO - [2023-04-16T15:36:25.220+0530] {dag.py:3452} INFO - Setting next_dagrun for dataset_consumes_1_never_scheduled to None, run_after=None
[2023-04-16T15:36:25.221+0530] {logging_mixin.py:137} INFO - [2023-04-16T15:36:25.221+0530] {dag.py:3452} INFO - Setting next_dagrun for dataset_consumes_unknown_never_scheduled to None, run_after=None
[2023-04-16T15:36:25.223+0530] {logging_mixin.py:137} INFO - [2023-04-16T15:36:25.223+0530] {dag.py:3452} INFO - Setting next_dagrun for dataset_produces_1 to 2023-04-15T00:00:00+00:00, run_after=2023-04-16T00:00:00+00:00
[2023-04-16T15:36:25.224+0530] {logging_mixin.py:137} INFO - [2023-04-16T15:36:25.224+0530] {dag.py:3452} INFO - Setting next_dagrun for dataset_produces_2 to None, run_after=None
[2023-04-16T15:36:25.328+0530] {processor.py:175} INFO - Processing /home/nightfall/anaconda3/envs/ml/lib/python3.9/site-packages/airflow/example_dags/example_datasets.py took 3.524 seconds
