[2023-04-16T15:30:19.580+0530] {processor.py:153} INFO - Started process (PID=126128) to work on /home/nightfall/anaconda3/envs/ml/lib/python3.9/site-packages/airflow/example_dags/example_latest_only_with_trigger.py
[2023-04-16T15:30:19.581+0530] {processor.py:743} INFO - Processing file /home/nightfall/anaconda3/envs/ml/lib/python3.9/site-packages/airflow/example_dags/example_latest_only_with_trigger.py for tasks to queue
[2023-04-16T15:30:19.581+0530] {logging_mixin.py:137} INFO - [2023-04-16T15:30:19.581+0530] {dagbag.py:532} INFO - Filling up the DagBag from /home/nightfall/anaconda3/envs/ml/lib/python3.9/site-packages/airflow/example_dags/example_latest_only_with_trigger.py
[2023-04-16T15:30:19.591+0530] {processor.py:753} INFO - DAG(s) dict_keys(['latest_only_with_trigger']) retrieved from /home/nightfall/anaconda3/envs/ml/lib/python3.9/site-packages/airflow/example_dags/example_latest_only_with_trigger.py
[2023-04-16T15:30:19.606+0530] {logging_mixin.py:137} INFO - [2023-04-16T15:30:19.606+0530] {dag.py:2705} INFO - Sync 1 DAGs
[2023-04-16T15:30:19.623+0530] {logging_mixin.py:137} INFO - [2023-04-16T15:30:19.622+0530] {dag.py:3452} INFO - Setting next_dagrun for latest_only_with_trigger to 2023-04-16T06:00:19.622793+00:00, run_after=2023-04-16T10:00:19.622793+00:00
[2023-04-16T15:30:19.850+0530] {processor.py:175} INFO - Processing /home/nightfall/anaconda3/envs/ml/lib/python3.9/site-packages/airflow/example_dags/example_latest_only_with_trigger.py took 0.272 seconds
[2023-04-16T15:31:34.700+0530] {processor.py:153} INFO - Started process (PID=126308) to work on /home/nightfall/anaconda3/envs/ml/lib/python3.9/site-packages/airflow/example_dags/example_latest_only_with_trigger.py
[2023-04-16T15:31:34.708+0530] {processor.py:743} INFO - Processing file /home/nightfall/anaconda3/envs/ml/lib/python3.9/site-packages/airflow/example_dags/example_latest_only_with_trigger.py for tasks to queue
[2023-04-16T15:31:34.708+0530] {logging_mixin.py:137} INFO - [2023-04-16T15:31:34.708+0530] {dagbag.py:532} INFO - Filling up the DagBag from /home/nightfall/anaconda3/envs/ml/lib/python3.9/site-packages/airflow/example_dags/example_latest_only_with_trigger.py
[2023-04-16T15:31:34.715+0530] {processor.py:753} INFO - DAG(s) dict_keys(['latest_only_with_trigger']) retrieved from /home/nightfall/anaconda3/envs/ml/lib/python3.9/site-packages/airflow/example_dags/example_latest_only_with_trigger.py
[2023-04-16T15:31:37.358+0530] {logging_mixin.py:137} INFO - [2023-04-16T15:31:37.358+0530] {dag.py:2705} INFO - Sync 1 DAGs
[2023-04-16T15:31:37.376+0530] {logging_mixin.py:137} INFO - [2023-04-16T15:31:37.375+0530] {dag.py:3452} INFO - Setting next_dagrun for latest_only_with_trigger to 2023-04-16T06:01:37.375693+00:00, run_after=2023-04-16T10:01:37.375693+00:00
[2023-04-16T15:31:37.422+0530] {processor.py:175} INFO - Processing /home/nightfall/anaconda3/envs/ml/lib/python3.9/site-packages/airflow/example_dags/example_latest_only_with_trigger.py took 2.723 seconds
[2023-04-16T15:32:38.292+0530] {processor.py:153} INFO - Started process (PID=126439) to work on /home/nightfall/anaconda3/envs/ml/lib/python3.9/site-packages/airflow/example_dags/example_latest_only_with_trigger.py
[2023-04-16T15:32:38.293+0530] {processor.py:743} INFO - Processing file /home/nightfall/anaconda3/envs/ml/lib/python3.9/site-packages/airflow/example_dags/example_latest_only_with_trigger.py for tasks to queue
[2023-04-16T15:32:38.294+0530] {logging_mixin.py:137} INFO - [2023-04-16T15:32:38.294+0530] {dagbag.py:532} INFO - Filling up the DagBag from /home/nightfall/anaconda3/envs/ml/lib/python3.9/site-packages/airflow/example_dags/example_latest_only_with_trigger.py
[2023-04-16T15:32:38.305+0530] {processor.py:753} INFO - DAG(s) dict_keys(['latest_only_with_trigger']) retrieved from /home/nightfall/anaconda3/envs/ml/lib/python3.9/site-packages/airflow/example_dags/example_latest_only_with_trigger.py
[2023-04-16T15:32:38.322+0530] {logging_mixin.py:137} INFO - [2023-04-16T15:32:38.321+0530] {dag.py:2705} INFO - Sync 1 DAGs
[2023-04-16T15:32:38.338+0530] {logging_mixin.py:137} INFO - [2023-04-16T15:32:38.338+0530] {dag.py:3452} INFO - Setting next_dagrun for latest_only_with_trigger to 2023-04-16T06:02:38.338553+00:00, run_after=2023-04-16T10:02:38.338553+00:00
[2023-04-16T15:32:38.781+0530] {processor.py:175} INFO - Processing /home/nightfall/anaconda3/envs/ml/lib/python3.9/site-packages/airflow/example_dags/example_latest_only_with_trigger.py took 0.492 seconds
[2023-04-16T15:33:43.544+0530] {processor.py:153} INFO - Started process (PID=126562) to work on /home/nightfall/anaconda3/envs/ml/lib/python3.9/site-packages/airflow/example_dags/example_latest_only_with_trigger.py
[2023-04-16T15:33:43.546+0530] {processor.py:743} INFO - Processing file /home/nightfall/anaconda3/envs/ml/lib/python3.9/site-packages/airflow/example_dags/example_latest_only_with_trigger.py for tasks to queue
[2023-04-16T15:33:43.546+0530] {logging_mixin.py:137} INFO - [2023-04-16T15:33:43.546+0530] {dagbag.py:532} INFO - Filling up the DagBag from /home/nightfall/anaconda3/envs/ml/lib/python3.9/site-packages/airflow/example_dags/example_latest_only_with_trigger.py
[2023-04-16T15:33:43.557+0530] {processor.py:753} INFO - DAG(s) dict_keys(['latest_only_with_trigger']) retrieved from /home/nightfall/anaconda3/envs/ml/lib/python3.9/site-packages/airflow/example_dags/example_latest_only_with_trigger.py
[2023-04-16T15:33:43.572+0530] {logging_mixin.py:137} INFO - [2023-04-16T15:33:43.572+0530] {dag.py:2705} INFO - Sync 1 DAGs
[2023-04-16T15:33:43.590+0530] {logging_mixin.py:137} INFO - [2023-04-16T15:33:43.590+0530] {dag.py:3452} INFO - Setting next_dagrun for latest_only_with_trigger to 2023-04-16T06:03:43.590122+00:00, run_after=2023-04-16T10:03:43.590122+00:00
[2023-04-16T15:33:44.603+0530] {processor.py:175} INFO - Processing /home/nightfall/anaconda3/envs/ml/lib/python3.9/site-packages/airflow/example_dags/example_latest_only_with_trigger.py took 1.060 seconds
[2023-04-16T15:35:06.805+0530] {processor.py:153} INFO - Started process (PID=126802) to work on /home/nightfall/anaconda3/envs/ml/lib/python3.9/site-packages/airflow/example_dags/example_latest_only_with_trigger.py
[2023-04-16T15:35:06.808+0530] {processor.py:743} INFO - Processing file /home/nightfall/anaconda3/envs/ml/lib/python3.9/site-packages/airflow/example_dags/example_latest_only_with_trigger.py for tasks to queue
[2023-04-16T15:35:06.808+0530] {logging_mixin.py:137} INFO - [2023-04-16T15:35:06.808+0530] {dagbag.py:532} INFO - Filling up the DagBag from /home/nightfall/anaconda3/envs/ml/lib/python3.9/site-packages/airflow/example_dags/example_latest_only_with_trigger.py
[2023-04-16T15:35:06.819+0530] {processor.py:753} INFO - DAG(s) dict_keys(['latest_only_with_trigger']) retrieved from /home/nightfall/anaconda3/envs/ml/lib/python3.9/site-packages/airflow/example_dags/example_latest_only_with_trigger.py
[2023-04-16T15:35:06.970+0530] {logging_mixin.py:137} INFO - [2023-04-16T15:35:06.970+0530] {dag.py:2705} INFO - Sync 1 DAGs
[2023-04-16T15:35:07.028+0530] {logging_mixin.py:137} INFO - [2023-04-16T15:35:07.028+0530] {dag.py:3452} INFO - Setting next_dagrun for latest_only_with_trigger to 2023-04-16T06:05:07.028186+00:00, run_after=2023-04-16T10:05:07.028186+00:00
[2023-04-16T15:35:07.082+0530] {processor.py:175} INFO - Processing /home/nightfall/anaconda3/envs/ml/lib/python3.9/site-packages/airflow/example_dags/example_latest_only_with_trigger.py took 0.278 seconds
[2023-04-16T15:36:17.095+0530] {processor.py:153} INFO - Started process (PID=126951) to work on /home/nightfall/anaconda3/envs/ml/lib/python3.9/site-packages/airflow/example_dags/example_latest_only_with_trigger.py
[2023-04-16T15:36:17.101+0530] {processor.py:743} INFO - Processing file /home/nightfall/anaconda3/envs/ml/lib/python3.9/site-packages/airflow/example_dags/example_latest_only_with_trigger.py for tasks to queue
[2023-04-16T15:36:17.101+0530] {logging_mixin.py:137} INFO - [2023-04-16T15:36:17.101+0530] {dagbag.py:532} INFO - Filling up the DagBag from /home/nightfall/anaconda3/envs/ml/lib/python3.9/site-packages/airflow/example_dags/example_latest_only_with_trigger.py
[2023-04-16T15:36:17.110+0530] {processor.py:753} INFO - DAG(s) dict_keys(['latest_only_with_trigger']) retrieved from /home/nightfall/anaconda3/envs/ml/lib/python3.9/site-packages/airflow/example_dags/example_latest_only_with_trigger.py
[2023-04-16T15:36:17.756+0530] {logging_mixin.py:137} INFO - [2023-04-16T15:36:17.755+0530] {dag.py:2705} INFO - Sync 1 DAGs
[2023-04-16T15:36:17.775+0530] {logging_mixin.py:137} INFO - [2023-04-16T15:36:17.775+0530] {dag.py:3452} INFO - Setting next_dagrun for latest_only_with_trigger to 2023-04-16T06:06:17.774787+00:00, run_after=2023-04-16T10:06:17.774787+00:00
[2023-04-16T15:36:17.886+0530] {processor.py:175} INFO - Processing /home/nightfall/anaconda3/envs/ml/lib/python3.9/site-packages/airflow/example_dags/example_latest_only_with_trigger.py took 0.793 seconds
