[2023-04-16T15:30:24.492+0530] {processor.py:153} INFO - Started process (PID=126147) to work on /home/nightfall/anaconda3/envs/ml/lib/python3.9/site-packages/airflow/example_dags/example_complex.py
[2023-04-16T15:30:24.492+0530] {processor.py:743} INFO - Processing file /home/nightfall/anaconda3/envs/ml/lib/python3.9/site-packages/airflow/example_dags/example_complex.py for tasks to queue
[2023-04-16T15:30:24.493+0530] {logging_mixin.py:137} INFO - [2023-04-16T15:30:24.493+0530] {dagbag.py:532} INFO - Filling up the DagBag from /home/nightfall/anaconda3/envs/ml/lib/python3.9/site-packages/airflow/example_dags/example_complex.py
[2023-04-16T15:30:24.498+0530] {logging_mixin.py:137} INFO - [2023-04-16T15:30:24.498+0530] {taskmixin.py:211} WARNING - Dependency <Task(BashOperator): create_entry_group>, delete_entry_group already registered for DAG: example_complex
[2023-04-16T15:30:24.499+0530] {logging_mixin.py:137} INFO - [2023-04-16T15:30:24.498+0530] {taskmixin.py:211} WARNING - Dependency <Task(BashOperator): delete_entry_group>, create_entry_group already registered for DAG: example_complex
[2023-04-16T15:30:24.499+0530] {logging_mixin.py:137} INFO - [2023-04-16T15:30:24.499+0530] {taskmixin.py:211} WARNING - Dependency <Task(BashOperator): create_entry_gcs>, delete_entry already registered for DAG: example_complex
[2023-04-16T15:30:24.499+0530] {logging_mixin.py:137} INFO - [2023-04-16T15:30:24.499+0530] {taskmixin.py:211} WARNING - Dependency <Task(BashOperator): delete_entry>, create_entry_gcs already registered for DAG: example_complex
[2023-04-16T15:30:24.499+0530] {logging_mixin.py:137} INFO - [2023-04-16T15:30:24.499+0530] {taskmixin.py:211} WARNING - Dependency <Task(BashOperator): create_tag>, delete_tag already registered for DAG: example_complex
[2023-04-16T15:30:24.499+0530] {logging_mixin.py:137} INFO - [2023-04-16T15:30:24.499+0530] {taskmixin.py:211} WARNING - Dependency <Task(BashOperator): delete_tag>, create_tag already registered for DAG: example_complex
[2023-04-16T15:30:24.503+0530] {processor.py:753} INFO - DAG(s) dict_keys(['example_complex']) retrieved from /home/nightfall/anaconda3/envs/ml/lib/python3.9/site-packages/airflow/example_dags/example_complex.py
[2023-04-16T15:30:24.519+0530] {logging_mixin.py:137} INFO - [2023-04-16T15:30:24.519+0530] {dag.py:2705} INFO - Sync 1 DAGs
[2023-04-16T15:30:24.532+0530] {logging_mixin.py:137} INFO - [2023-04-16T15:30:24.532+0530] {dag.py:3452} INFO - Setting next_dagrun for example_complex to None, run_after=None
[2023-04-16T15:30:24.930+0530] {processor.py:175} INFO - Processing /home/nightfall/anaconda3/envs/ml/lib/python3.9/site-packages/airflow/example_dags/example_complex.py took 0.440 seconds
[2023-04-16T15:31:42.589+0530] {processor.py:153} INFO - Started process (PID=126313) to work on /home/nightfall/anaconda3/envs/ml/lib/python3.9/site-packages/airflow/example_dags/example_complex.py
[2023-04-16T15:31:42.590+0530] {processor.py:743} INFO - Processing file /home/nightfall/anaconda3/envs/ml/lib/python3.9/site-packages/airflow/example_dags/example_complex.py for tasks to queue
[2023-04-16T15:31:42.591+0530] {logging_mixin.py:137} INFO - [2023-04-16T15:31:42.591+0530] {dagbag.py:532} INFO - Filling up the DagBag from /home/nightfall/anaconda3/envs/ml/lib/python3.9/site-packages/airflow/example_dags/example_complex.py
[2023-04-16T15:31:42.596+0530] {logging_mixin.py:137} INFO - [2023-04-16T15:31:42.596+0530] {taskmixin.py:211} WARNING - Dependency <Task(BashOperator): create_entry_group>, delete_entry_group already registered for DAG: example_complex
[2023-04-16T15:31:42.596+0530] {logging_mixin.py:137} INFO - [2023-04-16T15:31:42.596+0530] {taskmixin.py:211} WARNING - Dependency <Task(BashOperator): delete_entry_group>, create_entry_group already registered for DAG: example_complex
[2023-04-16T15:31:42.596+0530] {logging_mixin.py:137} INFO - [2023-04-16T15:31:42.596+0530] {taskmixin.py:211} WARNING - Dependency <Task(BashOperator): create_entry_gcs>, delete_entry already registered for DAG: example_complex
[2023-04-16T15:31:42.596+0530] {logging_mixin.py:137} INFO - [2023-04-16T15:31:42.596+0530] {taskmixin.py:211} WARNING - Dependency <Task(BashOperator): delete_entry>, create_entry_gcs already registered for DAG: example_complex
[2023-04-16T15:31:42.597+0530] {logging_mixin.py:137} INFO - [2023-04-16T15:31:42.597+0530] {taskmixin.py:211} WARNING - Dependency <Task(BashOperator): create_tag>, delete_tag already registered for DAG: example_complex
[2023-04-16T15:31:42.597+0530] {logging_mixin.py:137} INFO - [2023-04-16T15:31:42.597+0530] {taskmixin.py:211} WARNING - Dependency <Task(BashOperator): delete_tag>, create_tag already registered for DAG: example_complex
[2023-04-16T15:31:42.601+0530] {processor.py:753} INFO - DAG(s) dict_keys(['example_complex']) retrieved from /home/nightfall/anaconda3/envs/ml/lib/python3.9/site-packages/airflow/example_dags/example_complex.py
[2023-04-16T15:31:42.616+0530] {logging_mixin.py:137} INFO - [2023-04-16T15:31:42.616+0530] {dag.py:2705} INFO - Sync 1 DAGs
[2023-04-16T15:31:42.627+0530] {logging_mixin.py:137} INFO - [2023-04-16T15:31:42.627+0530] {dag.py:3452} INFO - Setting next_dagrun for example_complex to None, run_after=None
[2023-04-16T15:31:42.645+0530] {processor.py:175} INFO - Processing /home/nightfall/anaconda3/envs/ml/lib/python3.9/site-packages/airflow/example_dags/example_complex.py took 0.058 seconds
[2023-04-16T15:32:44.290+0530] {processor.py:153} INFO - Started process (PID=126446) to work on /home/nightfall/anaconda3/envs/ml/lib/python3.9/site-packages/airflow/example_dags/example_complex.py
[2023-04-16T15:32:44.341+0530] {processor.py:743} INFO - Processing file /home/nightfall/anaconda3/envs/ml/lib/python3.9/site-packages/airflow/example_dags/example_complex.py for tasks to queue
[2023-04-16T15:32:44.341+0530] {logging_mixin.py:137} INFO - [2023-04-16T15:32:44.341+0530] {dagbag.py:532} INFO - Filling up the DagBag from /home/nightfall/anaconda3/envs/ml/lib/python3.9/site-packages/airflow/example_dags/example_complex.py
[2023-04-16T15:32:44.347+0530] {logging_mixin.py:137} INFO - [2023-04-16T15:32:44.347+0530] {taskmixin.py:211} WARNING - Dependency <Task(BashOperator): create_entry_group>, delete_entry_group already registered for DAG: example_complex
[2023-04-16T15:32:44.347+0530] {logging_mixin.py:137} INFO - [2023-04-16T15:32:44.347+0530] {taskmixin.py:211} WARNING - Dependency <Task(BashOperator): delete_entry_group>, create_entry_group already registered for DAG: example_complex
[2023-04-16T15:32:44.347+0530] {logging_mixin.py:137} INFO - [2023-04-16T15:32:44.347+0530] {taskmixin.py:211} WARNING - Dependency <Task(BashOperator): create_entry_gcs>, delete_entry already registered for DAG: example_complex
[2023-04-16T15:32:44.347+0530] {logging_mixin.py:137} INFO - [2023-04-16T15:32:44.347+0530] {taskmixin.py:211} WARNING - Dependency <Task(BashOperator): delete_entry>, create_entry_gcs already registered for DAG: example_complex
[2023-04-16T15:32:44.347+0530] {logging_mixin.py:137} INFO - [2023-04-16T15:32:44.347+0530] {taskmixin.py:211} WARNING - Dependency <Task(BashOperator): create_tag>, delete_tag already registered for DAG: example_complex
[2023-04-16T15:32:44.347+0530] {logging_mixin.py:137} INFO - [2023-04-16T15:32:44.347+0530] {taskmixin.py:211} WARNING - Dependency <Task(BashOperator): delete_tag>, create_tag already registered for DAG: example_complex
[2023-04-16T15:32:44.351+0530] {processor.py:753} INFO - DAG(s) dict_keys(['example_complex']) retrieved from /home/nightfall/anaconda3/envs/ml/lib/python3.9/site-packages/airflow/example_dags/example_complex.py
[2023-04-16T15:32:44.367+0530] {logging_mixin.py:137} INFO - [2023-04-16T15:32:44.367+0530] {dag.py:2705} INFO - Sync 1 DAGs
[2023-04-16T15:32:44.377+0530] {logging_mixin.py:137} INFO - [2023-04-16T15:32:44.377+0530] {dag.py:3452} INFO - Setting next_dagrun for example_complex to None, run_after=None
[2023-04-16T15:32:45.711+0530] {processor.py:175} INFO - Processing /home/nightfall/anaconda3/envs/ml/lib/python3.9/site-packages/airflow/example_dags/example_complex.py took 1.422 seconds
[2023-04-16T15:33:49.861+0530] {processor.py:153} INFO - Started process (PID=126568) to work on /home/nightfall/anaconda3/envs/ml/lib/python3.9/site-packages/airflow/example_dags/example_complex.py
[2023-04-16T15:33:49.862+0530] {processor.py:743} INFO - Processing file /home/nightfall/anaconda3/envs/ml/lib/python3.9/site-packages/airflow/example_dags/example_complex.py for tasks to queue
[2023-04-16T15:33:49.863+0530] {logging_mixin.py:137} INFO - [2023-04-16T15:33:49.863+0530] {dagbag.py:532} INFO - Filling up the DagBag from /home/nightfall/anaconda3/envs/ml/lib/python3.9/site-packages/airflow/example_dags/example_complex.py
[2023-04-16T15:33:49.872+0530] {logging_mixin.py:137} INFO - [2023-04-16T15:33:49.872+0530] {taskmixin.py:211} WARNING - Dependency <Task(BashOperator): create_entry_group>, delete_entry_group already registered for DAG: example_complex
[2023-04-16T15:33:49.873+0530] {logging_mixin.py:137} INFO - [2023-04-16T15:33:49.872+0530] {taskmixin.py:211} WARNING - Dependency <Task(BashOperator): delete_entry_group>, create_entry_group already registered for DAG: example_complex
[2023-04-16T15:33:49.873+0530] {logging_mixin.py:137} INFO - [2023-04-16T15:33:49.873+0530] {taskmixin.py:211} WARNING - Dependency <Task(BashOperator): create_entry_gcs>, delete_entry already registered for DAG: example_complex
[2023-04-16T15:33:49.873+0530] {logging_mixin.py:137} INFO - [2023-04-16T15:33:49.873+0530] {taskmixin.py:211} WARNING - Dependency <Task(BashOperator): delete_entry>, create_entry_gcs already registered for DAG: example_complex
[2023-04-16T15:33:49.873+0530] {logging_mixin.py:137} INFO - [2023-04-16T15:33:49.873+0530] {taskmixin.py:211} WARNING - Dependency <Task(BashOperator): create_tag>, delete_tag already registered for DAG: example_complex
[2023-04-16T15:33:49.873+0530] {logging_mixin.py:137} INFO - [2023-04-16T15:33:49.873+0530] {taskmixin.py:211} WARNING - Dependency <Task(BashOperator): delete_tag>, create_tag already registered for DAG: example_complex
[2023-04-16T15:33:49.880+0530] {processor.py:753} INFO - DAG(s) dict_keys(['example_complex']) retrieved from /home/nightfall/anaconda3/envs/ml/lib/python3.9/site-packages/airflow/example_dags/example_complex.py
[2023-04-16T15:33:49.912+0530] {logging_mixin.py:137} INFO - [2023-04-16T15:33:49.912+0530] {dag.py:2705} INFO - Sync 1 DAGs
[2023-04-16T15:33:49.922+0530] {logging_mixin.py:137} INFO - [2023-04-16T15:33:49.922+0530] {dag.py:3452} INFO - Setting next_dagrun for example_complex to None, run_after=None
[2023-04-16T15:33:51.061+0530] {processor.py:175} INFO - Processing /home/nightfall/anaconda3/envs/ml/lib/python3.9/site-packages/airflow/example_dags/example_complex.py took 1.202 seconds
[2023-04-16T15:35:11.395+0530] {processor.py:153} INFO - Started process (PID=126810) to work on /home/nightfall/anaconda3/envs/ml/lib/python3.9/site-packages/airflow/example_dags/example_complex.py
[2023-04-16T15:35:11.397+0530] {processor.py:743} INFO - Processing file /home/nightfall/anaconda3/envs/ml/lib/python3.9/site-packages/airflow/example_dags/example_complex.py for tasks to queue
[2023-04-16T15:35:11.397+0530] {logging_mixin.py:137} INFO - [2023-04-16T15:35:11.397+0530] {dagbag.py:532} INFO - Filling up the DagBag from /home/nightfall/anaconda3/envs/ml/lib/python3.9/site-packages/airflow/example_dags/example_complex.py
[2023-04-16T15:35:11.405+0530] {logging_mixin.py:137} INFO - [2023-04-16T15:35:11.405+0530] {taskmixin.py:211} WARNING - Dependency <Task(BashOperator): create_entry_group>, delete_entry_group already registered for DAG: example_complex
[2023-04-16T15:35:11.405+0530] {logging_mixin.py:137} INFO - [2023-04-16T15:35:11.405+0530] {taskmixin.py:211} WARNING - Dependency <Task(BashOperator): delete_entry_group>, create_entry_group already registered for DAG: example_complex
[2023-04-16T15:35:11.405+0530] {logging_mixin.py:137} INFO - [2023-04-16T15:35:11.405+0530] {taskmixin.py:211} WARNING - Dependency <Task(BashOperator): create_entry_gcs>, delete_entry already registered for DAG: example_complex
[2023-04-16T15:35:11.406+0530] {logging_mixin.py:137} INFO - [2023-04-16T15:35:11.406+0530] {taskmixin.py:211} WARNING - Dependency <Task(BashOperator): delete_entry>, create_entry_gcs already registered for DAG: example_complex
[2023-04-16T15:35:11.406+0530] {logging_mixin.py:137} INFO - [2023-04-16T15:35:11.406+0530] {taskmixin.py:211} WARNING - Dependency <Task(BashOperator): create_tag>, delete_tag already registered for DAG: example_complex
[2023-04-16T15:35:11.406+0530] {logging_mixin.py:137} INFO - [2023-04-16T15:35:11.406+0530] {taskmixin.py:211} WARNING - Dependency <Task(BashOperator): delete_tag>, create_tag already registered for DAG: example_complex
[2023-04-16T15:35:11.411+0530] {processor.py:753} INFO - DAG(s) dict_keys(['example_complex']) retrieved from /home/nightfall/anaconda3/envs/ml/lib/python3.9/site-packages/airflow/example_dags/example_complex.py
[2023-04-16T15:35:11.433+0530] {logging_mixin.py:137} INFO - [2023-04-16T15:35:11.433+0530] {dag.py:2705} INFO - Sync 1 DAGs
[2023-04-16T15:35:11.447+0530] {logging_mixin.py:137} INFO - [2023-04-16T15:35:11.447+0530] {dag.py:3452} INFO - Setting next_dagrun for example_complex to None, run_after=None
[2023-04-16T15:35:11.489+0530] {processor.py:175} INFO - Processing /home/nightfall/anaconda3/envs/ml/lib/python3.9/site-packages/airflow/example_dags/example_complex.py took 0.096 seconds
[2023-04-16T15:36:27.460+0530] {processor.py:153} INFO - Started process (PID=126959) to work on /home/nightfall/anaconda3/envs/ml/lib/python3.9/site-packages/airflow/example_dags/example_complex.py
[2023-04-16T15:36:27.469+0530] {processor.py:743} INFO - Processing file /home/nightfall/anaconda3/envs/ml/lib/python3.9/site-packages/airflow/example_dags/example_complex.py for tasks to queue
[2023-04-16T15:36:27.469+0530] {logging_mixin.py:137} INFO - [2023-04-16T15:36:27.469+0530] {dagbag.py:532} INFO - Filling up the DagBag from /home/nightfall/anaconda3/envs/ml/lib/python3.9/site-packages/airflow/example_dags/example_complex.py
[2023-04-16T15:36:27.478+0530] {logging_mixin.py:137} INFO - [2023-04-16T15:36:27.478+0530] {taskmixin.py:211} WARNING - Dependency <Task(BashOperator): create_entry_group>, delete_entry_group already registered for DAG: example_complex
[2023-04-16T15:36:27.479+0530] {logging_mixin.py:137} INFO - [2023-04-16T15:36:27.479+0530] {taskmixin.py:211} WARNING - Dependency <Task(BashOperator): delete_entry_group>, create_entry_group already registered for DAG: example_complex
[2023-04-16T15:36:27.479+0530] {logging_mixin.py:137} INFO - [2023-04-16T15:36:27.479+0530] {taskmixin.py:211} WARNING - Dependency <Task(BashOperator): create_entry_gcs>, delete_entry already registered for DAG: example_complex
[2023-04-16T15:36:27.479+0530] {logging_mixin.py:137} INFO - [2023-04-16T15:36:27.479+0530] {taskmixin.py:211} WARNING - Dependency <Task(BashOperator): delete_entry>, create_entry_gcs already registered for DAG: example_complex
[2023-04-16T15:36:27.479+0530] {logging_mixin.py:137} INFO - [2023-04-16T15:36:27.479+0530] {taskmixin.py:211} WARNING - Dependency <Task(BashOperator): create_tag>, delete_tag already registered for DAG: example_complex
[2023-04-16T15:36:27.479+0530] {logging_mixin.py:137} INFO - [2023-04-16T15:36:27.479+0530] {taskmixin.py:211} WARNING - Dependency <Task(BashOperator): delete_tag>, create_tag already registered for DAG: example_complex
[2023-04-16T15:36:27.486+0530] {processor.py:753} INFO - DAG(s) dict_keys(['example_complex']) retrieved from /home/nightfall/anaconda3/envs/ml/lib/python3.9/site-packages/airflow/example_dags/example_complex.py
[2023-04-16T15:36:27.508+0530] {logging_mixin.py:137} INFO - [2023-04-16T15:36:27.508+0530] {dag.py:2705} INFO - Sync 1 DAGs
[2023-04-16T15:36:27.524+0530] {logging_mixin.py:137} INFO - [2023-04-16T15:36:27.524+0530] {dag.py:3452} INFO - Setting next_dagrun for example_complex to None, run_after=None
[2023-04-16T15:36:27.852+0530] {processor.py:175} INFO - Processing /home/nightfall/anaconda3/envs/ml/lib/python3.9/site-packages/airflow/example_dags/example_complex.py took 0.394 seconds
