[2023-04-16T15:29:58.337+0530] {processor.py:153} INFO - Started process (PID=126081) to work on /home/nightfall/anaconda3/envs/ml/lib/python3.9/site-packages/airflow/example_dags/example_python_operator.py
[2023-04-16T15:29:58.337+0530] {processor.py:743} INFO - Processing file /home/nightfall/anaconda3/envs/ml/lib/python3.9/site-packages/airflow/example_dags/example_python_operator.py for tasks to queue
[2023-04-16T15:29:58.337+0530] {logging_mixin.py:137} INFO - [2023-04-16T15:29:58.337+0530] {dagbag.py:532} INFO - Filling up the DagBag from /home/nightfall/anaconda3/envs/ml/lib/python3.9/site-packages/airflow/example_dags/example_python_operator.py
[2023-04-16T15:29:58.347+0530] {logging_mixin.py:137} INFO - [2023-04-16T15:29:58.347+0530] {taskmixin.py:211} WARNING - Dependency <Task(_PythonDecoratedOperator): print_the_context>, log_sql_query already registered for DAG: example_python_operator
[2023-04-16T15:29:58.347+0530] {logging_mixin.py:137} INFO - [2023-04-16T15:29:58.347+0530] {taskmixin.py:211} WARNING - Dependency <Task(_PythonDecoratedOperator): log_sql_query>, print_the_context already registered for DAG: example_python_operator
[2023-04-16T15:29:58.348+0530] {logging_mixin.py:137} INFO - [2023-04-16T15:29:58.348+0530] {taskmixin.py:211} WARNING - Dependency <Task(_PythonDecoratedOperator): print_the_context>, log_sql_query already registered for DAG: example_python_operator
[2023-04-16T15:29:58.348+0530] {logging_mixin.py:137} INFO - [2023-04-16T15:29:58.348+0530] {taskmixin.py:211} WARNING - Dependency <Task(_PythonDecoratedOperator): log_sql_query>, print_the_context already registered for DAG: example_python_operator
[2023-04-16T15:29:58.348+0530] {logging_mixin.py:137} INFO - [2023-04-16T15:29:58.348+0530] {taskmixin.py:211} WARNING - Dependency <Task(_PythonDecoratedOperator): print_the_context>, log_sql_query already registered for DAG: example_python_operator
[2023-04-16T15:29:58.348+0530] {logging_mixin.py:137} INFO - [2023-04-16T15:29:58.348+0530] {taskmixin.py:211} WARNING - Dependency <Task(_PythonDecoratedOperator): log_sql_query>, print_the_context already registered for DAG: example_python_operator
[2023-04-16T15:29:58.348+0530] {logging_mixin.py:137} INFO - [2023-04-16T15:29:58.348+0530] {taskmixin.py:211} WARNING - Dependency <Task(_PythonDecoratedOperator): print_the_context>, log_sql_query already registered for DAG: example_python_operator
[2023-04-16T15:29:58.349+0530] {logging_mixin.py:137} INFO - [2023-04-16T15:29:58.349+0530] {taskmixin.py:211} WARNING - Dependency <Task(_PythonDecoratedOperator): log_sql_query>, print_the_context already registered for DAG: example_python_operator
[2023-04-16T15:29:58.352+0530] {processor.py:753} INFO - DAG(s) dict_keys(['example_python_operator']) retrieved from /home/nightfall/anaconda3/envs/ml/lib/python3.9/site-packages/airflow/example_dags/example_python_operator.py
[2023-04-16T15:29:58.380+0530] {logging_mixin.py:137} INFO - [2023-04-16T15:29:58.380+0530] {dag.py:2705} INFO - Sync 1 DAGs
[2023-04-16T15:29:58.390+0530] {logging_mixin.py:137} INFO - [2023-04-16T15:29:58.390+0530] {dag.py:3452} INFO - Setting next_dagrun for example_python_operator to None, run_after=None
[2023-04-16T15:29:58.821+0530] {processor.py:175} INFO - Processing /home/nightfall/anaconda3/envs/ml/lib/python3.9/site-packages/airflow/example_dags/example_python_operator.py took 0.486 seconds
[2023-04-16T15:31:06.644+0530] {processor.py:153} INFO - Started process (PID=126252) to work on /home/nightfall/anaconda3/envs/ml/lib/python3.9/site-packages/airflow/example_dags/example_python_operator.py
[2023-04-16T15:31:06.646+0530] {processor.py:743} INFO - Processing file /home/nightfall/anaconda3/envs/ml/lib/python3.9/site-packages/airflow/example_dags/example_python_operator.py for tasks to queue
[2023-04-16T15:31:06.646+0530] {logging_mixin.py:137} INFO - [2023-04-16T15:31:06.646+0530] {dagbag.py:532} INFO - Filling up the DagBag from /home/nightfall/anaconda3/envs/ml/lib/python3.9/site-packages/airflow/example_dags/example_python_operator.py
[2023-04-16T15:31:06.660+0530] {logging_mixin.py:137} INFO - [2023-04-16T15:31:06.660+0530] {taskmixin.py:211} WARNING - Dependency <Task(_PythonDecoratedOperator): print_the_context>, log_sql_query already registered for DAG: example_python_operator
[2023-04-16T15:31:06.660+0530] {logging_mixin.py:137} INFO - [2023-04-16T15:31:06.660+0530] {taskmixin.py:211} WARNING - Dependency <Task(_PythonDecoratedOperator): log_sql_query>, print_the_context already registered for DAG: example_python_operator
[2023-04-16T15:31:06.661+0530] {logging_mixin.py:137} INFO - [2023-04-16T15:31:06.661+0530] {taskmixin.py:211} WARNING - Dependency <Task(_PythonDecoratedOperator): print_the_context>, log_sql_query already registered for DAG: example_python_operator
[2023-04-16T15:31:06.661+0530] {logging_mixin.py:137} INFO - [2023-04-16T15:31:06.661+0530] {taskmixin.py:211} WARNING - Dependency <Task(_PythonDecoratedOperator): log_sql_query>, print_the_context already registered for DAG: example_python_operator
[2023-04-16T15:31:06.662+0530] {logging_mixin.py:137} INFO - [2023-04-16T15:31:06.661+0530] {taskmixin.py:211} WARNING - Dependency <Task(_PythonDecoratedOperator): print_the_context>, log_sql_query already registered for DAG: example_python_operator
[2023-04-16T15:31:06.662+0530] {logging_mixin.py:137} INFO - [2023-04-16T15:31:06.662+0530] {taskmixin.py:211} WARNING - Dependency <Task(_PythonDecoratedOperator): log_sql_query>, print_the_context already registered for DAG: example_python_operator
[2023-04-16T15:31:06.662+0530] {logging_mixin.py:137} INFO - [2023-04-16T15:31:06.662+0530] {taskmixin.py:211} WARNING - Dependency <Task(_PythonDecoratedOperator): print_the_context>, log_sql_query already registered for DAG: example_python_operator
[2023-04-16T15:31:06.662+0530] {logging_mixin.py:137} INFO - [2023-04-16T15:31:06.662+0530] {taskmixin.py:211} WARNING - Dependency <Task(_PythonDecoratedOperator): log_sql_query>, print_the_context already registered for DAG: example_python_operator
[2023-04-16T15:31:06.668+0530] {processor.py:753} INFO - DAG(s) dict_keys(['example_python_operator']) retrieved from /home/nightfall/anaconda3/envs/ml/lib/python3.9/site-packages/airflow/example_dags/example_python_operator.py
[2023-04-16T15:31:06.687+0530] {logging_mixin.py:137} INFO - [2023-04-16T15:31:06.686+0530] {dag.py:2705} INFO - Sync 1 DAGs
[2023-04-16T15:31:06.700+0530] {logging_mixin.py:137} INFO - [2023-04-16T15:31:06.700+0530] {dag.py:3452} INFO - Setting next_dagrun for example_python_operator to None, run_after=None
[2023-04-16T15:31:07.945+0530] {processor.py:175} INFO - Processing /home/nightfall/anaconda3/envs/ml/lib/python3.9/site-packages/airflow/example_dags/example_python_operator.py took 1.303 seconds
[2023-04-16T15:32:22.387+0530] {processor.py:153} INFO - Started process (PID=126395) to work on /home/nightfall/anaconda3/envs/ml/lib/python3.9/site-packages/airflow/example_dags/example_python_operator.py
[2023-04-16T15:32:22.389+0530] {processor.py:743} INFO - Processing file /home/nightfall/anaconda3/envs/ml/lib/python3.9/site-packages/airflow/example_dags/example_python_operator.py for tasks to queue
[2023-04-16T15:32:22.389+0530] {logging_mixin.py:137} INFO - [2023-04-16T15:32:22.389+0530] {dagbag.py:532} INFO - Filling up the DagBag from /home/nightfall/anaconda3/envs/ml/lib/python3.9/site-packages/airflow/example_dags/example_python_operator.py
[2023-04-16T15:32:22.402+0530] {logging_mixin.py:137} INFO - [2023-04-16T15:32:22.402+0530] {taskmixin.py:211} WARNING - Dependency <Task(_PythonDecoratedOperator): print_the_context>, log_sql_query already registered for DAG: example_python_operator
[2023-04-16T15:32:22.402+0530] {logging_mixin.py:137} INFO - [2023-04-16T15:32:22.402+0530] {taskmixin.py:211} WARNING - Dependency <Task(_PythonDecoratedOperator): log_sql_query>, print_the_context already registered for DAG: example_python_operator
[2023-04-16T15:32:22.403+0530] {logging_mixin.py:137} INFO - [2023-04-16T15:32:22.403+0530] {taskmixin.py:211} WARNING - Dependency <Task(_PythonDecoratedOperator): print_the_context>, log_sql_query already registered for DAG: example_python_operator
[2023-04-16T15:32:22.403+0530] {logging_mixin.py:137} INFO - [2023-04-16T15:32:22.403+0530] {taskmixin.py:211} WARNING - Dependency <Task(_PythonDecoratedOperator): log_sql_query>, print_the_context already registered for DAG: example_python_operator
[2023-04-16T15:32:22.403+0530] {logging_mixin.py:137} INFO - [2023-04-16T15:32:22.403+0530] {taskmixin.py:211} WARNING - Dependency <Task(_PythonDecoratedOperator): print_the_context>, log_sql_query already registered for DAG: example_python_operator
[2023-04-16T15:32:22.403+0530] {logging_mixin.py:137} INFO - [2023-04-16T15:32:22.403+0530] {taskmixin.py:211} WARNING - Dependency <Task(_PythonDecoratedOperator): log_sql_query>, print_the_context already registered for DAG: example_python_operator
[2023-04-16T15:32:22.404+0530] {logging_mixin.py:137} INFO - [2023-04-16T15:32:22.404+0530] {taskmixin.py:211} WARNING - Dependency <Task(_PythonDecoratedOperator): print_the_context>, log_sql_query already registered for DAG: example_python_operator
[2023-04-16T15:32:22.404+0530] {logging_mixin.py:137} INFO - [2023-04-16T15:32:22.404+0530] {taskmixin.py:211} WARNING - Dependency <Task(_PythonDecoratedOperator): log_sql_query>, print_the_context already registered for DAG: example_python_operator
[2023-04-16T15:32:22.410+0530] {processor.py:753} INFO - DAG(s) dict_keys(['example_python_operator']) retrieved from /home/nightfall/anaconda3/envs/ml/lib/python3.9/site-packages/airflow/example_dags/example_python_operator.py
[2023-04-16T15:32:22.427+0530] {logging_mixin.py:137} INFO - [2023-04-16T15:32:22.427+0530] {dag.py:2705} INFO - Sync 1 DAGs
[2023-04-16T15:32:22.441+0530] {logging_mixin.py:137} INFO - [2023-04-16T15:32:22.441+0530] {dag.py:3452} INFO - Setting next_dagrun for example_python_operator to None, run_after=None
[2023-04-16T15:32:24.133+0530] {processor.py:175} INFO - Processing /home/nightfall/anaconda3/envs/ml/lib/python3.9/site-packages/airflow/example_dags/example_python_operator.py took 1.747 seconds
[2023-04-16T15:33:24.443+0530] {processor.py:153} INFO - Started process (PID=126517) to work on /home/nightfall/anaconda3/envs/ml/lib/python3.9/site-packages/airflow/example_dags/example_python_operator.py
[2023-04-16T15:33:24.446+0530] {processor.py:743} INFO - Processing file /home/nightfall/anaconda3/envs/ml/lib/python3.9/site-packages/airflow/example_dags/example_python_operator.py for tasks to queue
[2023-04-16T15:33:24.446+0530] {logging_mixin.py:137} INFO - [2023-04-16T15:33:24.446+0530] {dagbag.py:532} INFO - Filling up the DagBag from /home/nightfall/anaconda3/envs/ml/lib/python3.9/site-packages/airflow/example_dags/example_python_operator.py
[2023-04-16T15:33:24.456+0530] {logging_mixin.py:137} INFO - [2023-04-16T15:33:24.455+0530] {taskmixin.py:211} WARNING - Dependency <Task(_PythonDecoratedOperator): print_the_context>, log_sql_query already registered for DAG: example_python_operator
[2023-04-16T15:33:24.456+0530] {logging_mixin.py:137} INFO - [2023-04-16T15:33:24.456+0530] {taskmixin.py:211} WARNING - Dependency <Task(_PythonDecoratedOperator): log_sql_query>, print_the_context already registered for DAG: example_python_operator
[2023-04-16T15:33:24.456+0530] {logging_mixin.py:137} INFO - [2023-04-16T15:33:24.456+0530] {taskmixin.py:211} WARNING - Dependency <Task(_PythonDecoratedOperator): print_the_context>, log_sql_query already registered for DAG: example_python_operator
[2023-04-16T15:33:24.456+0530] {logging_mixin.py:137} INFO - [2023-04-16T15:33:24.456+0530] {taskmixin.py:211} WARNING - Dependency <Task(_PythonDecoratedOperator): log_sql_query>, print_the_context already registered for DAG: example_python_operator
[2023-04-16T15:33:24.456+0530] {logging_mixin.py:137} INFO - [2023-04-16T15:33:24.456+0530] {taskmixin.py:211} WARNING - Dependency <Task(_PythonDecoratedOperator): print_the_context>, log_sql_query already registered for DAG: example_python_operator
[2023-04-16T15:33:24.456+0530] {logging_mixin.py:137} INFO - [2023-04-16T15:33:24.456+0530] {taskmixin.py:211} WARNING - Dependency <Task(_PythonDecoratedOperator): log_sql_query>, print_the_context already registered for DAG: example_python_operator
[2023-04-16T15:33:24.457+0530] {logging_mixin.py:137} INFO - [2023-04-16T15:33:24.457+0530] {taskmixin.py:211} WARNING - Dependency <Task(_PythonDecoratedOperator): print_the_context>, log_sql_query already registered for DAG: example_python_operator
[2023-04-16T15:33:24.457+0530] {logging_mixin.py:137} INFO - [2023-04-16T15:33:24.457+0530] {taskmixin.py:211} WARNING - Dependency <Task(_PythonDecoratedOperator): log_sql_query>, print_the_context already registered for DAG: example_python_operator
[2023-04-16T15:33:24.460+0530] {processor.py:753} INFO - DAG(s) dict_keys(['example_python_operator']) retrieved from /home/nightfall/anaconda3/envs/ml/lib/python3.9/site-packages/airflow/example_dags/example_python_operator.py
[2023-04-16T15:33:24.472+0530] {logging_mixin.py:137} INFO - [2023-04-16T15:33:24.472+0530] {dag.py:2705} INFO - Sync 1 DAGs
[2023-04-16T15:33:24.482+0530] {logging_mixin.py:137} INFO - [2023-04-16T15:33:24.482+0530] {dag.py:3452} INFO - Setting next_dagrun for example_python_operator to None, run_after=None
[2023-04-16T15:33:25.327+0530] {processor.py:175} INFO - Processing /home/nightfall/anaconda3/envs/ml/lib/python3.9/site-packages/airflow/example_dags/example_python_operator.py took 0.885 seconds
[2023-04-16T15:34:40.346+0530] {processor.py:153} INFO - Started process (PID=126737) to work on /home/nightfall/anaconda3/envs/ml/lib/python3.9/site-packages/airflow/example_dags/example_python_operator.py
[2023-04-16T15:34:40.383+0530] {processor.py:743} INFO - Processing file /home/nightfall/anaconda3/envs/ml/lib/python3.9/site-packages/airflow/example_dags/example_python_operator.py for tasks to queue
[2023-04-16T15:34:40.384+0530] {logging_mixin.py:137} INFO - [2023-04-16T15:34:40.384+0530] {dagbag.py:532} INFO - Filling up the DagBag from /home/nightfall/anaconda3/envs/ml/lib/python3.9/site-packages/airflow/example_dags/example_python_operator.py
[2023-04-16T15:34:40.400+0530] {logging_mixin.py:137} INFO - [2023-04-16T15:34:40.399+0530] {taskmixin.py:211} WARNING - Dependency <Task(_PythonDecoratedOperator): print_the_context>, log_sql_query already registered for DAG: example_python_operator
[2023-04-16T15:34:40.400+0530] {logging_mixin.py:137} INFO - [2023-04-16T15:34:40.400+0530] {taskmixin.py:211} WARNING - Dependency <Task(_PythonDecoratedOperator): log_sql_query>, print_the_context already registered for DAG: example_python_operator
[2023-04-16T15:34:40.400+0530] {logging_mixin.py:137} INFO - [2023-04-16T15:34:40.400+0530] {taskmixin.py:211} WARNING - Dependency <Task(_PythonDecoratedOperator): print_the_context>, log_sql_query already registered for DAG: example_python_operator
[2023-04-16T15:34:40.401+0530] {logging_mixin.py:137} INFO - [2023-04-16T15:34:40.401+0530] {taskmixin.py:211} WARNING - Dependency <Task(_PythonDecoratedOperator): log_sql_query>, print_the_context already registered for DAG: example_python_operator
[2023-04-16T15:34:40.401+0530] {logging_mixin.py:137} INFO - [2023-04-16T15:34:40.401+0530] {taskmixin.py:211} WARNING - Dependency <Task(_PythonDecoratedOperator): print_the_context>, log_sql_query already registered for DAG: example_python_operator
[2023-04-16T15:34:40.401+0530] {logging_mixin.py:137} INFO - [2023-04-16T15:34:40.401+0530] {taskmixin.py:211} WARNING - Dependency <Task(_PythonDecoratedOperator): log_sql_query>, print_the_context already registered for DAG: example_python_operator
[2023-04-16T15:34:40.402+0530] {logging_mixin.py:137} INFO - [2023-04-16T15:34:40.402+0530] {taskmixin.py:211} WARNING - Dependency <Task(_PythonDecoratedOperator): print_the_context>, log_sql_query already registered for DAG: example_python_operator
[2023-04-16T15:34:40.402+0530] {logging_mixin.py:137} INFO - [2023-04-16T15:34:40.402+0530] {taskmixin.py:211} WARNING - Dependency <Task(_PythonDecoratedOperator): log_sql_query>, print_the_context already registered for DAG: example_python_operator
[2023-04-16T15:34:40.408+0530] {processor.py:753} INFO - DAG(s) dict_keys(['example_python_operator']) retrieved from /home/nightfall/anaconda3/envs/ml/lib/python3.9/site-packages/airflow/example_dags/example_python_operator.py
[2023-04-16T15:34:40.428+0530] {logging_mixin.py:137} INFO - [2023-04-16T15:34:40.428+0530] {dag.py:2705} INFO - Sync 1 DAGs
[2023-04-16T15:34:40.447+0530] {logging_mixin.py:137} INFO - [2023-04-16T15:34:40.447+0530] {dag.py:3452} INFO - Setting next_dagrun for example_python_operator to None, run_after=None
[2023-04-16T15:34:41.188+0530] {processor.py:175} INFO - Processing /home/nightfall/anaconda3/envs/ml/lib/python3.9/site-packages/airflow/example_dags/example_python_operator.py took 0.844 seconds
[2023-04-16T15:35:57.399+0530] {processor.py:153} INFO - Started process (PID=126904) to work on /home/nightfall/anaconda3/envs/ml/lib/python3.9/site-packages/airflow/example_dags/example_python_operator.py
[2023-04-16T15:35:57.401+0530] {processor.py:743} INFO - Processing file /home/nightfall/anaconda3/envs/ml/lib/python3.9/site-packages/airflow/example_dags/example_python_operator.py for tasks to queue
[2023-04-16T15:35:57.401+0530] {logging_mixin.py:137} INFO - [2023-04-16T15:35:57.401+0530] {dagbag.py:532} INFO - Filling up the DagBag from /home/nightfall/anaconda3/envs/ml/lib/python3.9/site-packages/airflow/example_dags/example_python_operator.py
[2023-04-16T15:35:57.416+0530] {logging_mixin.py:137} INFO - [2023-04-16T15:35:57.416+0530] {taskmixin.py:211} WARNING - Dependency <Task(_PythonDecoratedOperator): print_the_context>, log_sql_query already registered for DAG: example_python_operator
[2023-04-16T15:35:57.416+0530] {logging_mixin.py:137} INFO - [2023-04-16T15:35:57.416+0530] {taskmixin.py:211} WARNING - Dependency <Task(_PythonDecoratedOperator): log_sql_query>, print_the_context already registered for DAG: example_python_operator
[2023-04-16T15:35:57.417+0530] {logging_mixin.py:137} INFO - [2023-04-16T15:35:57.416+0530] {taskmixin.py:211} WARNING - Dependency <Task(_PythonDecoratedOperator): print_the_context>, log_sql_query already registered for DAG: example_python_operator
[2023-04-16T15:35:57.417+0530] {logging_mixin.py:137} INFO - [2023-04-16T15:35:57.417+0530] {taskmixin.py:211} WARNING - Dependency <Task(_PythonDecoratedOperator): log_sql_query>, print_the_context already registered for DAG: example_python_operator
[2023-04-16T15:35:57.417+0530] {logging_mixin.py:137} INFO - [2023-04-16T15:35:57.417+0530] {taskmixin.py:211} WARNING - Dependency <Task(_PythonDecoratedOperator): print_the_context>, log_sql_query already registered for DAG: example_python_operator
[2023-04-16T15:35:57.417+0530] {logging_mixin.py:137} INFO - [2023-04-16T15:35:57.417+0530] {taskmixin.py:211} WARNING - Dependency <Task(_PythonDecoratedOperator): log_sql_query>, print_the_context already registered for DAG: example_python_operator
[2023-04-16T15:35:57.418+0530] {logging_mixin.py:137} INFO - [2023-04-16T15:35:57.418+0530] {taskmixin.py:211} WARNING - Dependency <Task(_PythonDecoratedOperator): print_the_context>, log_sql_query already registered for DAG: example_python_operator
[2023-04-16T15:35:57.418+0530] {logging_mixin.py:137} INFO - [2023-04-16T15:35:57.418+0530] {taskmixin.py:211} WARNING - Dependency <Task(_PythonDecoratedOperator): log_sql_query>, print_the_context already registered for DAG: example_python_operator
[2023-04-16T15:35:57.423+0530] {processor.py:753} INFO - DAG(s) dict_keys(['example_python_operator']) retrieved from /home/nightfall/anaconda3/envs/ml/lib/python3.9/site-packages/airflow/example_dags/example_python_operator.py
[2023-04-16T15:35:57.440+0530] {logging_mixin.py:137} INFO - [2023-04-16T15:35:57.440+0530] {dag.py:2705} INFO - Sync 1 DAGs
[2023-04-16T15:35:57.452+0530] {logging_mixin.py:137} INFO - [2023-04-16T15:35:57.452+0530] {dag.py:3452} INFO - Setting next_dagrun for example_python_operator to None, run_after=None
[2023-04-16T15:35:57.662+0530] {processor.py:175} INFO - Processing /home/nightfall/anaconda3/envs/ml/lib/python3.9/site-packages/airflow/example_dags/example_python_operator.py took 0.265 seconds
