[2023-04-16T15:30:35.098+0530] {processor.py:153} INFO - Started process (PID=126166) to work on /home/nightfall/anaconda3/envs/ml/lib/python3.9/site-packages/airflow/example_dags/example_branch_day_of_week_operator.py
[2023-04-16T15:30:35.099+0530] {processor.py:743} INFO - Processing file /home/nightfall/anaconda3/envs/ml/lib/python3.9/site-packages/airflow/example_dags/example_branch_day_of_week_operator.py for tasks to queue
[2023-04-16T15:30:35.099+0530] {logging_mixin.py:137} INFO - [2023-04-16T15:30:35.099+0530] {dagbag.py:532} INFO - Filling up the DagBag from /home/nightfall/anaconda3/envs/ml/lib/python3.9/site-packages/airflow/example_dags/example_branch_day_of_week_operator.py
[2023-04-16T15:30:35.107+0530] {processor.py:753} INFO - DAG(s) dict_keys(['example_weekday_branch_operator']) retrieved from /home/nightfall/anaconda3/envs/ml/lib/python3.9/site-packages/airflow/example_dags/example_branch_day_of_week_operator.py
[2023-04-16T15:30:35.118+0530] {logging_mixin.py:137} INFO - [2023-04-16T15:30:35.117+0530] {dag.py:2705} INFO - Sync 1 DAGs
[2023-04-16T15:30:35.130+0530] {logging_mixin.py:137} INFO - [2023-04-16T15:30:35.130+0530] {dag.py:3452} INFO - Setting next_dagrun for example_weekday_branch_operator to 2023-04-15T00:00:00+00:00, run_after=2023-04-16T00:00:00+00:00
[2023-04-16T15:30:35.161+0530] {processor.py:175} INFO - Processing /home/nightfall/anaconda3/envs/ml/lib/python3.9/site-packages/airflow/example_dags/example_branch_day_of_week_operator.py took 0.064 seconds
[2023-04-16T15:31:50.247+0530] {processor.py:153} INFO - Started process (PID=126324) to work on /home/nightfall/anaconda3/envs/ml/lib/python3.9/site-packages/airflow/example_dags/example_branch_day_of_week_operator.py
[2023-04-16T15:31:50.249+0530] {processor.py:743} INFO - Processing file /home/nightfall/anaconda3/envs/ml/lib/python3.9/site-packages/airflow/example_dags/example_branch_day_of_week_operator.py for tasks to queue
[2023-04-16T15:31:50.250+0530] {logging_mixin.py:137} INFO - [2023-04-16T15:31:50.250+0530] {dagbag.py:532} INFO - Filling up the DagBag from /home/nightfall/anaconda3/envs/ml/lib/python3.9/site-packages/airflow/example_dags/example_branch_day_of_week_operator.py
[2023-04-16T15:31:50.263+0530] {processor.py:753} INFO - DAG(s) dict_keys(['example_weekday_branch_operator']) retrieved from /home/nightfall/anaconda3/envs/ml/lib/python3.9/site-packages/airflow/example_dags/example_branch_day_of_week_operator.py
[2023-04-16T15:31:50.278+0530] {logging_mixin.py:137} INFO - [2023-04-16T15:31:50.278+0530] {dag.py:2705} INFO - Sync 1 DAGs
[2023-04-16T15:31:50.295+0530] {logging_mixin.py:137} INFO - [2023-04-16T15:31:50.295+0530] {dag.py:3452} INFO - Setting next_dagrun for example_weekday_branch_operator to 2023-04-15T00:00:00+00:00, run_after=2023-04-16T00:00:00+00:00
[2023-04-16T15:31:50.320+0530] {processor.py:175} INFO - Processing /home/nightfall/anaconda3/envs/ml/lib/python3.9/site-packages/airflow/example_dags/example_branch_day_of_week_operator.py took 0.075 seconds
[2023-04-16T15:32:55.886+0530] {processor.py:153} INFO - Started process (PID=126458) to work on /home/nightfall/anaconda3/envs/ml/lib/python3.9/site-packages/airflow/example_dags/example_branch_day_of_week_operator.py
[2023-04-16T15:32:55.889+0530] {processor.py:743} INFO - Processing file /home/nightfall/anaconda3/envs/ml/lib/python3.9/site-packages/airflow/example_dags/example_branch_day_of_week_operator.py for tasks to queue
[2023-04-16T15:32:55.889+0530] {logging_mixin.py:137} INFO - [2023-04-16T15:32:55.889+0530] {dagbag.py:532} INFO - Filling up the DagBag from /home/nightfall/anaconda3/envs/ml/lib/python3.9/site-packages/airflow/example_dags/example_branch_day_of_week_operator.py
[2023-04-16T15:32:55.902+0530] {processor.py:753} INFO - DAG(s) dict_keys(['example_weekday_branch_operator']) retrieved from /home/nightfall/anaconda3/envs/ml/lib/python3.9/site-packages/airflow/example_dags/example_branch_day_of_week_operator.py
[2023-04-16T15:32:55.919+0530] {logging_mixin.py:137} INFO - [2023-04-16T15:32:55.919+0530] {dag.py:2705} INFO - Sync 1 DAGs
[2023-04-16T15:32:55.936+0530] {logging_mixin.py:137} INFO - [2023-04-16T15:32:55.936+0530] {dag.py:3452} INFO - Setting next_dagrun for example_weekday_branch_operator to 2023-04-15T00:00:00+00:00, run_after=2023-04-16T00:00:00+00:00
[2023-04-16T15:32:56.784+0530] {processor.py:175} INFO - Processing /home/nightfall/anaconda3/envs/ml/lib/python3.9/site-packages/airflow/example_dags/example_branch_day_of_week_operator.py took 0.900 seconds
[2023-04-16T15:34:02.124+0530] {processor.py:153} INFO - Started process (PID=126579) to work on /home/nightfall/anaconda3/envs/ml/lib/python3.9/site-packages/airflow/example_dags/example_branch_day_of_week_operator.py
[2023-04-16T15:34:02.126+0530] {processor.py:743} INFO - Processing file /home/nightfall/anaconda3/envs/ml/lib/python3.9/site-packages/airflow/example_dags/example_branch_day_of_week_operator.py for tasks to queue
[2023-04-16T15:34:02.127+0530] {logging_mixin.py:137} INFO - [2023-04-16T15:34:02.127+0530] {dagbag.py:532} INFO - Filling up the DagBag from /home/nightfall/anaconda3/envs/ml/lib/python3.9/site-packages/airflow/example_dags/example_branch_day_of_week_operator.py
[2023-04-16T15:34:02.140+0530] {processor.py:753} INFO - DAG(s) dict_keys(['example_weekday_branch_operator']) retrieved from /home/nightfall/anaconda3/envs/ml/lib/python3.9/site-packages/airflow/example_dags/example_branch_day_of_week_operator.py
[2023-04-16T15:34:02.159+0530] {logging_mixin.py:137} INFO - [2023-04-16T15:34:02.158+0530] {dag.py:2705} INFO - Sync 1 DAGs
[2023-04-16T15:34:02.174+0530] {logging_mixin.py:137} INFO - [2023-04-16T15:34:02.174+0530] {dag.py:3452} INFO - Setting next_dagrun for example_weekday_branch_operator to 2023-04-15T00:00:00+00:00, run_after=2023-04-16T00:00:00+00:00
[2023-04-16T15:34:02.649+0530] {processor.py:175} INFO - Processing /home/nightfall/anaconda3/envs/ml/lib/python3.9/site-packages/airflow/example_dags/example_branch_day_of_week_operator.py took 0.526 seconds
[2023-04-16T15:35:22.950+0530] {processor.py:153} INFO - Started process (PID=126823) to work on /home/nightfall/anaconda3/envs/ml/lib/python3.9/site-packages/airflow/example_dags/example_branch_day_of_week_operator.py
[2023-04-16T15:35:22.952+0530] {processor.py:743} INFO - Processing file /home/nightfall/anaconda3/envs/ml/lib/python3.9/site-packages/airflow/example_dags/example_branch_day_of_week_operator.py for tasks to queue
[2023-04-16T15:35:22.953+0530] {logging_mixin.py:137} INFO - [2023-04-16T15:35:22.953+0530] {dagbag.py:532} INFO - Filling up the DagBag from /home/nightfall/anaconda3/envs/ml/lib/python3.9/site-packages/airflow/example_dags/example_branch_day_of_week_operator.py
[2023-04-16T15:35:22.966+0530] {processor.py:753} INFO - DAG(s) dict_keys(['example_weekday_branch_operator']) retrieved from /home/nightfall/anaconda3/envs/ml/lib/python3.9/site-packages/airflow/example_dags/example_branch_day_of_week_operator.py
[2023-04-16T15:35:22.982+0530] {logging_mixin.py:137} INFO - [2023-04-16T15:35:22.982+0530] {dag.py:2705} INFO - Sync 1 DAGs
[2023-04-16T15:35:22.999+0530] {logging_mixin.py:137} INFO - [2023-04-16T15:35:22.999+0530] {dag.py:3452} INFO - Setting next_dagrun for example_weekday_branch_operator to 2023-04-15T00:00:00+00:00, run_after=2023-04-16T00:00:00+00:00
[2023-04-16T15:35:23.473+0530] {processor.py:175} INFO - Processing /home/nightfall/anaconda3/envs/ml/lib/python3.9/site-packages/airflow/example_dags/example_branch_day_of_week_operator.py took 0.524 seconds
