[2023-04-16T15:30:28.960+0530] {processor.py:153} INFO - Started process (PID=126157) to work on /home/nightfall/anaconda3/envs/ml/lib/python3.9/site-packages/airflow/example_dags/example_branch_operator.py
[2023-04-16T15:30:28.960+0530] {processor.py:743} INFO - Processing file /home/nightfall/anaconda3/envs/ml/lib/python3.9/site-packages/airflow/example_dags/example_branch_operator.py for tasks to queue
[2023-04-16T15:30:28.961+0530] {logging_mixin.py:137} INFO - [2023-04-16T15:30:28.961+0530] {dagbag.py:532} INFO - Filling up the DagBag from /home/nightfall/anaconda3/envs/ml/lib/python3.9/site-packages/airflow/example_dags/example_branch_operator.py
[2023-04-16T15:30:28.970+0530] {processor.py:753} INFO - DAG(s) dict_keys(['example_branch_operator']) retrieved from /home/nightfall/anaconda3/envs/ml/lib/python3.9/site-packages/airflow/example_dags/example_branch_operator.py
[2023-04-16T15:30:28.981+0530] {logging_mixin.py:137} INFO - [2023-04-16T15:30:28.981+0530] {dag.py:2705} INFO - Sync 1 DAGs
[2023-04-16T15:30:28.993+0530] {logging_mixin.py:137} INFO - [2023-04-16T15:30:28.993+0530] {dag.py:3452} INFO - Setting next_dagrun for example_branch_operator to 2023-04-15T00:00:00+00:00, run_after=2023-04-16T00:00:00+00:00
[2023-04-16T15:30:29.026+0530] {processor.py:175} INFO - Processing /home/nightfall/anaconda3/envs/ml/lib/python3.9/site-packages/airflow/example_dags/example_branch_operator.py took 0.067 seconds
[2023-04-16T15:31:46.120+0530] {processor.py:153} INFO - Started process (PID=126317) to work on /home/nightfall/anaconda3/envs/ml/lib/python3.9/site-packages/airflow/example_dags/example_branch_operator.py
[2023-04-16T15:31:46.122+0530] {processor.py:743} INFO - Processing file /home/nightfall/anaconda3/envs/ml/lib/python3.9/site-packages/airflow/example_dags/example_branch_operator.py for tasks to queue
[2023-04-16T15:31:46.122+0530] {logging_mixin.py:137} INFO - [2023-04-16T15:31:46.122+0530] {dagbag.py:532} INFO - Filling up the DagBag from /home/nightfall/anaconda3/envs/ml/lib/python3.9/site-packages/airflow/example_dags/example_branch_operator.py
[2023-04-16T15:31:46.137+0530] {processor.py:753} INFO - DAG(s) dict_keys(['example_branch_operator']) retrieved from /home/nightfall/anaconda3/envs/ml/lib/python3.9/site-packages/airflow/example_dags/example_branch_operator.py
[2023-04-16T15:31:46.154+0530] {logging_mixin.py:137} INFO - [2023-04-16T15:31:46.154+0530] {dag.py:2705} INFO - Sync 1 DAGs
[2023-04-16T15:31:46.171+0530] {logging_mixin.py:137} INFO - [2023-04-16T15:31:46.170+0530] {dag.py:3452} INFO - Setting next_dagrun for example_branch_operator to 2023-04-15T00:00:00+00:00, run_after=2023-04-16T00:00:00+00:00
[2023-04-16T15:31:46.197+0530] {processor.py:175} INFO - Processing /home/nightfall/anaconda3/envs/ml/lib/python3.9/site-packages/airflow/example_dags/example_branch_operator.py took 0.079 seconds
[2023-04-16T15:32:49.515+0530] {processor.py:153} INFO - Started process (PID=126452) to work on /home/nightfall/anaconda3/envs/ml/lib/python3.9/site-packages/airflow/example_dags/example_branch_operator.py
[2023-04-16T15:32:49.528+0530] {processor.py:743} INFO - Processing file /home/nightfall/anaconda3/envs/ml/lib/python3.9/site-packages/airflow/example_dags/example_branch_operator.py for tasks to queue
[2023-04-16T15:32:49.529+0530] {logging_mixin.py:137} INFO - [2023-04-16T15:32:49.529+0530] {dagbag.py:532} INFO - Filling up the DagBag from /home/nightfall/anaconda3/envs/ml/lib/python3.9/site-packages/airflow/example_dags/example_branch_operator.py
[2023-04-16T15:32:49.537+0530] {processor.py:753} INFO - DAG(s) dict_keys(['example_branch_operator']) retrieved from /home/nightfall/anaconda3/envs/ml/lib/python3.9/site-packages/airflow/example_dags/example_branch_operator.py
[2023-04-16T15:32:49.548+0530] {logging_mixin.py:137} INFO - [2023-04-16T15:32:49.548+0530] {dag.py:2705} INFO - Sync 1 DAGs
[2023-04-16T15:32:49.559+0530] {logging_mixin.py:137} INFO - [2023-04-16T15:32:49.559+0530] {dag.py:3452} INFO - Setting next_dagrun for example_branch_operator to 2023-04-15T00:00:00+00:00, run_after=2023-04-16T00:00:00+00:00
[2023-04-16T15:32:50.343+0530] {processor.py:175} INFO - Processing /home/nightfall/anaconda3/envs/ml/lib/python3.9/site-packages/airflow/example_dags/example_branch_operator.py took 0.829 seconds
[2023-04-16T15:33:55.092+0530] {processor.py:153} INFO - Started process (PID=126573) to work on /home/nightfall/anaconda3/envs/ml/lib/python3.9/site-packages/airflow/example_dags/example_branch_operator.py
[2023-04-16T15:33:55.093+0530] {processor.py:743} INFO - Processing file /home/nightfall/anaconda3/envs/ml/lib/python3.9/site-packages/airflow/example_dags/example_branch_operator.py for tasks to queue
[2023-04-16T15:33:55.094+0530] {logging_mixin.py:137} INFO - [2023-04-16T15:33:55.094+0530] {dagbag.py:532} INFO - Filling up the DagBag from /home/nightfall/anaconda3/envs/ml/lib/python3.9/site-packages/airflow/example_dags/example_branch_operator.py
[2023-04-16T15:33:55.108+0530] {processor.py:753} INFO - DAG(s) dict_keys(['example_branch_operator']) retrieved from /home/nightfall/anaconda3/envs/ml/lib/python3.9/site-packages/airflow/example_dags/example_branch_operator.py
[2023-04-16T15:33:55.126+0530] {logging_mixin.py:137} INFO - [2023-04-16T15:33:55.126+0530] {dag.py:2705} INFO - Sync 1 DAGs
[2023-04-16T15:33:55.143+0530] {logging_mixin.py:137} INFO - [2023-04-16T15:33:55.143+0530] {dag.py:3452} INFO - Setting next_dagrun for example_branch_operator to 2023-04-15T00:00:00+00:00, run_after=2023-04-16T00:00:00+00:00
[2023-04-16T15:33:56.266+0530] {processor.py:175} INFO - Processing /home/nightfall/anaconda3/envs/ml/lib/python3.9/site-packages/airflow/example_dags/example_branch_operator.py took 1.177 seconds
[2023-04-16T15:35:16.119+0530] {processor.py:153} INFO - Started process (PID=126814) to work on /home/nightfall/anaconda3/envs/ml/lib/python3.9/site-packages/airflow/example_dags/example_branch_operator.py
[2023-04-16T15:35:16.121+0530] {processor.py:743} INFO - Processing file /home/nightfall/anaconda3/envs/ml/lib/python3.9/site-packages/airflow/example_dags/example_branch_operator.py for tasks to queue
[2023-04-16T15:35:16.121+0530] {logging_mixin.py:137} INFO - [2023-04-16T15:35:16.121+0530] {dagbag.py:532} INFO - Filling up the DagBag from /home/nightfall/anaconda3/envs/ml/lib/python3.9/site-packages/airflow/example_dags/example_branch_operator.py
[2023-04-16T15:35:16.136+0530] {processor.py:753} INFO - DAG(s) dict_keys(['example_branch_operator']) retrieved from /home/nightfall/anaconda3/envs/ml/lib/python3.9/site-packages/airflow/example_dags/example_branch_operator.py
[2023-04-16T15:35:16.155+0530] {logging_mixin.py:137} INFO - [2023-04-16T15:35:16.155+0530] {dag.py:2705} INFO - Sync 1 DAGs
[2023-04-16T15:35:16.172+0530] {logging_mixin.py:137} INFO - [2023-04-16T15:35:16.172+0530] {dag.py:3452} INFO - Setting next_dagrun for example_branch_operator to 2023-04-15T00:00:00+00:00, run_after=2023-04-16T00:00:00+00:00
[2023-04-16T15:35:16.460+0530] {processor.py:175} INFO - Processing /home/nightfall/anaconda3/envs/ml/lib/python3.9/site-packages/airflow/example_dags/example_branch_operator.py took 0.342 seconds
[2023-04-16T15:36:32.819+0530] {processor.py:153} INFO - Started process (PID=126964) to work on /home/nightfall/anaconda3/envs/ml/lib/python3.9/site-packages/airflow/example_dags/example_branch_operator.py
[2023-04-16T15:36:32.821+0530] {processor.py:743} INFO - Processing file /home/nightfall/anaconda3/envs/ml/lib/python3.9/site-packages/airflow/example_dags/example_branch_operator.py for tasks to queue
[2023-04-16T15:36:32.821+0530] {logging_mixin.py:137} INFO - [2023-04-16T15:36:32.821+0530] {dagbag.py:532} INFO - Filling up the DagBag from /home/nightfall/anaconda3/envs/ml/lib/python3.9/site-packages/airflow/example_dags/example_branch_operator.py
[2023-04-16T15:36:32.833+0530] {processor.py:753} INFO - DAG(s) dict_keys(['example_branch_operator']) retrieved from /home/nightfall/anaconda3/envs/ml/lib/python3.9/site-packages/airflow/example_dags/example_branch_operator.py
[2023-04-16T15:36:32.884+0530] {logging_mixin.py:137} INFO - [2023-04-16T15:36:32.883+0530] {dag.py:2705} INFO - Sync 1 DAGs
[2023-04-16T15:36:34.236+0530] {logging_mixin.py:137} INFO - [2023-04-16T15:36:34.236+0530] {dag.py:3452} INFO - Setting next_dagrun for example_branch_operator to 2023-04-15T00:00:00+00:00, run_after=2023-04-16T00:00:00+00:00
[2023-04-16T15:36:35.711+0530] {processor.py:175} INFO - Processing /home/nightfall/anaconda3/envs/ml/lib/python3.9/site-packages/airflow/example_dags/example_branch_operator.py took 2.894 seconds
