[2023-04-16T15:30:27.262+0530] {processor.py:153} INFO - Started process (PID=126153) to work on /home/nightfall/anaconda3/envs/ml/lib/python3.9/site-packages/airflow/example_dags/example_dag_decorator.py
[2023-04-16T15:30:27.263+0530] {processor.py:743} INFO - Processing file /home/nightfall/anaconda3/envs/ml/lib/python3.9/site-packages/airflow/example_dags/example_dag_decorator.py for tasks to queue
[2023-04-16T15:30:27.263+0530] {logging_mixin.py:137} INFO - [2023-04-16T15:30:27.263+0530] {dagbag.py:532} INFO - Filling up the DagBag from /home/nightfall/anaconda3/envs/ml/lib/python3.9/site-packages/airflow/example_dags/example_dag_decorator.py
[2023-04-16T15:30:27.278+0530] {logging_mixin.py:137} INFO - [2023-04-16T15:30:27.277+0530] {taskmixin.py:211} WARNING - Dependency <Task(_PythonDecoratedOperator): prepare_email>, send_email already registered for DAG: example_dag_decorator
[2023-04-16T15:30:27.278+0530] {logging_mixin.py:137} INFO - [2023-04-16T15:30:27.278+0530] {taskmixin.py:211} WARNING - Dependency <Task(EmailOperator): send_email>, prepare_email already registered for DAG: example_dag_decorator
[2023-04-16T15:30:27.287+0530] {processor.py:753} INFO - DAG(s) dict_keys(['example_dag_decorator']) retrieved from /home/nightfall/anaconda3/envs/ml/lib/python3.9/site-packages/airflow/example_dags/example_dag_decorator.py
[2023-04-16T15:30:27.321+0530] {logging_mixin.py:137} INFO - [2023-04-16T15:30:27.321+0530] {dag.py:2705} INFO - Sync 1 DAGs
[2023-04-16T15:30:27.330+0530] {logging_mixin.py:137} INFO - [2023-04-16T15:30:27.330+0530] {dag.py:3452} INFO - Setting next_dagrun for example_dag_decorator to None, run_after=None
[2023-04-16T15:30:28.581+0530] {processor.py:175} INFO - Processing /home/nightfall/anaconda3/envs/ml/lib/python3.9/site-packages/airflow/example_dags/example_dag_decorator.py took 1.320 seconds
[2023-04-16T15:31:44.885+0530] {processor.py:153} INFO - Started process (PID=126316) to work on /home/nightfall/anaconda3/envs/ml/lib/python3.9/site-packages/airflow/example_dags/example_dag_decorator.py
[2023-04-16T15:31:44.887+0530] {processor.py:743} INFO - Processing file /home/nightfall/anaconda3/envs/ml/lib/python3.9/site-packages/airflow/example_dags/example_dag_decorator.py for tasks to queue
[2023-04-16T15:31:44.887+0530] {logging_mixin.py:137} INFO - [2023-04-16T15:31:44.887+0530] {dagbag.py:532} INFO - Filling up the DagBag from /home/nightfall/anaconda3/envs/ml/lib/python3.9/site-packages/airflow/example_dags/example_dag_decorator.py
[2023-04-16T15:31:44.903+0530] {logging_mixin.py:137} INFO - [2023-04-16T15:31:44.902+0530] {taskmixin.py:211} WARNING - Dependency <Task(_PythonDecoratedOperator): prepare_email>, send_email already registered for DAG: example_dag_decorator
[2023-04-16T15:31:44.903+0530] {logging_mixin.py:137} INFO - [2023-04-16T15:31:44.903+0530] {taskmixin.py:211} WARNING - Dependency <Task(EmailOperator): send_email>, prepare_email already registered for DAG: example_dag_decorator
[2023-04-16T15:31:44.913+0530] {processor.py:753} INFO - DAG(s) dict_keys(['example_dag_decorator']) retrieved from /home/nightfall/anaconda3/envs/ml/lib/python3.9/site-packages/airflow/example_dags/example_dag_decorator.py
[2023-04-16T15:31:44.947+0530] {logging_mixin.py:137} INFO - [2023-04-16T15:31:44.946+0530] {dag.py:2705} INFO - Sync 1 DAGs
[2023-04-16T15:31:44.955+0530] {logging_mixin.py:137} INFO - [2023-04-16T15:31:44.955+0530] {dag.py:3452} INFO - Setting next_dagrun for example_dag_decorator to None, run_after=None
[2023-04-16T15:31:44.989+0530] {processor.py:175} INFO - Processing /home/nightfall/anaconda3/envs/ml/lib/python3.9/site-packages/airflow/example_dags/example_dag_decorator.py took 0.106 seconds
[2023-04-16T15:32:47.967+0530] {processor.py:153} INFO - Started process (PID=126448) to work on /home/nightfall/anaconda3/envs/ml/lib/python3.9/site-packages/airflow/example_dags/example_dag_decorator.py
[2023-04-16T15:32:47.969+0530] {processor.py:743} INFO - Processing file /home/nightfall/anaconda3/envs/ml/lib/python3.9/site-packages/airflow/example_dags/example_dag_decorator.py for tasks to queue
[2023-04-16T15:32:47.969+0530] {logging_mixin.py:137} INFO - [2023-04-16T15:32:47.969+0530] {dagbag.py:532} INFO - Filling up the DagBag from /home/nightfall/anaconda3/envs/ml/lib/python3.9/site-packages/airflow/example_dags/example_dag_decorator.py
[2023-04-16T15:32:47.978+0530] {logging_mixin.py:137} INFO - [2023-04-16T15:32:47.978+0530] {taskmixin.py:211} WARNING - Dependency <Task(_PythonDecoratedOperator): prepare_email>, send_email already registered for DAG: example_dag_decorator
[2023-04-16T15:32:47.978+0530] {logging_mixin.py:137} INFO - [2023-04-16T15:32:47.978+0530] {taskmixin.py:211} WARNING - Dependency <Task(EmailOperator): send_email>, prepare_email already registered for DAG: example_dag_decorator
[2023-04-16T15:32:47.984+0530] {processor.py:753} INFO - DAG(s) dict_keys(['example_dag_decorator']) retrieved from /home/nightfall/anaconda3/envs/ml/lib/python3.9/site-packages/airflow/example_dags/example_dag_decorator.py
[2023-04-16T15:32:48.011+0530] {logging_mixin.py:137} INFO - [2023-04-16T15:32:48.011+0530] {dag.py:2705} INFO - Sync 1 DAGs
[2023-04-16T15:32:48.022+0530] {logging_mixin.py:137} INFO - [2023-04-16T15:32:48.022+0530] {dag.py:3452} INFO - Setting next_dagrun for example_dag_decorator to None, run_after=None
[2023-04-16T15:32:49.132+0530] {processor.py:175} INFO - Processing /home/nightfall/anaconda3/envs/ml/lib/python3.9/site-packages/airflow/example_dags/example_dag_decorator.py took 1.166 seconds
[2023-04-16T15:33:52.542+0530] {processor.py:153} INFO - Started process (PID=126571) to work on /home/nightfall/anaconda3/envs/ml/lib/python3.9/site-packages/airflow/example_dags/example_dag_decorator.py
[2023-04-16T15:33:52.544+0530] {processor.py:743} INFO - Processing file /home/nightfall/anaconda3/envs/ml/lib/python3.9/site-packages/airflow/example_dags/example_dag_decorator.py for tasks to queue
[2023-04-16T15:33:52.544+0530] {logging_mixin.py:137} INFO - [2023-04-16T15:33:52.544+0530] {dagbag.py:532} INFO - Filling up the DagBag from /home/nightfall/anaconda3/envs/ml/lib/python3.9/site-packages/airflow/example_dags/example_dag_decorator.py
[2023-04-16T15:33:52.559+0530] {logging_mixin.py:137} INFO - [2023-04-16T15:33:52.559+0530] {taskmixin.py:211} WARNING - Dependency <Task(_PythonDecoratedOperator): prepare_email>, send_email already registered for DAG: example_dag_decorator
[2023-04-16T15:33:52.559+0530] {logging_mixin.py:137} INFO - [2023-04-16T15:33:52.559+0530] {taskmixin.py:211} WARNING - Dependency <Task(EmailOperator): send_email>, prepare_email already registered for DAG: example_dag_decorator
[2023-04-16T15:33:52.568+0530] {processor.py:753} INFO - DAG(s) dict_keys(['example_dag_decorator']) retrieved from /home/nightfall/anaconda3/envs/ml/lib/python3.9/site-packages/airflow/example_dags/example_dag_decorator.py
[2023-04-16T15:33:52.603+0530] {logging_mixin.py:137} INFO - [2023-04-16T15:33:52.603+0530] {dag.py:2705} INFO - Sync 1 DAGs
[2023-04-16T15:33:52.612+0530] {logging_mixin.py:137} INFO - [2023-04-16T15:33:52.612+0530] {dag.py:3452} INFO - Setting next_dagrun for example_dag_decorator to None, run_after=None
[2023-04-16T15:33:53.961+0530] {processor.py:175} INFO - Processing /home/nightfall/anaconda3/envs/ml/lib/python3.9/site-packages/airflow/example_dags/example_dag_decorator.py took 1.420 seconds
[2023-04-16T15:35:14.689+0530] {processor.py:153} INFO - Started process (PID=126812) to work on /home/nightfall/anaconda3/envs/ml/lib/python3.9/site-packages/airflow/example_dags/example_dag_decorator.py
[2023-04-16T15:35:14.691+0530] {processor.py:743} INFO - Processing file /home/nightfall/anaconda3/envs/ml/lib/python3.9/site-packages/airflow/example_dags/example_dag_decorator.py for tasks to queue
[2023-04-16T15:35:14.691+0530] {logging_mixin.py:137} INFO - [2023-04-16T15:35:14.691+0530] {dagbag.py:532} INFO - Filling up the DagBag from /home/nightfall/anaconda3/envs/ml/lib/python3.9/site-packages/airflow/example_dags/example_dag_decorator.py
[2023-04-16T15:35:14.703+0530] {logging_mixin.py:137} INFO - [2023-04-16T15:35:14.703+0530] {taskmixin.py:211} WARNING - Dependency <Task(_PythonDecoratedOperator): prepare_email>, send_email already registered for DAG: example_dag_decorator
[2023-04-16T15:35:14.703+0530] {logging_mixin.py:137} INFO - [2023-04-16T15:35:14.703+0530] {taskmixin.py:211} WARNING - Dependency <Task(EmailOperator): send_email>, prepare_email already registered for DAG: example_dag_decorator
[2023-04-16T15:35:14.711+0530] {processor.py:753} INFO - DAG(s) dict_keys(['example_dag_decorator']) retrieved from /home/nightfall/anaconda3/envs/ml/lib/python3.9/site-packages/airflow/example_dags/example_dag_decorator.py
[2023-04-16T15:35:14.745+0530] {logging_mixin.py:137} INFO - [2023-04-16T15:35:14.745+0530] {dag.py:2705} INFO - Sync 1 DAGs
[2023-04-16T15:35:14.756+0530] {logging_mixin.py:137} INFO - [2023-04-16T15:35:14.755+0530] {dag.py:3452} INFO - Setting next_dagrun for example_dag_decorator to None, run_after=None
[2023-04-16T15:35:15.032+0530] {processor.py:175} INFO - Processing /home/nightfall/anaconda3/envs/ml/lib/python3.9/site-packages/airflow/example_dags/example_dag_decorator.py took 0.345 seconds
[2023-04-16T15:36:29.877+0530] {processor.py:153} INFO - Started process (PID=126961) to work on /home/nightfall/anaconda3/envs/ml/lib/python3.9/site-packages/airflow/example_dags/example_dag_decorator.py
[2023-04-16T15:36:29.878+0530] {processor.py:743} INFO - Processing file /home/nightfall/anaconda3/envs/ml/lib/python3.9/site-packages/airflow/example_dags/example_dag_decorator.py for tasks to queue
[2023-04-16T15:36:29.879+0530] {logging_mixin.py:137} INFO - [2023-04-16T15:36:29.879+0530] {dagbag.py:532} INFO - Filling up the DagBag from /home/nightfall/anaconda3/envs/ml/lib/python3.9/site-packages/airflow/example_dags/example_dag_decorator.py
[2023-04-16T15:36:29.894+0530] {logging_mixin.py:137} INFO - [2023-04-16T15:36:29.894+0530] {taskmixin.py:211} WARNING - Dependency <Task(_PythonDecoratedOperator): prepare_email>, send_email already registered for DAG: example_dag_decorator
[2023-04-16T15:36:29.894+0530] {logging_mixin.py:137} INFO - [2023-04-16T15:36:29.894+0530] {taskmixin.py:211} WARNING - Dependency <Task(EmailOperator): send_email>, prepare_email already registered for DAG: example_dag_decorator
[2023-04-16T15:36:29.904+0530] {processor.py:753} INFO - DAG(s) dict_keys(['example_dag_decorator']) retrieved from /home/nightfall/anaconda3/envs/ml/lib/python3.9/site-packages/airflow/example_dags/example_dag_decorator.py
[2023-04-16T15:36:29.939+0530] {logging_mixin.py:137} INFO - [2023-04-16T15:36:29.939+0530] {dag.py:2705} INFO - Sync 1 DAGs
[2023-04-16T15:36:29.947+0530] {logging_mixin.py:137} INFO - [2023-04-16T15:36:29.947+0530] {dag.py:3452} INFO - Setting next_dagrun for example_dag_decorator to None, run_after=None
[2023-04-16T15:36:30.823+0530] {processor.py:175} INFO - Processing /home/nightfall/anaconda3/envs/ml/lib/python3.9/site-packages/airflow/example_dags/example_dag_decorator.py took 0.949 seconds
