[2023-04-16T15:30:14.488+0530] {processor.py:153} INFO - Started process (PID=126124) to work on /home/nightfall/anaconda3/envs/ml/lib/python3.9/site-packages/airflow/example_dags/example_kubernetes_executor.py
[2023-04-16T15:30:14.488+0530] {processor.py:743} INFO - Processing file /home/nightfall/anaconda3/envs/ml/lib/python3.9/site-packages/airflow/example_dags/example_kubernetes_executor.py for tasks to queue
[2023-04-16T15:30:14.488+0530] {logging_mixin.py:137} INFO - [2023-04-16T15:30:14.488+0530] {dagbag.py:532} INFO - Filling up the DagBag from /home/nightfall/anaconda3/envs/ml/lib/python3.9/site-packages/airflow/example_dags/example_kubernetes_executor.py
[2023-04-16T15:30:14.497+0530] {logging_mixin.py:137} INFO - [2023-04-16T15:30:14.496+0530] {example_kubernetes_executor.py:41} WARNING - The example_kubernetes_executor example DAG requires the kubernetes provider. Please install it with: pip install apache-airflow[cncf.kubernetes]
[2023-04-16T15:30:14.497+0530] {processor.py:755} WARNING - No viable dags retrieved from /home/nightfall/anaconda3/envs/ml/lib/python3.9/site-packages/airflow/example_dags/example_kubernetes_executor.py
[2023-04-16T15:30:14.501+0530] {processor.py:175} INFO - Processing /home/nightfall/anaconda3/envs/ml/lib/python3.9/site-packages/airflow/example_dags/example_kubernetes_executor.py took 0.014 seconds
[2023-04-16T15:31:31.589+0530] {processor.py:153} INFO - Started process (PID=126305) to work on /home/nightfall/anaconda3/envs/ml/lib/python3.9/site-packages/airflow/example_dags/example_kubernetes_executor.py
[2023-04-16T15:31:31.591+0530] {processor.py:743} INFO - Processing file /home/nightfall/anaconda3/envs/ml/lib/python3.9/site-packages/airflow/example_dags/example_kubernetes_executor.py for tasks to queue
[2023-04-16T15:31:31.591+0530] {logging_mixin.py:137} INFO - [2023-04-16T15:31:31.591+0530] {dagbag.py:532} INFO - Filling up the DagBag from /home/nightfall/anaconda3/envs/ml/lib/python3.9/site-packages/airflow/example_dags/example_kubernetes_executor.py
[2023-04-16T15:31:31.604+0530] {logging_mixin.py:137} INFO - [2023-04-16T15:31:31.603+0530] {example_kubernetes_executor.py:41} WARNING - The example_kubernetes_executor example DAG requires the kubernetes provider. Please install it with: pip install apache-airflow[cncf.kubernetes]
[2023-04-16T15:31:31.604+0530] {processor.py:755} WARNING - No viable dags retrieved from /home/nightfall/anaconda3/envs/ml/lib/python3.9/site-packages/airflow/example_dags/example_kubernetes_executor.py
[2023-04-16T15:31:31.610+0530] {processor.py:175} INFO - Processing /home/nightfall/anaconda3/envs/ml/lib/python3.9/site-packages/airflow/example_dags/example_kubernetes_executor.py took 0.023 seconds
[2023-04-16T15:32:36.026+0530] {processor.py:153} INFO - Started process (PID=126437) to work on /home/nightfall/anaconda3/envs/ml/lib/python3.9/site-packages/airflow/example_dags/example_kubernetes_executor.py
[2023-04-16T15:32:36.028+0530] {processor.py:743} INFO - Processing file /home/nightfall/anaconda3/envs/ml/lib/python3.9/site-packages/airflow/example_dags/example_kubernetes_executor.py for tasks to queue
[2023-04-16T15:32:36.028+0530] {logging_mixin.py:137} INFO - [2023-04-16T15:32:36.028+0530] {dagbag.py:532} INFO - Filling up the DagBag from /home/nightfall/anaconda3/envs/ml/lib/python3.9/site-packages/airflow/example_dags/example_kubernetes_executor.py
[2023-04-16T15:32:36.042+0530] {logging_mixin.py:137} INFO - [2023-04-16T15:32:36.042+0530] {example_kubernetes_executor.py:41} WARNING - The example_kubernetes_executor example DAG requires the kubernetes provider. Please install it with: pip install apache-airflow[cncf.kubernetes]
[2023-04-16T15:32:36.042+0530] {processor.py:755} WARNING - No viable dags retrieved from /home/nightfall/anaconda3/envs/ml/lib/python3.9/site-packages/airflow/example_dags/example_kubernetes_executor.py
[2023-04-16T15:32:36.049+0530] {processor.py:175} INFO - Processing /home/nightfall/anaconda3/envs/ml/lib/python3.9/site-packages/airflow/example_dags/example_kubernetes_executor.py took 0.025 seconds
[2023-04-16T15:33:42.128+0530] {processor.py:153} INFO - Started process (PID=126560) to work on /home/nightfall/anaconda3/envs/ml/lib/python3.9/site-packages/airflow/example_dags/example_kubernetes_executor.py
[2023-04-16T15:33:42.139+0530] {processor.py:743} INFO - Processing file /home/nightfall/anaconda3/envs/ml/lib/python3.9/site-packages/airflow/example_dags/example_kubernetes_executor.py for tasks to queue
[2023-04-16T15:33:42.140+0530] {logging_mixin.py:137} INFO - [2023-04-16T15:33:42.140+0530] {dagbag.py:532} INFO - Filling up the DagBag from /home/nightfall/anaconda3/envs/ml/lib/python3.9/site-packages/airflow/example_dags/example_kubernetes_executor.py
[2023-04-16T15:33:42.154+0530] {logging_mixin.py:137} INFO - [2023-04-16T15:33:42.153+0530] {example_kubernetes_executor.py:41} WARNING - The example_kubernetes_executor example DAG requires the kubernetes provider. Please install it with: pip install apache-airflow[cncf.kubernetes]
[2023-04-16T15:33:42.154+0530] {processor.py:755} WARNING - No viable dags retrieved from /home/nightfall/anaconda3/envs/ml/lib/python3.9/site-packages/airflow/example_dags/example_kubernetes_executor.py
[2023-04-16T15:33:42.160+0530] {processor.py:175} INFO - Processing /home/nightfall/anaconda3/envs/ml/lib/python3.9/site-packages/airflow/example_dags/example_kubernetes_executor.py took 0.033 seconds
[2023-04-16T15:35:05.162+0530] {processor.py:153} INFO - Started process (PID=126800) to work on /home/nightfall/anaconda3/envs/ml/lib/python3.9/site-packages/airflow/example_dags/example_kubernetes_executor.py
[2023-04-16T15:35:05.164+0530] {processor.py:743} INFO - Processing file /home/nightfall/anaconda3/envs/ml/lib/python3.9/site-packages/airflow/example_dags/example_kubernetes_executor.py for tasks to queue
[2023-04-16T15:35:05.164+0530] {logging_mixin.py:137} INFO - [2023-04-16T15:35:05.164+0530] {dagbag.py:532} INFO - Filling up the DagBag from /home/nightfall/anaconda3/envs/ml/lib/python3.9/site-packages/airflow/example_dags/example_kubernetes_executor.py
[2023-04-16T15:35:05.175+0530] {logging_mixin.py:137} INFO - [2023-04-16T15:35:05.174+0530] {example_kubernetes_executor.py:41} WARNING - The example_kubernetes_executor example DAG requires the kubernetes provider. Please install it with: pip install apache-airflow[cncf.kubernetes]
[2023-04-16T15:35:05.175+0530] {processor.py:755} WARNING - No viable dags retrieved from /home/nightfall/anaconda3/envs/ml/lib/python3.9/site-packages/airflow/example_dags/example_kubernetes_executor.py
[2023-04-16T15:35:05.179+0530] {processor.py:175} INFO - Processing /home/nightfall/anaconda3/envs/ml/lib/python3.9/site-packages/airflow/example_dags/example_kubernetes_executor.py took 0.019 seconds
[2023-04-16T15:36:14.006+0530] {processor.py:153} INFO - Started process (PID=126948) to work on /home/nightfall/anaconda3/envs/ml/lib/python3.9/site-packages/airflow/example_dags/example_kubernetes_executor.py
[2023-04-16T15:36:14.008+0530] {processor.py:743} INFO - Processing file /home/nightfall/anaconda3/envs/ml/lib/python3.9/site-packages/airflow/example_dags/example_kubernetes_executor.py for tasks to queue
[2023-04-16T15:36:14.008+0530] {logging_mixin.py:137} INFO - [2023-04-16T15:36:14.008+0530] {dagbag.py:532} INFO - Filling up the DagBag from /home/nightfall/anaconda3/envs/ml/lib/python3.9/site-packages/airflow/example_dags/example_kubernetes_executor.py
[2023-04-16T15:36:14.019+0530] {logging_mixin.py:137} INFO - [2023-04-16T15:36:14.019+0530] {example_kubernetes_executor.py:41} WARNING - The example_kubernetes_executor example DAG requires the kubernetes provider. Please install it with: pip install apache-airflow[cncf.kubernetes]
[2023-04-16T15:36:14.019+0530] {processor.py:755} WARNING - No viable dags retrieved from /home/nightfall/anaconda3/envs/ml/lib/python3.9/site-packages/airflow/example_dags/example_kubernetes_executor.py
[2023-04-16T15:36:14.025+0530] {processor.py:175} INFO - Processing /home/nightfall/anaconda3/envs/ml/lib/python3.9/site-packages/airflow/example_dags/example_kubernetes_executor.py took 0.020 seconds
