[2023-04-16T15:30:30.662+0530] {processor.py:153} INFO - Started process (PID=126162) to work on /home/nightfall/anaconda3/envs/ml/lib/python3.9/site-packages/airflow/example_dags/example_bash_operator.py
[2023-04-16T15:30:30.662+0530] {processor.py:743} INFO - Processing file /home/nightfall/anaconda3/envs/ml/lib/python3.9/site-packages/airflow/example_dags/example_bash_operator.py for tasks to queue
[2023-04-16T15:30:30.662+0530] {logging_mixin.py:137} INFO - [2023-04-16T15:30:30.662+0530] {dagbag.py:532} INFO - Filling up the DagBag from /home/nightfall/anaconda3/envs/ml/lib/python3.9/site-packages/airflow/example_dags/example_bash_operator.py
[2023-04-16T15:30:30.681+0530] {processor.py:753} INFO - DAG(s) dict_keys(['example_bash_operator']) retrieved from /home/nightfall/anaconda3/envs/ml/lib/python3.9/site-packages/airflow/example_dags/example_bash_operator.py
[2023-04-16T15:30:30.708+0530] {logging_mixin.py:137} INFO - [2023-04-16T15:30:30.708+0530] {dag.py:2705} INFO - Sync 1 DAGs
[2023-04-16T15:30:30.719+0530] {logging_mixin.py:137} INFO - [2023-04-16T15:30:30.719+0530] {dag.py:3452} INFO - Setting next_dagrun for example_bash_operator to 2023-04-15T00:00:00+00:00, run_after=2023-04-16T00:00:00+00:00
[2023-04-16T15:30:31.949+0530] {processor.py:175} INFO - Processing /home/nightfall/anaconda3/envs/ml/lib/python3.9/site-packages/airflow/example_dags/example_bash_operator.py took 1.290 seconds
[2023-04-16T15:31:46.720+0530] {processor.py:153} INFO - Started process (PID=126320) to work on /home/nightfall/anaconda3/envs/ml/lib/python3.9/site-packages/airflow/example_dags/example_bash_operator.py
[2023-04-16T15:31:46.721+0530] {processor.py:743} INFO - Processing file /home/nightfall/anaconda3/envs/ml/lib/python3.9/site-packages/airflow/example_dags/example_bash_operator.py for tasks to queue
[2023-04-16T15:31:46.722+0530] {logging_mixin.py:137} INFO - [2023-04-16T15:31:46.722+0530] {dagbag.py:532} INFO - Filling up the DagBag from /home/nightfall/anaconda3/envs/ml/lib/python3.9/site-packages/airflow/example_dags/example_bash_operator.py
[2023-04-16T15:31:46.739+0530] {processor.py:753} INFO - DAG(s) dict_keys(['example_bash_operator']) retrieved from /home/nightfall/anaconda3/envs/ml/lib/python3.9/site-packages/airflow/example_dags/example_bash_operator.py
[2023-04-16T15:31:46.767+0530] {logging_mixin.py:137} INFO - [2023-04-16T15:31:46.767+0530] {dag.py:2705} INFO - Sync 1 DAGs
[2023-04-16T15:31:46.778+0530] {logging_mixin.py:137} INFO - [2023-04-16T15:31:46.778+0530] {dag.py:3452} INFO - Setting next_dagrun for example_bash_operator to 2023-04-15T00:00:00+00:00, run_after=2023-04-16T00:00:00+00:00
[2023-04-16T15:31:46.813+0530] {processor.py:175} INFO - Processing /home/nightfall/anaconda3/envs/ml/lib/python3.9/site-packages/airflow/example_dags/example_bash_operator.py took 0.095 seconds
[2023-04-16T15:32:51.458+0530] {processor.py:153} INFO - Started process (PID=126454) to work on /home/nightfall/anaconda3/envs/ml/lib/python3.9/site-packages/airflow/example_dags/example_bash_operator.py
[2023-04-16T15:32:51.475+0530] {processor.py:743} INFO - Processing file /home/nightfall/anaconda3/envs/ml/lib/python3.9/site-packages/airflow/example_dags/example_bash_operator.py for tasks to queue
[2023-04-16T15:32:51.475+0530] {logging_mixin.py:137} INFO - [2023-04-16T15:32:51.475+0530] {dagbag.py:532} INFO - Filling up the DagBag from /home/nightfall/anaconda3/envs/ml/lib/python3.9/site-packages/airflow/example_dags/example_bash_operator.py
[2023-04-16T15:32:51.489+0530] {processor.py:753} INFO - DAG(s) dict_keys(['example_bash_operator']) retrieved from /home/nightfall/anaconda3/envs/ml/lib/python3.9/site-packages/airflow/example_dags/example_bash_operator.py
[2023-04-16T15:32:51.509+0530] {logging_mixin.py:137} INFO - [2023-04-16T15:32:51.509+0530] {dag.py:2705} INFO - Sync 1 DAGs
[2023-04-16T15:32:51.523+0530] {logging_mixin.py:137} INFO - [2023-04-16T15:32:51.523+0530] {dag.py:3452} INFO - Setting next_dagrun for example_bash_operator to 2023-04-15T00:00:00+00:00, run_after=2023-04-16T00:00:00+00:00
[2023-04-16T15:32:51.636+0530] {processor.py:175} INFO - Processing /home/nightfall/anaconda3/envs/ml/lib/python3.9/site-packages/airflow/example_dags/example_bash_operator.py took 0.180 seconds
[2023-04-16T15:33:56.718+0530] {processor.py:153} INFO - Started process (PID=126574) to work on /home/nightfall/anaconda3/envs/ml/lib/python3.9/site-packages/airflow/example_dags/example_bash_operator.py
[2023-04-16T15:33:56.720+0530] {processor.py:743} INFO - Processing file /home/nightfall/anaconda3/envs/ml/lib/python3.9/site-packages/airflow/example_dags/example_bash_operator.py for tasks to queue
[2023-04-16T15:33:56.720+0530] {logging_mixin.py:137} INFO - [2023-04-16T15:33:56.720+0530] {dagbag.py:532} INFO - Filling up the DagBag from /home/nightfall/anaconda3/envs/ml/lib/python3.9/site-packages/airflow/example_dags/example_bash_operator.py
[2023-04-16T15:33:56.738+0530] {processor.py:753} INFO - DAG(s) dict_keys(['example_bash_operator']) retrieved from /home/nightfall/anaconda3/envs/ml/lib/python3.9/site-packages/airflow/example_dags/example_bash_operator.py
[2023-04-16T15:33:56.759+0530] {logging_mixin.py:137} INFO - [2023-04-16T15:33:56.759+0530] {dag.py:2705} INFO - Sync 1 DAGs
[2023-04-16T15:33:56.771+0530] {logging_mixin.py:137} INFO - [2023-04-16T15:33:56.771+0530] {dag.py:3452} INFO - Setting next_dagrun for example_bash_operator to 2023-04-15T00:00:00+00:00, run_after=2023-04-16T00:00:00+00:00
[2023-04-16T15:33:57.481+0530] {processor.py:175} INFO - Processing /home/nightfall/anaconda3/envs/ml/lib/python3.9/site-packages/airflow/example_dags/example_bash_operator.py took 0.765 seconds
[2023-04-16T15:35:17.338+0530] {processor.py:153} INFO - Started process (PID=126815) to work on /home/nightfall/anaconda3/envs/ml/lib/python3.9/site-packages/airflow/example_dags/example_bash_operator.py
[2023-04-16T15:35:17.340+0530] {processor.py:743} INFO - Processing file /home/nightfall/anaconda3/envs/ml/lib/python3.9/site-packages/airflow/example_dags/example_bash_operator.py for tasks to queue
[2023-04-16T15:35:17.340+0530] {logging_mixin.py:137} INFO - [2023-04-16T15:35:17.340+0530] {dagbag.py:532} INFO - Filling up the DagBag from /home/nightfall/anaconda3/envs/ml/lib/python3.9/site-packages/airflow/example_dags/example_bash_operator.py
[2023-04-16T15:35:17.358+0530] {processor.py:753} INFO - DAG(s) dict_keys(['example_bash_operator']) retrieved from /home/nightfall/anaconda3/envs/ml/lib/python3.9/site-packages/airflow/example_dags/example_bash_operator.py
[2023-04-16T15:35:17.387+0530] {logging_mixin.py:137} INFO - [2023-04-16T15:35:17.387+0530] {dag.py:2705} INFO - Sync 1 DAGs
[2023-04-16T15:35:17.399+0530] {logging_mixin.py:137} INFO - [2023-04-16T15:35:17.399+0530] {dag.py:3452} INFO - Setting next_dagrun for example_bash_operator to 2023-04-15T00:00:00+00:00, run_after=2023-04-16T00:00:00+00:00
[2023-04-16T15:35:17.531+0530] {processor.py:175} INFO - Processing /home/nightfall/anaconda3/envs/ml/lib/python3.9/site-packages/airflow/example_dags/example_bash_operator.py took 0.195 seconds
[2023-04-16T15:36:36.734+0530] {processor.py:153} INFO - Started process (PID=126967) to work on /home/nightfall/anaconda3/envs/ml/lib/python3.9/site-packages/airflow/example_dags/example_bash_operator.py
[2023-04-16T15:36:36.736+0530] {processor.py:743} INFO - Processing file /home/nightfall/anaconda3/envs/ml/lib/python3.9/site-packages/airflow/example_dags/example_bash_operator.py for tasks to queue
[2023-04-16T15:36:36.736+0530] {logging_mixin.py:137} INFO - [2023-04-16T15:36:36.736+0530] {dagbag.py:532} INFO - Filling up the DagBag from /home/nightfall/anaconda3/envs/ml/lib/python3.9/site-packages/airflow/example_dags/example_bash_operator.py
[2023-04-16T15:36:36.753+0530] {processor.py:753} INFO - DAG(s) dict_keys(['example_bash_operator']) retrieved from /home/nightfall/anaconda3/envs/ml/lib/python3.9/site-packages/airflow/example_dags/example_bash_operator.py
[2023-04-16T15:36:37.311+0530] {logging_mixin.py:137} INFO - [2023-04-16T15:36:37.311+0530] {dag.py:2705} INFO - Sync 1 DAGs
[2023-04-16T15:36:37.330+0530] {logging_mixin.py:137} INFO - [2023-04-16T15:36:37.329+0530] {dag.py:3452} INFO - Setting next_dagrun for example_bash_operator to 2023-04-15T00:00:00+00:00, run_after=2023-04-16T00:00:00+00:00
[2023-04-16T15:36:37.358+0530] {processor.py:175} INFO - Processing /home/nightfall/anaconda3/envs/ml/lib/python3.9/site-packages/airflow/example_dags/example_bash_operator.py took 0.626 seconds
