[2023-04-16T15:29:54.624+0530] {processor.py:153} INFO - Started process (PID=126077) to work on /home/nightfall/anaconda3/envs/ml/lib/python3.9/site-packages/airflow/example_dags/example_external_task_marker_dag.py
[2023-04-16T15:29:54.625+0530] {processor.py:743} INFO - Processing file /home/nightfall/anaconda3/envs/ml/lib/python3.9/site-packages/airflow/example_dags/example_external_task_marker_dag.py for tasks to queue
[2023-04-16T15:29:54.625+0530] {logging_mixin.py:137} INFO - [2023-04-16T15:29:54.625+0530] {dagbag.py:532} INFO - Filling up the DagBag from /home/nightfall/anaconda3/envs/ml/lib/python3.9/site-packages/airflow/example_dags/example_external_task_marker_dag.py
[2023-04-16T15:29:54.636+0530] {processor.py:753} INFO - DAG(s) dict_keys(['example_external_task_marker_child', 'example_external_task_marker_parent']) retrieved from /home/nightfall/anaconda3/envs/ml/lib/python3.9/site-packages/airflow/example_dags/example_external_task_marker_dag.py
[2023-04-16T15:29:55.704+0530] {logging_mixin.py:137} INFO - [2023-04-16T15:29:55.704+0530] {dag.py:2705} INFO - Sync 2 DAGs
[2023-04-16T15:29:55.723+0530] {logging_mixin.py:137} INFO - [2023-04-16T15:29:55.723+0530] {dag.py:3452} INFO - Setting next_dagrun for example_external_task_marker_child to None, run_after=None
[2023-04-16T15:29:55.725+0530] {logging_mixin.py:137} INFO - [2023-04-16T15:29:55.725+0530] {dag.py:3452} INFO - Setting next_dagrun for example_external_task_marker_parent to None, run_after=None
[2023-04-16T15:29:55.748+0530] {processor.py:175} INFO - Processing /home/nightfall/anaconda3/envs/ml/lib/python3.9/site-packages/airflow/example_dags/example_external_task_marker_dag.py took 1.126 seconds
[2023-04-16T15:31:04.971+0530] {processor.py:153} INFO - Started process (PID=126250) to work on /home/nightfall/anaconda3/envs/ml/lib/python3.9/site-packages/airflow/example_dags/example_external_task_marker_dag.py
[2023-04-16T15:31:04.973+0530] {processor.py:743} INFO - Processing file /home/nightfall/anaconda3/envs/ml/lib/python3.9/site-packages/airflow/example_dags/example_external_task_marker_dag.py for tasks to queue
[2023-04-16T15:31:04.973+0530] {logging_mixin.py:137} INFO - [2023-04-16T15:31:04.973+0530] {dagbag.py:532} INFO - Filling up the DagBag from /home/nightfall/anaconda3/envs/ml/lib/python3.9/site-packages/airflow/example_dags/example_external_task_marker_dag.py
[2023-04-16T15:31:04.983+0530] {processor.py:753} INFO - DAG(s) dict_keys(['example_external_task_marker_parent', 'example_external_task_marker_child']) retrieved from /home/nightfall/anaconda3/envs/ml/lib/python3.9/site-packages/airflow/example_dags/example_external_task_marker_dag.py
[2023-04-16T15:31:05.000+0530] {logging_mixin.py:137} INFO - [2023-04-16T15:31:05.000+0530] {dag.py:2705} INFO - Sync 2 DAGs
[2023-04-16T15:31:05.017+0530] {logging_mixin.py:137} INFO - [2023-04-16T15:31:05.017+0530] {dag.py:3452} INFO - Setting next_dagrun for example_external_task_marker_child to None, run_after=None
[2023-04-16T15:31:05.019+0530] {logging_mixin.py:137} INFO - [2023-04-16T15:31:05.019+0530] {dag.py:3452} INFO - Setting next_dagrun for example_external_task_marker_parent to None, run_after=None
[2023-04-16T15:31:05.036+0530] {processor.py:175} INFO - Processing /home/nightfall/anaconda3/envs/ml/lib/python3.9/site-packages/airflow/example_dags/example_external_task_marker_dag.py took 0.067 seconds
[2023-04-16T15:32:19.646+0530] {processor.py:153} INFO - Started process (PID=126392) to work on /home/nightfall/anaconda3/envs/ml/lib/python3.9/site-packages/airflow/example_dags/example_external_task_marker_dag.py
[2023-04-16T15:32:19.648+0530] {processor.py:743} INFO - Processing file /home/nightfall/anaconda3/envs/ml/lib/python3.9/site-packages/airflow/example_dags/example_external_task_marker_dag.py for tasks to queue
[2023-04-16T15:32:19.649+0530] {logging_mixin.py:137} INFO - [2023-04-16T15:32:19.648+0530] {dagbag.py:532} INFO - Filling up the DagBag from /home/nightfall/anaconda3/envs/ml/lib/python3.9/site-packages/airflow/example_dags/example_external_task_marker_dag.py
[2023-04-16T15:32:19.660+0530] {processor.py:753} INFO - DAG(s) dict_keys(['example_external_task_marker_child', 'example_external_task_marker_parent']) retrieved from /home/nightfall/anaconda3/envs/ml/lib/python3.9/site-packages/airflow/example_dags/example_external_task_marker_dag.py
[2023-04-16T15:32:19.675+0530] {logging_mixin.py:137} INFO - [2023-04-16T15:32:19.675+0530] {dag.py:2705} INFO - Sync 2 DAGs
[2023-04-16T15:32:19.689+0530] {logging_mixin.py:137} INFO - [2023-04-16T15:32:19.689+0530] {dag.py:3452} INFO - Setting next_dagrun for example_external_task_marker_child to None, run_after=None
[2023-04-16T15:32:19.692+0530] {logging_mixin.py:137} INFO - [2023-04-16T15:32:19.692+0530] {dag.py:3452} INFO - Setting next_dagrun for example_external_task_marker_parent to None, run_after=None
[2023-04-16T15:32:19.969+0530] {processor.py:175} INFO - Processing /home/nightfall/anaconda3/envs/ml/lib/python3.9/site-packages/airflow/example_dags/example_external_task_marker_dag.py took 0.325 seconds
[2023-04-16T15:33:20.641+0530] {processor.py:153} INFO - Started process (PID=126514) to work on /home/nightfall/anaconda3/envs/ml/lib/python3.9/site-packages/airflow/example_dags/example_external_task_marker_dag.py
[2023-04-16T15:33:20.643+0530] {processor.py:743} INFO - Processing file /home/nightfall/anaconda3/envs/ml/lib/python3.9/site-packages/airflow/example_dags/example_external_task_marker_dag.py for tasks to queue
[2023-04-16T15:33:20.643+0530] {logging_mixin.py:137} INFO - [2023-04-16T15:33:20.643+0530] {dagbag.py:532} INFO - Filling up the DagBag from /home/nightfall/anaconda3/envs/ml/lib/python3.9/site-packages/airflow/example_dags/example_external_task_marker_dag.py
[2023-04-16T15:33:20.652+0530] {processor.py:753} INFO - DAG(s) dict_keys(['example_external_task_marker_parent', 'example_external_task_marker_child']) retrieved from /home/nightfall/anaconda3/envs/ml/lib/python3.9/site-packages/airflow/example_dags/example_external_task_marker_dag.py
[2023-04-16T15:33:20.666+0530] {logging_mixin.py:137} INFO - [2023-04-16T15:33:20.666+0530] {dag.py:2705} INFO - Sync 2 DAGs
[2023-04-16T15:33:20.679+0530] {logging_mixin.py:137} INFO - [2023-04-16T15:33:20.678+0530] {dag.py:3452} INFO - Setting next_dagrun for example_external_task_marker_child to None, run_after=None
[2023-04-16T15:33:20.680+0530] {logging_mixin.py:137} INFO - [2023-04-16T15:33:20.680+0530] {dag.py:3452} INFO - Setting next_dagrun for example_external_task_marker_parent to None, run_after=None
[2023-04-16T15:33:21.940+0530] {processor.py:175} INFO - Processing /home/nightfall/anaconda3/envs/ml/lib/python3.9/site-packages/airflow/example_dags/example_external_task_marker_dag.py took 1.300 seconds
[2023-04-16T15:34:37.975+0530] {processor.py:153} INFO - Started process (PID=126696) to work on /home/nightfall/anaconda3/envs/ml/lib/python3.9/site-packages/airflow/example_dags/example_external_task_marker_dag.py
[2023-04-16T15:34:37.976+0530] {processor.py:743} INFO - Processing file /home/nightfall/anaconda3/envs/ml/lib/python3.9/site-packages/airflow/example_dags/example_external_task_marker_dag.py for tasks to queue
[2023-04-16T15:34:37.977+0530] {logging_mixin.py:137} INFO - [2023-04-16T15:34:37.977+0530] {dagbag.py:532} INFO - Filling up the DagBag from /home/nightfall/anaconda3/envs/ml/lib/python3.9/site-packages/airflow/example_dags/example_external_task_marker_dag.py
[2023-04-16T15:34:37.987+0530] {processor.py:753} INFO - DAG(s) dict_keys(['example_external_task_marker_parent', 'example_external_task_marker_child']) retrieved from /home/nightfall/anaconda3/envs/ml/lib/python3.9/site-packages/airflow/example_dags/example_external_task_marker_dag.py
[2023-04-16T15:34:38.003+0530] {logging_mixin.py:137} INFO - [2023-04-16T15:34:38.003+0530] {dag.py:2705} INFO - Sync 2 DAGs
[2023-04-16T15:34:38.020+0530] {logging_mixin.py:137} INFO - [2023-04-16T15:34:38.020+0530] {dag.py:3452} INFO - Setting next_dagrun for example_external_task_marker_child to None, run_after=None
[2023-04-16T15:34:38.022+0530] {logging_mixin.py:137} INFO - [2023-04-16T15:34:38.022+0530] {dag.py:3452} INFO - Setting next_dagrun for example_external_task_marker_parent to None, run_after=None
[2023-04-16T15:34:38.058+0530] {processor.py:175} INFO - Processing /home/nightfall/anaconda3/envs/ml/lib/python3.9/site-packages/airflow/example_dags/example_external_task_marker_dag.py took 0.085 seconds
[2023-04-16T15:35:55.799+0530] {processor.py:153} INFO - Started process (PID=126902) to work on /home/nightfall/anaconda3/envs/ml/lib/python3.9/site-packages/airflow/example_dags/example_external_task_marker_dag.py
[2023-04-16T15:35:55.800+0530] {processor.py:743} INFO - Processing file /home/nightfall/anaconda3/envs/ml/lib/python3.9/site-packages/airflow/example_dags/example_external_task_marker_dag.py for tasks to queue
[2023-04-16T15:35:55.801+0530] {logging_mixin.py:137} INFO - [2023-04-16T15:35:55.801+0530] {dagbag.py:532} INFO - Filling up the DagBag from /home/nightfall/anaconda3/envs/ml/lib/python3.9/site-packages/airflow/example_dags/example_external_task_marker_dag.py
[2023-04-16T15:35:55.810+0530] {processor.py:753} INFO - DAG(s) dict_keys(['example_external_task_marker_parent', 'example_external_task_marker_child']) retrieved from /home/nightfall/anaconda3/envs/ml/lib/python3.9/site-packages/airflow/example_dags/example_external_task_marker_dag.py
[2023-04-16T15:35:55.824+0530] {logging_mixin.py:137} INFO - [2023-04-16T15:35:55.823+0530] {dag.py:2705} INFO - Sync 2 DAGs
[2023-04-16T15:35:55.838+0530] {logging_mixin.py:137} INFO - [2023-04-16T15:35:55.838+0530] {dag.py:3452} INFO - Setting next_dagrun for example_external_task_marker_child to None, run_after=None
[2023-04-16T15:35:55.840+0530] {logging_mixin.py:137} INFO - [2023-04-16T15:35:55.840+0530] {dag.py:3452} INFO - Setting next_dagrun for example_external_task_marker_parent to None, run_after=None
[2023-04-16T15:35:55.873+0530] {processor.py:175} INFO - Processing /home/nightfall/anaconda3/envs/ml/lib/python3.9/site-packages/airflow/example_dags/example_external_task_marker_dag.py took 0.076 seconds
