[2023-04-16T15:30:34.246+0530] {processor.py:153} INFO - Started process (PID=126165) to work on /home/nightfall/anaconda3/envs/ml/lib/python3.9/site-packages/airflow/example_dags/example_branch_labels.py
[2023-04-16T15:30:34.246+0530] {processor.py:743} INFO - Processing file /home/nightfall/anaconda3/envs/ml/lib/python3.9/site-packages/airflow/example_dags/example_branch_labels.py for tasks to queue
[2023-04-16T15:30:34.246+0530] {logging_mixin.py:137} INFO - [2023-04-16T15:30:34.246+0530] {dagbag.py:532} INFO - Filling up the DagBag from /home/nightfall/anaconda3/envs/ml/lib/python3.9/site-packages/airflow/example_dags/example_branch_labels.py
[2023-04-16T15:30:34.254+0530] {processor.py:753} INFO - DAG(s) dict_keys(['example_branch_labels']) retrieved from /home/nightfall/anaconda3/envs/ml/lib/python3.9/site-packages/airflow/example_dags/example_branch_labels.py
[2023-04-16T15:30:34.263+0530] {logging_mixin.py:137} INFO - [2023-04-16T15:30:34.263+0530] {dag.py:2705} INFO - Sync 1 DAGs
[2023-04-16T15:30:34.275+0530] {logging_mixin.py:137} INFO - [2023-04-16T15:30:34.275+0530] {dag.py:3452} INFO - Setting next_dagrun for example_branch_labels to 2023-04-15T00:00:00+00:00, run_after=2023-04-16T00:00:00+00:00
[2023-04-16T15:30:34.721+0530] {processor.py:175} INFO - Processing /home/nightfall/anaconda3/envs/ml/lib/python3.9/site-packages/airflow/example_dags/example_branch_labels.py took 0.477 seconds
[2023-04-16T15:31:47.747+0530] {processor.py:153} INFO - Started process (PID=126322) to work on /home/nightfall/anaconda3/envs/ml/lib/python3.9/site-packages/airflow/example_dags/example_branch_labels.py
[2023-04-16T15:31:47.748+0530] {processor.py:743} INFO - Processing file /home/nightfall/anaconda3/envs/ml/lib/python3.9/site-packages/airflow/example_dags/example_branch_labels.py for tasks to queue
[2023-04-16T15:31:47.748+0530] {logging_mixin.py:137} INFO - [2023-04-16T15:31:47.748+0530] {dagbag.py:532} INFO - Filling up the DagBag from /home/nightfall/anaconda3/envs/ml/lib/python3.9/site-packages/airflow/example_dags/example_branch_labels.py
[2023-04-16T15:31:47.755+0530] {processor.py:753} INFO - DAG(s) dict_keys(['example_branch_labels']) retrieved from /home/nightfall/anaconda3/envs/ml/lib/python3.9/site-packages/airflow/example_dags/example_branch_labels.py
[2023-04-16T15:31:47.765+0530] {logging_mixin.py:137} INFO - [2023-04-16T15:31:47.765+0530] {dag.py:2705} INFO - Sync 1 DAGs
[2023-04-16T15:31:47.776+0530] {logging_mixin.py:137} INFO - [2023-04-16T15:31:47.776+0530] {dag.py:3452} INFO - Setting next_dagrun for example_branch_labels to 2023-04-15T00:00:00+00:00, run_after=2023-04-16T00:00:00+00:00
[2023-04-16T15:31:47.798+0530] {processor.py:175} INFO - Processing /home/nightfall/anaconda3/envs/ml/lib/python3.9/site-packages/airflow/example_dags/example_branch_labels.py took 0.052 seconds
[2023-04-16T15:32:54.028+0530] {processor.py:153} INFO - Started process (PID=126456) to work on /home/nightfall/anaconda3/envs/ml/lib/python3.9/site-packages/airflow/example_dags/example_branch_labels.py
[2023-04-16T15:32:54.030+0530] {processor.py:743} INFO - Processing file /home/nightfall/anaconda3/envs/ml/lib/python3.9/site-packages/airflow/example_dags/example_branch_labels.py for tasks to queue
[2023-04-16T15:32:54.031+0530] {logging_mixin.py:137} INFO - [2023-04-16T15:32:54.030+0530] {dagbag.py:532} INFO - Filling up the DagBag from /home/nightfall/anaconda3/envs/ml/lib/python3.9/site-packages/airflow/example_dags/example_branch_labels.py
[2023-04-16T15:32:54.042+0530] {processor.py:753} INFO - DAG(s) dict_keys(['example_branch_labels']) retrieved from /home/nightfall/anaconda3/envs/ml/lib/python3.9/site-packages/airflow/example_dags/example_branch_labels.py
[2023-04-16T15:32:54.060+0530] {logging_mixin.py:137} INFO - [2023-04-16T15:32:54.059+0530] {dag.py:2705} INFO - Sync 1 DAGs
[2023-04-16T15:32:54.076+0530] {logging_mixin.py:137} INFO - [2023-04-16T15:32:54.076+0530] {dag.py:3452} INFO - Setting next_dagrun for example_branch_labels to 2023-04-15T00:00:00+00:00, run_after=2023-04-16T00:00:00+00:00
[2023-04-16T15:32:54.814+0530] {processor.py:175} INFO - Processing /home/nightfall/anaconda3/envs/ml/lib/python3.9/site-packages/airflow/example_dags/example_branch_labels.py took 0.788 seconds
[2023-04-16T15:34:00.887+0530] {processor.py:153} INFO - Started process (PID=126578) to work on /home/nightfall/anaconda3/envs/ml/lib/python3.9/site-packages/airflow/example_dags/example_branch_labels.py
[2023-04-16T15:34:00.889+0530] {processor.py:743} INFO - Processing file /home/nightfall/anaconda3/envs/ml/lib/python3.9/site-packages/airflow/example_dags/example_branch_labels.py for tasks to queue
[2023-04-16T15:34:00.890+0530] {logging_mixin.py:137} INFO - [2023-04-16T15:34:00.889+0530] {dagbag.py:532} INFO - Filling up the DagBag from /home/nightfall/anaconda3/envs/ml/lib/python3.9/site-packages/airflow/example_dags/example_branch_labels.py
[2023-04-16T15:34:00.899+0530] {processor.py:753} INFO - DAG(s) dict_keys(['example_branch_labels']) retrieved from /home/nightfall/anaconda3/envs/ml/lib/python3.9/site-packages/airflow/example_dags/example_branch_labels.py
[2023-04-16T15:34:00.915+0530] {logging_mixin.py:137} INFO - [2023-04-16T15:34:00.915+0530] {dag.py:2705} INFO - Sync 1 DAGs
[2023-04-16T15:34:00.934+0530] {logging_mixin.py:137} INFO - [2023-04-16T15:34:00.934+0530] {dag.py:3452} INFO - Setting next_dagrun for example_branch_labels to 2023-04-15T00:00:00+00:00, run_after=2023-04-16T00:00:00+00:00
[2023-04-16T15:34:01.047+0530] {processor.py:175} INFO - Processing /home/nightfall/anaconda3/envs/ml/lib/python3.9/site-packages/airflow/example_dags/example_branch_labels.py took 0.162 seconds
[2023-04-16T15:35:20.822+0530] {processor.py:153} INFO - Started process (PID=126822) to work on /home/nightfall/anaconda3/envs/ml/lib/python3.9/site-packages/airflow/example_dags/example_branch_labels.py
[2023-04-16T15:35:20.823+0530] {processor.py:743} INFO - Processing file /home/nightfall/anaconda3/envs/ml/lib/python3.9/site-packages/airflow/example_dags/example_branch_labels.py for tasks to queue
[2023-04-16T15:35:20.824+0530] {logging_mixin.py:137} INFO - [2023-04-16T15:35:20.824+0530] {dagbag.py:532} INFO - Filling up the DagBag from /home/nightfall/anaconda3/envs/ml/lib/python3.9/site-packages/airflow/example_dags/example_branch_labels.py
[2023-04-16T15:35:20.833+0530] {processor.py:753} INFO - DAG(s) dict_keys(['example_branch_labels']) retrieved from /home/nightfall/anaconda3/envs/ml/lib/python3.9/site-packages/airflow/example_dags/example_branch_labels.py
[2023-04-16T15:35:20.846+0530] {logging_mixin.py:137} INFO - [2023-04-16T15:35:20.846+0530] {dag.py:2705} INFO - Sync 1 DAGs
[2023-04-16T15:35:20.861+0530] {logging_mixin.py:137} INFO - [2023-04-16T15:35:20.861+0530] {dag.py:3452} INFO - Setting next_dagrun for example_branch_labels to 2023-04-15T00:00:00+00:00, run_after=2023-04-16T00:00:00+00:00
[2023-04-16T15:35:21.680+0530] {processor.py:175} INFO - Processing /home/nightfall/anaconda3/envs/ml/lib/python3.9/site-packages/airflow/example_dags/example_branch_labels.py took 0.860 seconds
