[2023-04-16T15:30:03.708+0530] {processor.py:153} INFO - Started process (PID=126095) to work on /home/nightfall/anaconda3/envs/ml/lib/python3.9/site-packages/airflow/example_dags/example_subdag_operator.py
[2023-04-16T15:30:03.709+0530] {processor.py:743} INFO - Processing file /home/nightfall/anaconda3/envs/ml/lib/python3.9/site-packages/airflow/example_dags/example_subdag_operator.py for tasks to queue
[2023-04-16T15:30:03.709+0530] {logging_mixin.py:137} INFO - [2023-04-16T15:30:03.709+0530] {dagbag.py:532} INFO - Filling up the DagBag from /home/nightfall/anaconda3/envs/ml/lib/python3.9/site-packages/airflow/example_dags/example_subdag_operator.py
[2023-04-16T15:30:03.724+0530] {processor.py:753} INFO - DAG(s) dict_keys(['example_subdag_operator.section-1', 'example_subdag_operator.section-2', 'example_subdag_operator']) retrieved from /home/nightfall/anaconda3/envs/ml/lib/python3.9/site-packages/airflow/example_dags/example_subdag_operator.py
[2023-04-16T15:30:03.736+0530] {logging_mixin.py:137} INFO - [2023-04-16T15:30:03.736+0530] {dag.py:2705} INFO - Sync 3 DAGs
[2023-04-16T15:30:03.752+0530] {logging_mixin.py:137} INFO - [2023-04-16T15:30:03.752+0530] {dag.py:3452} INFO - Setting next_dagrun for example_subdag_operator to 2022-01-01T00:00:00+00:00, run_after=2022-01-01T00:00:00+00:00
[2023-04-16T15:30:03.755+0530] {logging_mixin.py:137} INFO - [2023-04-16T15:30:03.755+0530] {dag.py:3452} INFO - Setting next_dagrun for example_subdag_operator.section-1 to None, run_after=None
[2023-04-16T15:30:03.755+0530] {logging_mixin.py:137} INFO - [2023-04-16T15:30:03.755+0530] {dag.py:3452} INFO - Setting next_dagrun for example_subdag_operator.section-2 to None, run_after=None
[2023-04-16T15:30:03.758+0530] {logging_mixin.py:137} INFO - [2023-04-16T15:30:03.758+0530] {dag.py:2705} INFO - Sync 2 DAGs
[2023-04-16T15:30:03.761+0530] {logging_mixin.py:137} INFO - [2023-04-16T15:30:03.761+0530] {dag.py:3452} INFO - Setting next_dagrun for example_subdag_operator.section-1 to None, run_after=None
[2023-04-16T15:30:03.761+0530] {logging_mixin.py:137} INFO - [2023-04-16T15:30:03.761+0530] {dag.py:3452} INFO - Setting next_dagrun for example_subdag_operator.section-2 to None, run_after=None
[2023-04-16T15:30:03.810+0530] {processor.py:175} INFO - Processing /home/nightfall/anaconda3/envs/ml/lib/python3.9/site-packages/airflow/example_dags/example_subdag_operator.py took 0.104 seconds
[2023-04-16T15:31:10.179+0530] {processor.py:153} INFO - Started process (PID=126255) to work on /home/nightfall/anaconda3/envs/ml/lib/python3.9/site-packages/airflow/example_dags/example_subdag_operator.py
[2023-04-16T15:31:10.181+0530] {processor.py:743} INFO - Processing file /home/nightfall/anaconda3/envs/ml/lib/python3.9/site-packages/airflow/example_dags/example_subdag_operator.py for tasks to queue
[2023-04-16T15:31:10.181+0530] {logging_mixin.py:137} INFO - [2023-04-16T15:31:10.181+0530] {dagbag.py:532} INFO - Filling up the DagBag from /home/nightfall/anaconda3/envs/ml/lib/python3.9/site-packages/airflow/example_dags/example_subdag_operator.py
[2023-04-16T15:31:10.198+0530] {processor.py:753} INFO - DAG(s) dict_keys(['example_subdag_operator.section-1', 'example_subdag_operator.section-2', 'example_subdag_operator']) retrieved from /home/nightfall/anaconda3/envs/ml/lib/python3.9/site-packages/airflow/example_dags/example_subdag_operator.py
[2023-04-16T15:31:10.210+0530] {logging_mixin.py:137} INFO - [2023-04-16T15:31:10.210+0530] {dag.py:2705} INFO - Sync 3 DAGs
[2023-04-16T15:31:10.222+0530] {logging_mixin.py:137} INFO - [2023-04-16T15:31:10.222+0530] {dag.py:3452} INFO - Setting next_dagrun for example_subdag_operator to 2022-01-01T00:00:00+00:00, run_after=2022-01-01T00:00:00+00:00
[2023-04-16T15:31:10.224+0530] {logging_mixin.py:137} INFO - [2023-04-16T15:31:10.224+0530] {dag.py:3452} INFO - Setting next_dagrun for example_subdag_operator.section-1 to None, run_after=None
[2023-04-16T15:31:10.224+0530] {logging_mixin.py:137} INFO - [2023-04-16T15:31:10.224+0530] {dag.py:3452} INFO - Setting next_dagrun for example_subdag_operator.section-2 to None, run_after=None
[2023-04-16T15:31:10.228+0530] {logging_mixin.py:137} INFO - [2023-04-16T15:31:10.227+0530] {dag.py:2705} INFO - Sync 2 DAGs
[2023-04-16T15:31:10.230+0530] {logging_mixin.py:137} INFO - [2023-04-16T15:31:10.230+0530] {dag.py:3452} INFO - Setting next_dagrun for example_subdag_operator.section-1 to None, run_after=None
[2023-04-16T15:31:10.230+0530] {logging_mixin.py:137} INFO - [2023-04-16T15:31:10.230+0530] {dag.py:3452} INFO - Setting next_dagrun for example_subdag_operator.section-2 to None, run_after=None
[2023-04-16T15:31:11.431+0530] {processor.py:175} INFO - Processing /home/nightfall/anaconda3/envs/ml/lib/python3.9/site-packages/airflow/example_dags/example_subdag_operator.py took 1.253 seconds
[2023-04-16T15:32:25.670+0530] {processor.py:153} INFO - Started process (PID=126398) to work on /home/nightfall/anaconda3/envs/ml/lib/python3.9/site-packages/airflow/example_dags/example_subdag_operator.py
[2023-04-16T15:32:25.672+0530] {processor.py:743} INFO - Processing file /home/nightfall/anaconda3/envs/ml/lib/python3.9/site-packages/airflow/example_dags/example_subdag_operator.py for tasks to queue
[2023-04-16T15:32:25.672+0530] {logging_mixin.py:137} INFO - [2023-04-16T15:32:25.672+0530] {dagbag.py:532} INFO - Filling up the DagBag from /home/nightfall/anaconda3/envs/ml/lib/python3.9/site-packages/airflow/example_dags/example_subdag_operator.py
[2023-04-16T15:32:25.686+0530] {processor.py:753} INFO - DAG(s) dict_keys(['example_subdag_operator.section-1', 'example_subdag_operator.section-2', 'example_subdag_operator']) retrieved from /home/nightfall/anaconda3/envs/ml/lib/python3.9/site-packages/airflow/example_dags/example_subdag_operator.py
[2023-04-16T15:32:25.696+0530] {logging_mixin.py:137} INFO - [2023-04-16T15:32:25.696+0530] {dag.py:2705} INFO - Sync 3 DAGs
[2023-04-16T15:32:25.706+0530] {logging_mixin.py:137} INFO - [2023-04-16T15:32:25.706+0530] {dag.py:3452} INFO - Setting next_dagrun for example_subdag_operator to 2022-01-01T00:00:00+00:00, run_after=2022-01-01T00:00:00+00:00
[2023-04-16T15:32:25.708+0530] {logging_mixin.py:137} INFO - [2023-04-16T15:32:25.708+0530] {dag.py:3452} INFO - Setting next_dagrun for example_subdag_operator.section-1 to None, run_after=None
[2023-04-16T15:32:25.708+0530] {logging_mixin.py:137} INFO - [2023-04-16T15:32:25.708+0530] {dag.py:3452} INFO - Setting next_dagrun for example_subdag_operator.section-2 to None, run_after=None
[2023-04-16T15:32:25.711+0530] {logging_mixin.py:137} INFO - [2023-04-16T15:32:25.711+0530] {dag.py:2705} INFO - Sync 2 DAGs
[2023-04-16T15:32:25.714+0530] {logging_mixin.py:137} INFO - [2023-04-16T15:32:25.714+0530] {dag.py:3452} INFO - Setting next_dagrun for example_subdag_operator.section-1 to None, run_after=None
[2023-04-16T15:32:25.714+0530] {logging_mixin.py:137} INFO - [2023-04-16T15:32:25.714+0530] {dag.py:3452} INFO - Setting next_dagrun for example_subdag_operator.section-2 to None, run_after=None
[2023-04-16T15:32:25.733+0530] {processor.py:175} INFO - Processing /home/nightfall/anaconda3/envs/ml/lib/python3.9/site-packages/airflow/example_dags/example_subdag_operator.py took 0.064 seconds
[2023-04-16T15:33:26.947+0530] {processor.py:153} INFO - Started process (PID=126519) to work on /home/nightfall/anaconda3/envs/ml/lib/python3.9/site-packages/airflow/example_dags/example_subdag_operator.py
[2023-04-16T15:33:26.948+0530] {processor.py:743} INFO - Processing file /home/nightfall/anaconda3/envs/ml/lib/python3.9/site-packages/airflow/example_dags/example_subdag_operator.py for tasks to queue
[2023-04-16T15:33:26.949+0530] {logging_mixin.py:137} INFO - [2023-04-16T15:33:26.949+0530] {dagbag.py:532} INFO - Filling up the DagBag from /home/nightfall/anaconda3/envs/ml/lib/python3.9/site-packages/airflow/example_dags/example_subdag_operator.py
[2023-04-16T15:33:26.965+0530] {processor.py:753} INFO - DAG(s) dict_keys(['example_subdag_operator.section-1', 'example_subdag_operator.section-2', 'example_subdag_operator']) retrieved from /home/nightfall/anaconda3/envs/ml/lib/python3.9/site-packages/airflow/example_dags/example_subdag_operator.py
[2023-04-16T15:33:26.978+0530] {logging_mixin.py:137} INFO - [2023-04-16T15:33:26.978+0530] {dag.py:2705} INFO - Sync 3 DAGs
[2023-04-16T15:33:26.992+0530] {logging_mixin.py:137} INFO - [2023-04-16T15:33:26.992+0530] {dag.py:3452} INFO - Setting next_dagrun for example_subdag_operator to 2022-01-01T00:00:00+00:00, run_after=2022-01-01T00:00:00+00:00
[2023-04-16T15:33:26.994+0530] {logging_mixin.py:137} INFO - [2023-04-16T15:33:26.994+0530] {dag.py:3452} INFO - Setting next_dagrun for example_subdag_operator.section-1 to None, run_after=None
[2023-04-16T15:33:26.995+0530] {logging_mixin.py:137} INFO - [2023-04-16T15:33:26.995+0530] {dag.py:3452} INFO - Setting next_dagrun for example_subdag_operator.section-2 to None, run_after=None
[2023-04-16T15:33:26.999+0530] {logging_mixin.py:137} INFO - [2023-04-16T15:33:26.999+0530] {dag.py:2705} INFO - Sync 2 DAGs
[2023-04-16T15:33:27.002+0530] {logging_mixin.py:137} INFO - [2023-04-16T15:33:27.002+0530] {dag.py:3452} INFO - Setting next_dagrun for example_subdag_operator.section-1 to None, run_after=None
[2023-04-16T15:33:27.002+0530] {logging_mixin.py:137} INFO - [2023-04-16T15:33:27.002+0530] {dag.py:3452} INFO - Setting next_dagrun for example_subdag_operator.section-2 to None, run_after=None
[2023-04-16T15:33:27.936+0530] {processor.py:175} INFO - Processing /home/nightfall/anaconda3/envs/ml/lib/python3.9/site-packages/airflow/example_dags/example_subdag_operator.py took 0.991 seconds
[2023-04-16T15:34:44.541+0530] {processor.py:153} INFO - Started process (PID=126740) to work on /home/nightfall/anaconda3/envs/ml/lib/python3.9/site-packages/airflow/example_dags/example_subdag_operator.py
[2023-04-16T15:34:44.543+0530] {processor.py:743} INFO - Processing file /home/nightfall/anaconda3/envs/ml/lib/python3.9/site-packages/airflow/example_dags/example_subdag_operator.py for tasks to queue
[2023-04-16T15:34:44.543+0530] {logging_mixin.py:137} INFO - [2023-04-16T15:34:44.543+0530] {dagbag.py:532} INFO - Filling up the DagBag from /home/nightfall/anaconda3/envs/ml/lib/python3.9/site-packages/airflow/example_dags/example_subdag_operator.py
[2023-04-16T15:34:44.564+0530] {processor.py:753} INFO - DAG(s) dict_keys(['example_subdag_operator.section-1', 'example_subdag_operator.section-2', 'example_subdag_operator']) retrieved from /home/nightfall/anaconda3/envs/ml/lib/python3.9/site-packages/airflow/example_dags/example_subdag_operator.py
[2023-04-16T15:34:44.580+0530] {logging_mixin.py:137} INFO - [2023-04-16T15:34:44.580+0530] {dag.py:2705} INFO - Sync 3 DAGs
[2023-04-16T15:34:44.594+0530] {logging_mixin.py:137} INFO - [2023-04-16T15:34:44.594+0530] {dag.py:3452} INFO - Setting next_dagrun for example_subdag_operator to 2022-01-01T00:00:00+00:00, run_after=2022-01-01T00:00:00+00:00
[2023-04-16T15:34:44.595+0530] {logging_mixin.py:137} INFO - [2023-04-16T15:34:44.595+0530] {dag.py:3452} INFO - Setting next_dagrun for example_subdag_operator.section-1 to None, run_after=None
[2023-04-16T15:34:44.596+0530] {logging_mixin.py:137} INFO - [2023-04-16T15:34:44.596+0530] {dag.py:3452} INFO - Setting next_dagrun for example_subdag_operator.section-2 to None, run_after=None
[2023-04-16T15:34:44.600+0530] {logging_mixin.py:137} INFO - [2023-04-16T15:34:44.600+0530] {dag.py:2705} INFO - Sync 2 DAGs
[2023-04-16T15:34:44.602+0530] {logging_mixin.py:137} INFO - [2023-04-16T15:34:44.602+0530] {dag.py:3452} INFO - Setting next_dagrun for example_subdag_operator.section-1 to None, run_after=None
[2023-04-16T15:34:44.602+0530] {logging_mixin.py:137} INFO - [2023-04-16T15:34:44.602+0530] {dag.py:3452} INFO - Setting next_dagrun for example_subdag_operator.section-2 to None, run_after=None
[2023-04-16T15:34:44.627+0530] {processor.py:175} INFO - Processing /home/nightfall/anaconda3/envs/ml/lib/python3.9/site-packages/airflow/example_dags/example_subdag_operator.py took 0.088 seconds
[2023-04-16T15:35:59.592+0530] {processor.py:153} INFO - Started process (PID=126906) to work on /home/nightfall/anaconda3/envs/ml/lib/python3.9/site-packages/airflow/example_dags/example_subdag_operator.py
[2023-04-16T15:35:59.593+0530] {processor.py:743} INFO - Processing file /home/nightfall/anaconda3/envs/ml/lib/python3.9/site-packages/airflow/example_dags/example_subdag_operator.py for tasks to queue
[2023-04-16T15:35:59.594+0530] {logging_mixin.py:137} INFO - [2023-04-16T15:35:59.594+0530] {dagbag.py:532} INFO - Filling up the DagBag from /home/nightfall/anaconda3/envs/ml/lib/python3.9/site-packages/airflow/example_dags/example_subdag_operator.py
[2023-04-16T15:35:59.613+0530] {processor.py:753} INFO - DAG(s) dict_keys(['example_subdag_operator.section-1', 'example_subdag_operator.section-2', 'example_subdag_operator']) retrieved from /home/nightfall/anaconda3/envs/ml/lib/python3.9/site-packages/airflow/example_dags/example_subdag_operator.py
[2023-04-16T15:35:59.629+0530] {logging_mixin.py:137} INFO - [2023-04-16T15:35:59.628+0530] {dag.py:2705} INFO - Sync 3 DAGs
[2023-04-16T15:35:59.644+0530] {logging_mixin.py:137} INFO - [2023-04-16T15:35:59.644+0530] {dag.py:3452} INFO - Setting next_dagrun for example_subdag_operator to 2022-01-01T00:00:00+00:00, run_after=2022-01-01T00:00:00+00:00
[2023-04-16T15:35:59.645+0530] {logging_mixin.py:137} INFO - [2023-04-16T15:35:59.645+0530] {dag.py:3452} INFO - Setting next_dagrun for example_subdag_operator.section-1 to None, run_after=None
[2023-04-16T15:35:59.646+0530] {logging_mixin.py:137} INFO - [2023-04-16T15:35:59.646+0530] {dag.py:3452} INFO - Setting next_dagrun for example_subdag_operator.section-2 to None, run_after=None
[2023-04-16T15:35:59.648+0530] {logging_mixin.py:137} INFO - [2023-04-16T15:35:59.648+0530] {dag.py:2705} INFO - Sync 2 DAGs
[2023-04-16T15:35:59.650+0530] {logging_mixin.py:137} INFO - [2023-04-16T15:35:59.650+0530] {dag.py:3452} INFO - Setting next_dagrun for example_subdag_operator.section-1 to None, run_after=None
[2023-04-16T15:35:59.651+0530] {logging_mixin.py:137} INFO - [2023-04-16T15:35:59.651+0530] {dag.py:3452} INFO - Setting next_dagrun for example_subdag_operator.section-2 to None, run_after=None
[2023-04-16T15:36:00.726+0530] {processor.py:175} INFO - Processing /home/nightfall/anaconda3/envs/ml/lib/python3.9/site-packages/airflow/example_dags/example_subdag_operator.py took 1.136 seconds
