[2023-04-16T15:30:22.428+0530] {processor.py:153} INFO - Started process (PID=126144) to work on /home/nightfall/anaconda3/envs/ml/lib/python3.9/site-packages/airflow/example_dags/example_branch_python_dop_operator_3.py
[2023-04-16T15:30:22.428+0530] {processor.py:743} INFO - Processing file /home/nightfall/anaconda3/envs/ml/lib/python3.9/site-packages/airflow/example_dags/example_branch_python_dop_operator_3.py for tasks to queue
[2023-04-16T15:30:22.429+0530] {logging_mixin.py:137} INFO - [2023-04-16T15:30:22.429+0530] {dagbag.py:532} INFO - Filling up the DagBag from /home/nightfall/anaconda3/envs/ml/lib/python3.9/site-packages/airflow/example_dags/example_branch_python_dop_operator_3.py
[2023-04-16T15:30:22.442+0530] {processor.py:753} INFO - DAG(s) dict_keys(['example_branch_dop_operator_v3']) retrieved from /home/nightfall/anaconda3/envs/ml/lib/python3.9/site-packages/airflow/example_dags/example_branch_python_dop_operator_3.py
[2023-04-16T15:30:22.452+0530] {logging_mixin.py:137} INFO - [2023-04-16T15:30:22.452+0530] {dag.py:2705} INFO - Sync 1 DAGs
[2023-04-16T15:30:22.466+0530] {logging_mixin.py:137} INFO - [2023-04-16T15:30:22.466+0530] {dag.py:3452} INFO - Setting next_dagrun for example_branch_dop_operator_v3 to 2023-04-16T09:59:00+00:00, run_after=2023-04-16T10:00:00+00:00
[2023-04-16T15:30:22.497+0530] {processor.py:175} INFO - Processing /home/nightfall/anaconda3/envs/ml/lib/python3.9/site-packages/airflow/example_dags/example_branch_python_dop_operator_3.py took 0.070 seconds
[2023-04-16T15:31:40.033+0530] {processor.py:153} INFO - Started process (PID=126311) to work on /home/nightfall/anaconda3/envs/ml/lib/python3.9/site-packages/airflow/example_dags/example_branch_python_dop_operator_3.py
[2023-04-16T15:31:40.035+0530] {processor.py:743} INFO - Processing file /home/nightfall/anaconda3/envs/ml/lib/python3.9/site-packages/airflow/example_dags/example_branch_python_dop_operator_3.py for tasks to queue
[2023-04-16T15:31:40.035+0530] {logging_mixin.py:137} INFO - [2023-04-16T15:31:40.035+0530] {dagbag.py:532} INFO - Filling up the DagBag from /home/nightfall/anaconda3/envs/ml/lib/python3.9/site-packages/airflow/example_dags/example_branch_python_dop_operator_3.py
[2023-04-16T15:31:40.057+0530] {processor.py:753} INFO - DAG(s) dict_keys(['example_branch_dop_operator_v3']) retrieved from /home/nightfall/anaconda3/envs/ml/lib/python3.9/site-packages/airflow/example_dags/example_branch_python_dop_operator_3.py
[2023-04-16T15:31:40.073+0530] {logging_mixin.py:137} INFO - [2023-04-16T15:31:40.073+0530] {dag.py:2705} INFO - Sync 1 DAGs
[2023-04-16T15:31:40.088+0530] {logging_mixin.py:137} INFO - [2023-04-16T15:31:40.088+0530] {dag.py:3452} INFO - Setting next_dagrun for example_branch_dop_operator_v3 to 2023-04-16T10:00:00+00:00, run_after=2023-04-16T10:01:00+00:00
[2023-04-16T15:31:40.749+0530] {processor.py:175} INFO - Processing /home/nightfall/anaconda3/envs/ml/lib/python3.9/site-packages/airflow/example_dags/example_branch_python_dop_operator_3.py took 0.717 seconds
[2023-04-16T15:32:40.515+0530] {processor.py:153} INFO - Started process (PID=126443) to work on /home/nightfall/anaconda3/envs/ml/lib/python3.9/site-packages/airflow/example_dags/example_branch_python_dop_operator_3.py
[2023-04-16T15:32:40.516+0530] {processor.py:743} INFO - Processing file /home/nightfall/anaconda3/envs/ml/lib/python3.9/site-packages/airflow/example_dags/example_branch_python_dop_operator_3.py for tasks to queue
[2023-04-16T15:32:40.517+0530] {logging_mixin.py:137} INFO - [2023-04-16T15:32:40.517+0530] {dagbag.py:532} INFO - Filling up the DagBag from /home/nightfall/anaconda3/envs/ml/lib/python3.9/site-packages/airflow/example_dags/example_branch_python_dop_operator_3.py
[2023-04-16T15:32:40.538+0530] {processor.py:753} INFO - DAG(s) dict_keys(['example_branch_dop_operator_v3']) retrieved from /home/nightfall/anaconda3/envs/ml/lib/python3.9/site-packages/airflow/example_dags/example_branch_python_dop_operator_3.py
[2023-04-16T15:32:40.554+0530] {logging_mixin.py:137} INFO - [2023-04-16T15:32:40.554+0530] {dag.py:2705} INFO - Sync 1 DAGs
[2023-04-16T15:32:40.570+0530] {logging_mixin.py:137} INFO - [2023-04-16T15:32:40.570+0530] {dag.py:3452} INFO - Setting next_dagrun for example_branch_dop_operator_v3 to 2023-04-16T10:01:00+00:00, run_after=2023-04-16T10:02:00+00:00
[2023-04-16T15:32:41.579+0530] {processor.py:175} INFO - Processing /home/nightfall/anaconda3/envs/ml/lib/python3.9/site-packages/airflow/example_dags/example_branch_python_dop_operator_3.py took 1.065 seconds
[2023-04-16T15:33:47.289+0530] {processor.py:153} INFO - Started process (PID=126565) to work on /home/nightfall/anaconda3/envs/ml/lib/python3.9/site-packages/airflow/example_dags/example_branch_python_dop_operator_3.py
[2023-04-16T15:33:47.291+0530] {processor.py:743} INFO - Processing file /home/nightfall/anaconda3/envs/ml/lib/python3.9/site-packages/airflow/example_dags/example_branch_python_dop_operator_3.py for tasks to queue
[2023-04-16T15:33:47.291+0530] {logging_mixin.py:137} INFO - [2023-04-16T15:33:47.291+0530] {dagbag.py:532} INFO - Filling up the DagBag from /home/nightfall/anaconda3/envs/ml/lib/python3.9/site-packages/airflow/example_dags/example_branch_python_dop_operator_3.py
[2023-04-16T15:33:47.312+0530] {processor.py:753} INFO - DAG(s) dict_keys(['example_branch_dop_operator_v3']) retrieved from /home/nightfall/anaconda3/envs/ml/lib/python3.9/site-packages/airflow/example_dags/example_branch_python_dop_operator_3.py
[2023-04-16T15:33:47.328+0530] {logging_mixin.py:137} INFO - [2023-04-16T15:33:47.328+0530] {dag.py:2705} INFO - Sync 1 DAGs
[2023-04-16T15:33:47.346+0530] {logging_mixin.py:137} INFO - [2023-04-16T15:33:47.345+0530] {dag.py:3452} INFO - Setting next_dagrun for example_branch_dop_operator_v3 to 2023-04-16T10:02:00+00:00, run_after=2023-04-16T10:03:00+00:00
[2023-04-16T15:33:47.467+0530] {processor.py:175} INFO - Processing /home/nightfall/anaconda3/envs/ml/lib/python3.9/site-packages/airflow/example_dags/example_branch_python_dop_operator_3.py took 0.180 seconds
[2023-04-16T15:35:09.364+0530] {processor.py:153} INFO - Started process (PID=126804) to work on /home/nightfall/anaconda3/envs/ml/lib/python3.9/site-packages/airflow/example_dags/example_branch_python_dop_operator_3.py
[2023-04-16T15:35:09.421+0530] {processor.py:743} INFO - Processing file /home/nightfall/anaconda3/envs/ml/lib/python3.9/site-packages/airflow/example_dags/example_branch_python_dop_operator_3.py for tasks to queue
[2023-04-16T15:35:09.422+0530] {logging_mixin.py:137} INFO - [2023-04-16T15:35:09.422+0530] {dagbag.py:532} INFO - Filling up the DagBag from /home/nightfall/anaconda3/envs/ml/lib/python3.9/site-packages/airflow/example_dags/example_branch_python_dop_operator_3.py
[2023-04-16T15:35:09.441+0530] {processor.py:753} INFO - DAG(s) dict_keys(['example_branch_dop_operator_v3']) retrieved from /home/nightfall/anaconda3/envs/ml/lib/python3.9/site-packages/airflow/example_dags/example_branch_python_dop_operator_3.py
[2023-04-16T15:35:09.456+0530] {logging_mixin.py:137} INFO - [2023-04-16T15:35:09.456+0530] {dag.py:2705} INFO - Sync 1 DAGs
[2023-04-16T15:35:09.478+0530] {logging_mixin.py:137} INFO - [2023-04-16T15:35:09.478+0530] {dag.py:3452} INFO - Setting next_dagrun for example_branch_dop_operator_v3 to 2023-04-16T10:04:00+00:00, run_after=2023-04-16T10:05:00+00:00
[2023-04-16T15:35:09.732+0530] {processor.py:175} INFO - Processing /home/nightfall/anaconda3/envs/ml/lib/python3.9/site-packages/airflow/example_dags/example_branch_python_dop_operator_3.py took 0.370 seconds
[2023-04-16T15:36:18.731+0530] {processor.py:153} INFO - Started process (PID=126953) to work on /home/nightfall/anaconda3/envs/ml/lib/python3.9/site-packages/airflow/example_dags/example_branch_python_dop_operator_3.py
[2023-04-16T15:36:18.733+0530] {processor.py:743} INFO - Processing file /home/nightfall/anaconda3/envs/ml/lib/python3.9/site-packages/airflow/example_dags/example_branch_python_dop_operator_3.py for tasks to queue
[2023-04-16T15:36:18.733+0530] {logging_mixin.py:137} INFO - [2023-04-16T15:36:18.733+0530] {dagbag.py:532} INFO - Filling up the DagBag from /home/nightfall/anaconda3/envs/ml/lib/python3.9/site-packages/airflow/example_dags/example_branch_python_dop_operator_3.py
[2023-04-16T15:36:18.752+0530] {processor.py:753} INFO - DAG(s) dict_keys(['example_branch_dop_operator_v3']) retrieved from /home/nightfall/anaconda3/envs/ml/lib/python3.9/site-packages/airflow/example_dags/example_branch_python_dop_operator_3.py
[2023-04-16T15:36:18.767+0530] {logging_mixin.py:137} INFO - [2023-04-16T15:36:18.767+0530] {dag.py:2705} INFO - Sync 1 DAGs
[2023-04-16T15:36:18.784+0530] {logging_mixin.py:137} INFO - [2023-04-16T15:36:18.784+0530] {dag.py:3452} INFO - Setting next_dagrun for example_branch_dop_operator_v3 to 2023-04-16T10:05:00+00:00, run_after=2023-04-16T10:06:00+00:00
[2023-04-16T15:36:19.753+0530] {processor.py:175} INFO - Processing /home/nightfall/anaconda3/envs/ml/lib/python3.9/site-packages/airflow/example_dags/example_branch_python_dop_operator_3.py took 1.024 seconds
