[2023-04-16T15:30:36.239+0530] {processor.py:153} INFO - Started process (PID=126167) to work on /home/nightfall/anaconda3/envs/ml/lib/python3.9/site-packages/airflow/example_dags/example_dynamic_task_mapping.py
[2023-04-16T15:30:36.240+0530] {processor.py:743} INFO - Processing file /home/nightfall/anaconda3/envs/ml/lib/python3.9/site-packages/airflow/example_dags/example_dynamic_task_mapping.py for tasks to queue
[2023-04-16T15:30:36.240+0530] {logging_mixin.py:137} INFO - [2023-04-16T15:30:36.240+0530] {dagbag.py:532} INFO - Filling up the DagBag from /home/nightfall/anaconda3/envs/ml/lib/python3.9/site-packages/airflow/example_dags/example_dynamic_task_mapping.py
[2023-04-16T15:30:36.251+0530] {processor.py:753} INFO - DAG(s) dict_keys(['example_dynamic_task_mapping']) retrieved from /home/nightfall/anaconda3/envs/ml/lib/python3.9/site-packages/airflow/example_dags/example_dynamic_task_mapping.py
[2023-04-16T15:30:36.260+0530] {logging_mixin.py:137} INFO - [2023-04-16T15:30:36.260+0530] {dag.py:2705} INFO - Sync 1 DAGs
[2023-04-16T15:30:36.271+0530] {logging_mixin.py:137} INFO - [2023-04-16T15:30:36.271+0530] {dag.py:3452} INFO - Setting next_dagrun for example_dynamic_task_mapping to 2022-03-04T00:00:00+00:00, run_after=2022-03-05T00:00:00+00:00
[2023-04-16T15:30:36.297+0530] {processor.py:175} INFO - Processing /home/nightfall/anaconda3/envs/ml/lib/python3.9/site-packages/airflow/example_dags/example_dynamic_task_mapping.py took 0.058 seconds
[2023-04-16T15:31:51.383+0530] {processor.py:153} INFO - Started process (PID=126325) to work on /home/nightfall/anaconda3/envs/ml/lib/python3.9/site-packages/airflow/example_dags/example_dynamic_task_mapping.py
[2023-04-16T15:31:51.385+0530] {processor.py:743} INFO - Processing file /home/nightfall/anaconda3/envs/ml/lib/python3.9/site-packages/airflow/example_dags/example_dynamic_task_mapping.py for tasks to queue
[2023-04-16T15:31:51.385+0530] {logging_mixin.py:137} INFO - [2023-04-16T15:31:51.385+0530] {dagbag.py:532} INFO - Filling up the DagBag from /home/nightfall/anaconda3/envs/ml/lib/python3.9/site-packages/airflow/example_dags/example_dynamic_task_mapping.py
[2023-04-16T15:31:51.400+0530] {processor.py:753} INFO - DAG(s) dict_keys(['example_dynamic_task_mapping']) retrieved from /home/nightfall/anaconda3/envs/ml/lib/python3.9/site-packages/airflow/example_dags/example_dynamic_task_mapping.py
[2023-04-16T15:31:51.412+0530] {logging_mixin.py:137} INFO - [2023-04-16T15:31:51.412+0530] {dag.py:2705} INFO - Sync 1 DAGs
[2023-04-16T15:31:51.426+0530] {logging_mixin.py:137} INFO - [2023-04-16T15:31:51.426+0530] {dag.py:3452} INFO - Setting next_dagrun for example_dynamic_task_mapping to 2022-03-04T00:00:00+00:00, run_after=2022-03-05T00:00:00+00:00
[2023-04-16T15:31:51.978+0530] {processor.py:175} INFO - Processing /home/nightfall/anaconda3/envs/ml/lib/python3.9/site-packages/airflow/example_dags/example_dynamic_task_mapping.py took 0.597 seconds
[2023-04-16T15:32:57.825+0530] {processor.py:153} INFO - Started process (PID=126459) to work on /home/nightfall/anaconda3/envs/ml/lib/python3.9/site-packages/airflow/example_dags/example_dynamic_task_mapping.py
[2023-04-16T15:32:57.826+0530] {processor.py:743} INFO - Processing file /home/nightfall/anaconda3/envs/ml/lib/python3.9/site-packages/airflow/example_dags/example_dynamic_task_mapping.py for tasks to queue
[2023-04-16T15:32:57.827+0530] {logging_mixin.py:137} INFO - [2023-04-16T15:32:57.827+0530] {dagbag.py:532} INFO - Filling up the DagBag from /home/nightfall/anaconda3/envs/ml/lib/python3.9/site-packages/airflow/example_dags/example_dynamic_task_mapping.py
[2023-04-16T15:32:57.847+0530] {processor.py:753} INFO - DAG(s) dict_keys(['example_dynamic_task_mapping']) retrieved from /home/nightfall/anaconda3/envs/ml/lib/python3.9/site-packages/airflow/example_dags/example_dynamic_task_mapping.py
[2023-04-16T15:32:57.865+0530] {logging_mixin.py:137} INFO - [2023-04-16T15:32:57.864+0530] {dag.py:2705} INFO - Sync 1 DAGs
[2023-04-16T15:32:57.877+0530] {logging_mixin.py:137} INFO - [2023-04-16T15:32:57.877+0530] {dag.py:3452} INFO - Setting next_dagrun for example_dynamic_task_mapping to 2022-03-04T00:00:00+00:00, run_after=2022-03-05T00:00:00+00:00
[2023-04-16T15:32:57.965+0530] {processor.py:175} INFO - Processing /home/nightfall/anaconda3/envs/ml/lib/python3.9/site-packages/airflow/example_dags/example_dynamic_task_mapping.py took 0.142 seconds
[2023-04-16T15:34:03.955+0530] {processor.py:153} INFO - Started process (PID=126580) to work on /home/nightfall/anaconda3/envs/ml/lib/python3.9/site-packages/airflow/example_dags/example_dynamic_task_mapping.py
[2023-04-16T15:34:04.097+0530] {processor.py:743} INFO - Processing file /home/nightfall/anaconda3/envs/ml/lib/python3.9/site-packages/airflow/example_dags/example_dynamic_task_mapping.py for tasks to queue
[2023-04-16T15:34:04.098+0530] {logging_mixin.py:137} INFO - [2023-04-16T15:34:04.097+0530] {dagbag.py:532} INFO - Filling up the DagBag from /home/nightfall/anaconda3/envs/ml/lib/python3.9/site-packages/airflow/example_dags/example_dynamic_task_mapping.py
[2023-04-16T15:34:04.114+0530] {processor.py:753} INFO - DAG(s) dict_keys(['example_dynamic_task_mapping']) retrieved from /home/nightfall/anaconda3/envs/ml/lib/python3.9/site-packages/airflow/example_dags/example_dynamic_task_mapping.py
[2023-04-16T15:34:04.127+0530] {logging_mixin.py:137} INFO - [2023-04-16T15:34:04.126+0530] {dag.py:2705} INFO - Sync 1 DAGs
[2023-04-16T15:34:04.140+0530] {logging_mixin.py:137} INFO - [2023-04-16T15:34:04.140+0530] {dag.py:3452} INFO - Setting next_dagrun for example_dynamic_task_mapping to 2022-03-04T00:00:00+00:00, run_after=2022-03-05T00:00:00+00:00
[2023-04-16T15:34:04.837+0530] {processor.py:175} INFO - Processing /home/nightfall/anaconda3/envs/ml/lib/python3.9/site-packages/airflow/example_dags/example_dynamic_task_mapping.py took 0.884 seconds
[2023-04-16T15:35:24.591+0530] {processor.py:153} INFO - Started process (PID=126824) to work on /home/nightfall/anaconda3/envs/ml/lib/python3.9/site-packages/airflow/example_dags/example_dynamic_task_mapping.py
[2023-04-16T15:35:24.592+0530] {processor.py:743} INFO - Processing file /home/nightfall/anaconda3/envs/ml/lib/python3.9/site-packages/airflow/example_dags/example_dynamic_task_mapping.py for tasks to queue
[2023-04-16T15:35:24.593+0530] {logging_mixin.py:137} INFO - [2023-04-16T15:35:24.593+0530] {dagbag.py:532} INFO - Filling up the DagBag from /home/nightfall/anaconda3/envs/ml/lib/python3.9/site-packages/airflow/example_dags/example_dynamic_task_mapping.py
[2023-04-16T15:35:24.604+0530] {processor.py:753} INFO - DAG(s) dict_keys(['example_dynamic_task_mapping']) retrieved from /home/nightfall/anaconda3/envs/ml/lib/python3.9/site-packages/airflow/example_dags/example_dynamic_task_mapping.py
[2023-04-16T15:35:24.614+0530] {logging_mixin.py:137} INFO - [2023-04-16T15:35:24.614+0530] {dag.py:2705} INFO - Sync 1 DAGs
[2023-04-16T15:35:24.625+0530] {logging_mixin.py:137} INFO - [2023-04-16T15:35:24.625+0530] {dag.py:3452} INFO - Setting next_dagrun for example_dynamic_task_mapping to 2022-03-04T00:00:00+00:00, run_after=2022-03-05T00:00:00+00:00
[2023-04-16T15:35:25.268+0530] {processor.py:175} INFO - Processing /home/nightfall/anaconda3/envs/ml/lib/python3.9/site-packages/airflow/example_dags/example_dynamic_task_mapping.py took 0.679 seconds
