[2023-04-16T15:30:33.005+0530] {processor.py:153} INFO - Started process (PID=126163) to work on /home/nightfall/anaconda3/envs/ml/lib/python3.9/site-packages/airflow/example_dags/example_branch_datetime_operator.py
[2023-04-16T15:30:33.006+0530] {processor.py:743} INFO - Processing file /home/nightfall/anaconda3/envs/ml/lib/python3.9/site-packages/airflow/example_dags/example_branch_datetime_operator.py for tasks to queue
[2023-04-16T15:30:33.006+0530] {logging_mixin.py:137} INFO - [2023-04-16T15:30:33.006+0530] {dagbag.py:532} INFO - Filling up the DagBag from /home/nightfall/anaconda3/envs/ml/lib/python3.9/site-packages/airflow/example_dags/example_branch_datetime_operator.py
[2023-04-16T15:30:33.020+0530] {processor.py:753} INFO - DAG(s) dict_keys(['example_branch_datetime_operator_2', 'example_branch_datetime_operator', 'example_branch_datetime_operator_3']) retrieved from /home/nightfall/anaconda3/envs/ml/lib/python3.9/site-packages/airflow/example_dags/example_branch_datetime_operator.py
[2023-04-16T15:30:33.041+0530] {logging_mixin.py:137} INFO - [2023-04-16T15:30:33.041+0530] {dag.py:2705} INFO - Sync 3 DAGs
[2023-04-16T15:30:33.057+0530] {logging_mixin.py:137} INFO - [2023-04-16T15:30:33.057+0530] {dag.py:3452} INFO - Setting next_dagrun for example_branch_datetime_operator to 2023-04-15T00:00:00+00:00, run_after=2023-04-16T00:00:00+00:00
[2023-04-16T15:30:33.059+0530] {logging_mixin.py:137} INFO - [2023-04-16T15:30:33.059+0530] {dag.py:3452} INFO - Setting next_dagrun for example_branch_datetime_operator_2 to 2023-04-15T00:00:00+00:00, run_after=2023-04-16T00:00:00+00:00
[2023-04-16T15:30:33.060+0530] {logging_mixin.py:137} INFO - [2023-04-16T15:30:33.060+0530] {dag.py:3452} INFO - Setting next_dagrun for example_branch_datetime_operator_3 to 2023-04-15T00:00:00+00:00, run_after=2023-04-16T00:00:00+00:00
[2023-04-16T15:30:33.102+0530] {processor.py:175} INFO - Processing /home/nightfall/anaconda3/envs/ml/lib/python3.9/site-packages/airflow/example_dags/example_branch_datetime_operator.py took 0.099 seconds
[2023-04-16T15:31:47.592+0530] {processor.py:153} INFO - Started process (PID=126321) to work on /home/nightfall/anaconda3/envs/ml/lib/python3.9/site-packages/airflow/example_dags/example_branch_datetime_operator.py
[2023-04-16T15:31:47.594+0530] {processor.py:743} INFO - Processing file /home/nightfall/anaconda3/envs/ml/lib/python3.9/site-packages/airflow/example_dags/example_branch_datetime_operator.py for tasks to queue
[2023-04-16T15:31:47.594+0530] {logging_mixin.py:137} INFO - [2023-04-16T15:31:47.594+0530] {dagbag.py:532} INFO - Filling up the DagBag from /home/nightfall/anaconda3/envs/ml/lib/python3.9/site-packages/airflow/example_dags/example_branch_datetime_operator.py
[2023-04-16T15:31:47.608+0530] {processor.py:753} INFO - DAG(s) dict_keys(['example_branch_datetime_operator_2', 'example_branch_datetime_operator', 'example_branch_datetime_operator_3']) retrieved from /home/nightfall/anaconda3/envs/ml/lib/python3.9/site-packages/airflow/example_dags/example_branch_datetime_operator.py
[2023-04-16T15:31:47.629+0530] {logging_mixin.py:137} INFO - [2023-04-16T15:31:47.629+0530] {dag.py:2705} INFO - Sync 3 DAGs
[2023-04-16T15:31:47.646+0530] {logging_mixin.py:137} INFO - [2023-04-16T15:31:47.646+0530] {dag.py:3452} INFO - Setting next_dagrun for example_branch_datetime_operator to 2023-04-15T00:00:00+00:00, run_after=2023-04-16T00:00:00+00:00
[2023-04-16T15:31:47.648+0530] {logging_mixin.py:137} INFO - [2023-04-16T15:31:47.648+0530] {dag.py:3452} INFO - Setting next_dagrun for example_branch_datetime_operator_2 to 2023-04-15T00:00:00+00:00, run_after=2023-04-16T00:00:00+00:00
[2023-04-16T15:31:47.649+0530] {logging_mixin.py:137} INFO - [2023-04-16T15:31:47.649+0530] {dag.py:3452} INFO - Setting next_dagrun for example_branch_datetime_operator_3 to 2023-04-15T00:00:00+00:00, run_after=2023-04-16T00:00:00+00:00
[2023-04-16T15:31:47.677+0530] {processor.py:175} INFO - Processing /home/nightfall/anaconda3/envs/ml/lib/python3.9/site-packages/airflow/example_dags/example_branch_datetime_operator.py took 0.087 seconds
[2023-04-16T15:32:52.690+0530] {processor.py:153} INFO - Started process (PID=126455) to work on /home/nightfall/anaconda3/envs/ml/lib/python3.9/site-packages/airflow/example_dags/example_branch_datetime_operator.py
[2023-04-16T15:32:52.691+0530] {processor.py:743} INFO - Processing file /home/nightfall/anaconda3/envs/ml/lib/python3.9/site-packages/airflow/example_dags/example_branch_datetime_operator.py for tasks to queue
[2023-04-16T15:32:52.692+0530] {logging_mixin.py:137} INFO - [2023-04-16T15:32:52.692+0530] {dagbag.py:532} INFO - Filling up the DagBag from /home/nightfall/anaconda3/envs/ml/lib/python3.9/site-packages/airflow/example_dags/example_branch_datetime_operator.py
[2023-04-16T15:32:52.701+0530] {processor.py:753} INFO - DAG(s) dict_keys(['example_branch_datetime_operator_3', 'example_branch_datetime_operator_2', 'example_branch_datetime_operator']) retrieved from /home/nightfall/anaconda3/envs/ml/lib/python3.9/site-packages/airflow/example_dags/example_branch_datetime_operator.py
[2023-04-16T15:32:52.714+0530] {logging_mixin.py:137} INFO - [2023-04-16T15:32:52.714+0530] {dag.py:2705} INFO - Sync 3 DAGs
[2023-04-16T15:32:52.726+0530] {logging_mixin.py:137} INFO - [2023-04-16T15:32:52.725+0530] {dag.py:3452} INFO - Setting next_dagrun for example_branch_datetime_operator to 2023-04-15T00:00:00+00:00, run_after=2023-04-16T00:00:00+00:00
[2023-04-16T15:32:52.728+0530] {logging_mixin.py:137} INFO - [2023-04-16T15:32:52.728+0530] {dag.py:3452} INFO - Setting next_dagrun for example_branch_datetime_operator_2 to 2023-04-15T00:00:00+00:00, run_after=2023-04-16T00:00:00+00:00
[2023-04-16T15:32:52.729+0530] {logging_mixin.py:137} INFO - [2023-04-16T15:32:52.729+0530] {dag.py:3452} INFO - Setting next_dagrun for example_branch_datetime_operator_3 to 2023-04-15T00:00:00+00:00, run_after=2023-04-16T00:00:00+00:00
[2023-04-16T15:32:52.892+0530] {processor.py:175} INFO - Processing /home/nightfall/anaconda3/envs/ml/lib/python3.9/site-packages/airflow/example_dags/example_branch_datetime_operator.py took 0.203 seconds
[2023-04-16T15:33:58.745+0530] {processor.py:153} INFO - Started process (PID=126575) to work on /home/nightfall/anaconda3/envs/ml/lib/python3.9/site-packages/airflow/example_dags/example_branch_datetime_operator.py
[2023-04-16T15:33:58.747+0530] {processor.py:743} INFO - Processing file /home/nightfall/anaconda3/envs/ml/lib/python3.9/site-packages/airflow/example_dags/example_branch_datetime_operator.py for tasks to queue
[2023-04-16T15:33:58.748+0530] {logging_mixin.py:137} INFO - [2023-04-16T15:33:58.748+0530] {dagbag.py:532} INFO - Filling up the DagBag from /home/nightfall/anaconda3/envs/ml/lib/python3.9/site-packages/airflow/example_dags/example_branch_datetime_operator.py
[2023-04-16T15:33:58.757+0530] {processor.py:753} INFO - DAG(s) dict_keys(['example_branch_datetime_operator', 'example_branch_datetime_operator_2', 'example_branch_datetime_operator_3']) retrieved from /home/nightfall/anaconda3/envs/ml/lib/python3.9/site-packages/airflow/example_dags/example_branch_datetime_operator.py
[2023-04-16T15:33:58.770+0530] {logging_mixin.py:137} INFO - [2023-04-16T15:33:58.770+0530] {dag.py:2705} INFO - Sync 3 DAGs
[2023-04-16T15:33:58.781+0530] {logging_mixin.py:137} INFO - [2023-04-16T15:33:58.781+0530] {dag.py:3452} INFO - Setting next_dagrun for example_branch_datetime_operator to 2023-04-15T00:00:00+00:00, run_after=2023-04-16T00:00:00+00:00
[2023-04-16T15:33:58.784+0530] {logging_mixin.py:137} INFO - [2023-04-16T15:33:58.784+0530] {dag.py:3452} INFO - Setting next_dagrun for example_branch_datetime_operator_2 to 2023-04-15T00:00:00+00:00, run_after=2023-04-16T00:00:00+00:00
[2023-04-16T15:33:58.785+0530] {logging_mixin.py:137} INFO - [2023-04-16T15:33:58.785+0530] {dag.py:3452} INFO - Setting next_dagrun for example_branch_datetime_operator_3 to 2023-04-15T00:00:00+00:00, run_after=2023-04-16T00:00:00+00:00
[2023-04-16T15:33:59.832+0530] {processor.py:175} INFO - Processing /home/nightfall/anaconda3/envs/ml/lib/python3.9/site-packages/airflow/example_dags/example_branch_datetime_operator.py took 1.088 seconds
[2023-04-16T15:35:18.585+0530] {processor.py:153} INFO - Started process (PID=126816) to work on /home/nightfall/anaconda3/envs/ml/lib/python3.9/site-packages/airflow/example_dags/example_branch_datetime_operator.py
[2023-04-16T15:35:18.586+0530] {processor.py:743} INFO - Processing file /home/nightfall/anaconda3/envs/ml/lib/python3.9/site-packages/airflow/example_dags/example_branch_datetime_operator.py for tasks to queue
[2023-04-16T15:35:18.587+0530] {logging_mixin.py:137} INFO - [2023-04-16T15:35:18.587+0530] {dagbag.py:532} INFO - Filling up the DagBag from /home/nightfall/anaconda3/envs/ml/lib/python3.9/site-packages/airflow/example_dags/example_branch_datetime_operator.py
[2023-04-16T15:35:18.600+0530] {processor.py:753} INFO - DAG(s) dict_keys(['example_branch_datetime_operator_3', 'example_branch_datetime_operator', 'example_branch_datetime_operator_2']) retrieved from /home/nightfall/anaconda3/envs/ml/lib/python3.9/site-packages/airflow/example_dags/example_branch_datetime_operator.py
[2023-04-16T15:35:18.621+0530] {logging_mixin.py:137} INFO - [2023-04-16T15:35:18.620+0530] {dag.py:2705} INFO - Sync 3 DAGs
[2023-04-16T15:35:18.637+0530] {logging_mixin.py:137} INFO - [2023-04-16T15:35:18.637+0530] {dag.py:3452} INFO - Setting next_dagrun for example_branch_datetime_operator to 2023-04-15T00:00:00+00:00, run_after=2023-04-16T00:00:00+00:00
[2023-04-16T15:35:18.640+0530] {logging_mixin.py:137} INFO - [2023-04-16T15:35:18.640+0530] {dag.py:3452} INFO - Setting next_dagrun for example_branch_datetime_operator_2 to 2023-04-15T00:00:00+00:00, run_after=2023-04-16T00:00:00+00:00
[2023-04-16T15:35:18.641+0530] {logging_mixin.py:137} INFO - [2023-04-16T15:35:18.641+0530] {dag.py:3452} INFO - Setting next_dagrun for example_branch_datetime_operator_3 to 2023-04-15T00:00:00+00:00, run_after=2023-04-16T00:00:00+00:00
[2023-04-16T15:35:19.756+0530] {processor.py:175} INFO - Processing /home/nightfall/anaconda3/envs/ml/lib/python3.9/site-packages/airflow/example_dags/example_branch_datetime_operator.py took 1.173 seconds
[2023-04-16T15:36:38.745+0530] {processor.py:153} INFO - Started process (PID=126968) to work on /home/nightfall/anaconda3/envs/ml/lib/python3.9/site-packages/airflow/example_dags/example_branch_datetime_operator.py
[2023-04-16T15:36:38.867+0530] {processor.py:743} INFO - Processing file /home/nightfall/anaconda3/envs/ml/lib/python3.9/site-packages/airflow/example_dags/example_branch_datetime_operator.py for tasks to queue
[2023-04-16T15:36:38.868+0530] {logging_mixin.py:137} INFO - [2023-04-16T15:36:38.868+0530] {dagbag.py:532} INFO - Filling up the DagBag from /home/nightfall/anaconda3/envs/ml/lib/python3.9/site-packages/airflow/example_dags/example_branch_datetime_operator.py
[2023-04-16T15:36:38.876+0530] {processor.py:753} INFO - DAG(s) dict_keys(['example_branch_datetime_operator', 'example_branch_datetime_operator_3', 'example_branch_datetime_operator_2']) retrieved from /home/nightfall/anaconda3/envs/ml/lib/python3.9/site-packages/airflow/example_dags/example_branch_datetime_operator.py
[2023-04-16T15:36:39.019+0530] {logging_mixin.py:137} INFO - [2023-04-16T15:36:39.019+0530] {dag.py:2705} INFO - Sync 3 DAGs
[2023-04-16T15:36:39.070+0530] {logging_mixin.py:137} INFO - [2023-04-16T15:36:39.070+0530] {dag.py:3452} INFO - Setting next_dagrun for example_branch_datetime_operator to 2023-04-15T00:00:00+00:00, run_after=2023-04-16T00:00:00+00:00
[2023-04-16T15:36:39.075+0530] {logging_mixin.py:137} INFO - [2023-04-16T15:36:39.075+0530] {dag.py:3452} INFO - Setting next_dagrun for example_branch_datetime_operator_2 to 2023-04-15T00:00:00+00:00, run_after=2023-04-16T00:00:00+00:00
[2023-04-16T15:36:39.077+0530] {logging_mixin.py:137} INFO - [2023-04-16T15:36:39.077+0530] {dag.py:3452} INFO - Setting next_dagrun for example_branch_datetime_operator_3 to 2023-04-15T00:00:00+00:00, run_after=2023-04-16T00:00:00+00:00
[2023-04-16T15:36:39.113+0530] {processor.py:175} INFO - Processing /home/nightfall/anaconda3/envs/ml/lib/python3.9/site-packages/airflow/example_dags/example_branch_datetime_operator.py took 0.369 seconds
