[2023-04-16T15:30:12.260+0530] {processor.py:153} INFO - Started process (PID=126111) to work on /home/nightfall/anaconda3/envs/ml/lib/python3.9/site-packages/airflow/example_dags/example_nested_branch_dag.py
[2023-04-16T15:30:12.260+0530] {processor.py:743} INFO - Processing file /home/nightfall/anaconda3/envs/ml/lib/python3.9/site-packages/airflow/example_dags/example_nested_branch_dag.py for tasks to queue
[2023-04-16T15:30:12.260+0530] {logging_mixin.py:137} INFO - [2023-04-16T15:30:12.260+0530] {dagbag.py:532} INFO - Filling up the DagBag from /home/nightfall/anaconda3/envs/ml/lib/python3.9/site-packages/airflow/example_dags/example_nested_branch_dag.py
[2023-04-16T15:30:12.278+0530] {processor.py:753} INFO - DAG(s) dict_keys(['example_nested_branch_dag']) retrieved from /home/nightfall/anaconda3/envs/ml/lib/python3.9/site-packages/airflow/example_dags/example_nested_branch_dag.py
[2023-04-16T15:30:12.293+0530] {logging_mixin.py:137} INFO - [2023-04-16T15:30:12.293+0530] {dag.py:2705} INFO - Sync 1 DAGs
[2023-04-16T15:30:12.307+0530] {logging_mixin.py:137} INFO - [2023-04-16T15:30:12.307+0530] {dag.py:3452} INFO - Setting next_dagrun for example_nested_branch_dag to 2023-04-15T00:00:00+00:00, run_after=2023-04-16T00:00:00+00:00
[2023-04-16T15:30:12.338+0530] {processor.py:175} INFO - Processing /home/nightfall/anaconda3/envs/ml/lib/python3.9/site-packages/airflow/example_dags/example_nested_branch_dag.py took 0.079 seconds
[2023-04-16T15:31:30.200+0530] {processor.py:153} INFO - Started process (PID=126304) to work on /home/nightfall/anaconda3/envs/ml/lib/python3.9/site-packages/airflow/example_dags/example_nested_branch_dag.py
[2023-04-16T15:31:30.202+0530] {processor.py:743} INFO - Processing file /home/nightfall/anaconda3/envs/ml/lib/python3.9/site-packages/airflow/example_dags/example_nested_branch_dag.py for tasks to queue
[2023-04-16T15:31:30.202+0530] {logging_mixin.py:137} INFO - [2023-04-16T15:31:30.202+0530] {dagbag.py:532} INFO - Filling up the DagBag from /home/nightfall/anaconda3/envs/ml/lib/python3.9/site-packages/airflow/example_dags/example_nested_branch_dag.py
[2023-04-16T15:31:30.224+0530] {processor.py:753} INFO - DAG(s) dict_keys(['example_nested_branch_dag']) retrieved from /home/nightfall/anaconda3/envs/ml/lib/python3.9/site-packages/airflow/example_dags/example_nested_branch_dag.py
[2023-04-16T15:31:30.244+0530] {logging_mixin.py:137} INFO - [2023-04-16T15:31:30.244+0530] {dag.py:2705} INFO - Sync 1 DAGs
[2023-04-16T15:31:30.256+0530] {logging_mixin.py:137} INFO - [2023-04-16T15:31:30.256+0530] {dag.py:3452} INFO - Setting next_dagrun for example_nested_branch_dag to 2023-04-15T00:00:00+00:00, run_after=2023-04-16T00:00:00+00:00
[2023-04-16T15:31:31.303+0530] {processor.py:175} INFO - Processing /home/nightfall/anaconda3/envs/ml/lib/python3.9/site-packages/airflow/example_dags/example_nested_branch_dag.py took 1.104 seconds
[2023-04-16T15:32:34.785+0530] {processor.py:153} INFO - Started process (PID=126436) to work on /home/nightfall/anaconda3/envs/ml/lib/python3.9/site-packages/airflow/example_dags/example_nested_branch_dag.py
[2023-04-16T15:32:34.787+0530] {processor.py:743} INFO - Processing file /home/nightfall/anaconda3/envs/ml/lib/python3.9/site-packages/airflow/example_dags/example_nested_branch_dag.py for tasks to queue
[2023-04-16T15:32:34.787+0530] {logging_mixin.py:137} INFO - [2023-04-16T15:32:34.787+0530] {dagbag.py:532} INFO - Filling up the DagBag from /home/nightfall/anaconda3/envs/ml/lib/python3.9/site-packages/airflow/example_dags/example_nested_branch_dag.py
[2023-04-16T15:32:34.801+0530] {processor.py:753} INFO - DAG(s) dict_keys(['example_nested_branch_dag']) retrieved from /home/nightfall/anaconda3/envs/ml/lib/python3.9/site-packages/airflow/example_dags/example_nested_branch_dag.py
[2023-04-16T15:32:34.812+0530] {logging_mixin.py:137} INFO - [2023-04-16T15:32:34.812+0530] {dag.py:2705} INFO - Sync 1 DAGs
[2023-04-16T15:32:34.824+0530] {logging_mixin.py:137} INFO - [2023-04-16T15:32:34.824+0530] {dag.py:3452} INFO - Setting next_dagrun for example_nested_branch_dag to 2023-04-15T00:00:00+00:00, run_after=2023-04-16T00:00:00+00:00
[2023-04-16T15:32:34.964+0530] {processor.py:175} INFO - Processing /home/nightfall/anaconda3/envs/ml/lib/python3.9/site-packages/airflow/example_dags/example_nested_branch_dag.py took 0.180 seconds
[2023-04-16T15:33:40.990+0530] {processor.py:153} INFO - Started process (PID=126559) to work on /home/nightfall/anaconda3/envs/ml/lib/python3.9/site-packages/airflow/example_dags/example_nested_branch_dag.py
[2023-04-16T15:33:40.991+0530] {processor.py:743} INFO - Processing file /home/nightfall/anaconda3/envs/ml/lib/python3.9/site-packages/airflow/example_dags/example_nested_branch_dag.py for tasks to queue
[2023-04-16T15:33:40.992+0530] {logging_mixin.py:137} INFO - [2023-04-16T15:33:40.992+0530] {dagbag.py:532} INFO - Filling up the DagBag from /home/nightfall/anaconda3/envs/ml/lib/python3.9/site-packages/airflow/example_dags/example_nested_branch_dag.py
[2023-04-16T15:33:41.013+0530] {processor.py:753} INFO - DAG(s) dict_keys(['example_nested_branch_dag']) retrieved from /home/nightfall/anaconda3/envs/ml/lib/python3.9/site-packages/airflow/example_dags/example_nested_branch_dag.py
[2023-04-16T15:33:41.031+0530] {logging_mixin.py:137} INFO - [2023-04-16T15:33:41.031+0530] {dag.py:2705} INFO - Sync 1 DAGs
[2023-04-16T15:33:41.045+0530] {logging_mixin.py:137} INFO - [2023-04-16T15:33:41.044+0530] {dag.py:3452} INFO - Setting next_dagrun for example_nested_branch_dag to 2023-04-15T00:00:00+00:00, run_after=2023-04-16T00:00:00+00:00
[2023-04-16T15:33:41.075+0530] {processor.py:175} INFO - Processing /home/nightfall/anaconda3/envs/ml/lib/python3.9/site-packages/airflow/example_dags/example_nested_branch_dag.py took 0.087 seconds
[2023-04-16T15:35:02.966+0530] {processor.py:153} INFO - Started process (PID=126798) to work on /home/nightfall/anaconda3/envs/ml/lib/python3.9/site-packages/airflow/example_dags/example_nested_branch_dag.py
[2023-04-16T15:35:02.968+0530] {processor.py:743} INFO - Processing file /home/nightfall/anaconda3/envs/ml/lib/python3.9/site-packages/airflow/example_dags/example_nested_branch_dag.py for tasks to queue
[2023-04-16T15:35:02.968+0530] {logging_mixin.py:137} INFO - [2023-04-16T15:35:02.968+0530] {dagbag.py:532} INFO - Filling up the DagBag from /home/nightfall/anaconda3/envs/ml/lib/python3.9/site-packages/airflow/example_dags/example_nested_branch_dag.py
[2023-04-16T15:35:02.991+0530] {processor.py:753} INFO - DAG(s) dict_keys(['example_nested_branch_dag']) retrieved from /home/nightfall/anaconda3/envs/ml/lib/python3.9/site-packages/airflow/example_dags/example_nested_branch_dag.py
[2023-04-16T15:35:03.009+0530] {logging_mixin.py:137} INFO - [2023-04-16T15:35:03.009+0530] {dag.py:2705} INFO - Sync 1 DAGs
[2023-04-16T15:35:03.033+0530] {logging_mixin.py:137} INFO - [2023-04-16T15:35:03.033+0530] {dag.py:3452} INFO - Setting next_dagrun for example_nested_branch_dag to 2023-04-15T00:00:00+00:00, run_after=2023-04-16T00:00:00+00:00
[2023-04-16T15:35:03.054+0530] {processor.py:175} INFO - Processing /home/nightfall/anaconda3/envs/ml/lib/python3.9/site-packages/airflow/example_dags/example_nested_branch_dag.py took 0.090 seconds
[2023-04-16T15:36:12.842+0530] {processor.py:153} INFO - Started process (PID=126947) to work on /home/nightfall/anaconda3/envs/ml/lib/python3.9/site-packages/airflow/example_dags/example_nested_branch_dag.py
[2023-04-16T15:36:12.844+0530] {processor.py:743} INFO - Processing file /home/nightfall/anaconda3/envs/ml/lib/python3.9/site-packages/airflow/example_dags/example_nested_branch_dag.py for tasks to queue
[2023-04-16T15:36:12.844+0530] {logging_mixin.py:137} INFO - [2023-04-16T15:36:12.844+0530] {dagbag.py:532} INFO - Filling up the DagBag from /home/nightfall/anaconda3/envs/ml/lib/python3.9/site-packages/airflow/example_dags/example_nested_branch_dag.py
[2023-04-16T15:36:12.858+0530] {processor.py:753} INFO - DAG(s) dict_keys(['example_nested_branch_dag']) retrieved from /home/nightfall/anaconda3/envs/ml/lib/python3.9/site-packages/airflow/example_dags/example_nested_branch_dag.py
[2023-04-16T15:36:12.871+0530] {logging_mixin.py:137} INFO - [2023-04-16T15:36:12.871+0530] {dag.py:2705} INFO - Sync 1 DAGs
[2023-04-16T15:36:12.883+0530] {logging_mixin.py:137} INFO - [2023-04-16T15:36:12.883+0530] {dag.py:3452} INFO - Setting next_dagrun for example_nested_branch_dag to 2023-04-15T00:00:00+00:00, run_after=2023-04-16T00:00:00+00:00
[2023-04-16T15:36:12.905+0530] {processor.py:175} INFO - Processing /home/nightfall/anaconda3/envs/ml/lib/python3.9/site-packages/airflow/example_dags/example_nested_branch_dag.py took 0.064 seconds
