[2023-04-16T15:30:04.939+0530] {processor.py:153} INFO - Started process (PID=126096) to work on /home/nightfall/anaconda3/envs/ml/lib/python3.9/site-packages/airflow/example_dags/example_task_group_decorator.py
[2023-04-16T15:30:04.940+0530] {processor.py:743} INFO - Processing file /home/nightfall/anaconda3/envs/ml/lib/python3.9/site-packages/airflow/example_dags/example_task_group_decorator.py for tasks to queue
[2023-04-16T15:30:04.940+0530] {logging_mixin.py:137} INFO - [2023-04-16T15:30:04.940+0530] {dagbag.py:532} INFO - Filling up the DagBag from /home/nightfall/anaconda3/envs/ml/lib/python3.9/site-packages/airflow/example_dags/example_task_group_decorator.py
[2023-04-16T15:30:04.964+0530] {processor.py:753} INFO - DAG(s) dict_keys(['example_task_group_decorator']) retrieved from /home/nightfall/anaconda3/envs/ml/lib/python3.9/site-packages/airflow/example_dags/example_task_group_decorator.py
[2023-04-16T15:30:04.981+0530] {logging_mixin.py:137} INFO - [2023-04-16T15:30:04.981+0530] {dag.py:2705} INFO - Sync 1 DAGs
[2023-04-16T15:30:04.992+0530] {logging_mixin.py:137} INFO - [2023-04-16T15:30:04.992+0530] {dag.py:3452} INFO - Setting next_dagrun for example_task_group_decorator to 2023-04-15T10:00:04.992546+00:00, run_after=2023-04-16T10:00:04.992546+00:00
[2023-04-16T15:30:05.847+0530] {processor.py:175} INFO - Processing /home/nightfall/anaconda3/envs/ml/lib/python3.9/site-packages/airflow/example_dags/example_task_group_decorator.py took 0.910 seconds
[2023-04-16T15:31:12.907+0530] {processor.py:153} INFO - Started process (PID=126256) to work on /home/nightfall/anaconda3/envs/ml/lib/python3.9/site-packages/airflow/example_dags/example_task_group_decorator.py
[2023-04-16T15:31:12.908+0530] {processor.py:743} INFO - Processing file /home/nightfall/anaconda3/envs/ml/lib/python3.9/site-packages/airflow/example_dags/example_task_group_decorator.py for tasks to queue
[2023-04-16T15:31:12.909+0530] {logging_mixin.py:137} INFO - [2023-04-16T15:31:12.909+0530] {dagbag.py:532} INFO - Filling up the DagBag from /home/nightfall/anaconda3/envs/ml/lib/python3.9/site-packages/airflow/example_dags/example_task_group_decorator.py
[2023-04-16T15:31:12.932+0530] {processor.py:753} INFO - DAG(s) dict_keys(['example_task_group_decorator']) retrieved from /home/nightfall/anaconda3/envs/ml/lib/python3.9/site-packages/airflow/example_dags/example_task_group_decorator.py
[2023-04-16T15:31:12.973+0530] {logging_mixin.py:137} INFO - [2023-04-16T15:31:12.973+0530] {dag.py:2705} INFO - Sync 1 DAGs
[2023-04-16T15:31:13.152+0530] {logging_mixin.py:137} INFO - [2023-04-16T15:31:13.152+0530] {dag.py:3452} INFO - Setting next_dagrun for example_task_group_decorator to 2023-04-15T10:01:13.152138+00:00, run_after=2023-04-16T10:01:13.152138+00:00
[2023-04-16T15:31:14.446+0530] {processor.py:175} INFO - Processing /home/nightfall/anaconda3/envs/ml/lib/python3.9/site-packages/airflow/example_dags/example_task_group_decorator.py took 1.541 seconds
[2023-04-16T15:32:26.387+0530] {processor.py:153} INFO - Started process (PID=126399) to work on /home/nightfall/anaconda3/envs/ml/lib/python3.9/site-packages/airflow/example_dags/example_task_group_decorator.py
[2023-04-16T15:32:26.389+0530] {processor.py:743} INFO - Processing file /home/nightfall/anaconda3/envs/ml/lib/python3.9/site-packages/airflow/example_dags/example_task_group_decorator.py for tasks to queue
[2023-04-16T15:32:26.390+0530] {logging_mixin.py:137} INFO - [2023-04-16T15:32:26.390+0530] {dagbag.py:532} INFO - Filling up the DagBag from /home/nightfall/anaconda3/envs/ml/lib/python3.9/site-packages/airflow/example_dags/example_task_group_decorator.py
[2023-04-16T15:32:26.405+0530] {processor.py:753} INFO - DAG(s) dict_keys(['example_task_group_decorator']) retrieved from /home/nightfall/anaconda3/envs/ml/lib/python3.9/site-packages/airflow/example_dags/example_task_group_decorator.py
[2023-04-16T15:32:26.418+0530] {logging_mixin.py:137} INFO - [2023-04-16T15:32:26.418+0530] {dag.py:2705} INFO - Sync 1 DAGs
[2023-04-16T15:32:26.428+0530] {logging_mixin.py:137} INFO - [2023-04-16T15:32:26.428+0530] {dag.py:3452} INFO - Setting next_dagrun for example_task_group_decorator to 2023-04-15T10:02:26.428549+00:00, run_after=2023-04-16T10:02:26.428549+00:00
[2023-04-16T15:32:26.447+0530] {processor.py:175} INFO - Processing /home/nightfall/anaconda3/envs/ml/lib/python3.9/site-packages/airflow/example_dags/example_task_group_decorator.py took 0.062 seconds
[2023-04-16T15:33:29.010+0530] {processor.py:153} INFO - Started process (PID=126520) to work on /home/nightfall/anaconda3/envs/ml/lib/python3.9/site-packages/airflow/example_dags/example_task_group_decorator.py
[2023-04-16T15:33:29.012+0530] {processor.py:743} INFO - Processing file /home/nightfall/anaconda3/envs/ml/lib/python3.9/site-packages/airflow/example_dags/example_task_group_decorator.py for tasks to queue
[2023-04-16T15:33:29.012+0530] {logging_mixin.py:137} INFO - [2023-04-16T15:33:29.012+0530] {dagbag.py:532} INFO - Filling up the DagBag from /home/nightfall/anaconda3/envs/ml/lib/python3.9/site-packages/airflow/example_dags/example_task_group_decorator.py
[2023-04-16T15:33:29.029+0530] {processor.py:753} INFO - DAG(s) dict_keys(['example_task_group_decorator']) retrieved from /home/nightfall/anaconda3/envs/ml/lib/python3.9/site-packages/airflow/example_dags/example_task_group_decorator.py
[2023-04-16T15:33:29.042+0530] {logging_mixin.py:137} INFO - [2023-04-16T15:33:29.042+0530] {dag.py:2705} INFO - Sync 1 DAGs
[2023-04-16T15:33:29.053+0530] {logging_mixin.py:137} INFO - [2023-04-16T15:33:29.053+0530] {dag.py:3452} INFO - Setting next_dagrun for example_task_group_decorator to 2023-04-15T10:03:29.053202+00:00, run_after=2023-04-16T10:03:29.053202+00:00
[2023-04-16T15:33:30.025+0530] {processor.py:175} INFO - Processing /home/nightfall/anaconda3/envs/ml/lib/python3.9/site-packages/airflow/example_dags/example_task_group_decorator.py took 1.017 seconds
[2023-04-16T15:34:45.678+0530] {processor.py:153} INFO - Started process (PID=126742) to work on /home/nightfall/anaconda3/envs/ml/lib/python3.9/site-packages/airflow/example_dags/example_task_group_decorator.py
[2023-04-16T15:34:45.680+0530] {processor.py:743} INFO - Processing file /home/nightfall/anaconda3/envs/ml/lib/python3.9/site-packages/airflow/example_dags/example_task_group_decorator.py for tasks to queue
[2023-04-16T15:34:45.680+0530] {logging_mixin.py:137} INFO - [2023-04-16T15:34:45.680+0530] {dagbag.py:532} INFO - Filling up the DagBag from /home/nightfall/anaconda3/envs/ml/lib/python3.9/site-packages/airflow/example_dags/example_task_group_decorator.py
[2023-04-16T15:34:45.704+0530] {processor.py:753} INFO - DAG(s) dict_keys(['example_task_group_decorator']) retrieved from /home/nightfall/anaconda3/envs/ml/lib/python3.9/site-packages/airflow/example_dags/example_task_group_decorator.py
[2023-04-16T15:34:45.723+0530] {logging_mixin.py:137} INFO - [2023-04-16T15:34:45.723+0530] {dag.py:2705} INFO - Sync 1 DAGs
[2023-04-16T15:34:45.735+0530] {logging_mixin.py:137} INFO - [2023-04-16T15:34:45.735+0530] {dag.py:3452} INFO - Setting next_dagrun for example_task_group_decorator to 2023-04-15T10:04:45.735573+00:00, run_after=2023-04-16T10:04:45.735573+00:00
[2023-04-16T15:34:46.342+0530] {processor.py:175} INFO - Processing /home/nightfall/anaconda3/envs/ml/lib/python3.9/site-packages/airflow/example_dags/example_task_group_decorator.py took 0.666 seconds
[2023-04-16T15:36:01.398+0530] {processor.py:153} INFO - Started process (PID=126909) to work on /home/nightfall/anaconda3/envs/ml/lib/python3.9/site-packages/airflow/example_dags/example_task_group_decorator.py
[2023-04-16T15:36:01.400+0530] {processor.py:743} INFO - Processing file /home/nightfall/anaconda3/envs/ml/lib/python3.9/site-packages/airflow/example_dags/example_task_group_decorator.py for tasks to queue
[2023-04-16T15:36:01.400+0530] {logging_mixin.py:137} INFO - [2023-04-16T15:36:01.400+0530] {dagbag.py:532} INFO - Filling up the DagBag from /home/nightfall/anaconda3/envs/ml/lib/python3.9/site-packages/airflow/example_dags/example_task_group_decorator.py
[2023-04-16T15:36:01.426+0530] {processor.py:753} INFO - DAG(s) dict_keys(['example_task_group_decorator']) retrieved from /home/nightfall/anaconda3/envs/ml/lib/python3.9/site-packages/airflow/example_dags/example_task_group_decorator.py
[2023-04-16T15:36:01.444+0530] {logging_mixin.py:137} INFO - [2023-04-16T15:36:01.444+0530] {dag.py:2705} INFO - Sync 1 DAGs
[2023-04-16T15:36:01.455+0530] {logging_mixin.py:137} INFO - [2023-04-16T15:36:01.455+0530] {dag.py:3452} INFO - Setting next_dagrun for example_task_group_decorator to 2023-04-15T10:06:01.455561+00:00, run_after=2023-04-16T10:06:01.455561+00:00
[2023-04-16T15:36:01.492+0530] {processor.py:175} INFO - Processing /home/nightfall/anaconda3/envs/ml/lib/python3.9/site-packages/airflow/example_dags/example_task_group_decorator.py took 0.096 seconds
