[2023-04-16T15:29:37.428+0530] {processor.py:153} INFO - Started process (PID=126001) to work on /home/nightfall/anaconda3/envs/ml/lib/python3.9/site-packages/airflow/example_dags/example_xcomargs.py
[2023-04-16T15:29:37.429+0530] {processor.py:743} INFO - Processing file /home/nightfall/anaconda3/envs/ml/lib/python3.9/site-packages/airflow/example_dags/example_xcomargs.py for tasks to queue
[2023-04-16T15:29:37.429+0530] {logging_mixin.py:137} INFO - [2023-04-16T15:29:37.429+0530] {dagbag.py:532} INFO - Filling up the DagBag from /home/nightfall/anaconda3/envs/ml/lib/python3.9/site-packages/airflow/example_dags/example_xcomargs.py
[2023-04-16T15:29:37.450+0530] {processor.py:753} INFO - DAG(s) dict_keys(['example_xcom_args', 'example_xcom_args_with_operators']) retrieved from /home/nightfall/anaconda3/envs/ml/lib/python3.9/site-packages/airflow/example_dags/example_xcomargs.py
[2023-04-16T15:29:37.467+0530] {logging_mixin.py:137} INFO - [2023-04-16T15:29:37.467+0530] {dag.py:2705} INFO - Sync 2 DAGs
[2023-04-16T15:29:37.480+0530] {logging_mixin.py:137} INFO - [2023-04-16T15:29:37.480+0530] {dag.py:3452} INFO - Setting next_dagrun for example_xcom_args to None, run_after=None
[2023-04-16T15:29:37.482+0530] {logging_mixin.py:137} INFO - [2023-04-16T15:29:37.482+0530] {dag.py:3452} INFO - Setting next_dagrun for example_xcom_args_with_operators to None, run_after=None
[2023-04-16T15:29:37.502+0530] {processor.py:175} INFO - Processing /home/nightfall/anaconda3/envs/ml/lib/python3.9/site-packages/airflow/example_dags/example_xcomargs.py took 0.076 seconds
[2023-04-16T15:30:47.865+0530] {processor.py:153} INFO - Started process (PID=126217) to work on /home/nightfall/anaconda3/envs/ml/lib/python3.9/site-packages/airflow/example_dags/example_xcomargs.py
[2023-04-16T15:30:47.871+0530] {processor.py:743} INFO - Processing file /home/nightfall/anaconda3/envs/ml/lib/python3.9/site-packages/airflow/example_dags/example_xcomargs.py for tasks to queue
[2023-04-16T15:30:47.871+0530] {logging_mixin.py:137} INFO - [2023-04-16T15:30:47.871+0530] {dagbag.py:532} INFO - Filling up the DagBag from /home/nightfall/anaconda3/envs/ml/lib/python3.9/site-packages/airflow/example_dags/example_xcomargs.py
[2023-04-16T15:30:47.890+0530] {processor.py:753} INFO - DAG(s) dict_keys(['example_xcom_args', 'example_xcom_args_with_operators']) retrieved from /home/nightfall/anaconda3/envs/ml/lib/python3.9/site-packages/airflow/example_dags/example_xcomargs.py
[2023-04-16T15:30:47.907+0530] {logging_mixin.py:137} INFO - [2023-04-16T15:30:47.907+0530] {dag.py:2705} INFO - Sync 2 DAGs
[2023-04-16T15:30:47.924+0530] {logging_mixin.py:137} INFO - [2023-04-16T15:30:47.924+0530] {dag.py:3452} INFO - Setting next_dagrun for example_xcom_args to None, run_after=None
[2023-04-16T15:30:47.925+0530] {logging_mixin.py:137} INFO - [2023-04-16T15:30:47.925+0530] {dag.py:3452} INFO - Setting next_dagrun for example_xcom_args_with_operators to None, run_after=None
[2023-04-16T15:30:47.953+0530] {processor.py:175} INFO - Processing /home/nightfall/anaconda3/envs/ml/lib/python3.9/site-packages/airflow/example_dags/example_xcomargs.py took 0.090 seconds
[2023-04-16T15:32:01.858+0530] {processor.py:153} INFO - Started process (PID=126361) to work on /home/nightfall/anaconda3/envs/ml/lib/python3.9/site-packages/airflow/example_dags/example_xcomargs.py
[2023-04-16T15:32:01.859+0530] {processor.py:743} INFO - Processing file /home/nightfall/anaconda3/envs/ml/lib/python3.9/site-packages/airflow/example_dags/example_xcomargs.py for tasks to queue
[2023-04-16T15:32:01.859+0530] {logging_mixin.py:137} INFO - [2023-04-16T15:32:01.859+0530] {dagbag.py:532} INFO - Filling up the DagBag from /home/nightfall/anaconda3/envs/ml/lib/python3.9/site-packages/airflow/example_dags/example_xcomargs.py
[2023-04-16T15:32:01.872+0530] {processor.py:753} INFO - DAG(s) dict_keys(['example_xcom_args', 'example_xcom_args_with_operators']) retrieved from /home/nightfall/anaconda3/envs/ml/lib/python3.9/site-packages/airflow/example_dags/example_xcomargs.py
[2023-04-16T15:32:01.884+0530] {logging_mixin.py:137} INFO - [2023-04-16T15:32:01.884+0530] {dag.py:2705} INFO - Sync 2 DAGs
[2023-04-16T15:32:01.893+0530] {logging_mixin.py:137} INFO - [2023-04-16T15:32:01.893+0530] {dag.py:3452} INFO - Setting next_dagrun for example_xcom_args to None, run_after=None
[2023-04-16T15:32:01.895+0530] {logging_mixin.py:137} INFO - [2023-04-16T15:32:01.895+0530] {dag.py:3452} INFO - Setting next_dagrun for example_xcom_args_with_operators to None, run_after=None
[2023-04-16T15:32:03.352+0530] {processor.py:175} INFO - Processing /home/nightfall/anaconda3/envs/ml/lib/python3.9/site-packages/airflow/example_dags/example_xcomargs.py took 1.496 seconds
[2023-04-16T15:33:05.628+0530] {processor.py:153} INFO - Started process (PID=126486) to work on /home/nightfall/anaconda3/envs/ml/lib/python3.9/site-packages/airflow/example_dags/example_xcomargs.py
[2023-04-16T15:33:05.629+0530] {processor.py:743} INFO - Processing file /home/nightfall/anaconda3/envs/ml/lib/python3.9/site-packages/airflow/example_dags/example_xcomargs.py for tasks to queue
[2023-04-16T15:33:05.630+0530] {logging_mixin.py:137} INFO - [2023-04-16T15:33:05.630+0530] {dagbag.py:532} INFO - Filling up the DagBag from /home/nightfall/anaconda3/envs/ml/lib/python3.9/site-packages/airflow/example_dags/example_xcomargs.py
[2023-04-16T15:33:05.652+0530] {processor.py:753} INFO - DAG(s) dict_keys(['example_xcom_args_with_operators', 'example_xcom_args']) retrieved from /home/nightfall/anaconda3/envs/ml/lib/python3.9/site-packages/airflow/example_dags/example_xcomargs.py
[2023-04-16T15:33:05.670+0530] {logging_mixin.py:137} INFO - [2023-04-16T15:33:05.670+0530] {dag.py:2705} INFO - Sync 2 DAGs
[2023-04-16T15:33:05.684+0530] {logging_mixin.py:137} INFO - [2023-04-16T15:33:05.683+0530] {dag.py:3452} INFO - Setting next_dagrun for example_xcom_args to None, run_after=None
[2023-04-16T15:33:05.685+0530] {logging_mixin.py:137} INFO - [2023-04-16T15:33:05.685+0530] {dag.py:3452} INFO - Setting next_dagrun for example_xcom_args_with_operators to None, run_after=None
[2023-04-16T15:33:05.706+0530] {processor.py:175} INFO - Processing /home/nightfall/anaconda3/envs/ml/lib/python3.9/site-packages/airflow/example_dags/example_xcomargs.py took 0.080 seconds
[2023-04-16T15:34:20.501+0530] {processor.py:153} INFO - Started process (PID=126630) to work on /home/nightfall/anaconda3/envs/ml/lib/python3.9/site-packages/airflow/example_dags/example_xcomargs.py
[2023-04-16T15:34:20.503+0530] {processor.py:743} INFO - Processing file /home/nightfall/anaconda3/envs/ml/lib/python3.9/site-packages/airflow/example_dags/example_xcomargs.py for tasks to queue
[2023-04-16T15:34:20.504+0530] {logging_mixin.py:137} INFO - [2023-04-16T15:34:20.504+0530] {dagbag.py:532} INFO - Filling up the DagBag from /home/nightfall/anaconda3/envs/ml/lib/python3.9/site-packages/airflow/example_dags/example_xcomargs.py
[2023-04-16T15:34:20.522+0530] {processor.py:753} INFO - DAG(s) dict_keys(['example_xcom_args_with_operators', 'example_xcom_args']) retrieved from /home/nightfall/anaconda3/envs/ml/lib/python3.9/site-packages/airflow/example_dags/example_xcomargs.py
[2023-04-16T15:34:20.537+0530] {logging_mixin.py:137} INFO - [2023-04-16T15:34:20.537+0530] {dag.py:2705} INFO - Sync 2 DAGs
[2023-04-16T15:34:20.550+0530] {logging_mixin.py:137} INFO - [2023-04-16T15:34:20.550+0530] {dag.py:3452} INFO - Setting next_dagrun for example_xcom_args to None, run_after=None
[2023-04-16T15:34:20.552+0530] {logging_mixin.py:137} INFO - [2023-04-16T15:34:20.552+0530] {dag.py:3452} INFO - Setting next_dagrun for example_xcom_args_with_operators to None, run_after=None
[2023-04-16T15:34:20.588+0530] {processor.py:175} INFO - Processing /home/nightfall/anaconda3/envs/ml/lib/python3.9/site-packages/airflow/example_dags/example_xcomargs.py took 0.089 seconds
[2023-04-16T15:35:37.675+0530] {processor.py:153} INFO - Started process (PID=126873) to work on /home/nightfall/anaconda3/envs/ml/lib/python3.9/site-packages/airflow/example_dags/example_xcomargs.py
[2023-04-16T15:35:37.677+0530] {processor.py:743} INFO - Processing file /home/nightfall/anaconda3/envs/ml/lib/python3.9/site-packages/airflow/example_dags/example_xcomargs.py for tasks to queue
[2023-04-16T15:35:37.677+0530] {logging_mixin.py:137} INFO - [2023-04-16T15:35:37.677+0530] {dagbag.py:532} INFO - Filling up the DagBag from /home/nightfall/anaconda3/envs/ml/lib/python3.9/site-packages/airflow/example_dags/example_xcomargs.py
[2023-04-16T15:35:37.694+0530] {processor.py:753} INFO - DAG(s) dict_keys(['example_xcom_args_with_operators', 'example_xcom_args']) retrieved from /home/nightfall/anaconda3/envs/ml/lib/python3.9/site-packages/airflow/example_dags/example_xcomargs.py
[2023-04-16T15:35:37.708+0530] {logging_mixin.py:137} INFO - [2023-04-16T15:35:37.708+0530] {dag.py:2705} INFO - Sync 2 DAGs
[2023-04-16T15:35:37.722+0530] {logging_mixin.py:137} INFO - [2023-04-16T15:35:37.722+0530] {dag.py:3452} INFO - Setting next_dagrun for example_xcom_args to None, run_after=None
[2023-04-16T15:35:37.724+0530] {logging_mixin.py:137} INFO - [2023-04-16T15:35:37.724+0530] {dag.py:3452} INFO - Setting next_dagrun for example_xcom_args_with_operators to None, run_after=None
[2023-04-16T15:35:38.018+0530] {processor.py:175} INFO - Processing /home/nightfall/anaconda3/envs/ml/lib/python3.9/site-packages/airflow/example_dags/example_xcomargs.py took 0.344 seconds
