[2023-04-16T15:29:34.254+0530] {processor.py:153} INFO - Started process (PID=125997) to work on /home/nightfall/anaconda3/envs/ml/lib/python3.9/site-packages/airflow/example_dags/tutorial_taskflow_api_virtualenv.py
[2023-04-16T15:29:34.254+0530] {processor.py:743} INFO - Processing file /home/nightfall/anaconda3/envs/ml/lib/python3.9/site-packages/airflow/example_dags/tutorial_taskflow_api_virtualenv.py for tasks to queue
[2023-04-16T15:29:34.254+0530] {logging_mixin.py:137} INFO - [2023-04-16T15:29:34.254+0530] {dagbag.py:532} INFO - Filling up the DagBag from /home/nightfall/anaconda3/envs/ml/lib/python3.9/site-packages/airflow/example_dags/tutorial_taskflow_api_virtualenv.py
[2023-04-16T15:29:34.273+0530] {processor.py:753} INFO - DAG(s) dict_keys(['tutorial_taskflow_api_virtualenv']) retrieved from /home/nightfall/anaconda3/envs/ml/lib/python3.9/site-packages/airflow/example_dags/tutorial_taskflow_api_virtualenv.py
[2023-04-16T15:29:34.288+0530] {logging_mixin.py:137} INFO - [2023-04-16T15:29:34.288+0530] {dag.py:2705} INFO - Sync 1 DAGs
[2023-04-16T15:29:34.302+0530] {logging_mixin.py:137} INFO - [2023-04-16T15:29:34.302+0530] {dag.py:3452} INFO - Setting next_dagrun for tutorial_taskflow_api_virtualenv to None, run_after=None
[2023-04-16T15:29:35.296+0530] {processor.py:175} INFO - Processing /home/nightfall/anaconda3/envs/ml/lib/python3.9/site-packages/airflow/example_dags/tutorial_taskflow_api_virtualenv.py took 1.045 seconds
[2023-04-16T15:30:45.464+0530] {processor.py:153} INFO - Started process (PID=126214) to work on /home/nightfall/anaconda3/envs/ml/lib/python3.9/site-packages/airflow/example_dags/tutorial_taskflow_api_virtualenv.py
[2023-04-16T15:30:45.466+0530] {processor.py:743} INFO - Processing file /home/nightfall/anaconda3/envs/ml/lib/python3.9/site-packages/airflow/example_dags/tutorial_taskflow_api_virtualenv.py for tasks to queue
[2023-04-16T15:30:45.467+0530] {logging_mixin.py:137} INFO - [2023-04-16T15:30:45.467+0530] {dagbag.py:532} INFO - Filling up the DagBag from /home/nightfall/anaconda3/envs/ml/lib/python3.9/site-packages/airflow/example_dags/tutorial_taskflow_api_virtualenv.py
[2023-04-16T15:30:45.485+0530] {processor.py:753} INFO - DAG(s) dict_keys(['tutorial_taskflow_api_virtualenv']) retrieved from /home/nightfall/anaconda3/envs/ml/lib/python3.9/site-packages/airflow/example_dags/tutorial_taskflow_api_virtualenv.py
[2023-04-16T15:30:45.501+0530] {logging_mixin.py:137} INFO - [2023-04-16T15:30:45.501+0530] {dag.py:2705} INFO - Sync 1 DAGs
[2023-04-16T15:30:45.517+0530] {logging_mixin.py:137} INFO - [2023-04-16T15:30:45.517+0530] {dag.py:3452} INFO - Setting next_dagrun for tutorial_taskflow_api_virtualenv to None, run_after=None
[2023-04-16T15:30:45.535+0530] {processor.py:175} INFO - Processing /home/nightfall/anaconda3/envs/ml/lib/python3.9/site-packages/airflow/example_dags/tutorial_taskflow_api_virtualenv.py took 0.073 seconds
[2023-04-16T15:31:59.877+0530] {processor.py:153} INFO - Started process (PID=126359) to work on /home/nightfall/anaconda3/envs/ml/lib/python3.9/site-packages/airflow/example_dags/tutorial_taskflow_api_virtualenv.py
[2023-04-16T15:31:59.879+0530] {processor.py:743} INFO - Processing file /home/nightfall/anaconda3/envs/ml/lib/python3.9/site-packages/airflow/example_dags/tutorial_taskflow_api_virtualenv.py for tasks to queue
[2023-04-16T15:31:59.879+0530] {logging_mixin.py:137} INFO - [2023-04-16T15:31:59.879+0530] {dagbag.py:532} INFO - Filling up the DagBag from /home/nightfall/anaconda3/envs/ml/lib/python3.9/site-packages/airflow/example_dags/tutorial_taskflow_api_virtualenv.py
[2023-04-16T15:31:59.899+0530] {processor.py:753} INFO - DAG(s) dict_keys(['tutorial_taskflow_api_virtualenv']) retrieved from /home/nightfall/anaconda3/envs/ml/lib/python3.9/site-packages/airflow/example_dags/tutorial_taskflow_api_virtualenv.py
[2023-04-16T15:31:59.934+0530] {logging_mixin.py:137} INFO - [2023-04-16T15:31:59.934+0530] {dag.py:2705} INFO - Sync 1 DAGs
[2023-04-16T15:31:59.939+0530] {logging_mixin.py:137} INFO - [2023-04-16T15:31:59.939+0530] {dag.py:2726} INFO - Creating ORM DAG for tutorial_taskflow_api_virtualenv
[2023-04-16T15:31:59.943+0530] {logging_mixin.py:137} INFO - [2023-04-16T15:31:59.943+0530] {dag.py:3452} INFO - Setting next_dagrun for tutorial_taskflow_api_virtualenv to None, run_after=None
[2023-04-16T15:31:59.979+0530] {processor.py:175} INFO - Processing /home/nightfall/anaconda3/envs/ml/lib/python3.9/site-packages/airflow/example_dags/tutorial_taskflow_api_virtualenv.py took 0.103 seconds
[2023-04-16T15:33:04.266+0530] {processor.py:153} INFO - Started process (PID=126484) to work on /home/nightfall/anaconda3/envs/ml/lib/python3.9/site-packages/airflow/example_dags/tutorial_taskflow_api_virtualenv.py
[2023-04-16T15:33:04.280+0530] {processor.py:743} INFO - Processing file /home/nightfall/anaconda3/envs/ml/lib/python3.9/site-packages/airflow/example_dags/tutorial_taskflow_api_virtualenv.py for tasks to queue
[2023-04-16T15:33:04.280+0530] {logging_mixin.py:137} INFO - [2023-04-16T15:33:04.280+0530] {dagbag.py:532} INFO - Filling up the DagBag from /home/nightfall/anaconda3/envs/ml/lib/python3.9/site-packages/airflow/example_dags/tutorial_taskflow_api_virtualenv.py
[2023-04-16T15:33:04.295+0530] {processor.py:753} INFO - DAG(s) dict_keys(['tutorial_taskflow_api_virtualenv']) retrieved from /home/nightfall/anaconda3/envs/ml/lib/python3.9/site-packages/airflow/example_dags/tutorial_taskflow_api_virtualenv.py
[2023-04-16T15:33:04.307+0530] {logging_mixin.py:137} INFO - [2023-04-16T15:33:04.307+0530] {dag.py:2705} INFO - Sync 1 DAGs
[2023-04-16T15:33:04.321+0530] {logging_mixin.py:137} INFO - [2023-04-16T15:33:04.321+0530] {dag.py:3452} INFO - Setting next_dagrun for tutorial_taskflow_api_virtualenv to None, run_after=None
[2023-04-16T15:33:04.355+0530] {processor.py:175} INFO - Processing /home/nightfall/anaconda3/envs/ml/lib/python3.9/site-packages/airflow/example_dags/tutorial_taskflow_api_virtualenv.py took 0.090 seconds
[2023-04-16T15:34:16.507+0530] {processor.py:153} INFO - Started process (PID=126626) to work on /home/nightfall/anaconda3/envs/ml/lib/python3.9/site-packages/airflow/example_dags/tutorial_taskflow_api_virtualenv.py
[2023-04-16T15:34:16.509+0530] {processor.py:743} INFO - Processing file /home/nightfall/anaconda3/envs/ml/lib/python3.9/site-packages/airflow/example_dags/tutorial_taskflow_api_virtualenv.py for tasks to queue
[2023-04-16T15:34:16.509+0530] {logging_mixin.py:137} INFO - [2023-04-16T15:34:16.509+0530] {dagbag.py:532} INFO - Filling up the DagBag from /home/nightfall/anaconda3/envs/ml/lib/python3.9/site-packages/airflow/example_dags/tutorial_taskflow_api_virtualenv.py
[2023-04-16T15:34:16.523+0530] {processor.py:753} INFO - DAG(s) dict_keys(['tutorial_taskflow_api_virtualenv']) retrieved from /home/nightfall/anaconda3/envs/ml/lib/python3.9/site-packages/airflow/example_dags/tutorial_taskflow_api_virtualenv.py
[2023-04-16T15:34:16.539+0530] {logging_mixin.py:137} INFO - [2023-04-16T15:34:16.538+0530] {dag.py:2705} INFO - Sync 1 DAGs
[2023-04-16T15:34:16.554+0530] {logging_mixin.py:137} INFO - [2023-04-16T15:34:16.554+0530] {dag.py:3452} INFO - Setting next_dagrun for tutorial_taskflow_api_virtualenv to None, run_after=None
[2023-04-16T15:34:17.884+0530] {processor.py:175} INFO - Processing /home/nightfall/anaconda3/envs/ml/lib/python3.9/site-packages/airflow/example_dags/tutorial_taskflow_api_virtualenv.py took 1.379 seconds
[2023-04-16T15:35:34.725+0530] {processor.py:153} INFO - Started process (PID=126868) to work on /home/nightfall/anaconda3/envs/ml/lib/python3.9/site-packages/airflow/example_dags/tutorial_taskflow_api_virtualenv.py
[2023-04-16T15:35:34.727+0530] {processor.py:743} INFO - Processing file /home/nightfall/anaconda3/envs/ml/lib/python3.9/site-packages/airflow/example_dags/tutorial_taskflow_api_virtualenv.py for tasks to queue
[2023-04-16T15:35:34.728+0530] {logging_mixin.py:137} INFO - [2023-04-16T15:35:34.728+0530] {dagbag.py:532} INFO - Filling up the DagBag from /home/nightfall/anaconda3/envs/ml/lib/python3.9/site-packages/airflow/example_dags/tutorial_taskflow_api_virtualenv.py
[2023-04-16T15:35:34.747+0530] {processor.py:753} INFO - DAG(s) dict_keys(['tutorial_taskflow_api_virtualenv']) retrieved from /home/nightfall/anaconda3/envs/ml/lib/python3.9/site-packages/airflow/example_dags/tutorial_taskflow_api_virtualenv.py
[2023-04-16T15:35:34.763+0530] {logging_mixin.py:137} INFO - [2023-04-16T15:35:34.763+0530] {dag.py:2705} INFO - Sync 1 DAGs
[2023-04-16T15:35:34.778+0530] {logging_mixin.py:137} INFO - [2023-04-16T15:35:34.777+0530] {dag.py:3452} INFO - Setting next_dagrun for tutorial_taskflow_api_virtualenv to None, run_after=None
[2023-04-16T15:35:35.569+0530] {processor.py:175} INFO - Processing /home/nightfall/anaconda3/envs/ml/lib/python3.9/site-packages/airflow/example_dags/tutorial_taskflow_api_virtualenv.py took 0.846 seconds
